[0.126s] Invoking command in '/home/navlab-tx2-4/px4_ros_com_ros2/build/px4_ros_com': CMAKE_PREFIX_PATH=/home/navlab-tx2-4/px4_ros_com_ros2/install/px4_msgs:/home/navlab-tx2-4/px4_ros_com_ros2/install/ros1_bridge:/home/navlab-tx2-4/px4_ros_com_ros2/install/px4_ros_com:/home/navlab-tx2-4/px4_ros_com_ros2/install/offboard_ibqr:/home/navlab-tx2-4/px4_ros_com_ros2/install/multi_rtd_interfaces:/home/navlab-tx2-4/px4_ros_com_ros2/install/multi_rtd:/opt/ros/eloquent LD_LIBRARY_PATH=/home/navlab-tx2-4/px4_ros_com_ros2/install/px4_msgs/lib:/home/navlab-tx2-4/px4_ros_com_ros2/install/px4_ros_com/lib:/home/navlab-tx2-4/px4_ros_com_ros2/install/multi_rtd_interfaces/lib:/opt/ros/eloquent/opt/yaml_cpp_vendor/lib:/opt/ros/eloquent/opt/rviz_ogre_vendor/lib:/opt/ros/eloquent/lib/aarch64-linux-gnu:/opt/ros/eloquent/lib /usr/bin/cmake --build /home/navlab-tx2-4/px4_ros_com_ros2/build/px4_ros_com -- -j4 -l4
[0.456s] [  1%] Built target debug_vect_advertiser
[0.459s] [  3%] Built target new_offboard_control
[0.486s] [  5%] Built target offboard_control
[0.587s] [  7%] Built target frame_transforms
[0.634s] [ 96%] Built target micrortps_agent
[0.657s] [ 98%] Built target sensor_combined_listener
[0.670s] [100%] Built target vehicle_gps_position_listener
[0.716s] Invoked command in '/home/navlab-tx2-4/px4_ros_com_ros2/build/px4_ros_com' returned '0': CMAKE_PREFIX_PATH=/home/navlab-tx2-4/px4_ros_com_ros2/install/px4_msgs:/home/navlab-tx2-4/px4_ros_com_ros2/install/ros1_bridge:/home/navlab-tx2-4/px4_ros_com_ros2/install/px4_ros_com:/home/navlab-tx2-4/px4_ros_com_ros2/install/offboard_ibqr:/home/navlab-tx2-4/px4_ros_com_ros2/install/multi_rtd_interfaces:/home/navlab-tx2-4/px4_ros_com_ros2/install/multi_rtd:/opt/ros/eloquent LD_LIBRARY_PATH=/home/navlab-tx2-4/px4_ros_com_ros2/install/px4_msgs/lib:/home/navlab-tx2-4/px4_ros_com_ros2/install/px4_ros_com/lib:/home/navlab-tx2-4/px4_ros_com_ros2/install/multi_rtd_interfaces/lib:/opt/ros/eloquent/opt/yaml_cpp_vendor/lib:/opt/ros/eloquent/opt/rviz_ogre_vendor/lib:/opt/ros/eloquent/lib/aarch64-linux-gnu:/opt/ros/eloquent/lib /usr/bin/cmake --build /home/navlab-tx2-4/px4_ros_com_ros2/build/px4_ros_com -- -j4 -l4
[1.788s] Invoking command in '/home/navlab-tx2-4/px4_ros_com_ros2/build/px4_ros_com': CMAKE_PREFIX_PATH=/home/navlab-tx2-4/px4_ros_com_ros2/install/px4_msgs:/home/navlab-tx2-4/px4_ros_com_ros2/install/ros1_bridge:/home/navlab-tx2-4/px4_ros_com_ros2/install/px4_ros_com:/home/navlab-tx2-4/px4_ros_com_ros2/install/offboard_ibqr:/home/navlab-tx2-4/px4_ros_com_ros2/install/multi_rtd_interfaces:/home/navlab-tx2-4/px4_ros_com_ros2/install/multi_rtd:/opt/ros/eloquent LD_LIBRARY_PATH=/home/navlab-tx2-4/px4_ros_com_ros2/install/px4_msgs/lib:/home/navlab-tx2-4/px4_ros_com_ros2/install/px4_ros_com/lib:/home/navlab-tx2-4/px4_ros_com_ros2/install/multi_rtd_interfaces/lib:/opt/ros/eloquent/opt/yaml_cpp_vendor/lib:/opt/ros/eloquent/opt/rviz_ogre_vendor/lib:/opt/ros/eloquent/lib/aarch64-linux-gnu:/opt/ros/eloquent/lib /usr/bin/cmake --build /home/navlab-tx2-4/px4_ros_com_ros2/build/px4_ros_com --target install -- -j4 -l4
[2.074s] [  1%] Built target debug_vect_advertiser
[2.080s] [  3%] Built target new_offboard_control
[2.097s] [  5%] Built target offboard_control
[2.194s] [  7%] Built target frame_transforms
[2.223s] [ 96%] Built target micrortps_agent
[2.230s] [ 98%] Built target sensor_combined_listener
[2.257s] [100%] Built target vehicle_gps_position_listener
[2.330s] [36mInstall the project...[0m
[2.361s] -- Install configuration: "RELWITHDEBINFO"
[2.363s] -- Execute custom install script
[2.364s] -- Up-to-date symlink: /home/navlab-tx2-4/px4_ros_com_ros2/install/px4_ros_com/lib/px4_ros_com/sensor_combined_listener
[2.366s] -- Up-to-date symlink: /home/navlab-tx2-4/px4_ros_com_ros2/install/px4_ros_com/lib/px4_ros_com/vehicle_gps_position_listener
[2.367s] -- Up-to-date symlink: /home/navlab-tx2-4/px4_ros_com_ros2/install/px4_ros_com/lib/px4_ros_com/debug_vect_advertiser
[2.368s] -- Up-to-date symlink: /home/navlab-tx2-4/px4_ros_com_ros2/install/px4_ros_com/lib/px4_ros_com/offboard_control
[2.370s] -- Up-to-date symlink: /home/navlab-tx2-4/px4_ros_com_ros2/install/px4_ros_com/lib/px4_ros_com/new_offboard_control
[2.371s] -- Up-to-date symlink: /home/navlab-tx2-4/px4_ros_com_ros2/install/px4_ros_com/share/px4_ros_com/environment/library_path.sh
[2.372s] -- Up-to-date symlink: /home/navlab-tx2-4/px4_ros_com_ros2/install/px4_ros_com/share/px4_ros_com/environment/library_path.dsv
[2.373s] -- Up-to-date symlink: /home/navlab-tx2-4/px4_ros_com_ros2/install/px4_ros_com/include/px4_ros_com/frame_transforms.h
[2.375s] -- Up-to-date symlink: /home/navlab-tx2-4/px4_ros_com_ros2/install/px4_ros_com/share/px4_ros_com/cmake/EnableC++XX.cmake
[2.376s] -- Up-to-date symlink: /home/navlab-tx2-4/px4_ros_com_ros2/install/px4_ros_com/share/px4_ros_com/cmake/EnableSanitizers.cmake
[2.376s] -- Up-to-date symlink: /home/navlab-tx2-4/px4_ros_com_ros2/install/px4_ros_com/share/px4_ros_com/cmake/GenerateMicroRTPSAgent.cmake
[2.378s] -- Up-to-date symlink: /home/navlab-tx2-4/px4_ros_com_ros2/install/px4_ros_com/share/px4_ros_com/launch/sensor_combined_listener.launch.py
[2.380s] -- Up-to-date symlink: /home/navlab-tx2-4/px4_ros_com_ros2/install/px4_ros_com/share/px4_ros_com/test/__init__.py
[2.381s] -- Up-to-date symlink: /home/navlab-tx2-4/px4_ros_com_ros2/install/px4_ros_com/share/px4_ros_com/test/pipeline_io_test.py
[2.381s] -- Up-to-date symlink: /home/navlab-tx2-4/px4_ros_com_ros2/install/px4_ros_com/share/px4_ros_com/test/test_input.py
[2.382s] -- Up-to-date symlink: /home/navlab-tx2-4/px4_ros_com_ros2/install/px4_ros_com/share/px4_ros_com/test/test_output.py
[2.383s] -- Up-to-date symlink: /home/navlab-tx2-4/px4_ros_com_ros2/install/px4_ros_com/share/ament_index/resource_index/package_run_dependencies/px4_ros_com
[2.384s] -- Up-to-date symlink: /home/navlab-tx2-4/px4_ros_com_ros2/install/px4_ros_com/share/ament_index/resource_index/parent_prefix_path/px4_ros_com
[2.385s] -- Up-to-date symlink: /home/navlab-tx2-4/px4_ros_com_ros2/install/px4_ros_com/share/px4_ros_com/environment/ament_prefix_path.sh
[2.386s] -- Up-to-date symlink: /home/navlab-tx2-4/px4_ros_com_ros2/install/px4_ros_com/share/px4_ros_com/environment/ament_prefix_path.dsv
[2.387s] -- Up-to-date symlink: /home/navlab-tx2-4/px4_ros_com_ros2/install/px4_ros_com/share/px4_ros_com/environment/path.sh
[2.388s] -- Up-to-date symlink: /home/navlab-tx2-4/px4_ros_com_ros2/install/px4_ros_com/share/px4_ros_com/environment/path.dsv
[2.389s] -- Up-to-date symlink: /home/navlab-tx2-4/px4_ros_com_ros2/install/px4_ros_com/share/px4_ros_com/local_setup.bash
[2.389s] -- Up-to-date symlink: /home/navlab-tx2-4/px4_ros_com_ros2/install/px4_ros_com/share/px4_ros_com/local_setup.sh
[2.390s] -- Up-to-date symlink: /home/navlab-tx2-4/px4_ros_com_ros2/install/px4_ros_com/share/px4_ros_com/local_setup.zsh
[2.391s] -- Up-to-date symlink: /home/navlab-tx2-4/px4_ros_com_ros2/install/px4_ros_com/share/px4_ros_com/local_setup.dsv
[2.392s] -- Symlinking: /home/navlab-tx2-4/px4_ros_com_ros2/install/px4_ros_com/share/px4_ros_com/package.dsv
[2.424s] -- Up-to-date symlink: /home/navlab-tx2-4/px4_ros_com_ros2/install/px4_ros_com/share/ament_index/resource_index/packages/px4_ros_com
[2.425s] -- Up-to-date symlink: /home/navlab-tx2-4/px4_ros_com_ros2/install/px4_ros_com/share/px4_ros_com/cmake/ament_cmake_export_dependencies-extras.cmake
[2.426s] -- Up-to-date symlink: /home/navlab-tx2-4/px4_ros_com_ros2/install/px4_ros_com/share/px4_ros_com/cmake/ament_cmake_export_interfaces-extras.cmake
[2.427s] -- Up-to-date symlink: /home/navlab-tx2-4/px4_ros_com_ros2/install/px4_ros_com/share/px4_ros_com/cmake/ament_cmake_export_include_directories-extras.cmake
[2.428s] -- Up-to-date symlink: /home/navlab-tx2-4/px4_ros_com_ros2/install/px4_ros_com/share/px4_ros_com/cmake/ament_cmake_export_libraries-extras.cmake
[2.429s] -- Up-to-date symlink: /home/navlab-tx2-4/px4_ros_com_ros2/install/px4_ros_com/share/px4_ros_com/cmake/px4_ros_comConfig.cmake
[2.429s] -- Up-to-date symlink: /home/navlab-tx2-4/px4_ros_com_ros2/install/px4_ros_com/share/px4_ros_com/cmake/px4_ros_comConfig-version.cmake
[2.430s] -- Up-to-date symlink: /home/navlab-tx2-4/px4_ros_com_ros2/install/px4_ros_com/share/px4_ros_com/package.xml
[2.432s] -- Up-to-date: /home/navlab-tx2-4/px4_ros_com_ros2/install/px4_ros_com/lib/libframe_transforms.so
[2.433s] -- Up-to-date: /home/navlab-tx2-4/px4_ros_com_ros2/install/px4_ros_com/bin/micrortps_agent
[2.436s] -- Up-to-date: /home/navlab-tx2-4/px4_ros_com_ros2/install/px4_ros_com/share/px4_ros_com/cmake/export_frame_transformsExport.cmake
[2.436s] -- Up-to-date: /home/navlab-tx2-4/px4_ros_com_ros2/install/px4_ros_com/share/px4_ros_com/cmake/export_frame_transformsExport-relwithdebinfo.cmake
[2.449s] Invoked command in '/home/navlab-tx2-4/px4_ros_com_ros2/build/px4_ros_com' returned '0': CMAKE_PREFIX_PATH=/home/navlab-tx2-4/px4_ros_com_ros2/install/px4_msgs:/home/navlab-tx2-4/px4_ros_com_ros2/install/ros1_bridge:/home/navlab-tx2-4/px4_ros_com_ros2/install/px4_ros_com:/home/navlab-tx2-4/px4_ros_com_ros2/install/offboard_ibqr:/home/navlab-tx2-4/px4_ros_com_ros2/install/multi_rtd_interfaces:/home/navlab-tx2-4/px4_ros_com_ros2/install/multi_rtd:/opt/ros/eloquent LD_LIBRARY_PATH=/home/navlab-tx2-4/px4_ros_com_ros2/install/px4_msgs/lib:/home/navlab-tx2-4/px4_ros_com_ros2/install/px4_ros_com/lib:/home/navlab-tx2-4/px4_ros_com_ros2/install/multi_rtd_interfaces/lib:/opt/ros/eloquent/opt/yaml_cpp_vendor/lib:/opt/ros/eloquent/opt/rviz_ogre_vendor/lib:/opt/ros/eloquent/lib/aarch64-linux-gnu:/opt/ros/eloquent/lib /usr/bin/cmake --build /home/navlab-tx2-4/px4_ros_com_ros2/build/px4_ros_com --target install -- -j4 -l4
