[0.802s] DEBUG:colcon:Command line arguments: ['/usr/bin/colcon', 'build']
[0.802s] DEBUG:colcon:Parsed command line arguments: Namespace(ament_cmake_args=None, base_paths=['.'], build_base='build', catkin_cmake_args=None, catkin_skip_building_tests=False, cmake_args=None, cmake_clean_cache=False, cmake_clean_first=False, cmake_force_configure=False, cmake_target=None, cmake_target_skip_unavailable=False, continue_on_error=False, event_handlers=None, executor='parallel', ignore_user_meta=False, install_base='install', log_base=None, log_level=None, main=<bound method BuildVerb.main of <colcon_core.verb.build.BuildVerb object at 0x7f9dd42be0>>, merge_install=False, metas=['./colcon.meta'], packages_above=None, packages_above_and_dependencies=None, packages_above_depth=None, packages_end=None, packages_ignore=None, packages_ignore_regex=None, packages_select=None, packages_select_build_failed=False, packages_select_by_dep=None, packages_select_regex=None, packages_select_test_failures=False, packages_skip=None, packages_skip_build_finished=False, packages_skip_by_dep=None, packages_skip_regex=None, packages_skip_test_passed=False, packages_skip_up_to=None, packages_start=None, packages_up_to=None, packages_up_to_regex=None, parallel_workers=4, paths=None, symlink_install=False, test_result_base=None, verb_extension=<colcon_core.verb.build.BuildVerb object at 0x7f9dd42be0>, verb_name='build', verb_parser=<colcon_defaults.argument_parser.defaults.DefaultArgumentsDecorator object at 0x7f9dd42f28>)
[0.827s] Level 1:colcon.colcon_core.package_discovery:discover_packages(colcon_meta) check parameters
[0.827s] Level 1:colcon.colcon_core.package_discovery:discover_packages(recursive) check parameters
[0.827s] Level 1:colcon.colcon_core.package_discovery:discover_packages(ignore) check parameters
[0.828s] Level 1:colcon.colcon_core.package_discovery:discover_packages(path) check parameters
[0.828s] Level 1:colcon.colcon_core.package_discovery:discover_packages(colcon_meta) discover
[0.829s] Level 1:colcon.colcon_core.package_discovery:discover_packages(recursive) discover
[0.829s] INFO:colcon.colcon_core.package_discovery:Crawling recursively for packages in '/home/navlab-tx2-4/px4_ros_com_ros2'
[0.830s] Level 1:colcon.colcon_core.package_identification:_identify(.) by extensions ['ignore', 'ignore_ament_install']
[0.830s] Level 1:colcon.colcon_core.package_identification:_identify(.) by extension 'ignore'
[0.830s] Level 1:colcon.colcon_core.package_identification:_identify(.) by extension 'ignore_ament_install'
[0.831s] Level 1:colcon.colcon_core.package_identification:_identify(.) by extensions ['colcon_pkg']
[0.831s] Level 1:colcon.colcon_core.package_identification:_identify(.) by extension 'colcon_pkg'
[0.831s] Level 1:colcon.colcon_core.package_identification:_identify(.) by extensions ['colcon_meta']
[0.831s] Level 1:colcon.colcon_core.package_identification:_identify(.) by extension 'colcon_meta'
[0.831s] Level 1:colcon.colcon_core.package_identification:_identify(.) by extensions ['ros']
[0.831s] Level 1:colcon.colcon_core.package_identification:_identify(.) by extension 'ros'
[0.890s] Level 1:colcon.colcon_core.package_identification:_identify(.) by extensions ['cmake', 'python']
[0.890s] Level 1:colcon.colcon_core.package_identification:_identify(.) by extension 'cmake'
[0.891s] Level 1:colcon.colcon_core.package_identification:_identify(.) by extension 'python'
[0.891s] Level 1:colcon.colcon_core.package_identification:_identify(.) by extensions ['python_setup_py']
[0.891s] Level 1:colcon.colcon_core.package_identification:_identify(.) by extension 'python_setup_py'
[0.891s] Level 1:colcon.colcon_core.package_identification:_identify(build) by extensions ['ignore', 'ignore_ament_install']
[0.892s] Level 1:colcon.colcon_core.package_identification:_identify(build) by extension 'ignore'
[0.892s] Level 1:colcon.colcon_core.package_identification:_identify(build) ignored
[0.893s] Level 1:colcon.colcon_core.package_identification:_identify(install) by extensions ['ignore', 'ignore_ament_install']
[0.894s] Level 1:colcon.colcon_core.package_identification:_identify(install) by extension 'ignore'
[0.894s] Level 1:colcon.colcon_core.package_identification:_identify(install) ignored
[0.895s] Level 1:colcon.colcon_core.package_identification:_identify(log) by extensions ['ignore', 'ignore_ament_install']
[0.895s] Level 1:colcon.colcon_core.package_identification:_identify(log) by extension 'ignore'
[0.895s] Level 1:colcon.colcon_core.package_identification:_identify(log) ignored
[0.896s] Level 1:colcon.colcon_core.package_identification:_identify(src) by extensions ['ignore', 'ignore_ament_install']
[0.896s] Level 1:colcon.colcon_core.package_identification:_identify(src) by extension 'ignore'
[0.896s] Level 1:colcon.colcon_core.package_identification:_identify(src) by extension 'ignore_ament_install'
[0.896s] Level 1:colcon.colcon_core.package_identification:_identify(src) by extensions ['colcon_pkg']
[0.897s] Level 1:colcon.colcon_core.package_identification:_identify(src) by extension 'colcon_pkg'
[0.897s] Level 1:colcon.colcon_core.package_identification:_identify(src) by extensions ['colcon_meta']
[0.897s] Level 1:colcon.colcon_core.package_identification:_identify(src) by extension 'colcon_meta'
[0.897s] Level 1:colcon.colcon_core.package_identification:_identify(src) by extensions ['ros']
[0.897s] Level 1:colcon.colcon_core.package_identification:_identify(src) by extension 'ros'
[0.898s] Level 1:colcon.colcon_core.package_identification:_identify(src) by extensions ['cmake', 'python']
[0.898s] Level 1:colcon.colcon_core.package_identification:_identify(src) by extension 'cmake'
[0.898s] Level 1:colcon.colcon_core.package_identification:_identify(src) by extension 'python'
[0.898s] Level 1:colcon.colcon_core.package_identification:_identify(src) by extensions ['python_setup_py']
[0.898s] Level 1:colcon.colcon_core.package_identification:_identify(src) by extension 'python_setup_py'
[0.899s] Level 1:colcon.colcon_core.package_identification:_identify(src/px4_msgs) by extensions ['ignore', 'ignore_ament_install']
[0.899s] Level 1:colcon.colcon_core.package_identification:_identify(src/px4_msgs) by extension 'ignore'
[0.899s] Level 1:colcon.colcon_core.package_identification:_identify(src/px4_msgs) by extension 'ignore_ament_install'
[0.900s] Level 1:colcon.colcon_core.package_identification:_identify(src/px4_msgs) by extensions ['colcon_pkg']
[0.900s] Level 1:colcon.colcon_core.package_identification:_identify(src/px4_msgs) by extension 'colcon_pkg'
[0.900s] Level 1:colcon.colcon_core.package_identification:_identify(src/px4_msgs) by extensions ['colcon_meta']
[0.900s] Level 1:colcon.colcon_core.package_identification:_identify(src/px4_msgs) by extension 'colcon_meta'
[0.901s] Level 1:colcon.colcon_core.package_identification:_identify(src/px4_msgs) by extensions ['ros']
[0.901s] Level 1:colcon.colcon_core.package_identification:_identify(src/px4_msgs) by extension 'ros'
[0.912s] DEBUG:colcon.colcon_core.package_identification:Package 'src/px4_msgs' with type 'ros.ament_cmake' and name 'px4_msgs'
[0.912s] Level 1:colcon.colcon_core.package_identification:_identify(src/px4_multi_agent_planning) by extensions ['ignore', 'ignore_ament_install']
[0.913s] Level 1:colcon.colcon_core.package_identification:_identify(src/px4_multi_agent_planning) by extension 'ignore'
[0.913s] Level 1:colcon.colcon_core.package_identification:_identify(src/px4_multi_agent_planning) by extension 'ignore_ament_install'
[0.913s] Level 1:colcon.colcon_core.package_identification:_identify(src/px4_multi_agent_planning) by extensions ['colcon_pkg']
[0.913s] Level 1:colcon.colcon_core.package_identification:_identify(src/px4_multi_agent_planning) by extension 'colcon_pkg'
[0.913s] Level 1:colcon.colcon_core.package_identification:_identify(src/px4_multi_agent_planning) by extensions ['colcon_meta']
[0.914s] Level 1:colcon.colcon_core.package_identification:_identify(src/px4_multi_agent_planning) by extension 'colcon_meta'
[0.914s] Level 1:colcon.colcon_core.package_identification:_identify(src/px4_multi_agent_planning) by extensions ['ros']
[0.914s] Level 1:colcon.colcon_core.package_identification:_identify(src/px4_multi_agent_planning) by extension 'ros'
[0.915s] Level 1:colcon.colcon_core.package_identification:_identify(src/px4_multi_agent_planning) by extensions ['cmake', 'python']
[0.915s] Level 1:colcon.colcon_core.package_identification:_identify(src/px4_multi_agent_planning) by extension 'cmake'
[0.915s] Level 1:colcon.colcon_core.package_identification:_identify(src/px4_multi_agent_planning) by extension 'python'
[0.915s] Level 1:colcon.colcon_core.package_identification:_identify(src/px4_multi_agent_planning) by extensions ['python_setup_py']
[0.915s] Level 1:colcon.colcon_core.package_identification:_identify(src/px4_multi_agent_planning) by extension 'python_setup_py'
[0.916s] Level 1:colcon.colcon_core.package_identification:_identify(src/px4_multi_agent_planning/multi_rtd) by extensions ['ignore', 'ignore_ament_install']
[0.916s] Level 1:colcon.colcon_core.package_identification:_identify(src/px4_multi_agent_planning/multi_rtd) by extension 'ignore'
[0.916s] Level 1:colcon.colcon_core.package_identification:_identify(src/px4_multi_agent_planning/multi_rtd) by extension 'ignore_ament_install'
[0.917s] Level 1:colcon.colcon_core.package_identification:_identify(src/px4_multi_agent_planning/multi_rtd) by extensions ['colcon_pkg']
[0.917s] Level 1:colcon.colcon_core.package_identification:_identify(src/px4_multi_agent_planning/multi_rtd) by extension 'colcon_pkg'
[0.917s] Level 1:colcon.colcon_core.package_identification:_identify(src/px4_multi_agent_planning/multi_rtd) by extensions ['colcon_meta']
[0.917s] Level 1:colcon.colcon_core.package_identification:_identify(src/px4_multi_agent_planning/multi_rtd) by extension 'colcon_meta'
[0.917s] Level 1:colcon.colcon_core.package_identification:_identify(src/px4_multi_agent_planning/multi_rtd) by extensions ['ros']
[0.917s] Level 1:colcon.colcon_core.package_identification:_identify(src/px4_multi_agent_planning/multi_rtd) by extension 'ros'
[0.920s] DEBUG:colcon.colcon_core.package_identification:Package 'src/px4_multi_agent_planning/multi_rtd' with type 'ros.ament_python' and name 'multi_rtd'
[0.921s] Level 1:colcon.colcon_core.package_identification:_identify(src/px4_multi_agent_planning/multi_rtd_interfaces) by extensions ['ignore', 'ignore_ament_install']
[0.921s] Level 1:colcon.colcon_core.package_identification:_identify(src/px4_multi_agent_planning/multi_rtd_interfaces) by extension 'ignore'
[0.921s] Level 1:colcon.colcon_core.package_identification:_identify(src/px4_multi_agent_planning/multi_rtd_interfaces) by extension 'ignore_ament_install'
[0.921s] Level 1:colcon.colcon_core.package_identification:_identify(src/px4_multi_agent_planning/multi_rtd_interfaces) by extensions ['colcon_pkg']
[0.922s] Level 1:colcon.colcon_core.package_identification:_identify(src/px4_multi_agent_planning/multi_rtd_interfaces) by extension 'colcon_pkg'
[0.922s] Level 1:colcon.colcon_core.package_identification:_identify(src/px4_multi_agent_planning/multi_rtd_interfaces) by extensions ['colcon_meta']
[0.922s] Level 1:colcon.colcon_core.package_identification:_identify(src/px4_multi_agent_planning/multi_rtd_interfaces) by extension 'colcon_meta'
[0.922s] Level 1:colcon.colcon_core.package_identification:_identify(src/px4_multi_agent_planning/multi_rtd_interfaces) by extensions ['ros']
[0.922s] Level 1:colcon.colcon_core.package_identification:_identify(src/px4_multi_agent_planning/multi_rtd_interfaces) by extension 'ros'
[0.927s] DEBUG:colcon.colcon_core.package_identification:Package 'src/px4_multi_agent_planning/multi_rtd_interfaces' with type 'ros.ament_cmake' and name 'multi_rtd_interfaces'
[0.927s] Level 1:colcon.colcon_core.package_identification:_identify(src/px4_multi_agent_planning/offboard_ibqr) by extensions ['ignore', 'ignore_ament_install']
[0.928s] Level 1:colcon.colcon_core.package_identification:_identify(src/px4_multi_agent_planning/offboard_ibqr) by extension 'ignore'
[0.928s] Level 1:colcon.colcon_core.package_identification:_identify(src/px4_multi_agent_planning/offboard_ibqr) by extension 'ignore_ament_install'
[0.929s] Level 1:colcon.colcon_core.package_identification:_identify(src/px4_multi_agent_planning/offboard_ibqr) by extensions ['colcon_pkg']
[0.929s] Level 1:colcon.colcon_core.package_identification:_identify(src/px4_multi_agent_planning/offboard_ibqr) by extension 'colcon_pkg'
[0.929s] Level 1:colcon.colcon_core.package_identification:_identify(src/px4_multi_agent_planning/offboard_ibqr) by extensions ['colcon_meta']
[0.929s] Level 1:colcon.colcon_core.package_identification:_identify(src/px4_multi_agent_planning/offboard_ibqr) by extension 'colcon_meta'
[0.930s] Level 1:colcon.colcon_core.package_identification:_identify(src/px4_multi_agent_planning/offboard_ibqr) by extensions ['ros']
[0.930s] Level 1:colcon.colcon_core.package_identification:_identify(src/px4_multi_agent_planning/offboard_ibqr) by extension 'ros'
[0.936s] DEBUG:colcon.colcon_core.package_identification:Package 'src/px4_multi_agent_planning/offboard_ibqr' with type 'ros.ament_cmake' and name 'offboard_ibqr'
[0.937s] Level 1:colcon.colcon_core.package_identification:_identify(src/px4_ros_com) by extensions ['ignore', 'ignore_ament_install']
[0.937s] Level 1:colcon.colcon_core.package_identification:_identify(src/px4_ros_com) by extension 'ignore'
[0.937s] Level 1:colcon.colcon_core.package_identification:_identify(src/px4_ros_com) by extension 'ignore_ament_install'
[0.937s] Level 1:colcon.colcon_core.package_identification:_identify(src/px4_ros_com) by extensions ['colcon_pkg']
[0.938s] Level 1:colcon.colcon_core.package_identification:_identify(src/px4_ros_com) by extension 'colcon_pkg'
[0.938s] Level 1:colcon.colcon_core.package_identification:_identify(src/px4_ros_com) by extensions ['colcon_meta']
[0.938s] Level 1:colcon.colcon_core.package_identification:_identify(src/px4_ros_com) by extension 'colcon_meta'
[0.938s] Level 1:colcon.colcon_core.package_identification:_identify(src/px4_ros_com) by extensions ['ros']
[0.938s] Level 1:colcon.colcon_core.package_identification:_identify(src/px4_ros_com) by extension 'ros'
[0.944s] DEBUG:colcon.colcon_core.package_identification:Package 'src/px4_ros_com' with type 'ros.ament_cmake' and name 'px4_ros_com'
[0.945s] Level 1:colcon.colcon_core.package_identification:_identify(src/ros1_bridge) by extensions ['ignore', 'ignore_ament_install']
[0.945s] Level 1:colcon.colcon_core.package_identification:_identify(src/ros1_bridge) by extension 'ignore'
[0.946s] Level 1:colcon.colcon_core.package_identification:_identify(src/ros1_bridge) by extension 'ignore_ament_install'
[0.946s] Level 1:colcon.colcon_core.package_identification:_identify(src/ros1_bridge) by extensions ['colcon_pkg']
[0.946s] Level 1:colcon.colcon_core.package_identification:_identify(src/ros1_bridge) by extension 'colcon_pkg'
[0.946s] Level 1:colcon.colcon_core.package_identification:_identify(src/ros1_bridge) by extensions ['colcon_meta']
[0.946s] Level 1:colcon.colcon_core.package_identification:_identify(src/ros1_bridge) by extension 'colcon_meta'
[0.947s] Level 1:colcon.colcon_core.package_identification:_identify(src/ros1_bridge) by extensions ['ros']
[0.947s] Level 1:colcon.colcon_core.package_identification:_identify(src/ros1_bridge) by extension 'ros'
[0.951s] DEBUG:colcon.colcon_core.package_identification:Package 'src/ros1_bridge' with type 'ros.ament_cmake' and name 'ros1_bridge'
[0.951s] Level 1:colcon.colcon_core.package_discovery:discover_packages(recursive) using defaults
[0.952s] Level 1:colcon.colcon_core.package_discovery:discover_packages(ignore) discover
[0.952s] Level 1:colcon.colcon_core.package_discovery:discover_packages(ignore) using defaults
[0.952s] Level 1:colcon.colcon_core.package_discovery:discover_packages(path) discover
[0.952s] Level 1:colcon.colcon_core.package_discovery:discover_packages(path) using defaults
[1.058s] Level 5:colcon.colcon_core.verb:set package 'multi_rtd_interfaces' build argument 'cmake_args' from command line to 'None'
[1.059s] Level 5:colcon.colcon_core.verb:set package 'multi_rtd_interfaces' build argument 'cmake_target' from command line to 'None'
[1.059s] Level 5:colcon.colcon_core.verb:set package 'multi_rtd_interfaces' build argument 'cmake_target_skip_unavailable' from command line to 'False'
[1.059s] Level 5:colcon.colcon_core.verb:set package 'multi_rtd_interfaces' build argument 'cmake_clean_cache' from command line to 'False'
[1.059s] Level 5:colcon.colcon_core.verb:set package 'multi_rtd_interfaces' build argument 'cmake_clean_first' from command line to 'False'
[1.059s] Level 5:colcon.colcon_core.verb:set package 'multi_rtd_interfaces' build argument 'cmake_force_configure' from command line to 'False'
[1.059s] Level 5:colcon.colcon_core.verb:set package 'multi_rtd_interfaces' build argument 'ament_cmake_args' from command line to 'None'
[1.060s] Level 5:colcon.colcon_core.verb:set package 'multi_rtd_interfaces' build argument 'catkin_cmake_args' from command line to 'None'
[1.060s] Level 5:colcon.colcon_core.verb:set package 'multi_rtd_interfaces' build argument 'catkin_skip_building_tests' from command line to 'False'
[1.060s] DEBUG:colcon.colcon_core.verb:Building package 'multi_rtd_interfaces' with the following arguments: {'ament_cmake_args': None, 'build_base': '/home/navlab-tx2-4/px4_ros_com_ros2/build/multi_rtd_interfaces', 'catkin_cmake_args': None, 'catkin_skip_building_tests': False, 'cmake_args': None, 'cmake_clean_cache': False, 'cmake_clean_first': False, 'cmake_force_configure': False, 'cmake_target': None, 'cmake_target_skip_unavailable': False, 'install_base': '/home/navlab-tx2-4/px4_ros_com_ros2/install/multi_rtd_interfaces', 'merge_install': False, 'path': '/home/navlab-tx2-4/px4_ros_com_ros2/src/px4_multi_agent_planning/multi_rtd_interfaces', 'symlink_install': False, 'test_result_base': None}
[1.078s] Level 5:colcon.colcon_core.verb:set package 'px4_msgs' build argument 'cmake_args' from command line to 'None'
[1.079s] Level 5:colcon.colcon_core.verb:set package 'px4_msgs' build argument 'cmake_target' from command line to 'None'
[1.079s] Level 5:colcon.colcon_core.verb:set package 'px4_msgs' build argument 'cmake_target_skip_unavailable' from command line to 'False'
[1.079s] Level 5:colcon.colcon_core.verb:set package 'px4_msgs' build argument 'cmake_clean_cache' from command line to 'False'
[1.079s] Level 5:colcon.colcon_core.verb:set package 'px4_msgs' build argument 'cmake_clean_first' from command line to 'False'
[1.079s] Level 5:colcon.colcon_core.verb:set package 'px4_msgs' build argument 'cmake_force_configure' from command line to 'False'
[1.080s] Level 5:colcon.colcon_core.verb:set package 'px4_msgs' build argument 'ament_cmake_args' from command line to 'None'
[1.080s] Level 5:colcon.colcon_core.verb:set package 'px4_msgs' build argument 'catkin_cmake_args' from command line to 'None'
[1.080s] Level 5:colcon.colcon_core.verb:set package 'px4_msgs' build argument 'catkin_skip_building_tests' from command line to 'False'
[1.080s] DEBUG:colcon.colcon_core.verb:Building package 'px4_msgs' with the following arguments: {'ament_cmake_args': None, 'build_base': '/home/navlab-tx2-4/px4_ros_com_ros2/build/px4_msgs', 'catkin_cmake_args': None, 'catkin_skip_building_tests': False, 'cmake_args': None, 'cmake_clean_cache': False, 'cmake_clean_first': False, 'cmake_force_configure': False, 'cmake_target': None, 'cmake_target_skip_unavailable': False, 'install_base': '/home/navlab-tx2-4/px4_ros_com_ros2/install/px4_msgs', 'merge_install': False, 'path': '/home/navlab-tx2-4/px4_ros_com_ros2/src/px4_msgs', 'symlink_install': False, 'test_result_base': None}
[1.097s] Level 5:colcon.colcon_core.verb:set package 'multi_rtd' build argument 'cmake_args' from command line to 'None'
[1.098s] Level 5:colcon.colcon_core.verb:set package 'multi_rtd' build argument 'cmake_target' from command line to 'None'
[1.098s] Level 5:colcon.colcon_core.verb:set package 'multi_rtd' build argument 'cmake_target_skip_unavailable' from command line to 'False'
[1.098s] Level 5:colcon.colcon_core.verb:set package 'multi_rtd' build argument 'cmake_clean_cache' from command line to 'False'
[1.098s] Level 5:colcon.colcon_core.verb:set package 'multi_rtd' build argument 'cmake_clean_first' from command line to 'False'
[1.098s] Level 5:colcon.colcon_core.verb:set package 'multi_rtd' build argument 'cmake_force_configure' from command line to 'False'
[1.098s] Level 5:colcon.colcon_core.verb:set package 'multi_rtd' build argument 'ament_cmake_args' from command line to 'None'
[1.099s] Level 5:colcon.colcon_core.verb:set package 'multi_rtd' build argument 'catkin_cmake_args' from command line to 'None'
[1.099s] Level 5:colcon.colcon_core.verb:set package 'multi_rtd' build argument 'catkin_skip_building_tests' from command line to 'False'
[1.099s] DEBUG:colcon.colcon_core.verb:Building package 'multi_rtd' with the following arguments: {'ament_cmake_args': None, 'build_base': '/home/navlab-tx2-4/px4_ros_com_ros2/build/multi_rtd', 'catkin_cmake_args': None, 'catkin_skip_building_tests': False, 'cmake_args': None, 'cmake_clean_cache': False, 'cmake_clean_first': False, 'cmake_force_configure': False, 'cmake_target': None, 'cmake_target_skip_unavailable': False, 'install_base': '/home/navlab-tx2-4/px4_ros_com_ros2/install/multi_rtd', 'merge_install': False, 'path': '/home/navlab-tx2-4/px4_ros_com_ros2/src/px4_multi_agent_planning/multi_rtd', 'symlink_install': False, 'test_result_base': None}
[1.119s] Level 5:colcon.colcon_core.verb:set package 'offboard_ibqr' build argument 'cmake_args' from command line to 'None'
[1.120s] Level 5:colcon.colcon_core.verb:set package 'offboard_ibqr' build argument 'cmake_target' from command line to 'None'
[1.120s] Level 5:colcon.colcon_core.verb:set package 'offboard_ibqr' build argument 'cmake_target_skip_unavailable' from command line to 'False'
[1.120s] Level 5:colcon.colcon_core.verb:set package 'offboard_ibqr' build argument 'cmake_clean_cache' from command line to 'False'
[1.120s] Level 5:colcon.colcon_core.verb:set package 'offboard_ibqr' build argument 'cmake_clean_first' from command line to 'False'
[1.120s] Level 5:colcon.colcon_core.verb:set package 'offboard_ibqr' build argument 'cmake_force_configure' from command line to 'False'
[1.120s] Level 5:colcon.colcon_core.verb:set package 'offboard_ibqr' build argument 'ament_cmake_args' from command line to 'None'
[1.120s] Level 5:colcon.colcon_core.verb:set package 'offboard_ibqr' build argument 'catkin_cmake_args' from command line to 'None'
[1.121s] Level 5:colcon.colcon_core.verb:set package 'offboard_ibqr' build argument 'catkin_skip_building_tests' from command line to 'False'
[1.121s] DEBUG:colcon.colcon_core.verb:Building package 'offboard_ibqr' with the following arguments: {'ament_cmake_args': None, 'build_base': '/home/navlab-tx2-4/px4_ros_com_ros2/build/offboard_ibqr', 'catkin_cmake_args': None, 'catkin_skip_building_tests': False, 'cmake_args': None, 'cmake_clean_cache': False, 'cmake_clean_first': False, 'cmake_force_configure': False, 'cmake_target': None, 'cmake_target_skip_unavailable': False, 'install_base': '/home/navlab-tx2-4/px4_ros_com_ros2/install/offboard_ibqr', 'merge_install': False, 'path': '/home/navlab-tx2-4/px4_ros_com_ros2/src/px4_multi_agent_planning/offboard_ibqr', 'symlink_install': False, 'test_result_base': None}
[1.137s] Level 5:colcon.colcon_core.verb:set package 'px4_ros_com' build argument 'cmake_args' from command line to 'None'
[1.138s] Level 5:colcon.colcon_core.verb:set package 'px4_ros_com' build argument 'cmake_target' from command line to 'None'
[1.138s] Level 5:colcon.colcon_core.verb:set package 'px4_ros_com' build argument 'cmake_target_skip_unavailable' from command line to 'False'
[1.138s] Level 5:colcon.colcon_core.verb:set package 'px4_ros_com' build argument 'cmake_clean_cache' from command line to 'False'
[1.138s] Level 5:colcon.colcon_core.verb:set package 'px4_ros_com' build argument 'cmake_clean_first' from command line to 'False'
[1.138s] Level 5:colcon.colcon_core.verb:set package 'px4_ros_com' build argument 'cmake_force_configure' from command line to 'False'
[1.138s] Level 5:colcon.colcon_core.verb:set package 'px4_ros_com' build argument 'ament_cmake_args' from command line to 'None'
[1.139s] Level 5:colcon.colcon_core.verb:set package 'px4_ros_com' build argument 'catkin_cmake_args' from command line to 'None'
[1.139s] Level 5:colcon.colcon_core.verb:set package 'px4_ros_com' build argument 'catkin_skip_building_tests' from command line to 'False'
[1.139s] DEBUG:colcon.colcon_core.verb:Building package 'px4_ros_com' with the following arguments: {'ament_cmake_args': None, 'build_base': '/home/navlab-tx2-4/px4_ros_com_ros2/build/px4_ros_com', 'catkin_cmake_args': None, 'catkin_skip_building_tests': False, 'cmake_args': None, 'cmake_clean_cache': False, 'cmake_clean_first': False, 'cmake_force_configure': False, 'cmake_target': None, 'cmake_target_skip_unavailable': False, 'install_base': '/home/navlab-tx2-4/px4_ros_com_ros2/install/px4_ros_com', 'merge_install': False, 'path': '/home/navlab-tx2-4/px4_ros_com_ros2/src/px4_ros_com', 'symlink_install': False, 'test_result_base': None}
[1.155s] Level 5:colcon.colcon_core.verb:set package 'ros1_bridge' build argument 'cmake_args' from command line to 'None'
[1.156s] Level 5:colcon.colcon_core.verb:set package 'ros1_bridge' build argument 'cmake_target' from command line to 'None'
[1.156s] Level 5:colcon.colcon_core.verb:set package 'ros1_bridge' build argument 'cmake_target_skip_unavailable' from command line to 'False'
[1.156s] Level 5:colcon.colcon_core.verb:set package 'ros1_bridge' build argument 'cmake_clean_cache' from command line to 'False'
[1.156s] Level 5:colcon.colcon_core.verb:set package 'ros1_bridge' build argument 'cmake_clean_first' from command line to 'False'
[1.156s] Level 5:colcon.colcon_core.verb:set package 'ros1_bridge' build argument 'cmake_force_configure' from command line to 'False'
[1.156s] Level 5:colcon.colcon_core.verb:set package 'ros1_bridge' build argument 'ament_cmake_args' from command line to 'None'
[1.157s] Level 5:colcon.colcon_core.verb:set package 'ros1_bridge' build argument 'catkin_cmake_args' from command line to 'None'
[1.157s] Level 5:colcon.colcon_core.verb:set package 'ros1_bridge' build argument 'catkin_skip_building_tests' from command line to 'False'
[1.157s] DEBUG:colcon.colcon_core.verb:Building package 'ros1_bridge' with the following arguments: {'ament_cmake_args': None, 'build_base': '/home/navlab-tx2-4/px4_ros_com_ros2/build/ros1_bridge', 'catkin_cmake_args': None, 'catkin_skip_building_tests': False, 'cmake_args': None, 'cmake_clean_cache': False, 'cmake_clean_first': False, 'cmake_force_configure': False, 'cmake_target': None, 'cmake_target_skip_unavailable': False, 'install_base': '/home/navlab-tx2-4/px4_ros_com_ros2/install/ros1_bridge', 'merge_install': False, 'path': '/home/navlab-tx2-4/px4_ros_com_ros2/src/ros1_bridge', 'symlink_install': False, 'test_result_base': None}
[1.158s] INFO:colcon.colcon_core.executor:Executing jobs using 'parallel' executor
[1.170s] DEBUG:colcon.colcon_parallel_executor.executor.parallel:run_until_complete
[1.173s] INFO:colcon.colcon_ros.task.ament_cmake.build:Building ROS package in '/home/navlab-tx2-4/px4_ros_com_ros2/src/px4_msgs' with build type 'ament_cmake'
[1.176s] INFO:colcon.colcon_cmake.task.cmake.build:Building CMake package in '/home/navlab-tx2-4/px4_ros_com_ros2/src/px4_msgs'
[1.233s] INFO:colcon.colcon_core.plugin_system:Skipping extension 'colcon_core.shell.bat': Not used on non-Windows systems
[1.234s] INFO:colcon.colcon_core.shell:Skip shell extension 'powershell' for command environment: Not usable outside of PowerShell
[1.234s] DEBUG:colcon.colcon_core.shell:Skip shell extension 'dsv' for command environment
[1.249s] DEBUG:colcon.colcon_core.shell:Ignoring prefix path '/opt/ros/eloquent'
[1.257s] INFO:colcon.colcon_ros.task.ament_cmake.build:Building ROS package in '/home/navlab-tx2-4/px4_ros_com_ros2/src/px4_multi_agent_planning/multi_rtd_interfaces' with build type 'ament_cmake'
[1.258s] INFO:colcon.colcon_cmake.task.cmake.build:Building CMake package in '/home/navlab-tx2-4/px4_ros_com_ros2/src/px4_multi_agent_planning/multi_rtd_interfaces'
[1.262s] INFO:colcon.colcon_core.shell:Skip shell extension 'powershell' for command environment: Not usable outside of PowerShell
[1.263s] DEBUG:colcon.colcon_core.shell:Skip shell extension 'dsv' for command environment
[1.278s] DEBUG:colcon.colcon_core.shell:Ignoring prefix path '/opt/ros/eloquent'
[1.306s] DEBUG:colcon.colcon_core.event_handler.log_command:Invoking command in '/home/navlab-tx2-4/px4_ros_com_ros2/build/px4_msgs': CMAKE_PREFIX_PATH=${CMAKE_PREFIX_PATH}:/home/navlab-tx2-4/px4_ros_com_ros2/install/multi_rtd:/opt/ros/eloquent /usr/bin/cmake --build /home/navlab-tx2-4/px4_ros_com_ros2/build/px4_msgs -- -j4 -l4
[1.342s] DEBUG:colcon.colcon_core.event_handler.log_command:Invoking command in '/home/navlab-tx2-4/px4_ros_com_ros2/build/multi_rtd_interfaces': CMAKE_PREFIX_PATH=${CMAKE_PREFIX_PATH}:/home/navlab-tx2-4/px4_ros_com_ros2/install/multi_rtd:/opt/ros/eloquent /usr/bin/cmake --build /home/navlab-tx2-4/px4_ros_com_ros2/build/multi_rtd_interfaces -- -j4 -l4
[2.444s] DEBUG:colcon.colcon_core.event_handler.log_command:Invoked command in '/home/navlab-tx2-4/px4_ros_com_ros2/build/multi_rtd_interfaces' returned '0': CMAKE_PREFIX_PATH=${CMAKE_PREFIX_PATH}:/home/navlab-tx2-4/px4_ros_com_ros2/install/multi_rtd:/opt/ros/eloquent /usr/bin/cmake --build /home/navlab-tx2-4/px4_ros_com_ros2/build/multi_rtd_interfaces -- -j4 -l4
[2.755s] DEBUG:colcon.colcon_core.event_handler.log_command:Invoking command in '/home/navlab-tx2-4/px4_ros_com_ros2/build/multi_rtd_interfaces': CMAKE_PREFIX_PATH=${CMAKE_PREFIX_PATH}:/home/navlab-tx2-4/px4_ros_com_ros2/install/multi_rtd:/opt/ros/eloquent /usr/bin/cmake --build /home/navlab-tx2-4/px4_ros_com_ros2/build/multi_rtd_interfaces --target install -- -j4 -l4
[4.317s] Level 1:colcon.colcon_core.environment:create_environment_scripts_only(multi_rtd_interfaces)
[4.331s] DEBUG:colcon.colcon_core.event_handler.log_command:Invoked command in '/home/navlab-tx2-4/px4_ros_com_ros2/build/multi_rtd_interfaces' returned '0': CMAKE_PREFIX_PATH=${CMAKE_PREFIX_PATH}:/home/navlab-tx2-4/px4_ros_com_ros2/install/multi_rtd:/opt/ros/eloquent /usr/bin/cmake --build /home/navlab-tx2-4/px4_ros_com_ros2/build/multi_rtd_interfaces --target install -- -j4 -l4
[4.345s] Level 1:colcon.colcon_core.environment:checking '/home/navlab-tx2-4/px4_ros_com_ros2/install/multi_rtd_interfaces' for CMake module files
[4.349s] Level 1:colcon.colcon_core.environment:checking '/home/navlab-tx2-4/px4_ros_com_ros2/install/multi_rtd_interfaces' for CMake config files
[4.351s] Level 1:colcon.colcon_core.shell:create_environment_hook('multi_rtd_interfaces', 'cmake_prefix_path')
[4.354s] INFO:colcon.colcon_core.shell:Creating environment hook '/home/navlab-tx2-4/px4_ros_com_ros2/install/multi_rtd_interfaces/share/multi_rtd_interfaces/hook/cmake_prefix_path.ps1'
[4.357s] INFO:colcon.colcon_core.shell:Creating environment descriptor '/home/navlab-tx2-4/px4_ros_com_ros2/install/multi_rtd_interfaces/share/multi_rtd_interfaces/hook/cmake_prefix_path.dsv'
[4.359s] INFO:colcon.colcon_core.shell:Creating environment hook '/home/navlab-tx2-4/px4_ros_com_ros2/install/multi_rtd_interfaces/share/multi_rtd_interfaces/hook/cmake_prefix_path.sh'
[4.364s] Level 1:colcon.colcon_core.environment:checking '/home/navlab-tx2-4/px4_ros_com_ros2/install/multi_rtd_interfaces/lib'
[4.365s] Level 1:colcon.colcon_core.shell:create_environment_hook('multi_rtd_interfaces', 'ld_library_path_lib')
[4.369s] INFO:colcon.colcon_core.shell:Creating environment hook '/home/navlab-tx2-4/px4_ros_com_ros2/install/multi_rtd_interfaces/share/multi_rtd_interfaces/hook/ld_library_path_lib.ps1'
[4.371s] INFO:colcon.colcon_core.shell:Creating environment descriptor '/home/navlab-tx2-4/px4_ros_com_ros2/install/multi_rtd_interfaces/share/multi_rtd_interfaces/hook/ld_library_path_lib.dsv'
[4.372s] INFO:colcon.colcon_core.shell:Creating environment hook '/home/navlab-tx2-4/px4_ros_com_ros2/install/multi_rtd_interfaces/share/multi_rtd_interfaces/hook/ld_library_path_lib.sh'
[4.374s] Level 1:colcon.colcon_core.environment:checking '/home/navlab-tx2-4/px4_ros_com_ros2/install/multi_rtd_interfaces/bin'
[4.375s] Level 1:colcon.colcon_core.environment:checking '/home/navlab-tx2-4/px4_ros_com_ros2/install/multi_rtd_interfaces/lib/pkgconfig/multi_rtd_interfaces.pc'
[4.375s] Level 1:colcon.colcon_core.environment:checking '/home/navlab-tx2-4/px4_ros_com_ros2/install/multi_rtd_interfaces/lib/python3.6/site-packages'
[4.375s] Level 1:colcon.colcon_core.shell:create_environment_hook('multi_rtd_interfaces', 'pythonpath')
[4.378s] INFO:colcon.colcon_core.shell:Creating environment hook '/home/navlab-tx2-4/px4_ros_com_ros2/install/multi_rtd_interfaces/share/multi_rtd_interfaces/hook/pythonpath.ps1'
[4.380s] INFO:colcon.colcon_core.shell:Creating environment descriptor '/home/navlab-tx2-4/px4_ros_com_ros2/install/multi_rtd_interfaces/share/multi_rtd_interfaces/hook/pythonpath.dsv'
[4.382s] INFO:colcon.colcon_core.shell:Creating environment hook '/home/navlab-tx2-4/px4_ros_com_ros2/install/multi_rtd_interfaces/share/multi_rtd_interfaces/hook/pythonpath.sh'
[4.387s] INFO:colcon.colcon_core.shell:Creating package script '/home/navlab-tx2-4/px4_ros_com_ros2/install/multi_rtd_interfaces/share/multi_rtd_interfaces/package.ps1'
[4.393s] INFO:colcon.colcon_core.shell:Creating package descriptor '/home/navlab-tx2-4/px4_ros_com_ros2/install/multi_rtd_interfaces/share/multi_rtd_interfaces/package.dsv'
[4.399s] INFO:colcon.colcon_core.shell:Creating package script '/home/navlab-tx2-4/px4_ros_com_ros2/install/multi_rtd_interfaces/share/multi_rtd_interfaces/package.sh'
[4.403s] INFO:colcon.colcon_core.shell:Creating package script '/home/navlab-tx2-4/px4_ros_com_ros2/install/multi_rtd_interfaces/share/multi_rtd_interfaces/package.bash'
[4.407s] INFO:colcon.colcon_core.shell:Creating package script '/home/navlab-tx2-4/px4_ros_com_ros2/install/multi_rtd_interfaces/share/multi_rtd_interfaces/package.zsh'
[4.411s] Level 1:colcon.colcon_core.environment:create_file_with_runtime_dependencies(/home/navlab-tx2-4/px4_ros_com_ros2/install/multi_rtd_interfaces/share/colcon-core/packages/multi_rtd_interfaces)
[4.645s] Level 1:colcon.colcon_core.environment:create_environment_scripts_only(multi_rtd_interfaces)
[4.650s] Level 1:colcon.colcon_core.environment:checking '/home/navlab-tx2-4/px4_ros_com_ros2/install/multi_rtd_interfaces' for CMake module files
[4.653s] Level 1:colcon.colcon_core.environment:checking '/home/navlab-tx2-4/px4_ros_com_ros2/install/multi_rtd_interfaces' for CMake config files
[4.655s] Level 1:colcon.colcon_core.shell:create_environment_hook('multi_rtd_interfaces', 'cmake_prefix_path')
[4.658s] INFO:colcon.colcon_core.shell:Creating environment hook '/home/navlab-tx2-4/px4_ros_com_ros2/install/multi_rtd_interfaces/share/multi_rtd_interfaces/hook/cmake_prefix_path.ps1'
[4.660s] INFO:colcon.colcon_core.shell:Creating environment descriptor '/home/navlab-tx2-4/px4_ros_com_ros2/install/multi_rtd_interfaces/share/multi_rtd_interfaces/hook/cmake_prefix_path.dsv'
[4.661s] INFO:colcon.colcon_core.shell:Creating environment hook '/home/navlab-tx2-4/px4_ros_com_ros2/install/multi_rtd_interfaces/share/multi_rtd_interfaces/hook/cmake_prefix_path.sh'
[4.664s] Level 1:colcon.colcon_core.environment:checking '/home/navlab-tx2-4/px4_ros_com_ros2/install/multi_rtd_interfaces/lib'
[4.664s] Level 1:colcon.colcon_core.shell:create_environment_hook('multi_rtd_interfaces', 'ld_library_path_lib')
[4.667s] INFO:colcon.colcon_core.shell:Creating environment hook '/home/navlab-tx2-4/px4_ros_com_ros2/install/multi_rtd_interfaces/share/multi_rtd_interfaces/hook/ld_library_path_lib.ps1'
[4.669s] INFO:colcon.colcon_core.shell:Creating environment descriptor '/home/navlab-tx2-4/px4_ros_com_ros2/install/multi_rtd_interfaces/share/multi_rtd_interfaces/hook/ld_library_path_lib.dsv'
[4.670s] INFO:colcon.colcon_core.shell:Creating environment hook '/home/navlab-tx2-4/px4_ros_com_ros2/install/multi_rtd_interfaces/share/multi_rtd_interfaces/hook/ld_library_path_lib.sh'
[4.672s] Level 1:colcon.colcon_core.environment:checking '/home/navlab-tx2-4/px4_ros_com_ros2/install/multi_rtd_interfaces/bin'
[4.672s] Level 1:colcon.colcon_core.environment:checking '/home/navlab-tx2-4/px4_ros_com_ros2/install/multi_rtd_interfaces/lib/pkgconfig/multi_rtd_interfaces.pc'
[4.672s] Level 1:colcon.colcon_core.environment:checking '/home/navlab-tx2-4/px4_ros_com_ros2/install/multi_rtd_interfaces/lib/python3.6/site-packages'
[4.673s] Level 1:colcon.colcon_core.shell:create_environment_hook('multi_rtd_interfaces', 'pythonpath')
[4.676s] INFO:colcon.colcon_core.shell:Creating environment hook '/home/navlab-tx2-4/px4_ros_com_ros2/install/multi_rtd_interfaces/share/multi_rtd_interfaces/hook/pythonpath.ps1'
[4.678s] INFO:colcon.colcon_core.shell:Creating environment descriptor '/home/navlab-tx2-4/px4_ros_com_ros2/install/multi_rtd_interfaces/share/multi_rtd_interfaces/hook/pythonpath.dsv'
[4.679s] INFO:colcon.colcon_core.shell:Creating environment hook '/home/navlab-tx2-4/px4_ros_com_ros2/install/multi_rtd_interfaces/share/multi_rtd_interfaces/hook/pythonpath.sh'
[4.684s] INFO:colcon.colcon_core.shell:Creating package script '/home/navlab-tx2-4/px4_ros_com_ros2/install/multi_rtd_interfaces/share/multi_rtd_interfaces/package.ps1'
[4.687s] INFO:colcon.colcon_core.shell:Creating package descriptor '/home/navlab-tx2-4/px4_ros_com_ros2/install/multi_rtd_interfaces/share/multi_rtd_interfaces/package.dsv'
[4.691s] INFO:colcon.colcon_core.shell:Creating package script '/home/navlab-tx2-4/px4_ros_com_ros2/install/multi_rtd_interfaces/share/multi_rtd_interfaces/package.sh'
[4.693s] INFO:colcon.colcon_core.shell:Creating package script '/home/navlab-tx2-4/px4_ros_com_ros2/install/multi_rtd_interfaces/share/multi_rtd_interfaces/package.bash'
[4.695s] INFO:colcon.colcon_core.shell:Creating package script '/home/navlab-tx2-4/px4_ros_com_ros2/install/multi_rtd_interfaces/share/multi_rtd_interfaces/package.zsh'
[4.697s] Level 1:colcon.colcon_core.environment:create_file_with_runtime_dependencies(/home/navlab-tx2-4/px4_ros_com_ros2/install/multi_rtd_interfaces/share/colcon-core/packages/multi_rtd_interfaces)
[4.698s] INFO:colcon.colcon_ros.task.ament_python.build:Building ROS package in '/home/navlab-tx2-4/px4_ros_com_ros2/src/px4_multi_agent_planning/multi_rtd' with build type 'ament_python'
[4.699s] Level 1:colcon.colcon_core.shell:create_environment_hook('multi_rtd', 'ament_prefix_path')
[4.702s] INFO:colcon.colcon_core.shell:Creating environment hook '/home/navlab-tx2-4/px4_ros_com_ros2/install/multi_rtd/share/multi_rtd/hook/ament_prefix_path.ps1'
[4.705s] INFO:colcon.colcon_core.shell:Creating environment descriptor '/home/navlab-tx2-4/px4_ros_com_ros2/install/multi_rtd/share/multi_rtd/hook/ament_prefix_path.dsv'
[4.707s] INFO:colcon.colcon_core.shell:Creating environment hook '/home/navlab-tx2-4/px4_ros_com_ros2/install/multi_rtd/share/multi_rtd/hook/ament_prefix_path.sh'
[4.711s] INFO:colcon.colcon_core.shell:Skip shell extension 'powershell' for command environment: Not usable outside of PowerShell
[4.712s] DEBUG:colcon.colcon_core.shell:Skip shell extension 'dsv' for command environment
[4.724s] DEBUG:colcon.colcon_core.shell:Ignoring prefix path '/opt/ros/eloquent'
[5.913s] INFO:colcon.colcon_core.task.python.build:Building Python package in '/home/navlab-tx2-4/px4_ros_com_ros2/src/px4_multi_agent_planning/multi_rtd'
[5.917s] INFO:colcon.colcon_core.shell:Skip shell extension 'powershell' for command environment: Not usable outside of PowerShell
[5.918s] DEBUG:colcon.colcon_core.shell:Skip shell extension 'dsv' for command environment
[5.929s] DEBUG:colcon.colcon_core.shell:Ignoring prefix path '/opt/ros/eloquent'
[5.958s] DEBUG:colcon.colcon_core.event_handler.log_command:Invoked command in '/home/navlab-tx2-4/px4_ros_com_ros2/build/px4_msgs' returned '0': CMAKE_PREFIX_PATH=${CMAKE_PREFIX_PATH}:/home/navlab-tx2-4/px4_ros_com_ros2/install/multi_rtd:/opt/ros/eloquent /usr/bin/cmake --build /home/navlab-tx2-4/px4_ros_com_ros2/build/px4_msgs -- -j4 -l4
[5.983s] DEBUG:colcon.colcon_core.event_handler.log_command:Invoking command in '/home/navlab-tx2-4/px4_ros_com_ros2/src/px4_multi_agent_planning/multi_rtd': CMAKE_PREFIX_PATH=/home/navlab-tx2-4/px4_ros_com_ros2/install/multi_rtd_interfaces:/home/navlab-tx2-4/px4_ros_com_ros2/install/ros1_bridge:/home/navlab-tx2-4/px4_ros_com_ros2/install/px4_ros_com:/home/navlab-tx2-4/px4_ros_com_ros2/install/offboard_ibqr:/home/navlab-tx2-4/px4_ros_com_ros2/install/px4_msgs LD_LIBRARY_PATH=/home/navlab-tx2-4/px4_ros_com_ros2/install/multi_rtd_interfaces/lib:/home/navlab-tx2-4/px4_ros_com_ros2/install/px4_ros_com/lib:/home/navlab-tx2-4/px4_ros_com_ros2/install/px4_msgs/lib:/opt/ros/eloquent/opt/yaml_cpp_vendor/lib:/opt/ros/eloquent/opt/rviz_ogre_vendor/lib:/opt/ros/eloquent/lib/aarch64-linux-gnu:/opt/ros/eloquent/lib PYTHONPATH=/home/navlab-tx2-4/px4_ros_com_ros2/install/multi_rtd/lib/python3.6/site-packages:/home/navlab-tx2-4/px4_ros_com_ros2/install/multi_rtd_interfaces/lib/python3.6/site-packages:/home/navlab-tx2-4/px4_ros_com_ros2/install/px4_msgs/lib/python3.6/site-packages:/home/navlab-tx2-4/px4_ros_com_ros2/install/multi_rtd/lib/python3.6/site-packages:/opt/ros/eloquent/lib/python3.6/site-packages /usr/bin/python3 setup.py egg_info --egg-base ../../../build/multi_rtd build --build-base /home/navlab-tx2-4/px4_ros_com_ros2/build/multi_rtd/build install --prefix /home/navlab-tx2-4/px4_ros_com_ros2/install/multi_rtd --record /home/navlab-tx2-4/px4_ros_com_ros2/build/multi_rtd/install.log --single-version-externally-managed
[7.537s] Level 1:colcon.colcon_core.environment:checking '/home/navlab-tx2-4/px4_ros_com_ros2/install/multi_rtd' for CMake module files
[7.541s] DEBUG:colcon.colcon_core.event_handler.log_command:Invoked command in '/home/navlab-tx2-4/px4_ros_com_ros2/src/px4_multi_agent_planning/multi_rtd' returned '0': CMAKE_PREFIX_PATH=/home/navlab-tx2-4/px4_ros_com_ros2/install/multi_rtd_interfaces:/home/navlab-tx2-4/px4_ros_com_ros2/install/ros1_bridge:/home/navlab-tx2-4/px4_ros_com_ros2/install/px4_ros_com:/home/navlab-tx2-4/px4_ros_com_ros2/install/offboard_ibqr:/home/navlab-tx2-4/px4_ros_com_ros2/install/px4_msgs LD_LIBRARY_PATH=/home/navlab-tx2-4/px4_ros_com_ros2/install/multi_rtd_interfaces/lib:/home/navlab-tx2-4/px4_ros_com_ros2/install/px4_ros_com/lib:/home/navlab-tx2-4/px4_ros_com_ros2/install/px4_msgs/lib:/opt/ros/eloquent/opt/yaml_cpp_vendor/lib:/opt/ros/eloquent/opt/rviz_ogre_vendor/lib:/opt/ros/eloquent/lib/aarch64-linux-gnu:/opt/ros/eloquent/lib PYTHONPATH=/home/navlab-tx2-4/px4_ros_com_ros2/install/multi_rtd/lib/python3.6/site-packages:/home/navlab-tx2-4/px4_ros_com_ros2/install/multi_rtd_interfaces/lib/python3.6/site-packages:/home/navlab-tx2-4/px4_ros_com_ros2/install/px4_msgs/lib/python3.6/site-packages:/home/navlab-tx2-4/px4_ros_com_ros2/install/multi_rtd/lib/python3.6/site-packages:/opt/ros/eloquent/lib/python3.6/site-packages /usr/bin/python3 setup.py egg_info --egg-base ../../../build/multi_rtd build --build-base /home/navlab-tx2-4/px4_ros_com_ros2/build/multi_rtd/build install --prefix /home/navlab-tx2-4/px4_ros_com_ros2/install/multi_rtd --record /home/navlab-tx2-4/px4_ros_com_ros2/build/multi_rtd/install.log --single-version-externally-managed
[7.543s] Level 1:colcon.colcon_core.environment:checking '/home/navlab-tx2-4/px4_ros_com_ros2/install/multi_rtd' for CMake config files
[7.550s] Level 1:colcon.colcon_core.environment:checking '/home/navlab-tx2-4/px4_ros_com_ros2/install/multi_rtd/lib'
[7.551s] Level 1:colcon.colcon_core.environment:checking '/home/navlab-tx2-4/px4_ros_com_ros2/install/multi_rtd/bin'
[7.552s] Level 1:colcon.colcon_core.environment:checking '/home/navlab-tx2-4/px4_ros_com_ros2/install/multi_rtd/lib/pkgconfig/multi_rtd.pc'
[7.553s] Level 1:colcon.colcon_core.environment:checking '/home/navlab-tx2-4/px4_ros_com_ros2/install/multi_rtd/lib/python3.6/site-packages'
[7.553s] Level 1:colcon.colcon_core.shell:create_environment_hook('multi_rtd', 'pythonpath')
[7.558s] INFO:colcon.colcon_core.shell:Creating environment hook '/home/navlab-tx2-4/px4_ros_com_ros2/install/multi_rtd/share/multi_rtd/hook/pythonpath.ps1'
[7.560s] INFO:colcon.colcon_core.shell:Creating environment descriptor '/home/navlab-tx2-4/px4_ros_com_ros2/install/multi_rtd/share/multi_rtd/hook/pythonpath.dsv'
[7.562s] INFO:colcon.colcon_core.shell:Creating environment hook '/home/navlab-tx2-4/px4_ros_com_ros2/install/multi_rtd/share/multi_rtd/hook/pythonpath.sh'
[7.564s] Level 1:colcon.colcon_core.environment:create_environment_scripts_only(multi_rtd)
[7.568s] INFO:colcon.colcon_core.shell:Creating package script '/home/navlab-tx2-4/px4_ros_com_ros2/install/multi_rtd/share/multi_rtd/package.ps1'
[7.570s] INFO:colcon.colcon_core.shell:Creating package descriptor '/home/navlab-tx2-4/px4_ros_com_ros2/install/multi_rtd/share/multi_rtd/package.dsv'
[7.572s] INFO:colcon.colcon_core.shell:Creating package script '/home/navlab-tx2-4/px4_ros_com_ros2/install/multi_rtd/share/multi_rtd/package.sh'
[7.574s] INFO:colcon.colcon_core.shell:Creating package script '/home/navlab-tx2-4/px4_ros_com_ros2/install/multi_rtd/share/multi_rtd/package.bash'
[7.576s] INFO:colcon.colcon_core.shell:Creating package script '/home/navlab-tx2-4/px4_ros_com_ros2/install/multi_rtd/share/multi_rtd/package.zsh'
[7.578s] Level 1:colcon.colcon_core.environment:create_file_with_runtime_dependencies(/home/navlab-tx2-4/px4_ros_com_ros2/install/multi_rtd/share/colcon-core/packages/multi_rtd)
[22.135s] DEBUG:colcon.colcon_core.event_handler.log_command:Invoking command in '/home/navlab-tx2-4/px4_ros_com_ros2/build/px4_msgs': CMAKE_PREFIX_PATH=${CMAKE_PREFIX_PATH}:/home/navlab-tx2-4/px4_ros_com_ros2/install/multi_rtd:/opt/ros/eloquent /usr/bin/cmake --build /home/navlab-tx2-4/px4_ros_com_ros2/build/px4_msgs --target install -- -j4 -l4
[27.153s] Level 1:colcon.colcon_core.environment:create_environment_scripts_only(px4_msgs)
[27.161s] Level 1:colcon.colcon_core.environment:checking '/home/navlab-tx2-4/px4_ros_com_ros2/install/px4_msgs' for CMake module files
[27.163s] DEBUG:colcon.colcon_core.event_handler.log_command:Invoked command in '/home/navlab-tx2-4/px4_ros_com_ros2/build/px4_msgs' returned '0': CMAKE_PREFIX_PATH=${CMAKE_PREFIX_PATH}:/home/navlab-tx2-4/px4_ros_com_ros2/install/multi_rtd:/opt/ros/eloquent /usr/bin/cmake --build /home/navlab-tx2-4/px4_ros_com_ros2/build/px4_msgs --target install -- -j4 -l4
[27.165s] Level 1:colcon.colcon_core.environment:checking '/home/navlab-tx2-4/px4_ros_com_ros2/install/px4_msgs' for CMake config files
[27.222s] Level 1:colcon.colcon_core.shell:create_environment_hook('px4_msgs', 'cmake_prefix_path')
[27.225s] INFO:colcon.colcon_core.shell:Creating environment hook '/home/navlab-tx2-4/px4_ros_com_ros2/install/px4_msgs/share/px4_msgs/hook/cmake_prefix_path.ps1'
[27.227s] INFO:colcon.colcon_core.shell:Creating environment descriptor '/home/navlab-tx2-4/px4_ros_com_ros2/install/px4_msgs/share/px4_msgs/hook/cmake_prefix_path.dsv'
[27.228s] INFO:colcon.colcon_core.shell:Creating environment hook '/home/navlab-tx2-4/px4_ros_com_ros2/install/px4_msgs/share/px4_msgs/hook/cmake_prefix_path.sh'
[27.231s] Level 1:colcon.colcon_core.environment:checking '/home/navlab-tx2-4/px4_ros_com_ros2/install/px4_msgs/lib'
[27.231s] Level 1:colcon.colcon_core.shell:create_environment_hook('px4_msgs', 'ld_library_path_lib')
[27.234s] INFO:colcon.colcon_core.shell:Creating environment hook '/home/navlab-tx2-4/px4_ros_com_ros2/install/px4_msgs/share/px4_msgs/hook/ld_library_path_lib.ps1'
[27.236s] INFO:colcon.colcon_core.shell:Creating environment descriptor '/home/navlab-tx2-4/px4_ros_com_ros2/install/px4_msgs/share/px4_msgs/hook/ld_library_path_lib.dsv'
[27.238s] INFO:colcon.colcon_core.shell:Creating environment hook '/home/navlab-tx2-4/px4_ros_com_ros2/install/px4_msgs/share/px4_msgs/hook/ld_library_path_lib.sh'
[27.240s] Level 1:colcon.colcon_core.environment:checking '/home/navlab-tx2-4/px4_ros_com_ros2/install/px4_msgs/bin'
[27.240s] Level 1:colcon.colcon_core.environment:checking '/home/navlab-tx2-4/px4_ros_com_ros2/install/px4_msgs/lib/pkgconfig/px4_msgs.pc'
[27.241s] Level 1:colcon.colcon_core.environment:checking '/home/navlab-tx2-4/px4_ros_com_ros2/install/px4_msgs/lib/python3.6/site-packages'
[27.241s] Level 1:colcon.colcon_core.shell:create_environment_hook('px4_msgs', 'pythonpath')
[27.245s] INFO:colcon.colcon_core.shell:Creating environment hook '/home/navlab-tx2-4/px4_ros_com_ros2/install/px4_msgs/share/px4_msgs/hook/pythonpath.ps1'
[27.246s] INFO:colcon.colcon_core.shell:Creating environment descriptor '/home/navlab-tx2-4/px4_ros_com_ros2/install/px4_msgs/share/px4_msgs/hook/pythonpath.dsv'
[27.248s] INFO:colcon.colcon_core.shell:Creating environment hook '/home/navlab-tx2-4/px4_ros_com_ros2/install/px4_msgs/share/px4_msgs/hook/pythonpath.sh'
[27.252s] INFO:colcon.colcon_core.shell:Creating package script '/home/navlab-tx2-4/px4_ros_com_ros2/install/px4_msgs/share/px4_msgs/package.ps1'
[27.254s] INFO:colcon.colcon_core.shell:Creating package descriptor '/home/navlab-tx2-4/px4_ros_com_ros2/install/px4_msgs/share/px4_msgs/package.dsv'
[27.256s] INFO:colcon.colcon_core.shell:Creating package script '/home/navlab-tx2-4/px4_ros_com_ros2/install/px4_msgs/share/px4_msgs/package.sh'
[27.258s] INFO:colcon.colcon_core.shell:Creating package script '/home/navlab-tx2-4/px4_ros_com_ros2/install/px4_msgs/share/px4_msgs/package.bash'
[27.259s] INFO:colcon.colcon_core.shell:Creating package script '/home/navlab-tx2-4/px4_ros_com_ros2/install/px4_msgs/share/px4_msgs/package.zsh'
[27.261s] Level 1:colcon.colcon_core.environment:create_file_with_runtime_dependencies(/home/navlab-tx2-4/px4_ros_com_ros2/install/px4_msgs/share/colcon-core/packages/px4_msgs)
[43.437s] Level 1:colcon.colcon_core.environment:create_environment_scripts_only(px4_msgs)
[43.442s] Level 1:colcon.colcon_core.environment:checking '/home/navlab-tx2-4/px4_ros_com_ros2/install/px4_msgs' for CMake module files
[43.444s] Level 1:colcon.colcon_core.environment:checking '/home/navlab-tx2-4/px4_ros_com_ros2/install/px4_msgs' for CMake config files
[43.500s] Level 1:colcon.colcon_core.shell:create_environment_hook('px4_msgs', 'cmake_prefix_path')
[43.503s] INFO:colcon.colcon_core.shell:Creating environment hook '/home/navlab-tx2-4/px4_ros_com_ros2/install/px4_msgs/share/px4_msgs/hook/cmake_prefix_path.ps1'
[43.505s] INFO:colcon.colcon_core.shell:Creating environment descriptor '/home/navlab-tx2-4/px4_ros_com_ros2/install/px4_msgs/share/px4_msgs/hook/cmake_prefix_path.dsv'
[43.507s] INFO:colcon.colcon_core.shell:Creating environment hook '/home/navlab-tx2-4/px4_ros_com_ros2/install/px4_msgs/share/px4_msgs/hook/cmake_prefix_path.sh'
[43.510s] Level 1:colcon.colcon_core.environment:checking '/home/navlab-tx2-4/px4_ros_com_ros2/install/px4_msgs/lib'
[43.510s] Level 1:colcon.colcon_core.shell:create_environment_hook('px4_msgs', 'ld_library_path_lib')
[43.513s] INFO:colcon.colcon_core.shell:Creating environment hook '/home/navlab-tx2-4/px4_ros_com_ros2/install/px4_msgs/share/px4_msgs/hook/ld_library_path_lib.ps1'
[43.515s] INFO:colcon.colcon_core.shell:Creating environment descriptor '/home/navlab-tx2-4/px4_ros_com_ros2/install/px4_msgs/share/px4_msgs/hook/ld_library_path_lib.dsv'
[43.516s] INFO:colcon.colcon_core.shell:Creating environment hook '/home/navlab-tx2-4/px4_ros_com_ros2/install/px4_msgs/share/px4_msgs/hook/ld_library_path_lib.sh'
[43.517s] Level 1:colcon.colcon_core.environment:checking '/home/navlab-tx2-4/px4_ros_com_ros2/install/px4_msgs/bin'
[43.518s] Level 1:colcon.colcon_core.environment:checking '/home/navlab-tx2-4/px4_ros_com_ros2/install/px4_msgs/lib/pkgconfig/px4_msgs.pc'
[43.518s] Level 1:colcon.colcon_core.environment:checking '/home/navlab-tx2-4/px4_ros_com_ros2/install/px4_msgs/lib/python3.6/site-packages'
[43.518s] Level 1:colcon.colcon_core.shell:create_environment_hook('px4_msgs', 'pythonpath')
[43.521s] INFO:colcon.colcon_core.shell:Creating environment hook '/home/navlab-tx2-4/px4_ros_com_ros2/install/px4_msgs/share/px4_msgs/hook/pythonpath.ps1'
[43.522s] INFO:colcon.colcon_core.shell:Creating environment descriptor '/home/navlab-tx2-4/px4_ros_com_ros2/install/px4_msgs/share/px4_msgs/hook/pythonpath.dsv'
[43.524s] INFO:colcon.colcon_core.shell:Creating environment hook '/home/navlab-tx2-4/px4_ros_com_ros2/install/px4_msgs/share/px4_msgs/hook/pythonpath.sh'
[43.529s] INFO:colcon.colcon_core.shell:Creating package script '/home/navlab-tx2-4/px4_ros_com_ros2/install/px4_msgs/share/px4_msgs/package.ps1'
[43.531s] INFO:colcon.colcon_core.shell:Creating package descriptor '/home/navlab-tx2-4/px4_ros_com_ros2/install/px4_msgs/share/px4_msgs/package.dsv'
[43.534s] INFO:colcon.colcon_core.shell:Creating package script '/home/navlab-tx2-4/px4_ros_com_ros2/install/px4_msgs/share/px4_msgs/package.sh'
[43.535s] INFO:colcon.colcon_core.shell:Creating package script '/home/navlab-tx2-4/px4_ros_com_ros2/install/px4_msgs/share/px4_msgs/package.bash'
[43.537s] INFO:colcon.colcon_core.shell:Creating package script '/home/navlab-tx2-4/px4_ros_com_ros2/install/px4_msgs/share/px4_msgs/package.zsh'
[43.538s] Level 1:colcon.colcon_core.environment:create_file_with_runtime_dependencies(/home/navlab-tx2-4/px4_ros_com_ros2/install/px4_msgs/share/colcon-core/packages/px4_msgs)
[43.540s] INFO:colcon.colcon_ros.task.ament_cmake.build:Building ROS package in '/home/navlab-tx2-4/px4_ros_com_ros2/src/px4_multi_agent_planning/offboard_ibqr' with build type 'ament_cmake'
[43.540s] INFO:colcon.colcon_cmake.task.cmake.build:Building CMake package in '/home/navlab-tx2-4/px4_ros_com_ros2/src/px4_multi_agent_planning/offboard_ibqr'
[43.543s] INFO:colcon.colcon_core.shell:Skip shell extension 'powershell' for command environment: Not usable outside of PowerShell
[43.544s] DEBUG:colcon.colcon_core.shell:Skip shell extension 'dsv' for command environment
[43.560s] DEBUG:colcon.colcon_core.shell:Ignoring prefix path '/opt/ros/eloquent'
[43.575s] INFO:colcon.colcon_ros.task.ament_cmake.build:Building ROS package in '/home/navlab-tx2-4/px4_ros_com_ros2/src/px4_ros_com' with build type 'ament_cmake'
[43.577s] INFO:colcon.colcon_cmake.task.cmake.build:Building CMake package in '/home/navlab-tx2-4/px4_ros_com_ros2/src/px4_ros_com'
[43.581s] INFO:colcon.colcon_core.shell:Skip shell extension 'powershell' for command environment: Not usable outside of PowerShell
[43.582s] DEBUG:colcon.colcon_core.shell:Skip shell extension 'dsv' for command environment
[43.597s] DEBUG:colcon.colcon_core.shell:Ignoring prefix path '/opt/ros/eloquent'
[43.612s] INFO:colcon.colcon_ros.task.ament_cmake.build:Building ROS package in '/home/navlab-tx2-4/px4_ros_com_ros2/src/ros1_bridge' with build type 'ament_cmake'
[43.614s] INFO:colcon.colcon_cmake.task.cmake.build:Building CMake package in '/home/navlab-tx2-4/px4_ros_com_ros2/src/ros1_bridge'
[43.619s] INFO:colcon.colcon_core.shell:Skip shell extension 'powershell' for command environment: Not usable outside of PowerShell
[43.619s] DEBUG:colcon.colcon_core.shell:Skip shell extension 'dsv' for command environment
[43.634s] DEBUG:colcon.colcon_core.shell:Ignoring prefix path '/opt/ros/eloquent'
[43.679s] DEBUG:colcon.colcon_core.event_handler.log_command:Invoking command in '/home/navlab-tx2-4/px4_ros_com_ros2/build/offboard_ibqr': CMAKE_PREFIX_PATH=/home/navlab-tx2-4/px4_ros_com_ros2/install/px4_msgs:/home/navlab-tx2-4/px4_ros_com_ros2/install/ros1_bridge:/home/navlab-tx2-4/px4_ros_com_ros2/install/px4_ros_com:/home/navlab-tx2-4/px4_ros_com_ros2/install/offboard_ibqr:/home/navlab-tx2-4/px4_ros_com_ros2/install/multi_rtd_interfaces:/home/navlab-tx2-4/px4_ros_com_ros2/install/multi_rtd:/opt/ros/eloquent LD_LIBRARY_PATH=/home/navlab-tx2-4/px4_ros_com_ros2/install/px4_msgs/lib:/home/navlab-tx2-4/px4_ros_com_ros2/install/px4_ros_com/lib:/home/navlab-tx2-4/px4_ros_com_ros2/install/multi_rtd_interfaces/lib:/opt/ros/eloquent/opt/yaml_cpp_vendor/lib:/opt/ros/eloquent/opt/rviz_ogre_vendor/lib:/opt/ros/eloquent/lib/aarch64-linux-gnu:/opt/ros/eloquent/lib /usr/bin/cmake --build /home/navlab-tx2-4/px4_ros_com_ros2/build/offboard_ibqr -- -j4 -l4
[43.713s] DEBUG:colcon.colcon_core.event_handler.log_command:Invoking command in '/home/navlab-tx2-4/px4_ros_com_ros2/build/px4_ros_com': CMAKE_PREFIX_PATH=/home/navlab-tx2-4/px4_ros_com_ros2/install/px4_msgs:/home/navlab-tx2-4/px4_ros_com_ros2/install/ros1_bridge:/home/navlab-tx2-4/px4_ros_com_ros2/install/px4_ros_com:/home/navlab-tx2-4/px4_ros_com_ros2/install/offboard_ibqr:/home/navlab-tx2-4/px4_ros_com_ros2/install/multi_rtd_interfaces:/home/navlab-tx2-4/px4_ros_com_ros2/install/multi_rtd:/opt/ros/eloquent LD_LIBRARY_PATH=/home/navlab-tx2-4/px4_ros_com_ros2/install/px4_msgs/lib:/home/navlab-tx2-4/px4_ros_com_ros2/install/px4_ros_com/lib:/home/navlab-tx2-4/px4_ros_com_ros2/install/multi_rtd_interfaces/lib:/opt/ros/eloquent/opt/yaml_cpp_vendor/lib:/opt/ros/eloquent/opt/rviz_ogre_vendor/lib:/opt/ros/eloquent/lib/aarch64-linux-gnu:/opt/ros/eloquent/lib /usr/bin/cmake --build /home/navlab-tx2-4/px4_ros_com_ros2/build/px4_ros_com -- -j4 -l4
[43.754s] DEBUG:colcon.colcon_core.event_handler.log_command:Invoking command in '/home/navlab-tx2-4/px4_ros_com_ros2/build/ros1_bridge': CMAKE_PREFIX_PATH=/home/navlab-tx2-4/px4_ros_com_ros2/install/px4_msgs:/home/navlab-tx2-4/px4_ros_com_ros2/install/multi_rtd_interfaces:/home/navlab-tx2-4/px4_ros_com_ros2/install/ros1_bridge:/home/navlab-tx2-4/px4_ros_com_ros2/install/px4_ros_com:/home/navlab-tx2-4/px4_ros_com_ros2/install/offboard_ibqr:/home/navlab-tx2-4/px4_ros_com_ros2/install/multi_rtd:/opt/ros/eloquent LD_LIBRARY_PATH=/home/navlab-tx2-4/px4_ros_com_ros2/install/px4_msgs/lib:/home/navlab-tx2-4/px4_ros_com_ros2/install/multi_rtd_interfaces/lib:/home/navlab-tx2-4/px4_ros_com_ros2/install/px4_ros_com/lib:/opt/ros/eloquent/opt/yaml_cpp_vendor/lib:/opt/ros/eloquent/opt/rviz_ogre_vendor/lib:/opt/ros/eloquent/lib/aarch64-linux-gnu:/opt/ros/eloquent/lib PYTHONPATH=/home/navlab-tx2-4/px4_ros_com_ros2/install/px4_msgs/lib/python3.6/site-packages:/home/navlab-tx2-4/px4_ros_com_ros2/install/multi_rtd_interfaces/lib/python3.6/site-packages:/home/navlab-tx2-4/px4_ros_com_ros2/install/multi_rtd/lib/python3.6/site-packages:/opt/ros/eloquent/lib/python3.6/site-packages /usr/bin/cmake --build /home/navlab-tx2-4/px4_ros_com_ros2/build/ros1_bridge -- -j4 -l4
[43.994s] DEBUG:colcon.colcon_core.event_handler.log_command:Invoked command in '/home/navlab-tx2-4/px4_ros_com_ros2/build/ros1_bridge' returned '0': CMAKE_PREFIX_PATH=/home/navlab-tx2-4/px4_ros_com_ros2/install/px4_msgs:/home/navlab-tx2-4/px4_ros_com_ros2/install/multi_rtd_interfaces:/home/navlab-tx2-4/px4_ros_com_ros2/install/ros1_bridge:/home/navlab-tx2-4/px4_ros_com_ros2/install/px4_ros_com:/home/navlab-tx2-4/px4_ros_com_ros2/install/offboard_ibqr:/home/navlab-tx2-4/px4_ros_com_ros2/install/multi_rtd:/opt/ros/eloquent LD_LIBRARY_PATH=/home/navlab-tx2-4/px4_ros_com_ros2/install/px4_msgs/lib:/home/navlab-tx2-4/px4_ros_com_ros2/install/multi_rtd_interfaces/lib:/home/navlab-tx2-4/px4_ros_com_ros2/install/px4_ros_com/lib:/opt/ros/eloquent/opt/yaml_cpp_vendor/lib:/opt/ros/eloquent/opt/rviz_ogre_vendor/lib:/opt/ros/eloquent/lib/aarch64-linux-gnu:/opt/ros/eloquent/lib PYTHONPATH=/home/navlab-tx2-4/px4_ros_com_ros2/install/px4_msgs/lib/python3.6/site-packages:/home/navlab-tx2-4/px4_ros_com_ros2/install/multi_rtd_interfaces/lib/python3.6/site-packages:/home/navlab-tx2-4/px4_ros_com_ros2/install/multi_rtd/lib/python3.6/site-packages:/opt/ros/eloquent/lib/python3.6/site-packages /usr/bin/cmake --build /home/navlab-tx2-4/px4_ros_com_ros2/build/ros1_bridge -- -j4 -l4
[44.176s] DEBUG:colcon.colcon_core.event_handler.log_command:Invoking command in '/home/navlab-tx2-4/px4_ros_com_ros2/build/ros1_bridge': CMAKE_PREFIX_PATH=/home/navlab-tx2-4/px4_ros_com_ros2/install/px4_msgs:/home/navlab-tx2-4/px4_ros_com_ros2/install/multi_rtd_interfaces:/home/navlab-tx2-4/px4_ros_com_ros2/install/ros1_bridge:/home/navlab-tx2-4/px4_ros_com_ros2/install/px4_ros_com:/home/navlab-tx2-4/px4_ros_com_ros2/install/offboard_ibqr:/home/navlab-tx2-4/px4_ros_com_ros2/install/multi_rtd:/opt/ros/eloquent LD_LIBRARY_PATH=/home/navlab-tx2-4/px4_ros_com_ros2/install/px4_msgs/lib:/home/navlab-tx2-4/px4_ros_com_ros2/install/multi_rtd_interfaces/lib:/home/navlab-tx2-4/px4_ros_com_ros2/install/px4_ros_com/lib:/opt/ros/eloquent/opt/yaml_cpp_vendor/lib:/opt/ros/eloquent/opt/rviz_ogre_vendor/lib:/opt/ros/eloquent/lib/aarch64-linux-gnu:/opt/ros/eloquent/lib PYTHONPATH=/home/navlab-tx2-4/px4_ros_com_ros2/install/px4_msgs/lib/python3.6/site-packages:/home/navlab-tx2-4/px4_ros_com_ros2/install/multi_rtd_interfaces/lib/python3.6/site-packages:/home/navlab-tx2-4/px4_ros_com_ros2/install/multi_rtd/lib/python3.6/site-packages:/opt/ros/eloquent/lib/python3.6/site-packages /usr/bin/cmake --build /home/navlab-tx2-4/px4_ros_com_ros2/build/ros1_bridge --target install -- -j4 -l4
[44.599s] Level 1:colcon.colcon_core.environment:create_environment_scripts_only(ros1_bridge)
[44.606s] Level 1:colcon.colcon_core.environment:checking '/home/navlab-tx2-4/px4_ros_com_ros2/install/ros1_bridge' for CMake module files
[44.624s] DEBUG:colcon.colcon_core.event_handler.log_command:Invoked command in '/home/navlab-tx2-4/px4_ros_com_ros2/build/ros1_bridge' returned '0': CMAKE_PREFIX_PATH=/home/navlab-tx2-4/px4_ros_com_ros2/install/px4_msgs:/home/navlab-tx2-4/px4_ros_com_ros2/install/multi_rtd_interfaces:/home/navlab-tx2-4/px4_ros_com_ros2/install/ros1_bridge:/home/navlab-tx2-4/px4_ros_com_ros2/install/px4_ros_com:/home/navlab-tx2-4/px4_ros_com_ros2/install/offboard_ibqr:/home/navlab-tx2-4/px4_ros_com_ros2/install/multi_rtd:/opt/ros/eloquent LD_LIBRARY_PATH=/home/navlab-tx2-4/px4_ros_com_ros2/install/px4_msgs/lib:/home/navlab-tx2-4/px4_ros_com_ros2/install/multi_rtd_interfaces/lib:/home/navlab-tx2-4/px4_ros_com_ros2/install/px4_ros_com/lib:/opt/ros/eloquent/opt/yaml_cpp_vendor/lib:/opt/ros/eloquent/opt/rviz_ogre_vendor/lib:/opt/ros/eloquent/lib/aarch64-linux-gnu:/opt/ros/eloquent/lib PYTHONPATH=/home/navlab-tx2-4/px4_ros_com_ros2/install/px4_msgs/lib/python3.6/site-packages:/home/navlab-tx2-4/px4_ros_com_ros2/install/multi_rtd_interfaces/lib/python3.6/site-packages:/home/navlab-tx2-4/px4_ros_com_ros2/install/multi_rtd/lib/python3.6/site-packages:/opt/ros/eloquent/lib/python3.6/site-packages /usr/bin/cmake --build /home/navlab-tx2-4/px4_ros_com_ros2/build/ros1_bridge --target install -- -j4 -l4
[44.627s] Level 1:colcon.colcon_core.environment:checking '/home/navlab-tx2-4/px4_ros_com_ros2/install/ros1_bridge' for CMake config files
[44.629s] Level 1:colcon.colcon_core.shell:create_environment_hook('ros1_bridge', 'cmake_prefix_path')
[44.634s] INFO:colcon.colcon_core.shell:Creating environment hook '/home/navlab-tx2-4/px4_ros_com_ros2/install/ros1_bridge/share/ros1_bridge/hook/cmake_prefix_path.ps1'
[44.637s] INFO:colcon.colcon_core.shell:Creating environment descriptor '/home/navlab-tx2-4/px4_ros_com_ros2/install/ros1_bridge/share/ros1_bridge/hook/cmake_prefix_path.dsv'
[44.640s] INFO:colcon.colcon_core.shell:Creating environment hook '/home/navlab-tx2-4/px4_ros_com_ros2/install/ros1_bridge/share/ros1_bridge/hook/cmake_prefix_path.sh'
[44.644s] Level 1:colcon.colcon_core.environment:checking '/home/navlab-tx2-4/px4_ros_com_ros2/install/ros1_bridge/bin'
[44.645s] Level 1:colcon.colcon_core.environment:checking '/home/navlab-tx2-4/px4_ros_com_ros2/install/ros1_bridge/lib/pkgconfig/ros1_bridge.pc'
[44.646s] Level 1:colcon.colcon_core.environment:checking '/home/navlab-tx2-4/px4_ros_com_ros2/install/ros1_bridge/lib/python3.6/site-packages'
[44.650s] INFO:colcon.colcon_core.shell:Creating package script '/home/navlab-tx2-4/px4_ros_com_ros2/install/ros1_bridge/share/ros1_bridge/package.ps1'
[44.653s] INFO:colcon.colcon_core.shell:Creating package descriptor '/home/navlab-tx2-4/px4_ros_com_ros2/install/ros1_bridge/share/ros1_bridge/package.dsv'
[44.655s] INFO:colcon.colcon_core.shell:Creating package script '/home/navlab-tx2-4/px4_ros_com_ros2/install/ros1_bridge/share/ros1_bridge/package.sh'
[44.657s] INFO:colcon.colcon_core.shell:Creating package script '/home/navlab-tx2-4/px4_ros_com_ros2/install/ros1_bridge/share/ros1_bridge/package.bash'
[44.659s] INFO:colcon.colcon_core.shell:Creating package script '/home/navlab-tx2-4/px4_ros_com_ros2/install/ros1_bridge/share/ros1_bridge/package.zsh'
[44.660s] Level 1:colcon.colcon_core.environment:create_file_with_runtime_dependencies(/home/navlab-tx2-4/px4_ros_com_ros2/install/ros1_bridge/share/colcon-core/packages/ros1_bridge)
[44.685s] DEBUG:colcon.colcon_core.event_handler.log_command:Invoked command in '/home/navlab-tx2-4/px4_ros_com_ros2/build/px4_ros_com' returned '0': CMAKE_PREFIX_PATH=/home/navlab-tx2-4/px4_ros_com_ros2/install/px4_msgs:/home/navlab-tx2-4/px4_ros_com_ros2/install/ros1_bridge:/home/navlab-tx2-4/px4_ros_com_ros2/install/px4_ros_com:/home/navlab-tx2-4/px4_ros_com_ros2/install/offboard_ibqr:/home/navlab-tx2-4/px4_ros_com_ros2/install/multi_rtd_interfaces:/home/navlab-tx2-4/px4_ros_com_ros2/install/multi_rtd:/opt/ros/eloquent LD_LIBRARY_PATH=/home/navlab-tx2-4/px4_ros_com_ros2/install/px4_msgs/lib:/home/navlab-tx2-4/px4_ros_com_ros2/install/px4_ros_com/lib:/home/navlab-tx2-4/px4_ros_com_ros2/install/multi_rtd_interfaces/lib:/opt/ros/eloquent/opt/yaml_cpp_vendor/lib:/opt/ros/eloquent/opt/rviz_ogre_vendor/lib:/opt/ros/eloquent/lib/aarch64-linux-gnu:/opt/ros/eloquent/lib /usr/bin/cmake --build /home/navlab-tx2-4/px4_ros_com_ros2/build/px4_ros_com -- -j4 -l4
[44.828s] Level 1:colcon.colcon_core.environment:create_environment_scripts_only(ros1_bridge)
[44.838s] Level 1:colcon.colcon_core.environment:checking '/home/navlab-tx2-4/px4_ros_com_ros2/install/ros1_bridge' for CMake module files
[44.843s] Level 1:colcon.colcon_core.environment:checking '/home/navlab-tx2-4/px4_ros_com_ros2/install/ros1_bridge' for CMake config files
[44.845s] Level 1:colcon.colcon_core.shell:create_environment_hook('ros1_bridge', 'cmake_prefix_path')
[44.850s] INFO:colcon.colcon_core.shell:Creating environment hook '/home/navlab-tx2-4/px4_ros_com_ros2/install/ros1_bridge/share/ros1_bridge/hook/cmake_prefix_path.ps1'
[44.853s] INFO:colcon.colcon_core.shell:Creating environment descriptor '/home/navlab-tx2-4/px4_ros_com_ros2/install/ros1_bridge/share/ros1_bridge/hook/cmake_prefix_path.dsv'
[44.855s] INFO:colcon.colcon_core.shell:Creating environment hook '/home/navlab-tx2-4/px4_ros_com_ros2/install/ros1_bridge/share/ros1_bridge/hook/cmake_prefix_path.sh'
[44.858s] Level 1:colcon.colcon_core.environment:checking '/home/navlab-tx2-4/px4_ros_com_ros2/install/ros1_bridge/bin'
[44.859s] Level 1:colcon.colcon_core.environment:checking '/home/navlab-tx2-4/px4_ros_com_ros2/install/ros1_bridge/lib/pkgconfig/ros1_bridge.pc'
[44.859s] Level 1:colcon.colcon_core.environment:checking '/home/navlab-tx2-4/px4_ros_com_ros2/install/ros1_bridge/lib/python3.6/site-packages'
[44.864s] INFO:colcon.colcon_core.shell:Creating package script '/home/navlab-tx2-4/px4_ros_com_ros2/install/ros1_bridge/share/ros1_bridge/package.ps1'
[44.867s] INFO:colcon.colcon_core.shell:Creating package descriptor '/home/navlab-tx2-4/px4_ros_com_ros2/install/ros1_bridge/share/ros1_bridge/package.dsv'
[44.869s] INFO:colcon.colcon_core.shell:Creating package script '/home/navlab-tx2-4/px4_ros_com_ros2/install/ros1_bridge/share/ros1_bridge/package.sh'
[44.872s] INFO:colcon.colcon_core.shell:Creating package script '/home/navlab-tx2-4/px4_ros_com_ros2/install/ros1_bridge/share/ros1_bridge/package.bash'
[44.874s] INFO:colcon.colcon_core.shell:Creating package script '/home/navlab-tx2-4/px4_ros_com_ros2/install/ros1_bridge/share/ros1_bridge/package.zsh'
[44.876s] Level 1:colcon.colcon_core.environment:create_file_with_runtime_dependencies(/home/navlab-tx2-4/px4_ros_com_ros2/install/ros1_bridge/share/colcon-core/packages/ros1_bridge)
[46.061s] DEBUG:colcon.colcon_core.event_handler.log_command:Invoking command in '/home/navlab-tx2-4/px4_ros_com_ros2/build/px4_ros_com': CMAKE_PREFIX_PATH=/home/navlab-tx2-4/px4_ros_com_ros2/install/px4_msgs:/home/navlab-tx2-4/px4_ros_com_ros2/install/ros1_bridge:/home/navlab-tx2-4/px4_ros_com_ros2/install/px4_ros_com:/home/navlab-tx2-4/px4_ros_com_ros2/install/offboard_ibqr:/home/navlab-tx2-4/px4_ros_com_ros2/install/multi_rtd_interfaces:/home/navlab-tx2-4/px4_ros_com_ros2/install/multi_rtd:/opt/ros/eloquent LD_LIBRARY_PATH=/home/navlab-tx2-4/px4_ros_com_ros2/install/px4_msgs/lib:/home/navlab-tx2-4/px4_ros_com_ros2/install/px4_ros_com/lib:/home/navlab-tx2-4/px4_ros_com_ros2/install/multi_rtd_interfaces/lib:/opt/ros/eloquent/opt/yaml_cpp_vendor/lib:/opt/ros/eloquent/opt/rviz_ogre_vendor/lib:/opt/ros/eloquent/lib/aarch64-linux-gnu:/opt/ros/eloquent/lib /usr/bin/cmake --build /home/navlab-tx2-4/px4_ros_com_ros2/build/px4_ros_com --target install -- -j4 -l4
[46.821s] Level 1:colcon.colcon_core.environment:create_environment_scripts_only(px4_ros_com)
[46.831s] Level 1:colcon.colcon_core.environment:checking '/home/navlab-tx2-4/px4_ros_com_ros2/install/px4_ros_com' for CMake module files
[46.835s] DEBUG:colcon.colcon_core.event_handler.log_command:Invoked command in '/home/navlab-tx2-4/px4_ros_com_ros2/build/px4_ros_com' returned '0': CMAKE_PREFIX_PATH=/home/navlab-tx2-4/px4_ros_com_ros2/install/px4_msgs:/home/navlab-tx2-4/px4_ros_com_ros2/install/ros1_bridge:/home/navlab-tx2-4/px4_ros_com_ros2/install/px4_ros_com:/home/navlab-tx2-4/px4_ros_com_ros2/install/offboard_ibqr:/home/navlab-tx2-4/px4_ros_com_ros2/install/multi_rtd_interfaces:/home/navlab-tx2-4/px4_ros_com_ros2/install/multi_rtd:/opt/ros/eloquent LD_LIBRARY_PATH=/home/navlab-tx2-4/px4_ros_com_ros2/install/px4_msgs/lib:/home/navlab-tx2-4/px4_ros_com_ros2/install/px4_ros_com/lib:/home/navlab-tx2-4/px4_ros_com_ros2/install/multi_rtd_interfaces/lib:/opt/ros/eloquent/opt/yaml_cpp_vendor/lib:/opt/ros/eloquent/opt/rviz_ogre_vendor/lib:/opt/ros/eloquent/lib/aarch64-linux-gnu:/opt/ros/eloquent/lib /usr/bin/cmake --build /home/navlab-tx2-4/px4_ros_com_ros2/build/px4_ros_com --target install -- -j4 -l4
[46.840s] Level 1:colcon.colcon_core.environment:checking '/home/navlab-tx2-4/px4_ros_com_ros2/install/px4_ros_com' for CMake config files
[46.843s] Level 1:colcon.colcon_core.shell:create_environment_hook('px4_ros_com', 'cmake_prefix_path')
[46.849s] INFO:colcon.colcon_core.shell:Creating environment hook '/home/navlab-tx2-4/px4_ros_com_ros2/install/px4_ros_com/share/px4_ros_com/hook/cmake_prefix_path.ps1'
[46.852s] INFO:colcon.colcon_core.shell:Creating environment descriptor '/home/navlab-tx2-4/px4_ros_com_ros2/install/px4_ros_com/share/px4_ros_com/hook/cmake_prefix_path.dsv'
[46.854s] INFO:colcon.colcon_core.shell:Creating environment hook '/home/navlab-tx2-4/px4_ros_com_ros2/install/px4_ros_com/share/px4_ros_com/hook/cmake_prefix_path.sh'
[46.858s] Level 1:colcon.colcon_core.environment:checking '/home/navlab-tx2-4/px4_ros_com_ros2/install/px4_ros_com/lib'
[46.859s] Level 1:colcon.colcon_core.shell:create_environment_hook('px4_ros_com', 'ld_library_path_lib')
[46.864s] INFO:colcon.colcon_core.shell:Creating environment hook '/home/navlab-tx2-4/px4_ros_com_ros2/install/px4_ros_com/share/px4_ros_com/hook/ld_library_path_lib.ps1'
[46.866s] INFO:colcon.colcon_core.shell:Creating environment descriptor '/home/navlab-tx2-4/px4_ros_com_ros2/install/px4_ros_com/share/px4_ros_com/hook/ld_library_path_lib.dsv'
[46.868s] INFO:colcon.colcon_core.shell:Creating environment hook '/home/navlab-tx2-4/px4_ros_com_ros2/install/px4_ros_com/share/px4_ros_com/hook/ld_library_path_lib.sh'
[46.870s] Level 1:colcon.colcon_core.environment:checking '/home/navlab-tx2-4/px4_ros_com_ros2/install/px4_ros_com/bin'
[46.871s] Level 1:colcon.colcon_core.shell:create_environment_hook('px4_ros_com', 'path')
[46.875s] INFO:colcon.colcon_core.shell:Creating environment hook '/home/navlab-tx2-4/px4_ros_com_ros2/install/px4_ros_com/share/px4_ros_com/hook/path.ps1'
[46.877s] INFO:colcon.colcon_core.shell:Creating environment descriptor '/home/navlab-tx2-4/px4_ros_com_ros2/install/px4_ros_com/share/px4_ros_com/hook/path.dsv'
[46.879s] INFO:colcon.colcon_core.shell:Creating environment hook '/home/navlab-tx2-4/px4_ros_com_ros2/install/px4_ros_com/share/px4_ros_com/hook/path.sh'
[46.881s] Level 1:colcon.colcon_core.environment:checking '/home/navlab-tx2-4/px4_ros_com_ros2/install/px4_ros_com/lib/pkgconfig/px4_ros_com.pc'
[46.881s] Level 1:colcon.colcon_core.environment:checking '/home/navlab-tx2-4/px4_ros_com_ros2/install/px4_ros_com/lib/python3.6/site-packages'
[46.886s] INFO:colcon.colcon_core.shell:Creating package script '/home/navlab-tx2-4/px4_ros_com_ros2/install/px4_ros_com/share/px4_ros_com/package.ps1'
[46.888s] INFO:colcon.colcon_core.shell:Creating package descriptor '/home/navlab-tx2-4/px4_ros_com_ros2/install/px4_ros_com/share/px4_ros_com/package.dsv'
[46.891s] INFO:colcon.colcon_core.shell:Creating package script '/home/navlab-tx2-4/px4_ros_com_ros2/install/px4_ros_com/share/px4_ros_com/package.sh'
[46.893s] INFO:colcon.colcon_core.shell:Creating package script '/home/navlab-tx2-4/px4_ros_com_ros2/install/px4_ros_com/share/px4_ros_com/package.bash'
[46.896s] INFO:colcon.colcon_core.shell:Creating package script '/home/navlab-tx2-4/px4_ros_com_ros2/install/px4_ros_com/share/px4_ros_com/package.zsh'
[46.898s] Level 1:colcon.colcon_core.environment:create_file_with_runtime_dependencies(/home/navlab-tx2-4/px4_ros_com_ros2/install/px4_ros_com/share/colcon-core/packages/px4_ros_com)
[48.147s] Level 1:colcon.colcon_core.environment:create_environment_scripts_only(px4_ros_com)
[48.152s] Level 1:colcon.colcon_core.environment:checking '/home/navlab-tx2-4/px4_ros_com_ros2/install/px4_ros_com' for CMake module files
[48.157s] Level 1:colcon.colcon_core.environment:checking '/home/navlab-tx2-4/px4_ros_com_ros2/install/px4_ros_com' for CMake config files
[48.159s] Level 1:colcon.colcon_core.shell:create_environment_hook('px4_ros_com', 'cmake_prefix_path')
[48.163s] INFO:colcon.colcon_core.shell:Creating environment hook '/home/navlab-tx2-4/px4_ros_com_ros2/install/px4_ros_com/share/px4_ros_com/hook/cmake_prefix_path.ps1'
[48.165s] INFO:colcon.colcon_core.shell:Creating environment descriptor '/home/navlab-tx2-4/px4_ros_com_ros2/install/px4_ros_com/share/px4_ros_com/hook/cmake_prefix_path.dsv'
[48.167s] INFO:colcon.colcon_core.shell:Creating environment hook '/home/navlab-tx2-4/px4_ros_com_ros2/install/px4_ros_com/share/px4_ros_com/hook/cmake_prefix_path.sh'
[48.171s] Level 1:colcon.colcon_core.environment:checking '/home/navlab-tx2-4/px4_ros_com_ros2/install/px4_ros_com/lib'
[48.172s] Level 1:colcon.colcon_core.shell:create_environment_hook('px4_ros_com', 'ld_library_path_lib')
[48.175s] INFO:colcon.colcon_core.shell:Creating environment hook '/home/navlab-tx2-4/px4_ros_com_ros2/install/px4_ros_com/share/px4_ros_com/hook/ld_library_path_lib.ps1'
[48.177s] INFO:colcon.colcon_core.shell:Creating environment descriptor '/home/navlab-tx2-4/px4_ros_com_ros2/install/px4_ros_com/share/px4_ros_com/hook/ld_library_path_lib.dsv'
[48.179s] INFO:colcon.colcon_core.shell:Creating environment hook '/home/navlab-tx2-4/px4_ros_com_ros2/install/px4_ros_com/share/px4_ros_com/hook/ld_library_path_lib.sh'
[48.182s] Level 1:colcon.colcon_core.environment:checking '/home/navlab-tx2-4/px4_ros_com_ros2/install/px4_ros_com/bin'
[48.182s] Level 1:colcon.colcon_core.shell:create_environment_hook('px4_ros_com', 'path')
[48.187s] INFO:colcon.colcon_core.shell:Creating environment hook '/home/navlab-tx2-4/px4_ros_com_ros2/install/px4_ros_com/share/px4_ros_com/hook/path.ps1'
[48.189s] INFO:colcon.colcon_core.shell:Creating environment descriptor '/home/navlab-tx2-4/px4_ros_com_ros2/install/px4_ros_com/share/px4_ros_com/hook/path.dsv'
[48.191s] INFO:colcon.colcon_core.shell:Creating environment hook '/home/navlab-tx2-4/px4_ros_com_ros2/install/px4_ros_com/share/px4_ros_com/hook/path.sh'
[48.193s] Level 1:colcon.colcon_core.environment:checking '/home/navlab-tx2-4/px4_ros_com_ros2/install/px4_ros_com/lib/pkgconfig/px4_ros_com.pc'
[48.193s] Level 1:colcon.colcon_core.environment:checking '/home/navlab-tx2-4/px4_ros_com_ros2/install/px4_ros_com/lib/python3.6/site-packages'
[48.198s] INFO:colcon.colcon_core.shell:Creating package script '/home/navlab-tx2-4/px4_ros_com_ros2/install/px4_ros_com/share/px4_ros_com/package.ps1'
[48.201s] INFO:colcon.colcon_core.shell:Creating package descriptor '/home/navlab-tx2-4/px4_ros_com_ros2/install/px4_ros_com/share/px4_ros_com/package.dsv'
[48.204s] INFO:colcon.colcon_core.shell:Creating package script '/home/navlab-tx2-4/px4_ros_com_ros2/install/px4_ros_com/share/px4_ros_com/package.sh'
[48.206s] INFO:colcon.colcon_core.shell:Creating package script '/home/navlab-tx2-4/px4_ros_com_ros2/install/px4_ros_com/share/px4_ros_com/package.bash'
[48.209s] INFO:colcon.colcon_core.shell:Creating package script '/home/navlab-tx2-4/px4_ros_com_ros2/install/px4_ros_com/share/px4_ros_com/package.zsh'
[48.211s] Level 1:colcon.colcon_core.environment:create_file_with_runtime_dependencies(/home/navlab-tx2-4/px4_ros_com_ros2/install/px4_ros_com/share/colcon-core/packages/px4_ros_com)
[72.129s] DEBUG:colcon.colcon_core.event_handler.log_command:Invoked command in '/home/navlab-tx2-4/px4_ros_com_ros2/build/offboard_ibqr' returned '0': CMAKE_PREFIX_PATH=/home/navlab-tx2-4/px4_ros_com_ros2/install/px4_msgs:/home/navlab-tx2-4/px4_ros_com_ros2/install/ros1_bridge:/home/navlab-tx2-4/px4_ros_com_ros2/install/px4_ros_com:/home/navlab-tx2-4/px4_ros_com_ros2/install/offboard_ibqr:/home/navlab-tx2-4/px4_ros_com_ros2/install/multi_rtd_interfaces:/home/navlab-tx2-4/px4_ros_com_ros2/install/multi_rtd:/opt/ros/eloquent LD_LIBRARY_PATH=/home/navlab-tx2-4/px4_ros_com_ros2/install/px4_msgs/lib:/home/navlab-tx2-4/px4_ros_com_ros2/install/px4_ros_com/lib:/home/navlab-tx2-4/px4_ros_com_ros2/install/multi_rtd_interfaces/lib:/opt/ros/eloquent/opt/yaml_cpp_vendor/lib:/opt/ros/eloquent/opt/rviz_ogre_vendor/lib:/opt/ros/eloquent/lib/aarch64-linux-gnu:/opt/ros/eloquent/lib /usr/bin/cmake --build /home/navlab-tx2-4/px4_ros_com_ros2/build/offboard_ibqr -- -j4 -l4
[72.235s] DEBUG:colcon.colcon_core.event_handler.log_command:Invoking command in '/home/navlab-tx2-4/px4_ros_com_ros2/build/offboard_ibqr': CMAKE_PREFIX_PATH=/home/navlab-tx2-4/px4_ros_com_ros2/install/px4_msgs:/home/navlab-tx2-4/px4_ros_com_ros2/install/ros1_bridge:/home/navlab-tx2-4/px4_ros_com_ros2/install/px4_ros_com:/home/navlab-tx2-4/px4_ros_com_ros2/install/offboard_ibqr:/home/navlab-tx2-4/px4_ros_com_ros2/install/multi_rtd_interfaces:/home/navlab-tx2-4/px4_ros_com_ros2/install/multi_rtd:/opt/ros/eloquent LD_LIBRARY_PATH=/home/navlab-tx2-4/px4_ros_com_ros2/install/px4_msgs/lib:/home/navlab-tx2-4/px4_ros_com_ros2/install/px4_ros_com/lib:/home/navlab-tx2-4/px4_ros_com_ros2/install/multi_rtd_interfaces/lib:/opt/ros/eloquent/opt/yaml_cpp_vendor/lib:/opt/ros/eloquent/opt/rviz_ogre_vendor/lib:/opt/ros/eloquent/lib/aarch64-linux-gnu:/opt/ros/eloquent/lib /usr/bin/cmake --build /home/navlab-tx2-4/px4_ros_com_ros2/build/offboard_ibqr --target install -- -j4 -l4
[72.602s] Level 1:colcon.colcon_core.environment:create_environment_scripts_only(offboard_ibqr)
[72.610s] Level 1:colcon.colcon_core.environment:checking '/home/navlab-tx2-4/px4_ros_com_ros2/install/offboard_ibqr' for CMake module files
[72.615s] DEBUG:colcon.colcon_core.event_handler.log_command:Invoked command in '/home/navlab-tx2-4/px4_ros_com_ros2/build/offboard_ibqr' returned '0': CMAKE_PREFIX_PATH=/home/navlab-tx2-4/px4_ros_com_ros2/install/px4_msgs:/home/navlab-tx2-4/px4_ros_com_ros2/install/ros1_bridge:/home/navlab-tx2-4/px4_ros_com_ros2/install/px4_ros_com:/home/navlab-tx2-4/px4_ros_com_ros2/install/offboard_ibqr:/home/navlab-tx2-4/px4_ros_com_ros2/install/multi_rtd_interfaces:/home/navlab-tx2-4/px4_ros_com_ros2/install/multi_rtd:/opt/ros/eloquent LD_LIBRARY_PATH=/home/navlab-tx2-4/px4_ros_com_ros2/install/px4_msgs/lib:/home/navlab-tx2-4/px4_ros_com_ros2/install/px4_ros_com/lib:/home/navlab-tx2-4/px4_ros_com_ros2/install/multi_rtd_interfaces/lib:/opt/ros/eloquent/opt/yaml_cpp_vendor/lib:/opt/ros/eloquent/opt/rviz_ogre_vendor/lib:/opt/ros/eloquent/lib/aarch64-linux-gnu:/opt/ros/eloquent/lib /usr/bin/cmake --build /home/navlab-tx2-4/px4_ros_com_ros2/build/offboard_ibqr --target install -- -j4 -l4
[72.617s] Level 1:colcon.colcon_core.environment:checking '/home/navlab-tx2-4/px4_ros_com_ros2/install/offboard_ibqr' for CMake config files
[72.618s] Level 1:colcon.colcon_core.shell:create_environment_hook('offboard_ibqr', 'cmake_prefix_path')
[72.621s] INFO:colcon.colcon_core.shell:Creating environment hook '/home/navlab-tx2-4/px4_ros_com_ros2/install/offboard_ibqr/share/offboard_ibqr/hook/cmake_prefix_path.ps1'
[72.623s] INFO:colcon.colcon_core.shell:Creating environment descriptor '/home/navlab-tx2-4/px4_ros_com_ros2/install/offboard_ibqr/share/offboard_ibqr/hook/cmake_prefix_path.dsv'
[72.624s] INFO:colcon.colcon_core.shell:Creating environment hook '/home/navlab-tx2-4/px4_ros_com_ros2/install/offboard_ibqr/share/offboard_ibqr/hook/cmake_prefix_path.sh'
[72.627s] Level 1:colcon.colcon_core.environment:checking '/home/navlab-tx2-4/px4_ros_com_ros2/install/offboard_ibqr/lib'
[72.628s] Level 1:colcon.colcon_core.environment:checking '/home/navlab-tx2-4/px4_ros_com_ros2/install/offboard_ibqr/bin'
[72.628s] Level 1:colcon.colcon_core.environment:checking '/home/navlab-tx2-4/px4_ros_com_ros2/install/offboard_ibqr/lib/pkgconfig/offboard_ibqr.pc'
[72.629s] Level 1:colcon.colcon_core.environment:checking '/home/navlab-tx2-4/px4_ros_com_ros2/install/offboard_ibqr/lib/python3.6/site-packages'
[72.632s] INFO:colcon.colcon_core.shell:Creating package script '/home/navlab-tx2-4/px4_ros_com_ros2/install/offboard_ibqr/share/offboard_ibqr/package.ps1'
[72.635s] INFO:colcon.colcon_core.shell:Creating package descriptor '/home/navlab-tx2-4/px4_ros_com_ros2/install/offboard_ibqr/share/offboard_ibqr/package.dsv'
[72.637s] INFO:colcon.colcon_core.shell:Creating package script '/home/navlab-tx2-4/px4_ros_com_ros2/install/offboard_ibqr/share/offboard_ibqr/package.sh'
[72.639s] INFO:colcon.colcon_core.shell:Creating package script '/home/navlab-tx2-4/px4_ros_com_ros2/install/offboard_ibqr/share/offboard_ibqr/package.bash'
[72.640s] INFO:colcon.colcon_core.shell:Creating package script '/home/navlab-tx2-4/px4_ros_com_ros2/install/offboard_ibqr/share/offboard_ibqr/package.zsh'
[72.641s] Level 1:colcon.colcon_core.environment:create_file_with_runtime_dependencies(/home/navlab-tx2-4/px4_ros_com_ros2/install/offboard_ibqr/share/colcon-core/packages/offboard_ibqr)
[72.761s] Level 1:colcon.colcon_core.environment:create_environment_scripts_only(offboard_ibqr)
[72.766s] Level 1:colcon.colcon_core.environment:checking '/home/navlab-tx2-4/px4_ros_com_ros2/install/offboard_ibqr' for CMake module files
[72.770s] Level 1:colcon.colcon_core.environment:checking '/home/navlab-tx2-4/px4_ros_com_ros2/install/offboard_ibqr' for CMake config files
[72.770s] Level 1:colcon.colcon_core.shell:create_environment_hook('offboard_ibqr', 'cmake_prefix_path')
[72.773s] INFO:colcon.colcon_core.shell:Creating environment hook '/home/navlab-tx2-4/px4_ros_com_ros2/install/offboard_ibqr/share/offboard_ibqr/hook/cmake_prefix_path.ps1'
[72.775s] INFO:colcon.colcon_core.shell:Creating environment descriptor '/home/navlab-tx2-4/px4_ros_com_ros2/install/offboard_ibqr/share/offboard_ibqr/hook/cmake_prefix_path.dsv'
[72.777s] INFO:colcon.colcon_core.shell:Creating environment hook '/home/navlab-tx2-4/px4_ros_com_ros2/install/offboard_ibqr/share/offboard_ibqr/hook/cmake_prefix_path.sh'
[72.780s] Level 1:colcon.colcon_core.environment:checking '/home/navlab-tx2-4/px4_ros_com_ros2/install/offboard_ibqr/lib'
[72.780s] Level 1:colcon.colcon_core.environment:checking '/home/navlab-tx2-4/px4_ros_com_ros2/install/offboard_ibqr/bin'
[72.781s] Level 1:colcon.colcon_core.environment:checking '/home/navlab-tx2-4/px4_ros_com_ros2/install/offboard_ibqr/lib/pkgconfig/offboard_ibqr.pc'
[72.781s] Level 1:colcon.colcon_core.environment:checking '/home/navlab-tx2-4/px4_ros_com_ros2/install/offboard_ibqr/lib/python3.6/site-packages'
[72.784s] INFO:colcon.colcon_core.shell:Creating package script '/home/navlab-tx2-4/px4_ros_com_ros2/install/offboard_ibqr/share/offboard_ibqr/package.ps1'
[72.786s] INFO:colcon.colcon_core.shell:Creating package descriptor '/home/navlab-tx2-4/px4_ros_com_ros2/install/offboard_ibqr/share/offboard_ibqr/package.dsv'
[72.788s] INFO:colcon.colcon_core.shell:Creating package script '/home/navlab-tx2-4/px4_ros_com_ros2/install/offboard_ibqr/share/offboard_ibqr/package.sh'
[72.790s] INFO:colcon.colcon_core.shell:Creating package script '/home/navlab-tx2-4/px4_ros_com_ros2/install/offboard_ibqr/share/offboard_ibqr/package.bash'
[72.791s] INFO:colcon.colcon_core.shell:Creating package script '/home/navlab-tx2-4/px4_ros_com_ros2/install/offboard_ibqr/share/offboard_ibqr/package.zsh'
[72.793s] Level 1:colcon.colcon_core.environment:create_file_with_runtime_dependencies(/home/navlab-tx2-4/px4_ros_com_ros2/install/offboard_ibqr/share/colcon-core/packages/offboard_ibqr)
[72.794s] DEBUG:colcon.colcon_parallel_executor.executor.parallel:closing loop
[72.802s] DEBUG:colcon.colcon_parallel_executor.executor.parallel:loop closed
[72.802s] DEBUG:colcon.colcon_parallel_executor.executor.parallel:run_until_complete finished with '0'
[72.803s] DEBUG:colcon.colcon_core.event_reactor:joining thread
[72.833s] INFO:colcon.colcon_core.plugin_system:Skipping extension 'colcon_notification.desktop_notification.terminal_notifier': Not used on non-Darwin systems
[72.833s] INFO:colcon.colcon_core.plugin_system:Skipping extension 'colcon_notification.desktop_notification.win32': Not used on non-Windows systems
[72.833s] INFO:colcon.colcon_notification.desktop_notification:Sending desktop notification using 'notify2'
[73.014s] DEBUG:colcon.colcon_core.event_reactor:joined thread
[73.022s] INFO:colcon.colcon_core.shell:Creating prefix script '/home/navlab-tx2-4/px4_ros_com_ros2/install/local_setup.ps1'
[73.030s] INFO:colcon.colcon_core.shell:Creating prefix util module '/home/navlab-tx2-4/px4_ros_com_ros2/install/_local_setup_util_ps1.py'
[73.039s] INFO:colcon.colcon_core.shell:Creating prefix chain script '/home/navlab-tx2-4/px4_ros_com_ros2/install/setup.ps1'
[73.056s] INFO:colcon.colcon_core.shell:Creating prefix script '/home/navlab-tx2-4/px4_ros_com_ros2/install/local_setup.sh'
[73.059s] INFO:colcon.colcon_core.shell:Creating prefix util module '/home/navlab-tx2-4/px4_ros_com_ros2/install/_local_setup_util_sh.py'
[73.061s] INFO:colcon.colcon_core.shell:Creating prefix chain script '/home/navlab-tx2-4/px4_ros_com_ros2/install/setup.sh'
[73.077s] INFO:colcon.colcon_core.shell:Creating prefix script '/home/navlab-tx2-4/px4_ros_com_ros2/install/local_setup.bash'
[73.079s] INFO:colcon.colcon_core.shell:Creating prefix chain script '/home/navlab-tx2-4/px4_ros_com_ros2/install/setup.bash'
[73.095s] INFO:colcon.colcon_core.shell:Creating prefix script '/home/navlab-tx2-4/px4_ros_com_ros2/install/local_setup.zsh'
[73.098s] INFO:colcon.colcon_core.shell:Creating prefix chain script '/home/navlab-tx2-4/px4_ros_com_ros2/install/setup.zsh'
