[0.769s] DEBUG:colcon:Command line arguments: ['/usr/bin/colcon', 'build']
[0.770s] DEBUG:colcon:Parsed command line arguments: Namespace(ament_cmake_args=None, base_paths=['.'], build_base='build', catkin_cmake_args=None, catkin_skip_building_tests=False, cmake_args=None, cmake_clean_cache=False, cmake_clean_first=False, cmake_force_configure=False, cmake_target=None, cmake_target_skip_unavailable=False, continue_on_error=False, event_handlers=None, executor='parallel', ignore_user_meta=False, install_base='install', log_base=None, log_level=None, main=<bound method BuildVerb.main of <colcon_core.verb.build.BuildVerb object at 0x7f9d5ccbe0>>, merge_install=False, metas=['./colcon.meta'], packages_above=None, packages_above_and_dependencies=None, packages_above_depth=None, packages_end=None, packages_ignore=None, packages_ignore_regex=None, packages_select=None, packages_select_build_failed=False, packages_select_by_dep=None, packages_select_regex=None, packages_select_test_failures=False, packages_skip=None, packages_skip_build_finished=False, packages_skip_by_dep=None, packages_skip_regex=None, packages_skip_test_passed=False, packages_skip_up_to=None, packages_start=None, packages_up_to=None, packages_up_to_regex=None, parallel_workers=4, paths=None, symlink_install=False, test_result_base=None, verb_extension=<colcon_core.verb.build.BuildVerb object at 0x7f9d5ccbe0>, verb_name='build', verb_parser=<colcon_defaults.argument_parser.defaults.DefaultArgumentsDecorator object at 0x7f9d5ccf28>)
[0.793s] Level 1:colcon.colcon_core.package_discovery:discover_packages(colcon_meta) check parameters
[0.794s] Level 1:colcon.colcon_core.package_discovery:discover_packages(recursive) check parameters
[0.794s] Level 1:colcon.colcon_core.package_discovery:discover_packages(ignore) check parameters
[0.794s] Level 1:colcon.colcon_core.package_discovery:discover_packages(path) check parameters
[0.794s] Level 1:colcon.colcon_core.package_discovery:discover_packages(colcon_meta) discover
[0.795s] Level 1:colcon.colcon_core.package_discovery:discover_packages(recursive) discover
[0.795s] INFO:colcon.colcon_core.package_discovery:Crawling recursively for packages in '/home/navlab-tx2-4/px4_ros_com_ros2'
[0.796s] Level 1:colcon.colcon_core.package_identification:_identify(.) by extensions ['ignore', 'ignore_ament_install']
[0.796s] Level 1:colcon.colcon_core.package_identification:_identify(.) by extension 'ignore'
[0.796s] Level 1:colcon.colcon_core.package_identification:_identify(.) by extension 'ignore_ament_install'
[0.797s] Level 1:colcon.colcon_core.package_identification:_identify(.) by extensions ['colcon_pkg']
[0.797s] Level 1:colcon.colcon_core.package_identification:_identify(.) by extension 'colcon_pkg'
[0.797s] Level 1:colcon.colcon_core.package_identification:_identify(.) by extensions ['colcon_meta']
[0.797s] Level 1:colcon.colcon_core.package_identification:_identify(.) by extension 'colcon_meta'
[0.797s] Level 1:colcon.colcon_core.package_identification:_identify(.) by extensions ['ros']
[0.797s] Level 1:colcon.colcon_core.package_identification:_identify(.) by extension 'ros'
[0.849s] Level 1:colcon.colcon_core.package_identification:_identify(.) by extensions ['cmake', 'python']
[0.849s] Level 1:colcon.colcon_core.package_identification:_identify(.) by extension 'cmake'
[0.849s] Level 1:colcon.colcon_core.package_identification:_identify(.) by extension 'python'
[0.849s] Level 1:colcon.colcon_core.package_identification:_identify(.) by extensions ['python_setup_py']
[0.849s] Level 1:colcon.colcon_core.package_identification:_identify(.) by extension 'python_setup_py'
[0.850s] Level 1:colcon.colcon_core.package_identification:_identify(build) by extensions ['ignore', 'ignore_ament_install']
[0.850s] Level 1:colcon.colcon_core.package_identification:_identify(build) by extension 'ignore'
[0.851s] Level 1:colcon.colcon_core.package_identification:_identify(build) ignored
[0.852s] Level 1:colcon.colcon_core.package_identification:_identify(install) by extensions ['ignore', 'ignore_ament_install']
[0.852s] Level 1:colcon.colcon_core.package_identification:_identify(install) by extension 'ignore'
[0.853s] Level 1:colcon.colcon_core.package_identification:_identify(install) ignored
[0.853s] Level 1:colcon.colcon_core.package_identification:_identify(log) by extensions ['ignore', 'ignore_ament_install']
[0.853s] Level 1:colcon.colcon_core.package_identification:_identify(log) by extension 'ignore'
[0.854s] Level 1:colcon.colcon_core.package_identification:_identify(log) ignored
[0.854s] Level 1:colcon.colcon_core.package_identification:_identify(src) by extensions ['ignore', 'ignore_ament_install']
[0.854s] Level 1:colcon.colcon_core.package_identification:_identify(src) by extension 'ignore'
[0.854s] Level 1:colcon.colcon_core.package_identification:_identify(src) by extension 'ignore_ament_install'
[0.855s] Level 1:colcon.colcon_core.package_identification:_identify(src) by extensions ['colcon_pkg']
[0.855s] Level 1:colcon.colcon_core.package_identification:_identify(src) by extension 'colcon_pkg'
[0.855s] Level 1:colcon.colcon_core.package_identification:_identify(src) by extensions ['colcon_meta']
[0.855s] Level 1:colcon.colcon_core.package_identification:_identify(src) by extension 'colcon_meta'
[0.855s] Level 1:colcon.colcon_core.package_identification:_identify(src) by extensions ['ros']
[0.855s] Level 1:colcon.colcon_core.package_identification:_identify(src) by extension 'ros'
[0.856s] Level 1:colcon.colcon_core.package_identification:_identify(src) by extensions ['cmake', 'python']
[0.856s] Level 1:colcon.colcon_core.package_identification:_identify(src) by extension 'cmake'
[0.856s] Level 1:colcon.colcon_core.package_identification:_identify(src) by extension 'python'
[0.856s] Level 1:colcon.colcon_core.package_identification:_identify(src) by extensions ['python_setup_py']
[0.856s] Level 1:colcon.colcon_core.package_identification:_identify(src) by extension 'python_setup_py'
[0.857s] Level 1:colcon.colcon_core.package_identification:_identify(src/px4_msgs) by extensions ['ignore', 'ignore_ament_install']
[0.857s] Level 1:colcon.colcon_core.package_identification:_identify(src/px4_msgs) by extension 'ignore'
[0.857s] Level 1:colcon.colcon_core.package_identification:_identify(src/px4_msgs) by extension 'ignore_ament_install'
[0.858s] Level 1:colcon.colcon_core.package_identification:_identify(src/px4_msgs) by extensions ['colcon_pkg']
[0.858s] Level 1:colcon.colcon_core.package_identification:_identify(src/px4_msgs) by extension 'colcon_pkg'
[0.858s] Level 1:colcon.colcon_core.package_identification:_identify(src/px4_msgs) by extensions ['colcon_meta']
[0.858s] Level 1:colcon.colcon_core.package_identification:_identify(src/px4_msgs) by extension 'colcon_meta'
[0.858s] Level 1:colcon.colcon_core.package_identification:_identify(src/px4_msgs) by extensions ['ros']
[0.858s] Level 1:colcon.colcon_core.package_identification:_identify(src/px4_msgs) by extension 'ros'
[0.868s] DEBUG:colcon.colcon_core.package_identification:Package 'src/px4_msgs' with type 'ros.ament_cmake' and name 'px4_msgs'
[0.869s] Level 1:colcon.colcon_core.package_identification:_identify(src/px4_multi_agent_planning) by extensions ['ignore', 'ignore_ament_install']
[0.869s] Level 1:colcon.colcon_core.package_identification:_identify(src/px4_multi_agent_planning) by extension 'ignore'
[0.869s] Level 1:colcon.colcon_core.package_identification:_identify(src/px4_multi_agent_planning) by extension 'ignore_ament_install'
[0.870s] Level 1:colcon.colcon_core.package_identification:_identify(src/px4_multi_agent_planning) by extensions ['colcon_pkg']
[0.870s] Level 1:colcon.colcon_core.package_identification:_identify(src/px4_multi_agent_planning) by extension 'colcon_pkg'
[0.870s] Level 1:colcon.colcon_core.package_identification:_identify(src/px4_multi_agent_planning) by extensions ['colcon_meta']
[0.870s] Level 1:colcon.colcon_core.package_identification:_identify(src/px4_multi_agent_planning) by extension 'colcon_meta'
[0.870s] Level 1:colcon.colcon_core.package_identification:_identify(src/px4_multi_agent_planning) by extensions ['ros']
[0.870s] Level 1:colcon.colcon_core.package_identification:_identify(src/px4_multi_agent_planning) by extension 'ros'
[0.871s] Level 1:colcon.colcon_core.package_identification:_identify(src/px4_multi_agent_planning) by extensions ['cmake', 'python']
[0.871s] Level 1:colcon.colcon_core.package_identification:_identify(src/px4_multi_agent_planning) by extension 'cmake'
[0.871s] Level 1:colcon.colcon_core.package_identification:_identify(src/px4_multi_agent_planning) by extension 'python'
[0.871s] Level 1:colcon.colcon_core.package_identification:_identify(src/px4_multi_agent_planning) by extensions ['python_setup_py']
[0.871s] Level 1:colcon.colcon_core.package_identification:_identify(src/px4_multi_agent_planning) by extension 'python_setup_py'
[0.872s] Level 1:colcon.colcon_core.package_identification:_identify(src/px4_multi_agent_planning/multi_rtd) by extensions ['ignore', 'ignore_ament_install']
[0.872s] Level 1:colcon.colcon_core.package_identification:_identify(src/px4_multi_agent_planning/multi_rtd) by extension 'ignore'
[0.873s] Level 1:colcon.colcon_core.package_identification:_identify(src/px4_multi_agent_planning/multi_rtd) by extension 'ignore_ament_install'
[0.873s] Level 1:colcon.colcon_core.package_identification:_identify(src/px4_multi_agent_planning/multi_rtd) by extensions ['colcon_pkg']
[0.873s] Level 1:colcon.colcon_core.package_identification:_identify(src/px4_multi_agent_planning/multi_rtd) by extension 'colcon_pkg'
[0.873s] Level 1:colcon.colcon_core.package_identification:_identify(src/px4_multi_agent_planning/multi_rtd) by extensions ['colcon_meta']
[0.873s] Level 1:colcon.colcon_core.package_identification:_identify(src/px4_multi_agent_planning/multi_rtd) by extension 'colcon_meta'
[0.873s] Level 1:colcon.colcon_core.package_identification:_identify(src/px4_multi_agent_planning/multi_rtd) by extensions ['ros']
[0.874s] Level 1:colcon.colcon_core.package_identification:_identify(src/px4_multi_agent_planning/multi_rtd) by extension 'ros'
[0.876s] DEBUG:colcon.colcon_core.package_identification:Package 'src/px4_multi_agent_planning/multi_rtd' with type 'ros.ament_python' and name 'multi_rtd'
[0.877s] Level 1:colcon.colcon_core.package_identification:_identify(src/px4_multi_agent_planning/multi_rtd_interfaces) by extensions ['ignore', 'ignore_ament_install']
[0.877s] Level 1:colcon.colcon_core.package_identification:_identify(src/px4_multi_agent_planning/multi_rtd_interfaces) by extension 'ignore'
[0.877s] Level 1:colcon.colcon_core.package_identification:_identify(src/px4_multi_agent_planning/multi_rtd_interfaces) by extension 'ignore_ament_install'
[0.877s] Level 1:colcon.colcon_core.package_identification:_identify(src/px4_multi_agent_planning/multi_rtd_interfaces) by extensions ['colcon_pkg']
[0.878s] Level 1:colcon.colcon_core.package_identification:_identify(src/px4_multi_agent_planning/multi_rtd_interfaces) by extension 'colcon_pkg'
[0.878s] Level 1:colcon.colcon_core.package_identification:_identify(src/px4_multi_agent_planning/multi_rtd_interfaces) by extensions ['colcon_meta']
[0.878s] Level 1:colcon.colcon_core.package_identification:_identify(src/px4_multi_agent_planning/multi_rtd_interfaces) by extension 'colcon_meta'
[0.878s] Level 1:colcon.colcon_core.package_identification:_identify(src/px4_multi_agent_planning/multi_rtd_interfaces) by extensions ['ros']
[0.878s] Level 1:colcon.colcon_core.package_identification:_identify(src/px4_multi_agent_planning/multi_rtd_interfaces) by extension 'ros'
[0.881s] DEBUG:colcon.colcon_core.package_identification:Package 'src/px4_multi_agent_planning/multi_rtd_interfaces' with type 'ros.ament_cmake' and name 'multi_rtd_interfaces'
[0.882s] Level 1:colcon.colcon_core.package_identification:_identify(src/px4_multi_agent_planning/offboard_ibqr) by extensions ['ignore', 'ignore_ament_install']
[0.882s] Level 1:colcon.colcon_core.package_identification:_identify(src/px4_multi_agent_planning/offboard_ibqr) by extension 'ignore'
[0.882s] Level 1:colcon.colcon_core.package_identification:_identify(src/px4_multi_agent_planning/offboard_ibqr) by extension 'ignore_ament_install'
[0.883s] Level 1:colcon.colcon_core.package_identification:_identify(src/px4_multi_agent_planning/offboard_ibqr) by extensions ['colcon_pkg']
[0.883s] Level 1:colcon.colcon_core.package_identification:_identify(src/px4_multi_agent_planning/offboard_ibqr) by extension 'colcon_pkg'
[0.883s] Level 1:colcon.colcon_core.package_identification:_identify(src/px4_multi_agent_planning/offboard_ibqr) by extensions ['colcon_meta']
[0.883s] Level 1:colcon.colcon_core.package_identification:_identify(src/px4_multi_agent_planning/offboard_ibqr) by extension 'colcon_meta'
[0.883s] Level 1:colcon.colcon_core.package_identification:_identify(src/px4_multi_agent_planning/offboard_ibqr) by extensions ['ros']
[0.884s] Level 1:colcon.colcon_core.package_identification:_identify(src/px4_multi_agent_planning/offboard_ibqr) by extension 'ros'
[0.889s] DEBUG:colcon.colcon_core.package_identification:Package 'src/px4_multi_agent_planning/offboard_ibqr' with type 'ros.ament_cmake' and name 'offboard_ibqr'
[0.890s] Level 1:colcon.colcon_core.package_identification:_identify(src/px4_ros_com) by extensions ['ignore', 'ignore_ament_install']
[0.890s] Level 1:colcon.colcon_core.package_identification:_identify(src/px4_ros_com) by extension 'ignore'
[0.890s] Level 1:colcon.colcon_core.package_identification:_identify(src/px4_ros_com) by extension 'ignore_ament_install'
[0.890s] Level 1:colcon.colcon_core.package_identification:_identify(src/px4_ros_com) by extensions ['colcon_pkg']
[0.891s] Level 1:colcon.colcon_core.package_identification:_identify(src/px4_ros_com) by extension 'colcon_pkg'
[0.891s] Level 1:colcon.colcon_core.package_identification:_identify(src/px4_ros_com) by extensions ['colcon_meta']
[0.891s] Level 1:colcon.colcon_core.package_identification:_identify(src/px4_ros_com) by extension 'colcon_meta'
[0.891s] Level 1:colcon.colcon_core.package_identification:_identify(src/px4_ros_com) by extensions ['ros']
[0.891s] Level 1:colcon.colcon_core.package_identification:_identify(src/px4_ros_com) by extension 'ros'
[0.897s] DEBUG:colcon.colcon_core.package_identification:Package 'src/px4_ros_com' with type 'ros.ament_cmake' and name 'px4_ros_com'
[0.898s] Level 1:colcon.colcon_core.package_identification:_identify(src/ros1_bridge) by extensions ['ignore', 'ignore_ament_install']
[0.898s] Level 1:colcon.colcon_core.package_identification:_identify(src/ros1_bridge) by extension 'ignore'
[0.898s] Level 1:colcon.colcon_core.package_identification:_identify(src/ros1_bridge) by extension 'ignore_ament_install'
[0.899s] Level 1:colcon.colcon_core.package_identification:_identify(src/ros1_bridge) by extensions ['colcon_pkg']
[0.899s] Level 1:colcon.colcon_core.package_identification:_identify(src/ros1_bridge) by extension 'colcon_pkg'
[0.899s] Level 1:colcon.colcon_core.package_identification:_identify(src/ros1_bridge) by extensions ['colcon_meta']
[0.899s] Level 1:colcon.colcon_core.package_identification:_identify(src/ros1_bridge) by extension 'colcon_meta'
[0.899s] Level 1:colcon.colcon_core.package_identification:_identify(src/ros1_bridge) by extensions ['ros']
[0.899s] Level 1:colcon.colcon_core.package_identification:_identify(src/ros1_bridge) by extension 'ros'
[0.903s] DEBUG:colcon.colcon_core.package_identification:Package 'src/ros1_bridge' with type 'ros.ament_cmake' and name 'ros1_bridge'
[0.903s] Level 1:colcon.colcon_core.package_discovery:discover_packages(recursive) using defaults
[0.905s] Level 1:colcon.colcon_core.package_discovery:discover_packages(ignore) discover
[0.905s] Level 1:colcon.colcon_core.package_discovery:discover_packages(ignore) using defaults
[0.905s] Level 1:colcon.colcon_core.package_discovery:discover_packages(path) discover
[0.905s] Level 1:colcon.colcon_core.package_discovery:discover_packages(path) using defaults
[1.007s] Level 5:colcon.colcon_core.verb:set package 'multi_rtd_interfaces' build argument 'cmake_args' from command line to 'None'
[1.007s] Level 5:colcon.colcon_core.verb:set package 'multi_rtd_interfaces' build argument 'cmake_target' from command line to 'None'
[1.007s] Level 5:colcon.colcon_core.verb:set package 'multi_rtd_interfaces' build argument 'cmake_target_skip_unavailable' from command line to 'False'
[1.007s] Level 5:colcon.colcon_core.verb:set package 'multi_rtd_interfaces' build argument 'cmake_clean_cache' from command line to 'False'
[1.007s] Level 5:colcon.colcon_core.verb:set package 'multi_rtd_interfaces' build argument 'cmake_clean_first' from command line to 'False'
[1.008s] Level 5:colcon.colcon_core.verb:set package 'multi_rtd_interfaces' build argument 'cmake_force_configure' from command line to 'False'
[1.008s] Level 5:colcon.colcon_core.verb:set package 'multi_rtd_interfaces' build argument 'ament_cmake_args' from command line to 'None'
[1.008s] Level 5:colcon.colcon_core.verb:set package 'multi_rtd_interfaces' build argument 'catkin_cmake_args' from command line to 'None'
[1.008s] Level 5:colcon.colcon_core.verb:set package 'multi_rtd_interfaces' build argument 'catkin_skip_building_tests' from command line to 'False'
[1.008s] DEBUG:colcon.colcon_core.verb:Building package 'multi_rtd_interfaces' with the following arguments: {'ament_cmake_args': None, 'build_base': '/home/navlab-tx2-4/px4_ros_com_ros2/build/multi_rtd_interfaces', 'catkin_cmake_args': None, 'catkin_skip_building_tests': False, 'cmake_args': None, 'cmake_clean_cache': False, 'cmake_clean_first': False, 'cmake_force_configure': False, 'cmake_target': None, 'cmake_target_skip_unavailable': False, 'install_base': '/home/navlab-tx2-4/px4_ros_com_ros2/install/multi_rtd_interfaces', 'merge_install': False, 'path': '/home/navlab-tx2-4/px4_ros_com_ros2/src/px4_multi_agent_planning/multi_rtd_interfaces', 'symlink_install': False, 'test_result_base': None}
[1.025s] Level 5:colcon.colcon_core.verb:set package 'px4_msgs' build argument 'cmake_args' from command line to 'None'
[1.025s] Level 5:colcon.colcon_core.verb:set package 'px4_msgs' build argument 'cmake_target' from command line to 'None'
[1.025s] Level 5:colcon.colcon_core.verb:set package 'px4_msgs' build argument 'cmake_target_skip_unavailable' from command line to 'False'
[1.025s] Level 5:colcon.colcon_core.verb:set package 'px4_msgs' build argument 'cmake_clean_cache' from command line to 'False'
[1.025s] Level 5:colcon.colcon_core.verb:set package 'px4_msgs' build argument 'cmake_clean_first' from command line to 'False'
[1.025s] Level 5:colcon.colcon_core.verb:set package 'px4_msgs' build argument 'cmake_force_configure' from command line to 'False'
[1.026s] Level 5:colcon.colcon_core.verb:set package 'px4_msgs' build argument 'ament_cmake_args' from command line to 'None'
[1.026s] Level 5:colcon.colcon_core.verb:set package 'px4_msgs' build argument 'catkin_cmake_args' from command line to 'None'
[1.026s] Level 5:colcon.colcon_core.verb:set package 'px4_msgs' build argument 'catkin_skip_building_tests' from command line to 'False'
[1.026s] DEBUG:colcon.colcon_core.verb:Building package 'px4_msgs' with the following arguments: {'ament_cmake_args': None, 'build_base': '/home/navlab-tx2-4/px4_ros_com_ros2/build/px4_msgs', 'catkin_cmake_args': None, 'catkin_skip_building_tests': False, 'cmake_args': None, 'cmake_clean_cache': False, 'cmake_clean_first': False, 'cmake_force_configure': False, 'cmake_target': None, 'cmake_target_skip_unavailable': False, 'install_base': '/home/navlab-tx2-4/px4_ros_com_ros2/install/px4_msgs', 'merge_install': False, 'path': '/home/navlab-tx2-4/px4_ros_com_ros2/src/px4_msgs', 'symlink_install': False, 'test_result_base': None}
[1.043s] Level 5:colcon.colcon_core.verb:set package 'multi_rtd' build argument 'cmake_args' from command line to 'None'
[1.043s] Level 5:colcon.colcon_core.verb:set package 'multi_rtd' build argument 'cmake_target' from command line to 'None'
[1.043s] Level 5:colcon.colcon_core.verb:set package 'multi_rtd' build argument 'cmake_target_skip_unavailable' from command line to 'False'
[1.043s] Level 5:colcon.colcon_core.verb:set package 'multi_rtd' build argument 'cmake_clean_cache' from command line to 'False'
[1.043s] Level 5:colcon.colcon_core.verb:set package 'multi_rtd' build argument 'cmake_clean_first' from command line to 'False'
[1.043s] Level 5:colcon.colcon_core.verb:set package 'multi_rtd' build argument 'cmake_force_configure' from command line to 'False'
[1.043s] Level 5:colcon.colcon_core.verb:set package 'multi_rtd' build argument 'ament_cmake_args' from command line to 'None'
[1.044s] Level 5:colcon.colcon_core.verb:set package 'multi_rtd' build argument 'catkin_cmake_args' from command line to 'None'
[1.044s] Level 5:colcon.colcon_core.verb:set package 'multi_rtd' build argument 'catkin_skip_building_tests' from command line to 'False'
[1.044s] DEBUG:colcon.colcon_core.verb:Building package 'multi_rtd' with the following arguments: {'ament_cmake_args': None, 'build_base': '/home/navlab-tx2-4/px4_ros_com_ros2/build/multi_rtd', 'catkin_cmake_args': None, 'catkin_skip_building_tests': False, 'cmake_args': None, 'cmake_clean_cache': False, 'cmake_clean_first': False, 'cmake_force_configure': False, 'cmake_target': None, 'cmake_target_skip_unavailable': False, 'install_base': '/home/navlab-tx2-4/px4_ros_com_ros2/install/multi_rtd', 'merge_install': False, 'path': '/home/navlab-tx2-4/px4_ros_com_ros2/src/px4_multi_agent_planning/multi_rtd', 'symlink_install': False, 'test_result_base': None}
[1.064s] Level 5:colcon.colcon_core.verb:set package 'offboard_ibqr' build argument 'cmake_args' from command line to 'None'
[1.064s] Level 5:colcon.colcon_core.verb:set package 'offboard_ibqr' build argument 'cmake_target' from command line to 'None'
[1.064s] Level 5:colcon.colcon_core.verb:set package 'offboard_ibqr' build argument 'cmake_target_skip_unavailable' from command line to 'False'
[1.064s] Level 5:colcon.colcon_core.verb:set package 'offboard_ibqr' build argument 'cmake_clean_cache' from command line to 'False'
[1.064s] Level 5:colcon.colcon_core.verb:set package 'offboard_ibqr' build argument 'cmake_clean_first' from command line to 'False'
[1.064s] Level 5:colcon.colcon_core.verb:set package 'offboard_ibqr' build argument 'cmake_force_configure' from command line to 'False'
[1.065s] Level 5:colcon.colcon_core.verb:set package 'offboard_ibqr' build argument 'ament_cmake_args' from command line to 'None'
[1.065s] Level 5:colcon.colcon_core.verb:set package 'offboard_ibqr' build argument 'catkin_cmake_args' from command line to 'None'
[1.065s] Level 5:colcon.colcon_core.verb:set package 'offboard_ibqr' build argument 'catkin_skip_building_tests' from command line to 'False'
[1.065s] DEBUG:colcon.colcon_core.verb:Building package 'offboard_ibqr' with the following arguments: {'ament_cmake_args': None, 'build_base': '/home/navlab-tx2-4/px4_ros_com_ros2/build/offboard_ibqr', 'catkin_cmake_args': None, 'catkin_skip_building_tests': False, 'cmake_args': None, 'cmake_clean_cache': False, 'cmake_clean_first': False, 'cmake_force_configure': False, 'cmake_target': None, 'cmake_target_skip_unavailable': False, 'install_base': '/home/navlab-tx2-4/px4_ros_com_ros2/install/offboard_ibqr', 'merge_install': False, 'path': '/home/navlab-tx2-4/px4_ros_com_ros2/src/px4_multi_agent_planning/offboard_ibqr', 'symlink_install': False, 'test_result_base': None}
[1.082s] Level 5:colcon.colcon_core.verb:set package 'px4_ros_com' build argument 'cmake_args' from command line to 'None'
[1.082s] Level 5:colcon.colcon_core.verb:set package 'px4_ros_com' build argument 'cmake_target' from command line to 'None'
[1.082s] Level 5:colcon.colcon_core.verb:set package 'px4_ros_com' build argument 'cmake_target_skip_unavailable' from command line to 'False'
[1.082s] Level 5:colcon.colcon_core.verb:set package 'px4_ros_com' build argument 'cmake_clean_cache' from command line to 'False'
[1.082s] Level 5:colcon.colcon_core.verb:set package 'px4_ros_com' build argument 'cmake_clean_first' from command line to 'False'
[1.082s] Level 5:colcon.colcon_core.verb:set package 'px4_ros_com' build argument 'cmake_force_configure' from command line to 'False'
[1.082s] Level 5:colcon.colcon_core.verb:set package 'px4_ros_com' build argument 'ament_cmake_args' from command line to 'None'
[1.083s] Level 5:colcon.colcon_core.verb:set package 'px4_ros_com' build argument 'catkin_cmake_args' from command line to 'None'
[1.083s] Level 5:colcon.colcon_core.verb:set package 'px4_ros_com' build argument 'catkin_skip_building_tests' from command line to 'False'
[1.083s] DEBUG:colcon.colcon_core.verb:Building package 'px4_ros_com' with the following arguments: {'ament_cmake_args': None, 'build_base': '/home/navlab-tx2-4/px4_ros_com_ros2/build/px4_ros_com', 'catkin_cmake_args': None, 'catkin_skip_building_tests': False, 'cmake_args': None, 'cmake_clean_cache': False, 'cmake_clean_first': False, 'cmake_force_configure': False, 'cmake_target': None, 'cmake_target_skip_unavailable': False, 'install_base': '/home/navlab-tx2-4/px4_ros_com_ros2/install/px4_ros_com', 'merge_install': False, 'path': '/home/navlab-tx2-4/px4_ros_com_ros2/src/px4_ros_com', 'symlink_install': False, 'test_result_base': None}
[1.099s] Level 5:colcon.colcon_core.verb:set package 'ros1_bridge' build argument 'cmake_args' from command line to 'None'
[1.099s] Level 5:colcon.colcon_core.verb:set package 'ros1_bridge' build argument 'cmake_target' from command line to 'None'
[1.100s] Level 5:colcon.colcon_core.verb:set package 'ros1_bridge' build argument 'cmake_target_skip_unavailable' from command line to 'False'
[1.100s] Level 5:colcon.colcon_core.verb:set package 'ros1_bridge' build argument 'cmake_clean_cache' from command line to 'False'
[1.100s] Level 5:colcon.colcon_core.verb:set package 'ros1_bridge' build argument 'cmake_clean_first' from command line to 'False'
[1.100s] Level 5:colcon.colcon_core.verb:set package 'ros1_bridge' build argument 'cmake_force_configure' from command line to 'False'
[1.100s] Level 5:colcon.colcon_core.verb:set package 'ros1_bridge' build argument 'ament_cmake_args' from command line to 'None'
[1.100s] Level 5:colcon.colcon_core.verb:set package 'ros1_bridge' build argument 'catkin_cmake_args' from command line to 'None'
[1.100s] Level 5:colcon.colcon_core.verb:set package 'ros1_bridge' build argument 'catkin_skip_building_tests' from command line to 'False'
[1.101s] DEBUG:colcon.colcon_core.verb:Building package 'ros1_bridge' with the following arguments: {'ament_cmake_args': None, 'build_base': '/home/navlab-tx2-4/px4_ros_com_ros2/build/ros1_bridge', 'catkin_cmake_args': None, 'catkin_skip_building_tests': False, 'cmake_args': None, 'cmake_clean_cache': False, 'cmake_clean_first': False, 'cmake_force_configure': False, 'cmake_target': None, 'cmake_target_skip_unavailable': False, 'install_base': '/home/navlab-tx2-4/px4_ros_com_ros2/install/ros1_bridge', 'merge_install': False, 'path': '/home/navlab-tx2-4/px4_ros_com_ros2/src/ros1_bridge', 'symlink_install': False, 'test_result_base': None}
[1.102s] INFO:colcon.colcon_core.executor:Executing jobs using 'parallel' executor
[1.111s] DEBUG:colcon.colcon_parallel_executor.executor.parallel:run_until_complete
[1.113s] INFO:colcon.colcon_ros.task.ament_cmake.build:Building ROS package in '/home/navlab-tx2-4/px4_ros_com_ros2/src/px4_msgs' with build type 'ament_cmake'
[1.113s] INFO:colcon.colcon_cmake.task.cmake.build:Building CMake package in '/home/navlab-tx2-4/px4_ros_com_ros2/src/px4_msgs'
[1.170s] INFO:colcon.colcon_core.plugin_system:Skipping extension 'colcon_core.shell.bat': Not used on non-Windows systems
[1.170s] INFO:colcon.colcon_core.shell:Skip shell extension 'powershell' for command environment: Not usable outside of PowerShell
[1.171s] DEBUG:colcon.colcon_core.shell:Skip shell extension 'dsv' for command environment
[1.187s] DEBUG:colcon.colcon_core.shell:Ignoring prefix path '/opt/ros/eloquent'
[1.196s] INFO:colcon.colcon_ros.task.ament_cmake.build:Building ROS package in '/home/navlab-tx2-4/px4_ros_com_ros2/src/px4_multi_agent_planning/multi_rtd_interfaces' with build type 'ament_cmake'
[1.198s] INFO:colcon.colcon_cmake.task.cmake.build:Building CMake package in '/home/navlab-tx2-4/px4_ros_com_ros2/src/px4_multi_agent_planning/multi_rtd_interfaces'
[1.202s] INFO:colcon.colcon_core.shell:Skip shell extension 'powershell' for command environment: Not usable outside of PowerShell
[1.202s] DEBUG:colcon.colcon_core.shell:Skip shell extension 'dsv' for command environment
[1.216s] DEBUG:colcon.colcon_core.shell:Ignoring prefix path '/opt/ros/eloquent'
[1.246s] DEBUG:colcon.colcon_core.event_handler.log_command:Invoking command in '/home/navlab-tx2-4/px4_ros_com_ros2/build/px4_msgs': CMAKE_PREFIX_PATH=${CMAKE_PREFIX_PATH}:/home/navlab-tx2-4/px4_ros_com_ros2/install/multi_rtd:/opt/ros/eloquent /usr/bin/cmake --build /home/navlab-tx2-4/px4_ros_com_ros2/build/px4_msgs -- -j4 -l4
[1.281s] DEBUG:colcon.colcon_core.event_handler.log_command:Invoking command in '/home/navlab-tx2-4/px4_ros_com_ros2/build/multi_rtd_interfaces': CMAKE_PREFIX_PATH=${CMAKE_PREFIX_PATH}:/home/navlab-tx2-4/px4_ros_com_ros2/install/multi_rtd:/opt/ros/eloquent /usr/bin/cmake --build /home/navlab-tx2-4/px4_ros_com_ros2/build/multi_rtd_interfaces -- -j4 -l4
[1.933s] DEBUG:colcon.colcon_parallel_executor.executor.parallel:run_until_complete was interrupted
[1.934s] DEBUG:colcon.colcon_parallel_executor.executor.parallel:run_until_complete again
[1.943s] DEBUG:colcon.colcon_core.event_handler.log_command:Invoked command in '/home/navlab-tx2-4/px4_ros_com_ros2/build/px4_msgs' returned '-2': CMAKE_PREFIX_PATH=${CMAKE_PREFIX_PATH}:/home/navlab-tx2-4/px4_ros_com_ros2/install/multi_rtd:/opt/ros/eloquent /usr/bin/cmake --build /home/navlab-tx2-4/px4_ros_com_ros2/build/px4_msgs -- -j4 -l4
[1.957s] DEBUG:colcon.colcon_core.event_handler.log_command:Invoked command in '/home/navlab-tx2-4/px4_ros_com_ros2/build/multi_rtd_interfaces' returned '-2': CMAKE_PREFIX_PATH=${CMAKE_PREFIX_PATH}:/home/navlab-tx2-4/px4_ros_com_ros2/install/multi_rtd:/opt/ros/eloquent /usr/bin/cmake --build /home/navlab-tx2-4/px4_ros_com_ros2/build/multi_rtd_interfaces -- -j4 -l4
[2.158s] Level 1:colcon.colcon_core.environment:create_environment_scripts_only(multi_rtd_interfaces)
[2.173s] Level 1:colcon.colcon_core.environment:checking '/home/navlab-tx2-4/px4_ros_com_ros2/install/multi_rtd_interfaces' for CMake module files
[2.176s] Level 1:colcon.colcon_core.environment:checking '/home/navlab-tx2-4/px4_ros_com_ros2/install/multi_rtd_interfaces' for CMake config files
[2.179s] Level 1:colcon.colcon_core.shell:create_environment_hook('multi_rtd_interfaces', 'cmake_prefix_path')
[2.183s] INFO:colcon.colcon_core.shell:Creating environment hook '/home/navlab-tx2-4/px4_ros_com_ros2/install/multi_rtd_interfaces/share/multi_rtd_interfaces/hook/cmake_prefix_path.ps1'
[2.185s] INFO:colcon.colcon_core.shell:Creating environment descriptor '/home/navlab-tx2-4/px4_ros_com_ros2/install/multi_rtd_interfaces/share/multi_rtd_interfaces/hook/cmake_prefix_path.dsv'
[2.188s] INFO:colcon.colcon_core.shell:Creating environment hook '/home/navlab-tx2-4/px4_ros_com_ros2/install/multi_rtd_interfaces/share/multi_rtd_interfaces/hook/cmake_prefix_path.sh'
[2.193s] Level 1:colcon.colcon_core.environment:checking '/home/navlab-tx2-4/px4_ros_com_ros2/install/multi_rtd_interfaces/lib'
[2.193s] Level 1:colcon.colcon_core.shell:create_environment_hook('multi_rtd_interfaces', 'ld_library_path_lib')
[2.197s] INFO:colcon.colcon_core.shell:Creating environment hook '/home/navlab-tx2-4/px4_ros_com_ros2/install/multi_rtd_interfaces/share/multi_rtd_interfaces/hook/ld_library_path_lib.ps1'
[2.199s] INFO:colcon.colcon_core.shell:Creating environment descriptor '/home/navlab-tx2-4/px4_ros_com_ros2/install/multi_rtd_interfaces/share/multi_rtd_interfaces/hook/ld_library_path_lib.dsv'
[2.200s] INFO:colcon.colcon_core.shell:Creating environment hook '/home/navlab-tx2-4/px4_ros_com_ros2/install/multi_rtd_interfaces/share/multi_rtd_interfaces/hook/ld_library_path_lib.sh'
[2.202s] Level 1:colcon.colcon_core.environment:checking '/home/navlab-tx2-4/px4_ros_com_ros2/install/multi_rtd_interfaces/bin'
[2.202s] Level 1:colcon.colcon_core.environment:checking '/home/navlab-tx2-4/px4_ros_com_ros2/install/multi_rtd_interfaces/lib/pkgconfig/multi_rtd_interfaces.pc'
[2.203s] Level 1:colcon.colcon_core.environment:checking '/home/navlab-tx2-4/px4_ros_com_ros2/install/multi_rtd_interfaces/lib/python3.6/site-packages'
[2.203s] Level 1:colcon.colcon_core.shell:create_environment_hook('multi_rtd_interfaces', 'pythonpath')
[2.207s] INFO:colcon.colcon_core.shell:Creating environment hook '/home/navlab-tx2-4/px4_ros_com_ros2/install/multi_rtd_interfaces/share/multi_rtd_interfaces/hook/pythonpath.ps1'
[2.209s] INFO:colcon.colcon_core.shell:Creating environment descriptor '/home/navlab-tx2-4/px4_ros_com_ros2/install/multi_rtd_interfaces/share/multi_rtd_interfaces/hook/pythonpath.dsv'
[2.211s] INFO:colcon.colcon_core.shell:Creating environment hook '/home/navlab-tx2-4/px4_ros_com_ros2/install/multi_rtd_interfaces/share/multi_rtd_interfaces/hook/pythonpath.sh'
[2.216s] INFO:colcon.colcon_core.shell:Creating package script '/home/navlab-tx2-4/px4_ros_com_ros2/install/multi_rtd_interfaces/share/multi_rtd_interfaces/package.ps1'
[2.222s] INFO:colcon.colcon_core.shell:Creating package descriptor '/home/navlab-tx2-4/px4_ros_com_ros2/install/multi_rtd_interfaces/share/multi_rtd_interfaces/package.dsv'
[2.226s] INFO:colcon.colcon_core.shell:Creating package script '/home/navlab-tx2-4/px4_ros_com_ros2/install/multi_rtd_interfaces/share/multi_rtd_interfaces/package.sh'
[2.231s] INFO:colcon.colcon_core.shell:Creating package script '/home/navlab-tx2-4/px4_ros_com_ros2/install/multi_rtd_interfaces/share/multi_rtd_interfaces/package.bash'
[2.236s] INFO:colcon.colcon_core.shell:Creating package script '/home/navlab-tx2-4/px4_ros_com_ros2/install/multi_rtd_interfaces/share/multi_rtd_interfaces/package.zsh'
[2.239s] Level 1:colcon.colcon_core.environment:create_file_with_runtime_dependencies(/home/navlab-tx2-4/px4_ros_com_ros2/install/multi_rtd_interfaces/share/colcon-core/packages/multi_rtd_interfaces)
[6.549s] Level 1:colcon.colcon_core.environment:create_environment_scripts_only(px4_msgs)
[6.554s] Level 1:colcon.colcon_core.environment:checking '/home/navlab-tx2-4/px4_ros_com_ros2/install/px4_msgs' for CMake module files
[6.557s] Level 1:colcon.colcon_core.environment:checking '/home/navlab-tx2-4/px4_ros_com_ros2/install/px4_msgs' for CMake config files
[6.612s] Level 1:colcon.colcon_core.shell:create_environment_hook('px4_msgs', 'cmake_prefix_path')
[6.615s] INFO:colcon.colcon_core.shell:Creating environment hook '/home/navlab-tx2-4/px4_ros_com_ros2/install/px4_msgs/share/px4_msgs/hook/cmake_prefix_path.ps1'
[6.617s] INFO:colcon.colcon_core.shell:Creating environment descriptor '/home/navlab-tx2-4/px4_ros_com_ros2/install/px4_msgs/share/px4_msgs/hook/cmake_prefix_path.dsv'
[6.618s] INFO:colcon.colcon_core.shell:Creating environment hook '/home/navlab-tx2-4/px4_ros_com_ros2/install/px4_msgs/share/px4_msgs/hook/cmake_prefix_path.sh'
[6.621s] Level 1:colcon.colcon_core.environment:checking '/home/navlab-tx2-4/px4_ros_com_ros2/install/px4_msgs/lib'
[6.622s] Level 1:colcon.colcon_core.shell:create_environment_hook('px4_msgs', 'ld_library_path_lib')
[6.625s] INFO:colcon.colcon_core.shell:Creating environment hook '/home/navlab-tx2-4/px4_ros_com_ros2/install/px4_msgs/share/px4_msgs/hook/ld_library_path_lib.ps1'
[6.627s] INFO:colcon.colcon_core.shell:Creating environment descriptor '/home/navlab-tx2-4/px4_ros_com_ros2/install/px4_msgs/share/px4_msgs/hook/ld_library_path_lib.dsv'
[6.628s] INFO:colcon.colcon_core.shell:Creating environment hook '/home/navlab-tx2-4/px4_ros_com_ros2/install/px4_msgs/share/px4_msgs/hook/ld_library_path_lib.sh'
[6.629s] Level 1:colcon.colcon_core.environment:checking '/home/navlab-tx2-4/px4_ros_com_ros2/install/px4_msgs/bin'
[6.630s] Level 1:colcon.colcon_core.environment:checking '/home/navlab-tx2-4/px4_ros_com_ros2/install/px4_msgs/lib/pkgconfig/px4_msgs.pc'
[6.630s] Level 1:colcon.colcon_core.environment:checking '/home/navlab-tx2-4/px4_ros_com_ros2/install/px4_msgs/lib/python3.6/site-packages'
[6.630s] Level 1:colcon.colcon_core.shell:create_environment_hook('px4_msgs', 'pythonpath')
[6.633s] INFO:colcon.colcon_core.shell:Creating environment hook '/home/navlab-tx2-4/px4_ros_com_ros2/install/px4_msgs/share/px4_msgs/hook/pythonpath.ps1'
[6.635s] INFO:colcon.colcon_core.shell:Creating environment descriptor '/home/navlab-tx2-4/px4_ros_com_ros2/install/px4_msgs/share/px4_msgs/hook/pythonpath.dsv'
[6.637s] INFO:colcon.colcon_core.shell:Creating environment hook '/home/navlab-tx2-4/px4_ros_com_ros2/install/px4_msgs/share/px4_msgs/hook/pythonpath.sh'
[6.643s] INFO:colcon.colcon_core.shell:Creating package script '/home/navlab-tx2-4/px4_ros_com_ros2/install/px4_msgs/share/px4_msgs/package.ps1'
[6.645s] INFO:colcon.colcon_core.shell:Creating package descriptor '/home/navlab-tx2-4/px4_ros_com_ros2/install/px4_msgs/share/px4_msgs/package.dsv'
[6.647s] INFO:colcon.colcon_core.shell:Creating package script '/home/navlab-tx2-4/px4_ros_com_ros2/install/px4_msgs/share/px4_msgs/package.sh'
[6.649s] INFO:colcon.colcon_core.shell:Creating package script '/home/navlab-tx2-4/px4_ros_com_ros2/install/px4_msgs/share/px4_msgs/package.bash'
[6.651s] INFO:colcon.colcon_core.shell:Creating package script '/home/navlab-tx2-4/px4_ros_com_ros2/install/px4_msgs/share/px4_msgs/package.zsh'
[6.652s] Level 1:colcon.colcon_core.environment:create_file_with_runtime_dependencies(/home/navlab-tx2-4/px4_ros_com_ros2/install/px4_msgs/share/colcon-core/packages/px4_msgs)
[6.663s] DEBUG:colcon.colcon_parallel_executor.executor.parallel:run_until_complete finished
[6.663s] DEBUG:colcon.colcon_parallel_executor.executor.parallel:closing loop
[6.666s] DEBUG:colcon.colcon_parallel_executor.executor.parallel:loop closed
[6.667s] DEBUG:colcon.colcon_core.event_reactor:joining thread
[6.696s] INFO:colcon.colcon_core.plugin_system:Skipping extension 'colcon_notification.desktop_notification.terminal_notifier': Not used on non-Darwin systems
[6.696s] INFO:colcon.colcon_core.plugin_system:Skipping extension 'colcon_notification.desktop_notification.win32': Not used on non-Windows systems
[6.696s] INFO:colcon.colcon_notification.desktop_notification:Sending desktop notification using 'notify2'
[6.877s] DEBUG:colcon.colcon_core.event_reactor:joined thread
[6.881s] INFO:colcon.colcon_core.shell:Creating prefix script '/home/navlab-tx2-4/px4_ros_com_ros2/install/local_setup.ps1'
[6.886s] INFO:colcon.colcon_core.shell:Creating prefix util module '/home/navlab-tx2-4/px4_ros_com_ros2/install/_local_setup_util_ps1.py'
[6.894s] INFO:colcon.colcon_core.shell:Creating prefix chain script '/home/navlab-tx2-4/px4_ros_com_ros2/install/setup.ps1'
[6.909s] INFO:colcon.colcon_core.shell:Creating prefix script '/home/navlab-tx2-4/px4_ros_com_ros2/install/local_setup.sh'
[6.912s] INFO:colcon.colcon_core.shell:Creating prefix util module '/home/navlab-tx2-4/px4_ros_com_ros2/install/_local_setup_util_sh.py'
[6.914s] INFO:colcon.colcon_core.shell:Creating prefix chain script '/home/navlab-tx2-4/px4_ros_com_ros2/install/setup.sh'
[6.929s] INFO:colcon.colcon_core.shell:Creating prefix script '/home/navlab-tx2-4/px4_ros_com_ros2/install/local_setup.bash'
[6.931s] INFO:colcon.colcon_core.shell:Creating prefix chain script '/home/navlab-tx2-4/px4_ros_com_ros2/install/setup.bash'
[6.946s] INFO:colcon.colcon_core.shell:Creating prefix script '/home/navlab-tx2-4/px4_ros_com_ros2/install/local_setup.zsh'
[6.949s] INFO:colcon.colcon_core.shell:Creating prefix chain script '/home/navlab-tx2-4/px4_ros_com_ros2/install/setup.zsh'
