[0.088s] Invoking command in '/home/navlab-tx2-4/px4_ros_com_ros2/build/multi_rtd_interfaces': CMAKE_PREFIX_PATH=${CMAKE_PREFIX_PATH}:/home/navlab-tx2-4/px4_ros_com_ros2/install/multi_rtd:/opt/ros/eloquent /usr/bin/cmake --build /home/navlab-tx2-4/px4_ros_com_ros2/build/multi_rtd_interfaces -- -j4 -l4
[0.267s] [  3%] Built target multi_rtd_interfaces__cpp
[0.278s] [ 13%] Built target multi_rtd_interfaces__rosidl_generator_c
[0.366s] [ 24%] Built target multi_rtd_interfaces__rosidl_typesupport_introspection_cpp
[0.372s] [ 34%] Built target multi_rtd_interfaces__rosidl_typesupport_introspection_c
[0.387s] [ 44%] Built target multi_rtd_interfaces__rosidl_typesupport_fastrtps_cpp
[0.494s] [ 65%] Built target multi_rtd_interfaces__rosidl_typesupport_cpp
[0.494s] [ 65%] Built target multi_rtd_interfaces__rosidl_typesupport_fastrtps_c
[0.596s] [ 75%] Built target multi_rtd_interfaces__rosidl_typesupport_c
[0.670s] [ 75%] Built target multi_rtd_interfaces
[0.745s] [ 79%] Built target multi_rtd_interfaces__py
[0.845s] [ 86%] Built target multi_rtd_interfaces__python
[0.955s] [100%] Built target multi_rtd_interfaces__rosidl_typesupport_c__pyext
[0.956s] [100%] Built target multi_rtd_interfaces__rosidl_typesupport_fastrtps_c__pyext
[0.993s] Invoked command in '/home/navlab-tx2-4/px4_ros_com_ros2/build/multi_rtd_interfaces' returned '0': CMAKE_PREFIX_PATH=${CMAKE_PREFIX_PATH}:/home/navlab-tx2-4/px4_ros_com_ros2/install/multi_rtd:/opt/ros/eloquent /usr/bin/cmake --build /home/navlab-tx2-4/px4_ros_com_ros2/build/multi_rtd_interfaces -- -j4 -l4
[1.246s] Invoking command in '/home/navlab-tx2-4/px4_ros_com_ros2/build/multi_rtd_interfaces': CMAKE_PREFIX_PATH=${CMAKE_PREFIX_PATH}:/home/navlab-tx2-4/px4_ros_com_ros2/install/multi_rtd:/opt/ros/eloquent /usr/bin/cmake --build /home/navlab-tx2-4/px4_ros_com_ros2/build/multi_rtd_interfaces --target install -- -j4 -l4
[1.445s] [  3%] Built target multi_rtd_interfaces__cpp
[1.478s] [ 13%] Built target multi_rtd_interfaces__rosidl_generator_c
[1.597s] [ 24%] Built target multi_rtd_interfaces__rosidl_typesupport_introspection_cpp
[1.601s] [ 34%] Built target multi_rtd_interfaces__rosidl_typesupport_introspection_c
[1.628s] [ 44%] Built target multi_rtd_interfaces__rosidl_typesupport_fastrtps_cpp
[1.741s] [ 55%] Built target multi_rtd_interfaces__rosidl_typesupport_fastrtps_c
[1.802s] [ 65%] Built target multi_rtd_interfaces__rosidl_typesupport_cpp
[1.847s] [ 75%] Built target multi_rtd_interfaces__rosidl_typesupport_c
[1.920s] [ 75%] Built target multi_rtd_interfaces
[1.997s] [ 79%] Built target multi_rtd_interfaces__py
[2.098s] [ 86%] Built target multi_rtd_interfaces__python
[2.206s] [ 93%] Built target multi_rtd_interfaces__rosidl_typesupport_fastrtps_c__pyext
[2.207s] [100%] Built target multi_rtd_interfaces__rosidl_typesupport_c__pyext
[2.275s] [36mInstall the project...[0m
[2.305s] -- Install configuration: ""
[2.306s] -- Up-to-date: /home/navlab-tx2-4/px4_ros_com_ros2/install/multi_rtd_interfaces/share/ament_index/resource_index/rosidl_interfaces/multi_rtd_interfaces
[2.307s] -- Up-to-date: /home/navlab-tx2-4/px4_ros_com_ros2/install/multi_rtd_interfaces/include/multi_rtd_interfaces
[2.307s] -- Up-to-date: /home/navlab-tx2-4/px4_ros_com_ros2/install/multi_rtd_interfaces/include/multi_rtd_interfaces/msg
[2.307s] -- Up-to-date: /home/navlab-tx2-4/px4_ros_com_ros2/install/multi_rtd_interfaces/include/multi_rtd_interfaces/msg/robot_trajectory__struct.hpp
[2.308s] -- Up-to-date: /home/navlab-tx2-4/px4_ros_com_ros2/install/multi_rtd_interfaces/include/multi_rtd_interfaces/msg/robot_trajectory__traits.hpp
[2.308s] -- Up-to-date: /home/navlab-tx2-4/px4_ros_com_ros2/install/multi_rtd_interfaces/include/multi_rtd_interfaces/msg/robot_trajectory.hpp
[2.309s] -- Up-to-date: /home/navlab-tx2-4/px4_ros_com_ros2/install/multi_rtd_interfaces/include/multi_rtd_interfaces
[2.309s] -- Up-to-date: /home/navlab-tx2-4/px4_ros_com_ros2/install/multi_rtd_interfaces/include/multi_rtd_interfaces/msg
[2.309s] -- Up-to-date: /home/navlab-tx2-4/px4_ros_com_ros2/install/multi_rtd_interfaces/include/multi_rtd_interfaces/msg/robot_trajectory.h
[2.310s] -- Up-to-date: /home/navlab-tx2-4/px4_ros_com_ros2/install/multi_rtd_interfaces/include/multi_rtd_interfaces/msg/robot_trajectory__struct.h
[2.310s] -- Up-to-date: /home/navlab-tx2-4/px4_ros_com_ros2/install/multi_rtd_interfaces/include/multi_rtd_interfaces/msg/robot_trajectory__type_support.h
[2.311s] -- Up-to-date: /home/navlab-tx2-4/px4_ros_com_ros2/install/multi_rtd_interfaces/include/multi_rtd_interfaces/msg/rosidl_generator_c__visibility_control.h
[2.311s] -- Up-to-date: /home/navlab-tx2-4/px4_ros_com_ros2/install/multi_rtd_interfaces/include/multi_rtd_interfaces/msg/robot_trajectory__functions.c
[2.312s] -- Up-to-date: /home/navlab-tx2-4/px4_ros_com_ros2/install/multi_rtd_interfaces/include/multi_rtd_interfaces/msg/robot_trajectory__functions.h
[2.312s] -- Up-to-date: /home/navlab-tx2-4/px4_ros_com_ros2/install/multi_rtd_interfaces/share/multi_rtd_interfaces/environment/library_path.sh
[2.313s] -- Up-to-date: /home/navlab-tx2-4/px4_ros_com_ros2/install/multi_rtd_interfaces/share/multi_rtd_interfaces/environment/library_path.dsv
[2.313s] -- Up-to-date: /home/navlab-tx2-4/px4_ros_com_ros2/install/multi_rtd_interfaces/lib/libmulti_rtd_interfaces__rosidl_generator_c.so
[2.313s] -- Up-to-date: /home/navlab-tx2-4/px4_ros_com_ros2/install/multi_rtd_interfaces/lib/libmulti_rtd_interfaces__rosidl_typesupport_c.so
[2.314s] -- Up-to-date: /home/navlab-tx2-4/px4_ros_com_ros2/install/multi_rtd_interfaces/lib/libmulti_rtd_interfaces__rosidl_typesupport_cpp.so
[2.314s] -- Up-to-date: /home/navlab-tx2-4/px4_ros_com_ros2/install/multi_rtd_interfaces/include/multi_rtd_interfaces
[2.315s] -- Up-to-date: /home/navlab-tx2-4/px4_ros_com_ros2/install/multi_rtd_interfaces/include/multi_rtd_interfaces/msg
[2.315s] -- Up-to-date: /home/navlab-tx2-4/px4_ros_com_ros2/install/multi_rtd_interfaces/include/multi_rtd_interfaces/msg/robot_trajectory__type_support.c
[2.316s] -- Up-to-date: /home/navlab-tx2-4/px4_ros_com_ros2/install/multi_rtd_interfaces/include/multi_rtd_interfaces/msg/rosidl_typesupport_introspection_c__visibility_control.h
[2.316s] -- Up-to-date: /home/navlab-tx2-4/px4_ros_com_ros2/install/multi_rtd_interfaces/include/multi_rtd_interfaces/msg/robot_trajectory__rosidl_typesupport_introspection_c.h
[2.317s] -- Up-to-date: /home/navlab-tx2-4/px4_ros_com_ros2/install/multi_rtd_interfaces/lib/libmulti_rtd_interfaces__rosidl_typesupport_introspection_c.so
[2.317s] -- Up-to-date: /home/navlab-tx2-4/px4_ros_com_ros2/install/multi_rtd_interfaces/include/multi_rtd_interfaces
[2.318s] -- Up-to-date: /home/navlab-tx2-4/px4_ros_com_ros2/install/multi_rtd_interfaces/include/multi_rtd_interfaces/msg
[2.319s] -- Up-to-date: /home/navlab-tx2-4/px4_ros_com_ros2/install/multi_rtd_interfaces/include/multi_rtd_interfaces/msg/robot_trajectory__rosidl_typesupport_introspection_cpp.hpp
[2.319s] -- Up-to-date: /home/navlab-tx2-4/px4_ros_com_ros2/install/multi_rtd_interfaces/include/multi_rtd_interfaces/msg/robot_trajectory__type_support.cpp
[2.320s] -- Up-to-date: /home/navlab-tx2-4/px4_ros_com_ros2/install/multi_rtd_interfaces/lib/libmulti_rtd_interfaces__rosidl_typesupport_introspection_cpp.so
[2.320s] -- Up-to-date: /home/navlab-tx2-4/px4_ros_com_ros2/install/multi_rtd_interfaces/include/multi_rtd_interfaces
[2.321s] -- Up-to-date: /home/navlab-tx2-4/px4_ros_com_ros2/install/multi_rtd_interfaces/include/multi_rtd_interfaces/msg
[2.321s] -- Up-to-date: /home/navlab-tx2-4/px4_ros_com_ros2/install/multi_rtd_interfaces/include/multi_rtd_interfaces/msg/rosidl_typesupport_fastrtps_c__visibility_control.h
[2.322s] -- Up-to-date: /home/navlab-tx2-4/px4_ros_com_ros2/install/multi_rtd_interfaces/include/multi_rtd_interfaces/msg/robot_trajectory__rosidl_typesupport_fastrtps_c.h
[2.323s] -- Up-to-date: /home/navlab-tx2-4/px4_ros_com_ros2/install/multi_rtd_interfaces/lib/libmulti_rtd_interfaces__rosidl_typesupport_fastrtps_c.so
[2.323s] -- Up-to-date: /home/navlab-tx2-4/px4_ros_com_ros2/install/multi_rtd_interfaces/include/multi_rtd_interfaces
[2.323s] -- Up-to-date: /home/navlab-tx2-4/px4_ros_com_ros2/install/multi_rtd_interfaces/include/multi_rtd_interfaces/msg
[2.324s] -- Up-to-date: /home/navlab-tx2-4/px4_ros_com_ros2/install/multi_rtd_interfaces/include/multi_rtd_interfaces/msg/robot_trajectory__rosidl_typesupport_fastrtps_cpp.hpp
[2.324s] -- Up-to-date: /home/navlab-tx2-4/px4_ros_com_ros2/install/multi_rtd_interfaces/include/multi_rtd_interfaces/msg/rosidl_typesupport_fastrtps_cpp__visibility_control.h
[2.325s] -- Up-to-date: /home/navlab-tx2-4/px4_ros_com_ros2/install/multi_rtd_interfaces/include/multi_rtd_interfaces/msg/dds_fastrtps
[2.325s] -- Up-to-date: /home/navlab-tx2-4/px4_ros_com_ros2/install/multi_rtd_interfaces/lib/libmulti_rtd_interfaces__rosidl_typesupport_fastrtps_cpp.so
[2.325s] -- Up-to-date: /home/navlab-tx2-4/px4_ros_com_ros2/install/multi_rtd_interfaces/share/multi_rtd_interfaces/environment/pythonpath.sh
[2.326s] -- Up-to-date: /home/navlab-tx2-4/px4_ros_com_ros2/install/multi_rtd_interfaces/share/multi_rtd_interfaces/environment/pythonpath.dsv
[2.326s] -- Up-to-date: /home/navlab-tx2-4/px4_ros_com_ros2/install/multi_rtd_interfaces/lib/python3.6/site-packages/multi_rtd_interfaces/__init__.py
[2.464s] -- Up-to-date: /home/navlab-tx2-4/px4_ros_com_ros2/install/multi_rtd_interfaces/lib/python3.6/site-packages/multi_rtd_interfaces/msg
[2.464s] -- Up-to-date: /home/navlab-tx2-4/px4_ros_com_ros2/install/multi_rtd_interfaces/lib/python3.6/site-packages/multi_rtd_interfaces/msg/_robot_trajectory_s.c
[2.465s] -- Up-to-date: /home/navlab-tx2-4/px4_ros_com_ros2/install/multi_rtd_interfaces/lib/python3.6/site-packages/multi_rtd_interfaces/msg/_robot_trajectory.py
[2.465s] -- Up-to-date: /home/navlab-tx2-4/px4_ros_com_ros2/install/multi_rtd_interfaces/lib/python3.6/site-packages/multi_rtd_interfaces/msg/__init__.py
[2.466s] -- Up-to-date: /home/navlab-tx2-4/px4_ros_com_ros2/install/multi_rtd_interfaces/lib/python3.6/site-packages/multi_rtd_interfaces/multi_rtd_interfaces_s__rosidl_typesupport_c.cpython-36m-aarch64-linux-gnu.so
[2.467s] -- Up-to-date: /home/navlab-tx2-4/px4_ros_com_ros2/install/multi_rtd_interfaces/lib/python3.6/site-packages/multi_rtd_interfaces/multi_rtd_interfaces_s__rosidl_typesupport_fastrtps_c.cpython-36m-aarch64-linux-gnu.so
[2.468s] -- Up-to-date: /home/navlab-tx2-4/px4_ros_com_ros2/install/multi_rtd_interfaces/lib/libmulti_rtd_interfaces__python.so
[2.469s] -- Up-to-date: /home/navlab-tx2-4/px4_ros_com_ros2/install/multi_rtd_interfaces/share/multi_rtd_interfaces/msg/RobotTrajectory.idl
[2.469s] -- Up-to-date: /home/navlab-tx2-4/px4_ros_com_ros2/install/multi_rtd_interfaces/share/multi_rtd_interfaces/msg/RobotTrajectory.msg
[2.470s] -- Up-to-date: /home/navlab-tx2-4/px4_ros_com_ros2/install/multi_rtd_interfaces/share/ament_index/resource_index/package_run_dependencies/multi_rtd_interfaces
[2.471s] -- Up-to-date: /home/navlab-tx2-4/px4_ros_com_ros2/install/multi_rtd_interfaces/share/ament_index/resource_index/parent_prefix_path/multi_rtd_interfaces
[2.471s] -- Up-to-date: /home/navlab-tx2-4/px4_ros_com_ros2/install/multi_rtd_interfaces/share/multi_rtd_interfaces/environment/ament_prefix_path.sh
[2.472s] -- Up-to-date: /home/navlab-tx2-4/px4_ros_com_ros2/install/multi_rtd_interfaces/share/multi_rtd_interfaces/environment/ament_prefix_path.dsv
[2.472s] -- Up-to-date: /home/navlab-tx2-4/px4_ros_com_ros2/install/multi_rtd_interfaces/share/multi_rtd_interfaces/environment/path.sh
[2.473s] -- Up-to-date: /home/navlab-tx2-4/px4_ros_com_ros2/install/multi_rtd_interfaces/share/multi_rtd_interfaces/environment/path.dsv
[2.474s] -- Up-to-date: /home/navlab-tx2-4/px4_ros_com_ros2/install/multi_rtd_interfaces/share/multi_rtd_interfaces/local_setup.bash
[2.474s] -- Up-to-date: /home/navlab-tx2-4/px4_ros_com_ros2/install/multi_rtd_interfaces/share/multi_rtd_interfaces/local_setup.sh
[2.475s] -- Up-to-date: /home/navlab-tx2-4/px4_ros_com_ros2/install/multi_rtd_interfaces/share/multi_rtd_interfaces/local_setup.zsh
[2.476s] -- Up-to-date: /home/navlab-tx2-4/px4_ros_com_ros2/install/multi_rtd_interfaces/share/multi_rtd_interfaces/local_setup.dsv
[2.476s] -- Installing: /home/navlab-tx2-4/px4_ros_com_ros2/install/multi_rtd_interfaces/share/multi_rtd_interfaces/package.dsv
[2.477s] -- Up-to-date: /home/navlab-tx2-4/px4_ros_com_ros2/install/multi_rtd_interfaces/share/ament_index/resource_index/packages/multi_rtd_interfaces
[2.477s] -- Up-to-date: /home/navlab-tx2-4/px4_ros_com_ros2/install/multi_rtd_interfaces/share/multi_rtd_interfaces/cmake/rosidl_cmake-extras.cmake
[2.478s] -- Up-to-date: /home/navlab-tx2-4/px4_ros_com_ros2/install/multi_rtd_interfaces/share/multi_rtd_interfaces/cmake/ament_cmake_export_dependencies-extras.cmake
[2.478s] -- Up-to-date: /home/navlab-tx2-4/px4_ros_com_ros2/install/multi_rtd_interfaces/share/multi_rtd_interfaces/cmake/ament_cmake_export_include_directories-extras.cmake
[2.479s] -- Up-to-date: /home/navlab-tx2-4/px4_ros_com_ros2/install/multi_rtd_interfaces/share/multi_rtd_interfaces/cmake/ament_cmake_export_libraries-extras.cmake
[2.479s] -- Up-to-date: /home/navlab-tx2-4/px4_ros_com_ros2/install/multi_rtd_interfaces/share/multi_rtd_interfaces/cmake/multi_rtd_interfacesConfig.cmake
[2.480s] -- Up-to-date: /home/navlab-tx2-4/px4_ros_com_ros2/install/multi_rtd_interfaces/share/multi_rtd_interfaces/cmake/multi_rtd_interfacesConfig-version.cmake
[2.480s] -- Up-to-date: /home/navlab-tx2-4/px4_ros_com_ros2/install/multi_rtd_interfaces/share/multi_rtd_interfaces/package.xml
[2.486s] Invoked command in '/home/navlab-tx2-4/px4_ros_com_ros2/build/multi_rtd_interfaces' returned '0': CMAKE_PREFIX_PATH=${CMAKE_PREFIX_PATH}:/home/navlab-tx2-4/px4_ros_com_ros2/install/multi_rtd:/opt/ros/eloquent /usr/bin/cmake --build /home/navlab-tx2-4/px4_ros_com_ros2/build/multi_rtd_interfaces --target install -- -j4 -l4
