[0.088s] Invoking command in '/home/navlab-tx2-4/px4_ros_com_ros2/build/multi_rtd_interfaces': CMAKE_PREFIX_PATH=${CMAKE_PREFIX_PATH}:/home/navlab-tx2-4/px4_ros_com_ros2/install/multi_rtd:/opt/ros/eloquent /usr/bin/cmake --build /home/navlab-tx2-4/px4_ros_com_ros2/build/multi_rtd_interfaces -- -j4 -l4
[0.278s] [  3%] Built target multi_rtd_interfaces__cpp
[0.291s] [ 13%] Built target multi_rtd_interfaces__rosidl_generator_c
[0.386s] [ 24%] Built target multi_rtd_interfaces__rosidl_typesupport_introspection_cpp
[0.391s] [ 34%] Built target multi_rtd_interfaces__rosidl_typesupport_introspection_c
[0.403s] [ 44%] Built target multi_rtd_interfaces__rosidl_typesupport_fastrtps_cpp
[0.510s] [ 55%] Built target multi_rtd_interfaces__rosidl_typesupport_cpp
[0.512s] [ 65%] Built target multi_rtd_interfaces__rosidl_typesupport_fastrtps_c
[0.616s] [ 75%] Built target multi_rtd_interfaces__rosidl_typesupport_c
[0.711s] [ 75%] Built target multi_rtd_interfaces
[0.895s] [ 79%] Built target multi_rtd_interfaces__py
[1.022s] [ 86%] Built target multi_rtd_interfaces__python
[1.170s] [ 93%] Built target multi_rtd_interfaces__rosidl_typesupport_c__pyext
[1.211s] [100%] Built target multi_rtd_interfaces__rosidl_typesupport_fastrtps_c__pyext
[1.267s] Invoked command in '/home/navlab-tx2-4/px4_ros_com_ros2/build/multi_rtd_interfaces' returned '0': CMAKE_PREFIX_PATH=${CMAKE_PREFIX_PATH}:/home/navlab-tx2-4/px4_ros_com_ros2/install/multi_rtd:/opt/ros/eloquent /usr/bin/cmake --build /home/navlab-tx2-4/px4_ros_com_ros2/build/multi_rtd_interfaces -- -j4 -l4
[1.566s] Invoking command in '/home/navlab-tx2-4/px4_ros_com_ros2/build/multi_rtd_interfaces': CMAKE_PREFIX_PATH=${CMAKE_PREFIX_PATH}:/home/navlab-tx2-4/px4_ros_com_ros2/install/multi_rtd:/opt/ros/eloquent /usr/bin/cmake --build /home/navlab-tx2-4/px4_ros_com_ros2/build/multi_rtd_interfaces --target install -- -j4 -l4
[1.770s] [  3%] Built target multi_rtd_interfaces__cpp
[1.784s] [ 13%] Built target multi_rtd_interfaces__rosidl_generator_c
[1.877s] [ 24%] Built target multi_rtd_interfaces__rosidl_typesupport_introspection_cpp
[1.900s] [ 34%] Built target multi_rtd_interfaces__rosidl_typesupport_introspection_c
[1.920s] [ 44%] Built target multi_rtd_interfaces__rosidl_typesupport_fastrtps_cpp
[2.037s] [ 55%] Built target multi_rtd_interfaces__rosidl_typesupport_cpp
[2.038s] [ 65%] Built target multi_rtd_interfaces__rosidl_typesupport_fastrtps_c
[2.152s] [ 75%] Built target multi_rtd_interfaces__rosidl_typesupport_c
[2.232s] [ 75%] Built target multi_rtd_interfaces
[2.316s] [ 79%] Built target multi_rtd_interfaces__py
[2.436s] [ 86%] Built target multi_rtd_interfaces__python
[2.555s] [ 93%] Built target multi_rtd_interfaces__rosidl_typesupport_c__pyext
[2.610s] [100%] Built target multi_rtd_interfaces__rosidl_typesupport_fastrtps_c__pyext
[2.684s] [36mInstall the project...[0m
[2.717s] -- Install configuration: ""
[2.718s] -- Up-to-date: /home/navlab-tx2-4/px4_ros_com_ros2/install/multi_rtd_interfaces/share/ament_index/resource_index/rosidl_interfaces/multi_rtd_interfaces
[2.719s] -- Up-to-date: /home/navlab-tx2-4/px4_ros_com_ros2/install/multi_rtd_interfaces/include/multi_rtd_interfaces
[2.719s] -- Up-to-date: /home/navlab-tx2-4/px4_ros_com_ros2/install/multi_rtd_interfaces/include/multi_rtd_interfaces/msg
[2.720s] -- Up-to-date: /home/navlab-tx2-4/px4_ros_com_ros2/install/multi_rtd_interfaces/include/multi_rtd_interfaces/msg/robot_trajectory__struct.hpp
[2.720s] -- Up-to-date: /home/navlab-tx2-4/px4_ros_com_ros2/install/multi_rtd_interfaces/include/multi_rtd_interfaces/msg/robot_trajectory__traits.hpp
[2.721s] -- Up-to-date: /home/navlab-tx2-4/px4_ros_com_ros2/install/multi_rtd_interfaces/include/multi_rtd_interfaces/msg/robot_trajectory.hpp
[2.723s] -- Up-to-date: /home/navlab-tx2-4/px4_ros_com_ros2/install/multi_rtd_interfaces/include/multi_rtd_interfaces
[2.723s] -- Up-to-date: /home/navlab-tx2-4/px4_ros_com_ros2/install/multi_rtd_interfaces/include/multi_rtd_interfaces/msg
[2.724s] -- Up-to-date: /home/navlab-tx2-4/px4_ros_com_ros2/install/multi_rtd_interfaces/include/multi_rtd_interfaces/msg/robot_trajectory.h
[2.724s] -- Up-to-date: /home/navlab-tx2-4/px4_ros_com_ros2/install/multi_rtd_interfaces/include/multi_rtd_interfaces/msg/robot_trajectory__struct.h
[2.725s] -- Up-to-date: /home/navlab-tx2-4/px4_ros_com_ros2/install/multi_rtd_interfaces/include/multi_rtd_interfaces/msg/robot_trajectory__type_support.h
[2.725s] -- Up-to-date: /home/navlab-tx2-4/px4_ros_com_ros2/install/multi_rtd_interfaces/include/multi_rtd_interfaces/msg/rosidl_generator_c__visibility_control.h
[2.726s] -- Up-to-date: /home/navlab-tx2-4/px4_ros_com_ros2/install/multi_rtd_interfaces/include/multi_rtd_interfaces/msg/robot_trajectory__functions.c
[2.727s] -- Up-to-date: /home/navlab-tx2-4/px4_ros_com_ros2/install/multi_rtd_interfaces/include/multi_rtd_interfaces/msg/robot_trajectory__functions.h
[2.727s] -- Up-to-date: /home/navlab-tx2-4/px4_ros_com_ros2/install/multi_rtd_interfaces/share/multi_rtd_interfaces/environment/library_path.sh
[2.728s] -- Up-to-date: /home/navlab-tx2-4/px4_ros_com_ros2/install/multi_rtd_interfaces/share/multi_rtd_interfaces/environment/library_path.dsv
[2.728s] -- Up-to-date: /home/navlab-tx2-4/px4_ros_com_ros2/install/multi_rtd_interfaces/lib/libmulti_rtd_interfaces__rosidl_generator_c.so
[2.729s] -- Up-to-date: /home/navlab-tx2-4/px4_ros_com_ros2/install/multi_rtd_interfaces/lib/libmulti_rtd_interfaces__rosidl_typesupport_c.so
[2.732s] -- Up-to-date: /home/navlab-tx2-4/px4_ros_com_ros2/install/multi_rtd_interfaces/lib/libmulti_rtd_interfaces__rosidl_typesupport_cpp.so
[2.733s] -- Up-to-date: /home/navlab-tx2-4/px4_ros_com_ros2/install/multi_rtd_interfaces/include/multi_rtd_interfaces
[2.734s] -- Up-to-date: /home/navlab-tx2-4/px4_ros_com_ros2/install/multi_rtd_interfaces/include/multi_rtd_interfaces/msg
[2.734s] -- Up-to-date: /home/navlab-tx2-4/px4_ros_com_ros2/install/multi_rtd_interfaces/include/multi_rtd_interfaces/msg/robot_trajectory__type_support.c
[2.735s] -- Up-to-date: /home/navlab-tx2-4/px4_ros_com_ros2/install/multi_rtd_interfaces/include/multi_rtd_interfaces/msg/rosidl_typesupport_introspection_c__visibility_control.h
[2.735s] -- Up-to-date: /home/navlab-tx2-4/px4_ros_com_ros2/install/multi_rtd_interfaces/include/multi_rtd_interfaces/msg/robot_trajectory__rosidl_typesupport_introspection_c.h
[2.736s] -- Up-to-date: /home/navlab-tx2-4/px4_ros_com_ros2/install/multi_rtd_interfaces/lib/libmulti_rtd_interfaces__rosidl_typesupport_introspection_c.so
[2.736s] -- Up-to-date: /home/navlab-tx2-4/px4_ros_com_ros2/install/multi_rtd_interfaces/include/multi_rtd_interfaces
[2.736s] -- Up-to-date: /home/navlab-tx2-4/px4_ros_com_ros2/install/multi_rtd_interfaces/include/multi_rtd_interfaces/msg
[2.737s] -- Up-to-date: /home/navlab-tx2-4/px4_ros_com_ros2/install/multi_rtd_interfaces/include/multi_rtd_interfaces/msg/robot_trajectory__rosidl_typesupport_introspection_cpp.hpp
[2.737s] -- Up-to-date: /home/navlab-tx2-4/px4_ros_com_ros2/install/multi_rtd_interfaces/include/multi_rtd_interfaces/msg/robot_trajectory__type_support.cpp
[2.738s] -- Up-to-date: /home/navlab-tx2-4/px4_ros_com_ros2/install/multi_rtd_interfaces/lib/libmulti_rtd_interfaces__rosidl_typesupport_introspection_cpp.so
[2.738s] -- Up-to-date: /home/navlab-tx2-4/px4_ros_com_ros2/install/multi_rtd_interfaces/include/multi_rtd_interfaces
[2.739s] -- Up-to-date: /home/navlab-tx2-4/px4_ros_com_ros2/install/multi_rtd_interfaces/include/multi_rtd_interfaces/msg
[2.740s] -- Up-to-date: /home/navlab-tx2-4/px4_ros_com_ros2/install/multi_rtd_interfaces/include/multi_rtd_interfaces/msg/rosidl_typesupport_fastrtps_c__visibility_control.h
[2.740s] -- Up-to-date: /home/navlab-tx2-4/px4_ros_com_ros2/install/multi_rtd_interfaces/include/multi_rtd_interfaces/msg/robot_trajectory__rosidl_typesupport_fastrtps_c.h
[2.741s] -- Up-to-date: /home/navlab-tx2-4/px4_ros_com_ros2/install/multi_rtd_interfaces/lib/libmulti_rtd_interfaces__rosidl_typesupport_fastrtps_c.so
[2.741s] -- Up-to-date: /home/navlab-tx2-4/px4_ros_com_ros2/install/multi_rtd_interfaces/include/multi_rtd_interfaces
[2.742s] -- Up-to-date: /home/navlab-tx2-4/px4_ros_com_ros2/install/multi_rtd_interfaces/include/multi_rtd_interfaces/msg
[2.742s] -- Up-to-date: /home/navlab-tx2-4/px4_ros_com_ros2/install/multi_rtd_interfaces/include/multi_rtd_interfaces/msg/robot_trajectory__rosidl_typesupport_fastrtps_cpp.hpp
[2.743s] -- Up-to-date: /home/navlab-tx2-4/px4_ros_com_ros2/install/multi_rtd_interfaces/include/multi_rtd_interfaces/msg/rosidl_typesupport_fastrtps_cpp__visibility_control.h
[2.743s] -- Up-to-date: /home/navlab-tx2-4/px4_ros_com_ros2/install/multi_rtd_interfaces/include/multi_rtd_interfaces/msg/dds_fastrtps
[2.744s] -- Up-to-date: /home/navlab-tx2-4/px4_ros_com_ros2/install/multi_rtd_interfaces/lib/libmulti_rtd_interfaces__rosidl_typesupport_fastrtps_cpp.so
[2.744s] -- Up-to-date: /home/navlab-tx2-4/px4_ros_com_ros2/install/multi_rtd_interfaces/share/multi_rtd_interfaces/environment/pythonpath.sh
[2.745s] -- Up-to-date: /home/navlab-tx2-4/px4_ros_com_ros2/install/multi_rtd_interfaces/share/multi_rtd_interfaces/environment/pythonpath.dsv
[2.745s] -- Up-to-date: /home/navlab-tx2-4/px4_ros_com_ros2/install/multi_rtd_interfaces/lib/python3.6/site-packages/multi_rtd_interfaces/__init__.py
[2.896s] -- Up-to-date: /home/navlab-tx2-4/px4_ros_com_ros2/install/multi_rtd_interfaces/lib/python3.6/site-packages/multi_rtd_interfaces/msg
[2.896s] -- Up-to-date: /home/navlab-tx2-4/px4_ros_com_ros2/install/multi_rtd_interfaces/lib/python3.6/site-packages/multi_rtd_interfaces/msg/_robot_trajectory_s.c
[2.897s] -- Up-to-date: /home/navlab-tx2-4/px4_ros_com_ros2/install/multi_rtd_interfaces/lib/python3.6/site-packages/multi_rtd_interfaces/msg/_robot_trajectory.py
[2.897s] -- Up-to-date: /home/navlab-tx2-4/px4_ros_com_ros2/install/multi_rtd_interfaces/lib/python3.6/site-packages/multi_rtd_interfaces/msg/__init__.py
[2.898s] -- Up-to-date: /home/navlab-tx2-4/px4_ros_com_ros2/install/multi_rtd_interfaces/lib/python3.6/site-packages/multi_rtd_interfaces/multi_rtd_interfaces_s__rosidl_typesupport_c.cpython-36m-aarch64-linux-gnu.so
[2.900s] -- Up-to-date: /home/navlab-tx2-4/px4_ros_com_ros2/install/multi_rtd_interfaces/lib/python3.6/site-packages/multi_rtd_interfaces/multi_rtd_interfaces_s__rosidl_typesupport_fastrtps_c.cpython-36m-aarch64-linux-gnu.so
[2.902s] -- Up-to-date: /home/navlab-tx2-4/px4_ros_com_ros2/install/multi_rtd_interfaces/lib/libmulti_rtd_interfaces__python.so
[2.904s] -- Up-to-date: /home/navlab-tx2-4/px4_ros_com_ros2/install/multi_rtd_interfaces/share/multi_rtd_interfaces/msg/RobotTrajectory.idl
[2.905s] -- Up-to-date: /home/navlab-tx2-4/px4_ros_com_ros2/install/multi_rtd_interfaces/share/multi_rtd_interfaces/msg/RobotTrajectory.msg
[2.905s] -- Up-to-date: /home/navlab-tx2-4/px4_ros_com_ros2/install/multi_rtd_interfaces/share/ament_index/resource_index/package_run_dependencies/multi_rtd_interfaces
[2.906s] -- Up-to-date: /home/navlab-tx2-4/px4_ros_com_ros2/install/multi_rtd_interfaces/share/ament_index/resource_index/parent_prefix_path/multi_rtd_interfaces
[2.907s] -- Up-to-date: /home/navlab-tx2-4/px4_ros_com_ros2/install/multi_rtd_interfaces/share/multi_rtd_interfaces/environment/ament_prefix_path.sh
[2.908s] -- Up-to-date: /home/navlab-tx2-4/px4_ros_com_ros2/install/multi_rtd_interfaces/share/multi_rtd_interfaces/environment/ament_prefix_path.dsv
[2.909s] -- Up-to-date: /home/navlab-tx2-4/px4_ros_com_ros2/install/multi_rtd_interfaces/share/multi_rtd_interfaces/environment/path.sh
[2.909s] -- Up-to-date: /home/navlab-tx2-4/px4_ros_com_ros2/install/multi_rtd_interfaces/share/multi_rtd_interfaces/environment/path.dsv
[2.910s] -- Up-to-date: /home/navlab-tx2-4/px4_ros_com_ros2/install/multi_rtd_interfaces/share/multi_rtd_interfaces/local_setup.bash
[2.916s] -- Up-to-date: /home/navlab-tx2-4/px4_ros_com_ros2/install/multi_rtd_interfaces/share/multi_rtd_interfaces/local_setup.sh
[2.916s] -- Up-to-date: /home/navlab-tx2-4/px4_ros_com_ros2/install/multi_rtd_interfaces/share/multi_rtd_interfaces/local_setup.zsh
[2.947s] -- Up-to-date: /home/navlab-tx2-4/px4_ros_com_ros2/install/multi_rtd_interfaces/share/multi_rtd_interfaces/local_setup.dsv
[2.954s] -- Installing: /home/navlab-tx2-4/px4_ros_com_ros2/install/multi_rtd_interfaces/share/multi_rtd_interfaces/package.dsv
[2.954s] -- Up-to-date: /home/navlab-tx2-4/px4_ros_com_ros2/install/multi_rtd_interfaces/share/ament_index/resource_index/packages/multi_rtd_interfaces
[2.955s] -- Up-to-date: /home/navlab-tx2-4/px4_ros_com_ros2/install/multi_rtd_interfaces/share/multi_rtd_interfaces/cmake/rosidl_cmake-extras.cmake
[2.956s] -- Up-to-date: /home/navlab-tx2-4/px4_ros_com_ros2/install/multi_rtd_interfaces/share/multi_rtd_interfaces/cmake/ament_cmake_export_dependencies-extras.cmake
[2.956s] -- Up-to-date: /home/navlab-tx2-4/px4_ros_com_ros2/install/multi_rtd_interfaces/share/multi_rtd_interfaces/cmake/ament_cmake_export_include_directories-extras.cmake
[2.957s] -- Up-to-date: /home/navlab-tx2-4/px4_ros_com_ros2/install/multi_rtd_interfaces/share/multi_rtd_interfaces/cmake/ament_cmake_export_libraries-extras.cmake
[2.958s] -- Up-to-date: /home/navlab-tx2-4/px4_ros_com_ros2/install/multi_rtd_interfaces/share/multi_rtd_interfaces/cmake/multi_rtd_interfacesConfig.cmake
[2.963s] -- Up-to-date: /home/navlab-tx2-4/px4_ros_com_ros2/install/multi_rtd_interfaces/share/multi_rtd_interfaces/cmake/multi_rtd_interfacesConfig-version.cmake
[2.964s] -- Up-to-date: /home/navlab-tx2-4/px4_ros_com_ros2/install/multi_rtd_interfaces/share/multi_rtd_interfaces/package.xml
[2.966s] Invoked command in '/home/navlab-tx2-4/px4_ros_com_ros2/build/multi_rtd_interfaces' returned '0': CMAKE_PREFIX_PATH=${CMAKE_PREFIX_PATH}:/home/navlab-tx2-4/px4_ros_com_ros2/install/multi_rtd:/opt/ros/eloquent /usr/bin/cmake --build /home/navlab-tx2-4/px4_ros_com_ros2/build/multi_rtd_interfaces --target install -- -j4 -l4
