[0.083s] Invoking command in '/home/navlab-tx2-4/px4_ros_com_ros2/build/multi_rtd_interfaces': CMAKE_PREFIX_PATH=${CMAKE_PREFIX_PATH}:/home/navlab-tx2-4/px4_ros_com_ros2/install/multi_rtd:/opt/ros/eloquent /usr/bin/cmake --build /home/navlab-tx2-4/px4_ros_com_ros2/build/multi_rtd_interfaces -- -j4 -l4
[0.274s] [  3%] Built target multi_rtd_interfaces__cpp
[0.281s] [ 13%] Built target multi_rtd_interfaces__rosidl_generator_c
[0.374s] [ 24%] Built target multi_rtd_interfaces__rosidl_typesupport_introspection_cpp
[0.381s] [ 34%] Built target multi_rtd_interfaces__rosidl_typesupport_introspection_c
[0.408s] [ 44%] Built target multi_rtd_interfaces__rosidl_typesupport_fastrtps_cpp
[0.517s] [ 55%] Built target multi_rtd_interfaces__rosidl_typesupport_fastrtps_c
[0.519s] [ 65%] Built target multi_rtd_interfaces__rosidl_typesupport_cpp
[0.622s] [ 75%] Built target multi_rtd_interfaces__rosidl_typesupport_c
[0.697s] [ 75%] Built target multi_rtd_interfaces
[0.773s] [ 79%] Built target multi_rtd_interfaces__py
[0.874s] [ 86%] Built target multi_rtd_interfaces__python
[0.987s] [100%] Built target multi_rtd_interfaces__rosidl_typesupport_fastrtps_c__pyext
[0.987s] [100%] Built target multi_rtd_interfaces__rosidl_typesupport_c__pyext
[1.025s] Invoked command in '/home/navlab-tx2-4/px4_ros_com_ros2/build/multi_rtd_interfaces' returned '0': CMAKE_PREFIX_PATH=${CMAKE_PREFIX_PATH}:/home/navlab-tx2-4/px4_ros_com_ros2/install/multi_rtd:/opt/ros/eloquent /usr/bin/cmake --build /home/navlab-tx2-4/px4_ros_com_ros2/build/multi_rtd_interfaces -- -j4 -l4
[1.289s] Invoking command in '/home/navlab-tx2-4/px4_ros_com_ros2/build/multi_rtd_interfaces': CMAKE_PREFIX_PATH=${CMAKE_PREFIX_PATH}:/home/navlab-tx2-4/px4_ros_com_ros2/install/multi_rtd:/opt/ros/eloquent /usr/bin/cmake --build /home/navlab-tx2-4/px4_ros_com_ros2/build/multi_rtd_interfaces --target install -- -j4 -l4
[1.480s] [  3%] Built target multi_rtd_interfaces__cpp
[1.498s] [ 13%] Built target multi_rtd_interfaces__rosidl_generator_c
[1.635s] [ 24%] Built target multi_rtd_interfaces__rosidl_typesupport_introspection_cpp
[1.651s] [ 34%] Built target multi_rtd_interfaces__rosidl_typesupport_introspection_c
[1.658s] [ 44%] Built target multi_rtd_interfaces__rosidl_typesupport_fastrtps_cpp
[1.787s] [ 55%] Built target multi_rtd_interfaces__rosidl_typesupport_cpp
[1.832s] [ 65%] Built target multi_rtd_interfaces__rosidl_typesupport_fastrtps_c
[1.946s] [ 75%] Built target multi_rtd_interfaces__rosidl_typesupport_c
[2.034s] [ 75%] Built target multi_rtd_interfaces
[2.113s] [ 79%] Built target multi_rtd_interfaces__py
[2.225s] [ 86%] Built target multi_rtd_interfaces__python
[2.336s] [100%] Built target multi_rtd_interfaces__rosidl_typesupport_c__pyext
[2.337s] [100%] Built target multi_rtd_interfaces__rosidl_typesupport_fastrtps_c__pyext
[2.402s] [36mInstall the project...[0m
[2.432s] -- Install configuration: ""
[2.433s] -- Up-to-date: /home/navlab-tx2-4/px4_ros_com_ros2/install/multi_rtd_interfaces/share/ament_index/resource_index/rosidl_interfaces/multi_rtd_interfaces
[2.434s] -- Up-to-date: /home/navlab-tx2-4/px4_ros_com_ros2/install/multi_rtd_interfaces/include/multi_rtd_interfaces
[2.434s] -- Up-to-date: /home/navlab-tx2-4/px4_ros_com_ros2/install/multi_rtd_interfaces/include/multi_rtd_interfaces/msg
[2.435s] -- Up-to-date: /home/navlab-tx2-4/px4_ros_com_ros2/install/multi_rtd_interfaces/include/multi_rtd_interfaces/msg/robot_trajectory__struct.hpp
[2.435s] -- Up-to-date: /home/navlab-tx2-4/px4_ros_com_ros2/install/multi_rtd_interfaces/include/multi_rtd_interfaces/msg/robot_trajectory__traits.hpp
[2.436s] -- Up-to-date: /home/navlab-tx2-4/px4_ros_com_ros2/install/multi_rtd_interfaces/include/multi_rtd_interfaces/msg/robot_trajectory.hpp
[2.436s] -- Up-to-date: /home/navlab-tx2-4/px4_ros_com_ros2/install/multi_rtd_interfaces/include/multi_rtd_interfaces
[2.437s] -- Up-to-date: /home/navlab-tx2-4/px4_ros_com_ros2/install/multi_rtd_interfaces/include/multi_rtd_interfaces/msg
[2.437s] -- Up-to-date: /home/navlab-tx2-4/px4_ros_com_ros2/install/multi_rtd_interfaces/include/multi_rtd_interfaces/msg/robot_trajectory.h
[2.438s] -- Up-to-date: /home/navlab-tx2-4/px4_ros_com_ros2/install/multi_rtd_interfaces/include/multi_rtd_interfaces/msg/robot_trajectory__struct.h
[2.438s] -- Up-to-date: /home/navlab-tx2-4/px4_ros_com_ros2/install/multi_rtd_interfaces/include/multi_rtd_interfaces/msg/robot_trajectory__type_support.h
[2.439s] -- Up-to-date: /home/navlab-tx2-4/px4_ros_com_ros2/install/multi_rtd_interfaces/include/multi_rtd_interfaces/msg/rosidl_generator_c__visibility_control.h
[2.439s] -- Up-to-date: /home/navlab-tx2-4/px4_ros_com_ros2/install/multi_rtd_interfaces/include/multi_rtd_interfaces/msg/robot_trajectory__functions.c
[2.440s] -- Up-to-date: /home/navlab-tx2-4/px4_ros_com_ros2/install/multi_rtd_interfaces/include/multi_rtd_interfaces/msg/robot_trajectory__functions.h
[2.440s] -- Up-to-date: /home/navlab-tx2-4/px4_ros_com_ros2/install/multi_rtd_interfaces/share/multi_rtd_interfaces/environment/library_path.sh
[2.441s] -- Up-to-date: /home/navlab-tx2-4/px4_ros_com_ros2/install/multi_rtd_interfaces/share/multi_rtd_interfaces/environment/library_path.dsv
[2.441s] -- Up-to-date: /home/navlab-tx2-4/px4_ros_com_ros2/install/multi_rtd_interfaces/lib/libmulti_rtd_interfaces__rosidl_generator_c.so
[2.442s] -- Up-to-date: /home/navlab-tx2-4/px4_ros_com_ros2/install/multi_rtd_interfaces/lib/libmulti_rtd_interfaces__rosidl_typesupport_c.so
[2.442s] -- Up-to-date: /home/navlab-tx2-4/px4_ros_com_ros2/install/multi_rtd_interfaces/lib/libmulti_rtd_interfaces__rosidl_typesupport_cpp.so
[2.442s] -- Up-to-date: /home/navlab-tx2-4/px4_ros_com_ros2/install/multi_rtd_interfaces/include/multi_rtd_interfaces
[2.443s] -- Up-to-date: /home/navlab-tx2-4/px4_ros_com_ros2/install/multi_rtd_interfaces/include/multi_rtd_interfaces/msg
[2.443s] -- Up-to-date: /home/navlab-tx2-4/px4_ros_com_ros2/install/multi_rtd_interfaces/include/multi_rtd_interfaces/msg/robot_trajectory__type_support.c
[2.444s] -- Up-to-date: /home/navlab-tx2-4/px4_ros_com_ros2/install/multi_rtd_interfaces/include/multi_rtd_interfaces/msg/rosidl_typesupport_introspection_c__visibility_control.h
[2.444s] -- Up-to-date: /home/navlab-tx2-4/px4_ros_com_ros2/install/multi_rtd_interfaces/include/multi_rtd_interfaces/msg/robot_trajectory__rosidl_typesupport_introspection_c.h
[2.444s] -- Up-to-date: /home/navlab-tx2-4/px4_ros_com_ros2/install/multi_rtd_interfaces/lib/libmulti_rtd_interfaces__rosidl_typesupport_introspection_c.so
[2.445s] -- Up-to-date: /home/navlab-tx2-4/px4_ros_com_ros2/install/multi_rtd_interfaces/include/multi_rtd_interfaces
[2.445s] -- Up-to-date: /home/navlab-tx2-4/px4_ros_com_ros2/install/multi_rtd_interfaces/include/multi_rtd_interfaces/msg
[2.446s] -- Up-to-date: /home/navlab-tx2-4/px4_ros_com_ros2/install/multi_rtd_interfaces/include/multi_rtd_interfaces/msg/robot_trajectory__rosidl_typesupport_introspection_cpp.hpp
[2.446s] -- Up-to-date: /home/navlab-tx2-4/px4_ros_com_ros2/install/multi_rtd_interfaces/include/multi_rtd_interfaces/msg/robot_trajectory__type_support.cpp
[2.447s] -- Up-to-date: /home/navlab-tx2-4/px4_ros_com_ros2/install/multi_rtd_interfaces/lib/libmulti_rtd_interfaces__rosidl_typesupport_introspection_cpp.so
[2.447s] -- Up-to-date: /home/navlab-tx2-4/px4_ros_com_ros2/install/multi_rtd_interfaces/include/multi_rtd_interfaces
[2.448s] -- Up-to-date: /home/navlab-tx2-4/px4_ros_com_ros2/install/multi_rtd_interfaces/include/multi_rtd_interfaces/msg
[2.448s] -- Up-to-date: /home/navlab-tx2-4/px4_ros_com_ros2/install/multi_rtd_interfaces/include/multi_rtd_interfaces/msg/rosidl_typesupport_fastrtps_c__visibility_control.h
[2.449s] -- Up-to-date: /home/navlab-tx2-4/px4_ros_com_ros2/install/multi_rtd_interfaces/include/multi_rtd_interfaces/msg/robot_trajectory__rosidl_typesupport_fastrtps_c.h
[2.449s] -- Up-to-date: /home/navlab-tx2-4/px4_ros_com_ros2/install/multi_rtd_interfaces/lib/libmulti_rtd_interfaces__rosidl_typesupport_fastrtps_c.so
[2.451s] -- Up-to-date: /home/navlab-tx2-4/px4_ros_com_ros2/install/multi_rtd_interfaces/include/multi_rtd_interfaces
[2.451s] -- Up-to-date: /home/navlab-tx2-4/px4_ros_com_ros2/install/multi_rtd_interfaces/include/multi_rtd_interfaces/msg
[2.452s] -- Up-to-date: /home/navlab-tx2-4/px4_ros_com_ros2/install/multi_rtd_interfaces/include/multi_rtd_interfaces/msg/robot_trajectory__rosidl_typesupport_fastrtps_cpp.hpp
[2.453s] -- Up-to-date: /home/navlab-tx2-4/px4_ros_com_ros2/install/multi_rtd_interfaces/include/multi_rtd_interfaces/msg/rosidl_typesupport_fastrtps_cpp__visibility_control.h
[2.454s] -- Up-to-date: /home/navlab-tx2-4/px4_ros_com_ros2/install/multi_rtd_interfaces/include/multi_rtd_interfaces/msg/dds_fastrtps
[2.455s] -- Up-to-date: /home/navlab-tx2-4/px4_ros_com_ros2/install/multi_rtd_interfaces/lib/libmulti_rtd_interfaces__rosidl_typesupport_fastrtps_cpp.so
[2.455s] -- Up-to-date: /home/navlab-tx2-4/px4_ros_com_ros2/install/multi_rtd_interfaces/share/multi_rtd_interfaces/environment/pythonpath.sh
[2.456s] -- Up-to-date: /home/navlab-tx2-4/px4_ros_com_ros2/install/multi_rtd_interfaces/share/multi_rtd_interfaces/environment/pythonpath.dsv
[2.456s] -- Up-to-date: /home/navlab-tx2-4/px4_ros_com_ros2/install/multi_rtd_interfaces/lib/python3.6/site-packages/multi_rtd_interfaces/__init__.py
[2.597s] -- Up-to-date: /home/navlab-tx2-4/px4_ros_com_ros2/install/multi_rtd_interfaces/lib/python3.6/site-packages/multi_rtd_interfaces/msg
[2.598s] -- Up-to-date: /home/navlab-tx2-4/px4_ros_com_ros2/install/multi_rtd_interfaces/lib/python3.6/site-packages/multi_rtd_interfaces/msg/_robot_trajectory_s.c
[2.598s] -- Up-to-date: /home/navlab-tx2-4/px4_ros_com_ros2/install/multi_rtd_interfaces/lib/python3.6/site-packages/multi_rtd_interfaces/msg/_robot_trajectory.py
[2.599s] -- Up-to-date: /home/navlab-tx2-4/px4_ros_com_ros2/install/multi_rtd_interfaces/lib/python3.6/site-packages/multi_rtd_interfaces/msg/__init__.py
[2.599s] -- Up-to-date: /home/navlab-tx2-4/px4_ros_com_ros2/install/multi_rtd_interfaces/lib/python3.6/site-packages/multi_rtd_interfaces/multi_rtd_interfaces_s__rosidl_typesupport_c.cpython-36m-aarch64-linux-gnu.so
[2.600s] -- Up-to-date: /home/navlab-tx2-4/px4_ros_com_ros2/install/multi_rtd_interfaces/lib/python3.6/site-packages/multi_rtd_interfaces/multi_rtd_interfaces_s__rosidl_typesupport_fastrtps_c.cpython-36m-aarch64-linux-gnu.so
[2.602s] -- Up-to-date: /home/navlab-tx2-4/px4_ros_com_ros2/install/multi_rtd_interfaces/lib/libmulti_rtd_interfaces__python.so
[2.602s] -- Up-to-date: /home/navlab-tx2-4/px4_ros_com_ros2/install/multi_rtd_interfaces/share/multi_rtd_interfaces/msg/RobotTrajectory.idl
[2.603s] -- Up-to-date: /home/navlab-tx2-4/px4_ros_com_ros2/install/multi_rtd_interfaces/share/multi_rtd_interfaces/msg/RobotTrajectory.msg
[2.604s] -- Up-to-date: /home/navlab-tx2-4/px4_ros_com_ros2/install/multi_rtd_interfaces/share/ament_index/resource_index/package_run_dependencies/multi_rtd_interfaces
[2.604s] -- Up-to-date: /home/navlab-tx2-4/px4_ros_com_ros2/install/multi_rtd_interfaces/share/ament_index/resource_index/parent_prefix_path/multi_rtd_interfaces
[2.605s] -- Up-to-date: /home/navlab-tx2-4/px4_ros_com_ros2/install/multi_rtd_interfaces/share/multi_rtd_interfaces/environment/ament_prefix_path.sh
[2.606s] -- Up-to-date: /home/navlab-tx2-4/px4_ros_com_ros2/install/multi_rtd_interfaces/share/multi_rtd_interfaces/environment/ament_prefix_path.dsv
[2.606s] -- Up-to-date: /home/navlab-tx2-4/px4_ros_com_ros2/install/multi_rtd_interfaces/share/multi_rtd_interfaces/environment/path.sh
[2.607s] -- Up-to-date: /home/navlab-tx2-4/px4_ros_com_ros2/install/multi_rtd_interfaces/share/multi_rtd_interfaces/environment/path.dsv
[2.607s] -- Up-to-date: /home/navlab-tx2-4/px4_ros_com_ros2/install/multi_rtd_interfaces/share/multi_rtd_interfaces/local_setup.bash
[2.608s] -- Up-to-date: /home/navlab-tx2-4/px4_ros_com_ros2/install/multi_rtd_interfaces/share/multi_rtd_interfaces/local_setup.sh
[2.608s] -- Up-to-date: /home/navlab-tx2-4/px4_ros_com_ros2/install/multi_rtd_interfaces/share/multi_rtd_interfaces/local_setup.zsh
[2.609s] -- Up-to-date: /home/navlab-tx2-4/px4_ros_com_ros2/install/multi_rtd_interfaces/share/multi_rtd_interfaces/local_setup.dsv
[2.610s] -- Installing: /home/navlab-tx2-4/px4_ros_com_ros2/install/multi_rtd_interfaces/share/multi_rtd_interfaces/package.dsv
[2.610s] -- Up-to-date: /home/navlab-tx2-4/px4_ros_com_ros2/install/multi_rtd_interfaces/share/ament_index/resource_index/packages/multi_rtd_interfaces
[2.611s] -- Up-to-date: /home/navlab-tx2-4/px4_ros_com_ros2/install/multi_rtd_interfaces/share/multi_rtd_interfaces/cmake/rosidl_cmake-extras.cmake
[2.611s] -- Up-to-date: /home/navlab-tx2-4/px4_ros_com_ros2/install/multi_rtd_interfaces/share/multi_rtd_interfaces/cmake/ament_cmake_export_dependencies-extras.cmake
[2.612s] -- Up-to-date: /home/navlab-tx2-4/px4_ros_com_ros2/install/multi_rtd_interfaces/share/multi_rtd_interfaces/cmake/ament_cmake_export_include_directories-extras.cmake
[2.612s] -- Up-to-date: /home/navlab-tx2-4/px4_ros_com_ros2/install/multi_rtd_interfaces/share/multi_rtd_interfaces/cmake/ament_cmake_export_libraries-extras.cmake
[2.613s] -- Up-to-date: /home/navlab-tx2-4/px4_ros_com_ros2/install/multi_rtd_interfaces/share/multi_rtd_interfaces/cmake/multi_rtd_interfacesConfig.cmake
[2.613s] -- Up-to-date: /home/navlab-tx2-4/px4_ros_com_ros2/install/multi_rtd_interfaces/share/multi_rtd_interfaces/cmake/multi_rtd_interfacesConfig-version.cmake
[2.614s] -- Up-to-date: /home/navlab-tx2-4/px4_ros_com_ros2/install/multi_rtd_interfaces/share/multi_rtd_interfaces/package.xml
[2.619s] Invoked command in '/home/navlab-tx2-4/px4_ros_com_ros2/build/multi_rtd_interfaces' returned '0': CMAKE_PREFIX_PATH=${CMAKE_PREFIX_PATH}:/home/navlab-tx2-4/px4_ros_com_ros2/install/multi_rtd:/opt/ros/eloquent /usr/bin/cmake --build /home/navlab-tx2-4/px4_ros_com_ros2/build/multi_rtd_interfaces --target install -- -j4 -l4
