[0.870s] DEBUG:colcon:Command line arguments: ['/usr/bin/colcon', 'build']
[0.871s] DEBUG:colcon:Parsed command line arguments: Namespace(ament_cmake_args=None, base_paths=['.'], build_base='build', catkin_cmake_args=None, catkin_skip_building_tests=False, cmake_args=None, cmake_clean_cache=False, cmake_clean_first=False, cmake_force_configure=False, cmake_target=None, cmake_target_skip_unavailable=False, continue_on_error=False, event_handlers=None, executor='parallel', ignore_user_meta=False, install_base='install', log_base=None, log_level=None, main=<bound method BuildVerb.main of <colcon_core.verb.build.BuildVerb object at 0x7fa31fcb70>>, merge_install=False, metas=['./colcon.meta'], packages_above=None, packages_above_and_dependencies=None, packages_above_depth=None, packages_end=None, packages_ignore=None, packages_ignore_regex=None, packages_select=None, packages_select_build_failed=False, packages_select_by_dep=None, packages_select_regex=None, packages_select_test_failures=False, packages_skip=None, packages_skip_build_finished=False, packages_skip_by_dep=None, packages_skip_regex=None, packages_skip_test_passed=False, packages_skip_up_to=None, packages_start=None, packages_up_to=None, packages_up_to_regex=None, parallel_workers=4, paths=None, symlink_install=False, test_result_base=None, verb_extension=<colcon_core.verb.build.BuildVerb object at 0x7fa31fcb70>, verb_name='build', verb_parser=<colcon_defaults.argument_parser.defaults.DefaultArgumentsDecorator object at 0x7fa31fceb8>)
[0.895s] Level 1:colcon.colcon_core.package_discovery:discover_packages(colcon_meta) check parameters
[0.896s] Level 1:colcon.colcon_core.package_discovery:discover_packages(recursive) check parameters
[0.896s] Level 1:colcon.colcon_core.package_discovery:discover_packages(ignore) check parameters
[0.896s] Level 1:colcon.colcon_core.package_discovery:discover_packages(path) check parameters
[0.896s] Level 1:colcon.colcon_core.package_discovery:discover_packages(colcon_meta) discover
[0.897s] Level 1:colcon.colcon_core.package_discovery:discover_packages(recursive) discover
[0.898s] INFO:colcon.colcon_core.package_discovery:Crawling recursively for packages in '/home/navlab-tx2-4/px4_ros_com_ros2'
[0.898s] Level 1:colcon.colcon_core.package_identification:_identify(.) by extensions ['ignore', 'ignore_ament_install']
[0.898s] Level 1:colcon.colcon_core.package_identification:_identify(.) by extension 'ignore'
[0.899s] Level 1:colcon.colcon_core.package_identification:_identify(.) by extension 'ignore_ament_install'
[0.899s] Level 1:colcon.colcon_core.package_identification:_identify(.) by extensions ['colcon_pkg']
[0.899s] Level 1:colcon.colcon_core.package_identification:_identify(.) by extension 'colcon_pkg'
[0.899s] Level 1:colcon.colcon_core.package_identification:_identify(.) by extensions ['colcon_meta']
[0.899s] Level 1:colcon.colcon_core.package_identification:_identify(.) by extension 'colcon_meta'
[0.900s] Level 1:colcon.colcon_core.package_identification:_identify(.) by extensions ['ros']
[0.900s] Level 1:colcon.colcon_core.package_identification:_identify(.) by extension 'ros'
[0.955s] Level 1:colcon.colcon_core.package_identification:_identify(.) by extensions ['cmake', 'python']
[0.955s] Level 1:colcon.colcon_core.package_identification:_identify(.) by extension 'cmake'
[0.955s] Level 1:colcon.colcon_core.package_identification:_identify(.) by extension 'python'
[0.956s] Level 1:colcon.colcon_core.package_identification:_identify(.) by extensions ['python_setup_py']
[0.956s] Level 1:colcon.colcon_core.package_identification:_identify(.) by extension 'python_setup_py'
[0.957s] Level 1:colcon.colcon_core.package_identification:_identify(build) by extensions ['ignore', 'ignore_ament_install']
[0.957s] Level 1:colcon.colcon_core.package_identification:_identify(build) by extension 'ignore'
[0.957s] Level 1:colcon.colcon_core.package_identification:_identify(build) ignored
[0.959s] Level 1:colcon.colcon_core.package_identification:_identify(install) by extensions ['ignore', 'ignore_ament_install']
[0.959s] Level 1:colcon.colcon_core.package_identification:_identify(install) by extension 'ignore'
[0.960s] Level 1:colcon.colcon_core.package_identification:_identify(install) ignored
[0.960s] Level 1:colcon.colcon_core.package_identification:_identify(log) by extensions ['ignore', 'ignore_ament_install']
[0.960s] Level 1:colcon.colcon_core.package_identification:_identify(log) by extension 'ignore'
[0.961s] Level 1:colcon.colcon_core.package_identification:_identify(log) ignored
[0.961s] Level 1:colcon.colcon_core.package_identification:_identify(src) by extensions ['ignore', 'ignore_ament_install']
[0.961s] Level 1:colcon.colcon_core.package_identification:_identify(src) by extension 'ignore'
[0.962s] Level 1:colcon.colcon_core.package_identification:_identify(src) by extension 'ignore_ament_install'
[0.962s] Level 1:colcon.colcon_core.package_identification:_identify(src) by extensions ['colcon_pkg']
[0.962s] Level 1:colcon.colcon_core.package_identification:_identify(src) by extension 'colcon_pkg'
[0.962s] Level 1:colcon.colcon_core.package_identification:_identify(src) by extensions ['colcon_meta']
[0.963s] Level 1:colcon.colcon_core.package_identification:_identify(src) by extension 'colcon_meta'
[0.963s] Level 1:colcon.colcon_core.package_identification:_identify(src) by extensions ['ros']
[0.963s] Level 1:colcon.colcon_core.package_identification:_identify(src) by extension 'ros'
[0.964s] Level 1:colcon.colcon_core.package_identification:_identify(src) by extensions ['cmake', 'python']
[0.964s] Level 1:colcon.colcon_core.package_identification:_identify(src) by extension 'cmake'
[0.964s] Level 1:colcon.colcon_core.package_identification:_identify(src) by extension 'python'
[0.964s] Level 1:colcon.colcon_core.package_identification:_identify(src) by extensions ['python_setup_py']
[0.964s] Level 1:colcon.colcon_core.package_identification:_identify(src) by extension 'python_setup_py'
[0.965s] Level 1:colcon.colcon_core.package_identification:_identify(src/px4_msgs) by extensions ['ignore', 'ignore_ament_install']
[0.965s] Level 1:colcon.colcon_core.package_identification:_identify(src/px4_msgs) by extension 'ignore'
[0.965s] Level 1:colcon.colcon_core.package_identification:_identify(src/px4_msgs) by extension 'ignore_ament_install'
[0.966s] Level 1:colcon.colcon_core.package_identification:_identify(src/px4_msgs) by extensions ['colcon_pkg']
[0.966s] Level 1:colcon.colcon_core.package_identification:_identify(src/px4_msgs) by extension 'colcon_pkg'
[0.966s] Level 1:colcon.colcon_core.package_identification:_identify(src/px4_msgs) by extensions ['colcon_meta']
[0.966s] Level 1:colcon.colcon_core.package_identification:_identify(src/px4_msgs) by extension 'colcon_meta'
[0.966s] Level 1:colcon.colcon_core.package_identification:_identify(src/px4_msgs) by extensions ['ros']
[0.967s] Level 1:colcon.colcon_core.package_identification:_identify(src/px4_msgs) by extension 'ros'
[0.978s] DEBUG:colcon.colcon_core.package_identification:Package 'src/px4_msgs' with type 'ros.ament_cmake' and name 'px4_msgs'
[0.979s] Level 1:colcon.colcon_core.package_identification:_identify(src/px4_multi_agent_planning) by extensions ['ignore', 'ignore_ament_install']
[0.979s] Level 1:colcon.colcon_core.package_identification:_identify(src/px4_multi_agent_planning) by extension 'ignore'
[0.980s] Level 1:colcon.colcon_core.package_identification:_identify(src/px4_multi_agent_planning) by extension 'ignore_ament_install'
[0.980s] Level 1:colcon.colcon_core.package_identification:_identify(src/px4_multi_agent_planning) by extensions ['colcon_pkg']
[0.980s] Level 1:colcon.colcon_core.package_identification:_identify(src/px4_multi_agent_planning) by extension 'colcon_pkg'
[0.980s] Level 1:colcon.colcon_core.package_identification:_identify(src/px4_multi_agent_planning) by extensions ['colcon_meta']
[0.980s] Level 1:colcon.colcon_core.package_identification:_identify(src/px4_multi_agent_planning) by extension 'colcon_meta'
[0.981s] Level 1:colcon.colcon_core.package_identification:_identify(src/px4_multi_agent_planning) by extensions ['ros']
[0.981s] Level 1:colcon.colcon_core.package_identification:_identify(src/px4_multi_agent_planning) by extension 'ros'
[0.981s] Level 1:colcon.colcon_core.package_identification:_identify(src/px4_multi_agent_planning) by extensions ['cmake', 'python']
[0.981s] Level 1:colcon.colcon_core.package_identification:_identify(src/px4_multi_agent_planning) by extension 'cmake'
[0.982s] Level 1:colcon.colcon_core.package_identification:_identify(src/px4_multi_agent_planning) by extension 'python'
[0.982s] Level 1:colcon.colcon_core.package_identification:_identify(src/px4_multi_agent_planning) by extensions ['python_setup_py']
[0.982s] Level 1:colcon.colcon_core.package_identification:_identify(src/px4_multi_agent_planning) by extension 'python_setup_py'
[0.983s] Level 1:colcon.colcon_core.package_identification:_identify(src/px4_multi_agent_planning/multi_rtd) by extensions ['ignore', 'ignore_ament_install']
[0.983s] Level 1:colcon.colcon_core.package_identification:_identify(src/px4_multi_agent_planning/multi_rtd) by extension 'ignore'
[0.983s] Level 1:colcon.colcon_core.package_identification:_identify(src/px4_multi_agent_planning/multi_rtd) by extension 'ignore_ament_install'
[0.984s] Level 1:colcon.colcon_core.package_identification:_identify(src/px4_multi_agent_planning/multi_rtd) by extensions ['colcon_pkg']
[0.984s] Level 1:colcon.colcon_core.package_identification:_identify(src/px4_multi_agent_planning/multi_rtd) by extension 'colcon_pkg'
[0.984s] Level 1:colcon.colcon_core.package_identification:_identify(src/px4_multi_agent_planning/multi_rtd) by extensions ['colcon_meta']
[0.984s] Level 1:colcon.colcon_core.package_identification:_identify(src/px4_multi_agent_planning/multi_rtd) by extension 'colcon_meta'
[0.984s] Level 1:colcon.colcon_core.package_identification:_identify(src/px4_multi_agent_planning/multi_rtd) by extensions ['ros']
[0.984s] Level 1:colcon.colcon_core.package_identification:_identify(src/px4_multi_agent_planning/multi_rtd) by extension 'ros'
[0.987s] DEBUG:colcon.colcon_core.package_identification:Package 'src/px4_multi_agent_planning/multi_rtd' with type 'ros.ament_python' and name 'multi_rtd'
[0.988s] Level 1:colcon.colcon_core.package_identification:_identify(src/px4_multi_agent_planning/multi_rtd_interfaces) by extensions ['ignore', 'ignore_ament_install']
[0.989s] Level 1:colcon.colcon_core.package_identification:_identify(src/px4_multi_agent_planning/multi_rtd_interfaces) by extension 'ignore'
[0.989s] Level 1:colcon.colcon_core.package_identification:_identify(src/px4_multi_agent_planning/multi_rtd_interfaces) by extension 'ignore_ament_install'
[0.990s] Level 1:colcon.colcon_core.package_identification:_identify(src/px4_multi_agent_planning/multi_rtd_interfaces) by extensions ['colcon_pkg']
[0.990s] Level 1:colcon.colcon_core.package_identification:_identify(src/px4_multi_agent_planning/multi_rtd_interfaces) by extension 'colcon_pkg'
[0.990s] Level 1:colcon.colcon_core.package_identification:_identify(src/px4_multi_agent_planning/multi_rtd_interfaces) by extensions ['colcon_meta']
[0.990s] Level 1:colcon.colcon_core.package_identification:_identify(src/px4_multi_agent_planning/multi_rtd_interfaces) by extension 'colcon_meta'
[0.991s] Level 1:colcon.colcon_core.package_identification:_identify(src/px4_multi_agent_planning/multi_rtd_interfaces) by extensions ['ros']
[0.991s] Level 1:colcon.colcon_core.package_identification:_identify(src/px4_multi_agent_planning/multi_rtd_interfaces) by extension 'ros'
[0.995s] DEBUG:colcon.colcon_core.package_identification:Package 'src/px4_multi_agent_planning/multi_rtd_interfaces' with type 'ros.ament_cmake' and name 'multi_rtd_interfaces'
[0.995s] Level 1:colcon.colcon_core.package_identification:_identify(src/px4_multi_agent_planning/offboard_ibqr) by extensions ['ignore', 'ignore_ament_install']
[0.996s] Level 1:colcon.colcon_core.package_identification:_identify(src/px4_multi_agent_planning/offboard_ibqr) by extension 'ignore'
[0.996s] Level 1:colcon.colcon_core.package_identification:_identify(src/px4_multi_agent_planning/offboard_ibqr) by extension 'ignore_ament_install'
[0.996s] Level 1:colcon.colcon_core.package_identification:_identify(src/px4_multi_agent_planning/offboard_ibqr) by extensions ['colcon_pkg']
[0.996s] Level 1:colcon.colcon_core.package_identification:_identify(src/px4_multi_agent_planning/offboard_ibqr) by extension 'colcon_pkg'
[0.997s] Level 1:colcon.colcon_core.package_identification:_identify(src/px4_multi_agent_planning/offboard_ibqr) by extensions ['colcon_meta']
[0.997s] Level 1:colcon.colcon_core.package_identification:_identify(src/px4_multi_agent_planning/offboard_ibqr) by extension 'colcon_meta'
[0.997s] Level 1:colcon.colcon_core.package_identification:_identify(src/px4_multi_agent_planning/offboard_ibqr) by extensions ['ros']
[0.997s] Level 1:colcon.colcon_core.package_identification:_identify(src/px4_multi_agent_planning/offboard_ibqr) by extension 'ros'
[1.005s] DEBUG:colcon.colcon_core.package_identification:Package 'src/px4_multi_agent_planning/offboard_ibqr' with type 'ros.ament_cmake' and name 'offboard_ibqr'
[1.006s] Level 1:colcon.colcon_core.package_identification:_identify(src/px4_ros_com) by extensions ['ignore', 'ignore_ament_install']
[1.007s] Level 1:colcon.colcon_core.package_identification:_identify(src/px4_ros_com) by extension 'ignore'
[1.007s] Level 1:colcon.colcon_core.package_identification:_identify(src/px4_ros_com) by extension 'ignore_ament_install'
[1.007s] Level 1:colcon.colcon_core.package_identification:_identify(src/px4_ros_com) by extensions ['colcon_pkg']
[1.008s] Level 1:colcon.colcon_core.package_identification:_identify(src/px4_ros_com) by extension 'colcon_pkg'
[1.008s] Level 1:colcon.colcon_core.package_identification:_identify(src/px4_ros_com) by extensions ['colcon_meta']
[1.008s] Level 1:colcon.colcon_core.package_identification:_identify(src/px4_ros_com) by extension 'colcon_meta'
[1.008s] Level 1:colcon.colcon_core.package_identification:_identify(src/px4_ros_com) by extensions ['ros']
[1.008s] Level 1:colcon.colcon_core.package_identification:_identify(src/px4_ros_com) by extension 'ros'
[1.015s] DEBUG:colcon.colcon_core.package_identification:Package 'src/px4_ros_com' with type 'ros.ament_cmake' and name 'px4_ros_com'
[1.015s] Level 1:colcon.colcon_core.package_identification:_identify(src/ros1_bridge) by extensions ['ignore', 'ignore_ament_install']
[1.016s] Level 1:colcon.colcon_core.package_identification:_identify(src/ros1_bridge) by extension 'ignore'
[1.016s] Level 1:colcon.colcon_core.package_identification:_identify(src/ros1_bridge) by extension 'ignore_ament_install'
[1.016s] Level 1:colcon.colcon_core.package_identification:_identify(src/ros1_bridge) by extensions ['colcon_pkg']
[1.016s] Level 1:colcon.colcon_core.package_identification:_identify(src/ros1_bridge) by extension 'colcon_pkg'
[1.017s] Level 1:colcon.colcon_core.package_identification:_identify(src/ros1_bridge) by extensions ['colcon_meta']
[1.017s] Level 1:colcon.colcon_core.package_identification:_identify(src/ros1_bridge) by extension 'colcon_meta'
[1.017s] Level 1:colcon.colcon_core.package_identification:_identify(src/ros1_bridge) by extensions ['ros']
[1.017s] Level 1:colcon.colcon_core.package_identification:_identify(src/ros1_bridge) by extension 'ros'
[1.022s] DEBUG:colcon.colcon_core.package_identification:Package 'src/ros1_bridge' with type 'ros.ament_cmake' and name 'ros1_bridge'
[1.022s] Level 1:colcon.colcon_core.package_discovery:discover_packages(recursive) using defaults
[1.023s] Level 1:colcon.colcon_core.package_discovery:discover_packages(ignore) discover
[1.023s] Level 1:colcon.colcon_core.package_discovery:discover_packages(ignore) using defaults
[1.024s] Level 1:colcon.colcon_core.package_discovery:discover_packages(path) discover
[1.024s] Level 1:colcon.colcon_core.package_discovery:discover_packages(path) using defaults
[1.134s] Level 5:colcon.colcon_core.verb:set package 'multi_rtd_interfaces' build argument 'cmake_args' from command line to 'None'
[1.135s] Level 5:colcon.colcon_core.verb:set package 'multi_rtd_interfaces' build argument 'cmake_target' from command line to 'None'
[1.135s] Level 5:colcon.colcon_core.verb:set package 'multi_rtd_interfaces' build argument 'cmake_target_skip_unavailable' from command line to 'False'
[1.135s] Level 5:colcon.colcon_core.verb:set package 'multi_rtd_interfaces' build argument 'cmake_clean_cache' from command line to 'False'
[1.135s] Level 5:colcon.colcon_core.verb:set package 'multi_rtd_interfaces' build argument 'cmake_clean_first' from command line to 'False'
[1.135s] Level 5:colcon.colcon_core.verb:set package 'multi_rtd_interfaces' build argument 'cmake_force_configure' from command line to 'False'
[1.135s] Level 5:colcon.colcon_core.verb:set package 'multi_rtd_interfaces' build argument 'ament_cmake_args' from command line to 'None'
[1.135s] Level 5:colcon.colcon_core.verb:set package 'multi_rtd_interfaces' build argument 'catkin_cmake_args' from command line to 'None'
[1.136s] Level 5:colcon.colcon_core.verb:set package 'multi_rtd_interfaces' build argument 'catkin_skip_building_tests' from command line to 'False'
[1.136s] DEBUG:colcon.colcon_core.verb:Building package 'multi_rtd_interfaces' with the following arguments: {'ament_cmake_args': None, 'build_base': '/home/navlab-tx2-4/px4_ros_com_ros2/build/multi_rtd_interfaces', 'catkin_cmake_args': None, 'catkin_skip_building_tests': False, 'cmake_args': None, 'cmake_clean_cache': False, 'cmake_clean_first': False, 'cmake_force_configure': False, 'cmake_target': None, 'cmake_target_skip_unavailable': False, 'install_base': '/home/navlab-tx2-4/px4_ros_com_ros2/install/multi_rtd_interfaces', 'merge_install': False, 'path': '/home/navlab-tx2-4/px4_ros_com_ros2/src/px4_multi_agent_planning/multi_rtd_interfaces', 'symlink_install': False, 'test_result_base': None}
[1.153s] Level 5:colcon.colcon_core.verb:set package 'px4_msgs' build argument 'cmake_args' from command line to 'None'
[1.153s] Level 5:colcon.colcon_core.verb:set package 'px4_msgs' build argument 'cmake_target' from command line to 'None'
[1.153s] Level 5:colcon.colcon_core.verb:set package 'px4_msgs' build argument 'cmake_target_skip_unavailable' from command line to 'False'
[1.154s] Level 5:colcon.colcon_core.verb:set package 'px4_msgs' build argument 'cmake_clean_cache' from command line to 'False'
[1.154s] Level 5:colcon.colcon_core.verb:set package 'px4_msgs' build argument 'cmake_clean_first' from command line to 'False'
[1.154s] Level 5:colcon.colcon_core.verb:set package 'px4_msgs' build argument 'cmake_force_configure' from command line to 'False'
[1.154s] Level 5:colcon.colcon_core.verb:set package 'px4_msgs' build argument 'ament_cmake_args' from command line to 'None'
[1.154s] Level 5:colcon.colcon_core.verb:set package 'px4_msgs' build argument 'catkin_cmake_args' from command line to 'None'
[1.155s] Level 5:colcon.colcon_core.verb:set package 'px4_msgs' build argument 'catkin_skip_building_tests' from command line to 'False'
[1.155s] DEBUG:colcon.colcon_core.verb:Building package 'px4_msgs' with the following arguments: {'ament_cmake_args': None, 'build_base': '/home/navlab-tx2-4/px4_ros_com_ros2/build/px4_msgs', 'catkin_cmake_args': None, 'catkin_skip_building_tests': False, 'cmake_args': None, 'cmake_clean_cache': False, 'cmake_clean_first': False, 'cmake_force_configure': False, 'cmake_target': None, 'cmake_target_skip_unavailable': False, 'install_base': '/home/navlab-tx2-4/px4_ros_com_ros2/install/px4_msgs', 'merge_install': False, 'path': '/home/navlab-tx2-4/px4_ros_com_ros2/src/px4_msgs', 'symlink_install': False, 'test_result_base': None}
[1.174s] Level 5:colcon.colcon_core.verb:set package 'multi_rtd' build argument 'cmake_args' from command line to 'None'
[1.174s] Level 5:colcon.colcon_core.verb:set package 'multi_rtd' build argument 'cmake_target' from command line to 'None'
[1.175s] Level 5:colcon.colcon_core.verb:set package 'multi_rtd' build argument 'cmake_target_skip_unavailable' from command line to 'False'
[1.175s] Level 5:colcon.colcon_core.verb:set package 'multi_rtd' build argument 'cmake_clean_cache' from command line to 'False'
[1.175s] Level 5:colcon.colcon_core.verb:set package 'multi_rtd' build argument 'cmake_clean_first' from command line to 'False'
[1.175s] Level 5:colcon.colcon_core.verb:set package 'multi_rtd' build argument 'cmake_force_configure' from command line to 'False'
[1.175s] Level 5:colcon.colcon_core.verb:set package 'multi_rtd' build argument 'ament_cmake_args' from command line to 'None'
[1.175s] Level 5:colcon.colcon_core.verb:set package 'multi_rtd' build argument 'catkin_cmake_args' from command line to 'None'
[1.175s] Level 5:colcon.colcon_core.verb:set package 'multi_rtd' build argument 'catkin_skip_building_tests' from command line to 'False'
[1.176s] DEBUG:colcon.colcon_core.verb:Building package 'multi_rtd' with the following arguments: {'ament_cmake_args': None, 'build_base': '/home/navlab-tx2-4/px4_ros_com_ros2/build/multi_rtd', 'catkin_cmake_args': None, 'catkin_skip_building_tests': False, 'cmake_args': None, 'cmake_clean_cache': False, 'cmake_clean_first': False, 'cmake_force_configure': False, 'cmake_target': None, 'cmake_target_skip_unavailable': False, 'install_base': '/home/navlab-tx2-4/px4_ros_com_ros2/install/multi_rtd', 'merge_install': False, 'path': '/home/navlab-tx2-4/px4_ros_com_ros2/src/px4_multi_agent_planning/multi_rtd', 'symlink_install': False, 'test_result_base': None}
[1.196s] Level 5:colcon.colcon_core.verb:set package 'offboard_ibqr' build argument 'cmake_args' from command line to 'None'
[1.197s] Level 5:colcon.colcon_core.verb:set package 'offboard_ibqr' build argument 'cmake_target' from command line to 'None'
[1.197s] Level 5:colcon.colcon_core.verb:set package 'offboard_ibqr' build argument 'cmake_target_skip_unavailable' from command line to 'False'
[1.197s] Level 5:colcon.colcon_core.verb:set package 'offboard_ibqr' build argument 'cmake_clean_cache' from command line to 'False'
[1.197s] Level 5:colcon.colcon_core.verb:set package 'offboard_ibqr' build argument 'cmake_clean_first' from command line to 'False'
[1.197s] Level 5:colcon.colcon_core.verb:set package 'offboard_ibqr' build argument 'cmake_force_configure' from command line to 'False'
[1.197s] Level 5:colcon.colcon_core.verb:set package 'offboard_ibqr' build argument 'ament_cmake_args' from command line to 'None'
[1.198s] Level 5:colcon.colcon_core.verb:set package 'offboard_ibqr' build argument 'catkin_cmake_args' from command line to 'None'
[1.198s] Level 5:colcon.colcon_core.verb:set package 'offboard_ibqr' build argument 'catkin_skip_building_tests' from command line to 'False'
[1.198s] DEBUG:colcon.colcon_core.verb:Building package 'offboard_ibqr' with the following arguments: {'ament_cmake_args': None, 'build_base': '/home/navlab-tx2-4/px4_ros_com_ros2/build/offboard_ibqr', 'catkin_cmake_args': None, 'catkin_skip_building_tests': False, 'cmake_args': None, 'cmake_clean_cache': False, 'cmake_clean_first': False, 'cmake_force_configure': False, 'cmake_target': None, 'cmake_target_skip_unavailable': False, 'install_base': '/home/navlab-tx2-4/px4_ros_com_ros2/install/offboard_ibqr', 'merge_install': False, 'path': '/home/navlab-tx2-4/px4_ros_com_ros2/src/px4_multi_agent_planning/offboard_ibqr', 'symlink_install': False, 'test_result_base': None}
[1.215s] Level 5:colcon.colcon_core.verb:set package 'px4_ros_com' build argument 'cmake_args' from command line to 'None'
[1.215s] Level 5:colcon.colcon_core.verb:set package 'px4_ros_com' build argument 'cmake_target' from command line to 'None'
[1.215s] Level 5:colcon.colcon_core.verb:set package 'px4_ros_com' build argument 'cmake_target_skip_unavailable' from command line to 'False'
[1.215s] Level 5:colcon.colcon_core.verb:set package 'px4_ros_com' build argument 'cmake_clean_cache' from command line to 'False'
[1.216s] Level 5:colcon.colcon_core.verb:set package 'px4_ros_com' build argument 'cmake_clean_first' from command line to 'False'
[1.216s] Level 5:colcon.colcon_core.verb:set package 'px4_ros_com' build argument 'cmake_force_configure' from command line to 'False'
[1.216s] Level 5:colcon.colcon_core.verb:set package 'px4_ros_com' build argument 'ament_cmake_args' from command line to 'None'
[1.216s] Level 5:colcon.colcon_core.verb:set package 'px4_ros_com' build argument 'catkin_cmake_args' from command line to 'None'
[1.216s] Level 5:colcon.colcon_core.verb:set package 'px4_ros_com' build argument 'catkin_skip_building_tests' from command line to 'False'
[1.216s] DEBUG:colcon.colcon_core.verb:Building package 'px4_ros_com' with the following arguments: {'ament_cmake_args': None, 'build_base': '/home/navlab-tx2-4/px4_ros_com_ros2/build/px4_ros_com', 'catkin_cmake_args': None, 'catkin_skip_building_tests': False, 'cmake_args': None, 'cmake_clean_cache': False, 'cmake_clean_first': False, 'cmake_force_configure': False, 'cmake_target': None, 'cmake_target_skip_unavailable': False, 'install_base': '/home/navlab-tx2-4/px4_ros_com_ros2/install/px4_ros_com', 'merge_install': False, 'path': '/home/navlab-tx2-4/px4_ros_com_ros2/src/px4_ros_com', 'symlink_install': False, 'test_result_base': None}
[1.233s] Level 5:colcon.colcon_core.verb:set package 'ros1_bridge' build argument 'cmake_args' from command line to 'None'
[1.234s] Level 5:colcon.colcon_core.verb:set package 'ros1_bridge' build argument 'cmake_target' from command line to 'None'
[1.234s] Level 5:colcon.colcon_core.verb:set package 'ros1_bridge' build argument 'cmake_target_skip_unavailable' from command line to 'False'
[1.234s] Level 5:colcon.colcon_core.verb:set package 'ros1_bridge' build argument 'cmake_clean_cache' from command line to 'False'
[1.234s] Level 5:colcon.colcon_core.verb:set package 'ros1_bridge' build argument 'cmake_clean_first' from command line to 'False'
[1.234s] Level 5:colcon.colcon_core.verb:set package 'ros1_bridge' build argument 'cmake_force_configure' from command line to 'False'
[1.234s] Level 5:colcon.colcon_core.verb:set package 'ros1_bridge' build argument 'ament_cmake_args' from command line to 'None'
[1.235s] Level 5:colcon.colcon_core.verb:set package 'ros1_bridge' build argument 'catkin_cmake_args' from command line to 'None'
[1.235s] Level 5:colcon.colcon_core.verb:set package 'ros1_bridge' build argument 'catkin_skip_building_tests' from command line to 'False'
[1.235s] DEBUG:colcon.colcon_core.verb:Building package 'ros1_bridge' with the following arguments: {'ament_cmake_args': None, 'build_base': '/home/navlab-tx2-4/px4_ros_com_ros2/build/ros1_bridge', 'catkin_cmake_args': None, 'catkin_skip_building_tests': False, 'cmake_args': None, 'cmake_clean_cache': False, 'cmake_clean_first': False, 'cmake_force_configure': False, 'cmake_target': None, 'cmake_target_skip_unavailable': False, 'install_base': '/home/navlab-tx2-4/px4_ros_com_ros2/install/ros1_bridge', 'merge_install': False, 'path': '/home/navlab-tx2-4/px4_ros_com_ros2/src/ros1_bridge', 'symlink_install': False, 'test_result_base': None}
[1.236s] INFO:colcon.colcon_core.executor:Executing jobs using 'parallel' executor
[1.247s] DEBUG:colcon.colcon_parallel_executor.executor.parallel:run_until_complete
[1.249s] INFO:colcon.colcon_ros.task.ament_cmake.build:Building ROS package in '/home/navlab-tx2-4/px4_ros_com_ros2/src/px4_msgs' with build type 'ament_cmake'
[1.250s] INFO:colcon.colcon_cmake.task.cmake.build:Building CMake package in '/home/navlab-tx2-4/px4_ros_com_ros2/src/px4_msgs'
[1.311s] INFO:colcon.colcon_core.plugin_system:Skipping extension 'colcon_core.shell.bat': Not used on non-Windows systems
[1.312s] INFO:colcon.colcon_core.shell:Skip shell extension 'powershell' for command environment: Not usable outside of PowerShell
[1.312s] DEBUG:colcon.colcon_core.shell:Skip shell extension 'dsv' for command environment
[1.326s] DEBUG:colcon.colcon_core.shell:Ignoring prefix path '/opt/ros/eloquent'
[1.335s] INFO:colcon.colcon_ros.task.ament_cmake.build:Building ROS package in '/home/navlab-tx2-4/px4_ros_com_ros2/src/px4_multi_agent_planning/multi_rtd_interfaces' with build type 'ament_cmake'
[1.336s] INFO:colcon.colcon_cmake.task.cmake.build:Building CMake package in '/home/navlab-tx2-4/px4_ros_com_ros2/src/px4_multi_agent_planning/multi_rtd_interfaces'
[1.340s] INFO:colcon.colcon_core.shell:Skip shell extension 'powershell' for command environment: Not usable outside of PowerShell
[1.341s] DEBUG:colcon.colcon_core.shell:Skip shell extension 'dsv' for command environment
[1.354s] DEBUG:colcon.colcon_core.shell:Ignoring prefix path '/opt/ros/eloquent'
[1.388s] DEBUG:colcon.colcon_core.event_handler.log_command:Invoking command in '/home/navlab-tx2-4/px4_ros_com_ros2/build/px4_msgs': CMAKE_PREFIX_PATH=${CMAKE_PREFIX_PATH}:/opt/ros/eloquent /usr/bin/cmake --build /home/navlab-tx2-4/px4_ros_com_ros2/build/px4_msgs -- -j4 -l4
[1.425s] DEBUG:colcon.colcon_core.event_handler.log_command:Invoking command in '/home/navlab-tx2-4/px4_ros_com_ros2/build/multi_rtd_interfaces': CMAKE_PREFIX_PATH=${CMAKE_PREFIX_PATH}:/opt/ros/eloquent /usr/bin/cmake --build /home/navlab-tx2-4/px4_ros_com_ros2/build/multi_rtd_interfaces -- -j4 -l4
[2.408s] DEBUG:colcon.colcon_core.event_handler.log_command:Invoked command in '/home/navlab-tx2-4/px4_ros_com_ros2/build/multi_rtd_interfaces' returned '0': CMAKE_PREFIX_PATH=${CMAKE_PREFIX_PATH}:/opt/ros/eloquent /usr/bin/cmake --build /home/navlab-tx2-4/px4_ros_com_ros2/build/multi_rtd_interfaces -- -j4 -l4
[2.667s] DEBUG:colcon.colcon_core.event_handler.log_command:Invoking command in '/home/navlab-tx2-4/px4_ros_com_ros2/build/multi_rtd_interfaces': CMAKE_PREFIX_PATH=${CMAKE_PREFIX_PATH}:/opt/ros/eloquent /usr/bin/cmake --build /home/navlab-tx2-4/px4_ros_com_ros2/build/multi_rtd_interfaces --target install -- -j4 -l4
[4.095s] Level 1:colcon.colcon_core.environment:create_environment_scripts_only(multi_rtd_interfaces)
[4.109s] DEBUG:colcon.colcon_core.event_handler.log_command:Invoked command in '/home/navlab-tx2-4/px4_ros_com_ros2/build/multi_rtd_interfaces' returned '0': CMAKE_PREFIX_PATH=${CMAKE_PREFIX_PATH}:/opt/ros/eloquent /usr/bin/cmake --build /home/navlab-tx2-4/px4_ros_com_ros2/build/multi_rtd_interfaces --target install -- -j4 -l4
[4.115s] Level 1:colcon.colcon_core.environment:checking '/home/navlab-tx2-4/px4_ros_com_ros2/install/multi_rtd_interfaces' for CMake module files
[4.118s] Level 1:colcon.colcon_core.environment:checking '/home/navlab-tx2-4/px4_ros_com_ros2/install/multi_rtd_interfaces' for CMake config files
[4.121s] Level 1:colcon.colcon_core.shell:create_environment_hook('multi_rtd_interfaces', 'cmake_prefix_path')
[4.126s] INFO:colcon.colcon_core.shell:Creating environment hook '/home/navlab-tx2-4/px4_ros_com_ros2/install/multi_rtd_interfaces/share/multi_rtd_interfaces/hook/cmake_prefix_path.ps1'
[4.130s] INFO:colcon.colcon_core.shell:Creating environment descriptor '/home/navlab-tx2-4/px4_ros_com_ros2/install/multi_rtd_interfaces/share/multi_rtd_interfaces/hook/cmake_prefix_path.dsv'
[4.132s] INFO:colcon.colcon_core.shell:Creating environment hook '/home/navlab-tx2-4/px4_ros_com_ros2/install/multi_rtd_interfaces/share/multi_rtd_interfaces/hook/cmake_prefix_path.sh'
[4.139s] Level 1:colcon.colcon_core.environment:checking '/home/navlab-tx2-4/px4_ros_com_ros2/install/multi_rtd_interfaces/lib'
[4.140s] Level 1:colcon.colcon_core.shell:create_environment_hook('multi_rtd_interfaces', 'ld_library_path_lib')
[4.144s] INFO:colcon.colcon_core.shell:Creating environment hook '/home/navlab-tx2-4/px4_ros_com_ros2/install/multi_rtd_interfaces/share/multi_rtd_interfaces/hook/ld_library_path_lib.ps1'
[4.147s] INFO:colcon.colcon_core.shell:Creating environment descriptor '/home/navlab-tx2-4/px4_ros_com_ros2/install/multi_rtd_interfaces/share/multi_rtd_interfaces/hook/ld_library_path_lib.dsv'
[4.149s] INFO:colcon.colcon_core.shell:Creating environment hook '/home/navlab-tx2-4/px4_ros_com_ros2/install/multi_rtd_interfaces/share/multi_rtd_interfaces/hook/ld_library_path_lib.sh'
[4.150s] Level 1:colcon.colcon_core.environment:checking '/home/navlab-tx2-4/px4_ros_com_ros2/install/multi_rtd_interfaces/bin'
[4.151s] Level 1:colcon.colcon_core.environment:checking '/home/navlab-tx2-4/px4_ros_com_ros2/install/multi_rtd_interfaces/lib/pkgconfig/multi_rtd_interfaces.pc'
[4.151s] Level 1:colcon.colcon_core.environment:checking '/home/navlab-tx2-4/px4_ros_com_ros2/install/multi_rtd_interfaces/lib/python3.6/site-packages'
[4.152s] Level 1:colcon.colcon_core.shell:create_environment_hook('multi_rtd_interfaces', 'pythonpath')
[4.158s] INFO:colcon.colcon_core.shell:Creating environment hook '/home/navlab-tx2-4/px4_ros_com_ros2/install/multi_rtd_interfaces/share/multi_rtd_interfaces/hook/pythonpath.ps1'
[4.161s] INFO:colcon.colcon_core.shell:Creating environment descriptor '/home/navlab-tx2-4/px4_ros_com_ros2/install/multi_rtd_interfaces/share/multi_rtd_interfaces/hook/pythonpath.dsv'
[4.163s] INFO:colcon.colcon_core.shell:Creating environment hook '/home/navlab-tx2-4/px4_ros_com_ros2/install/multi_rtd_interfaces/share/multi_rtd_interfaces/hook/pythonpath.sh'
[4.169s] INFO:colcon.colcon_core.shell:Creating package script '/home/navlab-tx2-4/px4_ros_com_ros2/install/multi_rtd_interfaces/share/multi_rtd_interfaces/package.ps1'
[4.175s] INFO:colcon.colcon_core.shell:Creating package descriptor '/home/navlab-tx2-4/px4_ros_com_ros2/install/multi_rtd_interfaces/share/multi_rtd_interfaces/package.dsv'
[4.178s] INFO:colcon.colcon_core.shell:Creating package script '/home/navlab-tx2-4/px4_ros_com_ros2/install/multi_rtd_interfaces/share/multi_rtd_interfaces/package.sh'
[4.183s] INFO:colcon.colcon_core.shell:Creating package script '/home/navlab-tx2-4/px4_ros_com_ros2/install/multi_rtd_interfaces/share/multi_rtd_interfaces/package.bash'
[4.187s] INFO:colcon.colcon_core.shell:Creating package script '/home/navlab-tx2-4/px4_ros_com_ros2/install/multi_rtd_interfaces/share/multi_rtd_interfaces/package.zsh'
[4.192s] Level 1:colcon.colcon_core.environment:create_file_with_runtime_dependencies(/home/navlab-tx2-4/px4_ros_com_ros2/install/multi_rtd_interfaces/share/colcon-core/packages/multi_rtd_interfaces)
[4.413s] Level 1:colcon.colcon_core.environment:create_environment_scripts_only(multi_rtd_interfaces)
[4.418s] Level 1:colcon.colcon_core.environment:checking '/home/navlab-tx2-4/px4_ros_com_ros2/install/multi_rtd_interfaces' for CMake module files
[4.421s] Level 1:colcon.colcon_core.environment:checking '/home/navlab-tx2-4/px4_ros_com_ros2/install/multi_rtd_interfaces' for CMake config files
[4.423s] Level 1:colcon.colcon_core.shell:create_environment_hook('multi_rtd_interfaces', 'cmake_prefix_path')
[4.426s] INFO:colcon.colcon_core.shell:Creating environment hook '/home/navlab-tx2-4/px4_ros_com_ros2/install/multi_rtd_interfaces/share/multi_rtd_interfaces/hook/cmake_prefix_path.ps1'
[4.428s] INFO:colcon.colcon_core.shell:Creating environment descriptor '/home/navlab-tx2-4/px4_ros_com_ros2/install/multi_rtd_interfaces/share/multi_rtd_interfaces/hook/cmake_prefix_path.dsv'
[4.430s] INFO:colcon.colcon_core.shell:Creating environment hook '/home/navlab-tx2-4/px4_ros_com_ros2/install/multi_rtd_interfaces/share/multi_rtd_interfaces/hook/cmake_prefix_path.sh'
[4.433s] Level 1:colcon.colcon_core.environment:checking '/home/navlab-tx2-4/px4_ros_com_ros2/install/multi_rtd_interfaces/lib'
[4.433s] Level 1:colcon.colcon_core.shell:create_environment_hook('multi_rtd_interfaces', 'ld_library_path_lib')
[4.436s] INFO:colcon.colcon_core.shell:Creating environment hook '/home/navlab-tx2-4/px4_ros_com_ros2/install/multi_rtd_interfaces/share/multi_rtd_interfaces/hook/ld_library_path_lib.ps1'
[4.438s] INFO:colcon.colcon_core.shell:Creating environment descriptor '/home/navlab-tx2-4/px4_ros_com_ros2/install/multi_rtd_interfaces/share/multi_rtd_interfaces/hook/ld_library_path_lib.dsv'
[4.439s] INFO:colcon.colcon_core.shell:Creating environment hook '/home/navlab-tx2-4/px4_ros_com_ros2/install/multi_rtd_interfaces/share/multi_rtd_interfaces/hook/ld_library_path_lib.sh'
[4.440s] Level 1:colcon.colcon_core.environment:checking '/home/navlab-tx2-4/px4_ros_com_ros2/install/multi_rtd_interfaces/bin'
[4.441s] Level 1:colcon.colcon_core.environment:checking '/home/navlab-tx2-4/px4_ros_com_ros2/install/multi_rtd_interfaces/lib/pkgconfig/multi_rtd_interfaces.pc'
[4.441s] Level 1:colcon.colcon_core.environment:checking '/home/navlab-tx2-4/px4_ros_com_ros2/install/multi_rtd_interfaces/lib/python3.6/site-packages'
[4.441s] Level 1:colcon.colcon_core.shell:create_environment_hook('multi_rtd_interfaces', 'pythonpath')
[4.444s] INFO:colcon.colcon_core.shell:Creating environment hook '/home/navlab-tx2-4/px4_ros_com_ros2/install/multi_rtd_interfaces/share/multi_rtd_interfaces/hook/pythonpath.ps1'
[4.446s] INFO:colcon.colcon_core.shell:Creating environment descriptor '/home/navlab-tx2-4/px4_ros_com_ros2/install/multi_rtd_interfaces/share/multi_rtd_interfaces/hook/pythonpath.dsv'
[4.448s] INFO:colcon.colcon_core.shell:Creating environment hook '/home/navlab-tx2-4/px4_ros_com_ros2/install/multi_rtd_interfaces/share/multi_rtd_interfaces/hook/pythonpath.sh'
[4.453s] INFO:colcon.colcon_core.shell:Creating package script '/home/navlab-tx2-4/px4_ros_com_ros2/install/multi_rtd_interfaces/share/multi_rtd_interfaces/package.ps1'
[4.456s] INFO:colcon.colcon_core.shell:Creating package descriptor '/home/navlab-tx2-4/px4_ros_com_ros2/install/multi_rtd_interfaces/share/multi_rtd_interfaces/package.dsv'
[4.459s] INFO:colcon.colcon_core.shell:Creating package script '/home/navlab-tx2-4/px4_ros_com_ros2/install/multi_rtd_interfaces/share/multi_rtd_interfaces/package.sh'
[4.461s] INFO:colcon.colcon_core.shell:Creating package script '/home/navlab-tx2-4/px4_ros_com_ros2/install/multi_rtd_interfaces/share/multi_rtd_interfaces/package.bash'
[4.463s] INFO:colcon.colcon_core.shell:Creating package script '/home/navlab-tx2-4/px4_ros_com_ros2/install/multi_rtd_interfaces/share/multi_rtd_interfaces/package.zsh'
[4.465s] Level 1:colcon.colcon_core.environment:create_file_with_runtime_dependencies(/home/navlab-tx2-4/px4_ros_com_ros2/install/multi_rtd_interfaces/share/colcon-core/packages/multi_rtd_interfaces)
[4.467s] INFO:colcon.colcon_ros.task.ament_python.build:Building ROS package in '/home/navlab-tx2-4/px4_ros_com_ros2/src/px4_multi_agent_planning/multi_rtd' with build type 'ament_python'
[4.467s] Level 1:colcon.colcon_core.shell:create_environment_hook('multi_rtd', 'ament_prefix_path')
[4.471s] INFO:colcon.colcon_core.shell:Creating environment hook '/home/navlab-tx2-4/px4_ros_com_ros2/install/multi_rtd/share/multi_rtd/hook/ament_prefix_path.ps1'
[4.474s] INFO:colcon.colcon_core.shell:Creating environment descriptor '/home/navlab-tx2-4/px4_ros_com_ros2/install/multi_rtd/share/multi_rtd/hook/ament_prefix_path.dsv'
[4.475s] INFO:colcon.colcon_core.shell:Creating environment hook '/home/navlab-tx2-4/px4_ros_com_ros2/install/multi_rtd/share/multi_rtd/hook/ament_prefix_path.sh'
[4.479s] INFO:colcon.colcon_core.shell:Skip shell extension 'powershell' for command environment: Not usable outside of PowerShell
[4.480s] DEBUG:colcon.colcon_core.shell:Skip shell extension 'dsv' for command environment
[4.493s] DEBUG:colcon.colcon_core.shell:Ignoring prefix path '/opt/ros/eloquent'
[5.669s] INFO:colcon.colcon_core.task.python.build:Building Python package in '/home/navlab-tx2-4/px4_ros_com_ros2/src/px4_multi_agent_planning/multi_rtd'
[5.673s] INFO:colcon.colcon_core.shell:Skip shell extension 'powershell' for command environment: Not usable outside of PowerShell
[5.673s] DEBUG:colcon.colcon_core.shell:Skip shell extension 'dsv' for command environment
[5.687s] DEBUG:colcon.colcon_core.shell:Ignoring prefix path '/opt/ros/eloquent'
[5.704s] DEBUG:colcon.colcon_core.event_handler.log_command:Invoked command in '/home/navlab-tx2-4/px4_ros_com_ros2/build/px4_msgs' returned '0': CMAKE_PREFIX_PATH=${CMAKE_PREFIX_PATH}:/opt/ros/eloquent /usr/bin/cmake --build /home/navlab-tx2-4/px4_ros_com_ros2/build/px4_msgs -- -j4 -l4
[5.736s] DEBUG:colcon.colcon_core.event_handler.log_command:Invoking command in '/home/navlab-tx2-4/px4_ros_com_ros2/src/px4_multi_agent_planning/multi_rtd': CMAKE_PREFIX_PATH=/home/navlab-tx2-4/px4_ros_com_ros2/install/multi_rtd_interfaces:/home/navlab-tx2-4/px4_ros_com_ros2/install/ros1_bridge:/home/navlab-tx2-4/px4_ros_com_ros2/install/px4_ros_com:/home/navlab-tx2-4/px4_ros_com_ros2/install/px4_msgs LD_LIBRARY_PATH=/home/navlab-tx2-4/px4_ros_com_ros2/install/multi_rtd_interfaces/lib:/home/navlab-tx2-4/px4_ros_com_ros2/install/px4_ros_com/lib:/home/navlab-tx2-4/px4_ros_com_ros2/install/px4_msgs/lib:/opt/ros/eloquent/opt/yaml_cpp_vendor/lib:/opt/ros/eloquent/opt/rviz_ogre_vendor/lib:/opt/ros/eloquent/lib/aarch64-linux-gnu:/opt/ros/eloquent/lib PYTHONPATH=/home/navlab-tx2-4/px4_ros_com_ros2/install/multi_rtd/lib/python3.6/site-packages:/home/navlab-tx2-4/px4_ros_com_ros2/install/multi_rtd_interfaces/lib/python3.6/site-packages:/home/navlab-tx2-4/px4_ros_com_ros2/install/px4_msgs/lib/python3.6/site-packages:/opt/ros/eloquent/lib/python3.6/site-packages /usr/bin/python3 setup.py egg_info --egg-base ../../../build/multi_rtd build --build-base /home/navlab-tx2-4/px4_ros_com_ros2/build/multi_rtd/build install --prefix /home/navlab-tx2-4/px4_ros_com_ros2/install/multi_rtd --record /home/navlab-tx2-4/px4_ros_com_ros2/build/multi_rtd/install.log --single-version-externally-managed
[7.362s] Level 1:colcon.colcon_core.environment:checking '/home/navlab-tx2-4/px4_ros_com_ros2/install/multi_rtd' for CMake module files
[7.366s] DEBUG:colcon.colcon_core.event_handler.log_command:Invoked command in '/home/navlab-tx2-4/px4_ros_com_ros2/src/px4_multi_agent_planning/multi_rtd' returned '0': CMAKE_PREFIX_PATH=/home/navlab-tx2-4/px4_ros_com_ros2/install/multi_rtd_interfaces:/home/navlab-tx2-4/px4_ros_com_ros2/install/ros1_bridge:/home/navlab-tx2-4/px4_ros_com_ros2/install/px4_ros_com:/home/navlab-tx2-4/px4_ros_com_ros2/install/px4_msgs LD_LIBRARY_PATH=/home/navlab-tx2-4/px4_ros_com_ros2/install/multi_rtd_interfaces/lib:/home/navlab-tx2-4/px4_ros_com_ros2/install/px4_ros_com/lib:/home/navlab-tx2-4/px4_ros_com_ros2/install/px4_msgs/lib:/opt/ros/eloquent/opt/yaml_cpp_vendor/lib:/opt/ros/eloquent/opt/rviz_ogre_vendor/lib:/opt/ros/eloquent/lib/aarch64-linux-gnu:/opt/ros/eloquent/lib PYTHONPATH=/home/navlab-tx2-4/px4_ros_com_ros2/install/multi_rtd/lib/python3.6/site-packages:/home/navlab-tx2-4/px4_ros_com_ros2/install/multi_rtd_interfaces/lib/python3.6/site-packages:/home/navlab-tx2-4/px4_ros_com_ros2/install/px4_msgs/lib/python3.6/site-packages:/opt/ros/eloquent/lib/python3.6/site-packages /usr/bin/python3 setup.py egg_info --egg-base ../../../build/multi_rtd build --build-base /home/navlab-tx2-4/px4_ros_com_ros2/build/multi_rtd/build install --prefix /home/navlab-tx2-4/px4_ros_com_ros2/install/multi_rtd --record /home/navlab-tx2-4/px4_ros_com_ros2/build/multi_rtd/install.log --single-version-externally-managed
[7.367s] Level 1:colcon.colcon_core.environment:checking '/home/navlab-tx2-4/px4_ros_com_ros2/install/multi_rtd' for CMake config files
[7.371s] Level 1:colcon.colcon_core.environment:checking '/home/navlab-tx2-4/px4_ros_com_ros2/install/multi_rtd/lib'
[7.371s] Level 1:colcon.colcon_core.environment:checking '/home/navlab-tx2-4/px4_ros_com_ros2/install/multi_rtd/bin'
[7.372s] Level 1:colcon.colcon_core.environment:checking '/home/navlab-tx2-4/px4_ros_com_ros2/install/multi_rtd/lib/pkgconfig/multi_rtd.pc'
[7.372s] Level 1:colcon.colcon_core.environment:checking '/home/navlab-tx2-4/px4_ros_com_ros2/install/multi_rtd/lib/python3.6/site-packages'
[7.372s] Level 1:colcon.colcon_core.shell:create_environment_hook('multi_rtd', 'pythonpath')
[7.376s] INFO:colcon.colcon_core.shell:Creating environment hook '/home/navlab-tx2-4/px4_ros_com_ros2/install/multi_rtd/share/multi_rtd/hook/pythonpath.ps1'
[7.378s] INFO:colcon.colcon_core.shell:Creating environment descriptor '/home/navlab-tx2-4/px4_ros_com_ros2/install/multi_rtd/share/multi_rtd/hook/pythonpath.dsv'
[7.379s] INFO:colcon.colcon_core.shell:Creating environment hook '/home/navlab-tx2-4/px4_ros_com_ros2/install/multi_rtd/share/multi_rtd/hook/pythonpath.sh'
[7.381s] Level 1:colcon.colcon_core.environment:create_environment_scripts_only(multi_rtd)
[7.385s] INFO:colcon.colcon_core.shell:Creating package script '/home/navlab-tx2-4/px4_ros_com_ros2/install/multi_rtd/share/multi_rtd/package.ps1'
[7.388s] INFO:colcon.colcon_core.shell:Creating package descriptor '/home/navlab-tx2-4/px4_ros_com_ros2/install/multi_rtd/share/multi_rtd/package.dsv'
[7.393s] INFO:colcon.colcon_core.shell:Creating package script '/home/navlab-tx2-4/px4_ros_com_ros2/install/multi_rtd/share/multi_rtd/package.sh'
[7.397s] INFO:colcon.colcon_core.shell:Creating package script '/home/navlab-tx2-4/px4_ros_com_ros2/install/multi_rtd/share/multi_rtd/package.bash'
[7.399s] INFO:colcon.colcon_core.shell:Creating package script '/home/navlab-tx2-4/px4_ros_com_ros2/install/multi_rtd/share/multi_rtd/package.zsh'
[7.401s] Level 1:colcon.colcon_core.environment:create_file_with_runtime_dependencies(/home/navlab-tx2-4/px4_ros_com_ros2/install/multi_rtd/share/colcon-core/packages/multi_rtd)
[22.848s] DEBUG:colcon.colcon_core.event_handler.log_command:Invoking command in '/home/navlab-tx2-4/px4_ros_com_ros2/build/px4_msgs': CMAKE_PREFIX_PATH=${CMAKE_PREFIX_PATH}:/opt/ros/eloquent /usr/bin/cmake --build /home/navlab-tx2-4/px4_ros_com_ros2/build/px4_msgs --target install -- -j4 -l4
[27.879s] Level 1:colcon.colcon_core.environment:create_environment_scripts_only(px4_msgs)
[27.884s] Level 1:colcon.colcon_core.environment:checking '/home/navlab-tx2-4/px4_ros_com_ros2/install/px4_msgs' for CMake module files
[27.889s] DEBUG:colcon.colcon_core.event_handler.log_command:Invoked command in '/home/navlab-tx2-4/px4_ros_com_ros2/build/px4_msgs' returned '0': CMAKE_PREFIX_PATH=${CMAKE_PREFIX_PATH}:/opt/ros/eloquent /usr/bin/cmake --build /home/navlab-tx2-4/px4_ros_com_ros2/build/px4_msgs --target install -- -j4 -l4
[27.891s] Level 1:colcon.colcon_core.environment:checking '/home/navlab-tx2-4/px4_ros_com_ros2/install/px4_msgs' for CMake config files
[27.947s] Level 1:colcon.colcon_core.shell:create_environment_hook('px4_msgs', 'cmake_prefix_path')
[27.950s] INFO:colcon.colcon_core.shell:Creating environment hook '/home/navlab-tx2-4/px4_ros_com_ros2/install/px4_msgs/share/px4_msgs/hook/cmake_prefix_path.ps1'
[27.952s] INFO:colcon.colcon_core.shell:Creating environment descriptor '/home/navlab-tx2-4/px4_ros_com_ros2/install/px4_msgs/share/px4_msgs/hook/cmake_prefix_path.dsv'
[27.953s] INFO:colcon.colcon_core.shell:Creating environment hook '/home/navlab-tx2-4/px4_ros_com_ros2/install/px4_msgs/share/px4_msgs/hook/cmake_prefix_path.sh'
[27.956s] Level 1:colcon.colcon_core.environment:checking '/home/navlab-tx2-4/px4_ros_com_ros2/install/px4_msgs/lib'
[27.956s] Level 1:colcon.colcon_core.shell:create_environment_hook('px4_msgs', 'ld_library_path_lib')
[27.959s] INFO:colcon.colcon_core.shell:Creating environment hook '/home/navlab-tx2-4/px4_ros_com_ros2/install/px4_msgs/share/px4_msgs/hook/ld_library_path_lib.ps1'
[27.960s] INFO:colcon.colcon_core.shell:Creating environment descriptor '/home/navlab-tx2-4/px4_ros_com_ros2/install/px4_msgs/share/px4_msgs/hook/ld_library_path_lib.dsv'
[27.962s] INFO:colcon.colcon_core.shell:Creating environment hook '/home/navlab-tx2-4/px4_ros_com_ros2/install/px4_msgs/share/px4_msgs/hook/ld_library_path_lib.sh'
[27.963s] Level 1:colcon.colcon_core.environment:checking '/home/navlab-tx2-4/px4_ros_com_ros2/install/px4_msgs/bin'
[27.963s] Level 1:colcon.colcon_core.environment:checking '/home/navlab-tx2-4/px4_ros_com_ros2/install/px4_msgs/lib/pkgconfig/px4_msgs.pc'
[27.963s] Level 1:colcon.colcon_core.environment:checking '/home/navlab-tx2-4/px4_ros_com_ros2/install/px4_msgs/lib/python3.6/site-packages'
[27.964s] Level 1:colcon.colcon_core.shell:create_environment_hook('px4_msgs', 'pythonpath')
[27.966s] INFO:colcon.colcon_core.shell:Creating environment hook '/home/navlab-tx2-4/px4_ros_com_ros2/install/px4_msgs/share/px4_msgs/hook/pythonpath.ps1'
[27.967s] INFO:colcon.colcon_core.shell:Creating environment descriptor '/home/navlab-tx2-4/px4_ros_com_ros2/install/px4_msgs/share/px4_msgs/hook/pythonpath.dsv'
[27.969s] INFO:colcon.colcon_core.shell:Creating environment hook '/home/navlab-tx2-4/px4_ros_com_ros2/install/px4_msgs/share/px4_msgs/hook/pythonpath.sh'
[27.973s] INFO:colcon.colcon_core.shell:Creating package script '/home/navlab-tx2-4/px4_ros_com_ros2/install/px4_msgs/share/px4_msgs/package.ps1'
[27.975s] INFO:colcon.colcon_core.shell:Creating package descriptor '/home/navlab-tx2-4/px4_ros_com_ros2/install/px4_msgs/share/px4_msgs/package.dsv'
[27.977s] INFO:colcon.colcon_core.shell:Creating package script '/home/navlab-tx2-4/px4_ros_com_ros2/install/px4_msgs/share/px4_msgs/package.sh'
[27.978s] INFO:colcon.colcon_core.shell:Creating package script '/home/navlab-tx2-4/px4_ros_com_ros2/install/px4_msgs/share/px4_msgs/package.bash'
[27.982s] INFO:colcon.colcon_core.shell:Creating package script '/home/navlab-tx2-4/px4_ros_com_ros2/install/px4_msgs/share/px4_msgs/package.zsh'
[27.984s] Level 1:colcon.colcon_core.environment:create_file_with_runtime_dependencies(/home/navlab-tx2-4/px4_ros_com_ros2/install/px4_msgs/share/colcon-core/packages/px4_msgs)
[44.887s] Level 1:colcon.colcon_core.environment:create_environment_scripts_only(px4_msgs)
[44.891s] Level 1:colcon.colcon_core.environment:checking '/home/navlab-tx2-4/px4_ros_com_ros2/install/px4_msgs' for CMake module files
[44.894s] Level 1:colcon.colcon_core.environment:checking '/home/navlab-tx2-4/px4_ros_com_ros2/install/px4_msgs' for CMake config files
[44.944s] Level 1:colcon.colcon_core.shell:create_environment_hook('px4_msgs', 'cmake_prefix_path')
[44.949s] INFO:colcon.colcon_core.shell:Creating environment hook '/home/navlab-tx2-4/px4_ros_com_ros2/install/px4_msgs/share/px4_msgs/hook/cmake_prefix_path.ps1'
[44.952s] INFO:colcon.colcon_core.shell:Creating environment descriptor '/home/navlab-tx2-4/px4_ros_com_ros2/install/px4_msgs/share/px4_msgs/hook/cmake_prefix_path.dsv'
[44.954s] INFO:colcon.colcon_core.shell:Creating environment hook '/home/navlab-tx2-4/px4_ros_com_ros2/install/px4_msgs/share/px4_msgs/hook/cmake_prefix_path.sh'
[44.957s] Level 1:colcon.colcon_core.environment:checking '/home/navlab-tx2-4/px4_ros_com_ros2/install/px4_msgs/lib'
[44.957s] Level 1:colcon.colcon_core.shell:create_environment_hook('px4_msgs', 'ld_library_path_lib')
[44.960s] INFO:colcon.colcon_core.shell:Creating environment hook '/home/navlab-tx2-4/px4_ros_com_ros2/install/px4_msgs/share/px4_msgs/hook/ld_library_path_lib.ps1'
[44.961s] INFO:colcon.colcon_core.shell:Creating environment descriptor '/home/navlab-tx2-4/px4_ros_com_ros2/install/px4_msgs/share/px4_msgs/hook/ld_library_path_lib.dsv'
[44.963s] INFO:colcon.colcon_core.shell:Creating environment hook '/home/navlab-tx2-4/px4_ros_com_ros2/install/px4_msgs/share/px4_msgs/hook/ld_library_path_lib.sh'
[44.965s] Level 1:colcon.colcon_core.environment:checking '/home/navlab-tx2-4/px4_ros_com_ros2/install/px4_msgs/bin'
[44.966s] Level 1:colcon.colcon_core.environment:checking '/home/navlab-tx2-4/px4_ros_com_ros2/install/px4_msgs/lib/pkgconfig/px4_msgs.pc'
[44.966s] Level 1:colcon.colcon_core.environment:checking '/home/navlab-tx2-4/px4_ros_com_ros2/install/px4_msgs/lib/python3.6/site-packages'
[44.966s] Level 1:colcon.colcon_core.shell:create_environment_hook('px4_msgs', 'pythonpath')
[44.969s] INFO:colcon.colcon_core.shell:Creating environment hook '/home/navlab-tx2-4/px4_ros_com_ros2/install/px4_msgs/share/px4_msgs/hook/pythonpath.ps1'
[44.971s] INFO:colcon.colcon_core.shell:Creating environment descriptor '/home/navlab-tx2-4/px4_ros_com_ros2/install/px4_msgs/share/px4_msgs/hook/pythonpath.dsv'
[44.972s] INFO:colcon.colcon_core.shell:Creating environment hook '/home/navlab-tx2-4/px4_ros_com_ros2/install/px4_msgs/share/px4_msgs/hook/pythonpath.sh'
[44.977s] INFO:colcon.colcon_core.shell:Creating package script '/home/navlab-tx2-4/px4_ros_com_ros2/install/px4_msgs/share/px4_msgs/package.ps1'
[44.980s] INFO:colcon.colcon_core.shell:Creating package descriptor '/home/navlab-tx2-4/px4_ros_com_ros2/install/px4_msgs/share/px4_msgs/package.dsv'
[44.983s] INFO:colcon.colcon_core.shell:Creating package script '/home/navlab-tx2-4/px4_ros_com_ros2/install/px4_msgs/share/px4_msgs/package.sh'
[44.985s] INFO:colcon.colcon_core.shell:Creating package script '/home/navlab-tx2-4/px4_ros_com_ros2/install/px4_msgs/share/px4_msgs/package.bash'
[44.986s] INFO:colcon.colcon_core.shell:Creating package script '/home/navlab-tx2-4/px4_ros_com_ros2/install/px4_msgs/share/px4_msgs/package.zsh'
[44.988s] Level 1:colcon.colcon_core.environment:create_file_with_runtime_dependencies(/home/navlab-tx2-4/px4_ros_com_ros2/install/px4_msgs/share/colcon-core/packages/px4_msgs)
[44.989s] INFO:colcon.colcon_ros.task.ament_cmake.build:Building ROS package in '/home/navlab-tx2-4/px4_ros_com_ros2/src/px4_multi_agent_planning/offboard_ibqr' with build type 'ament_cmake'
[44.990s] INFO:colcon.colcon_cmake.task.cmake.build:Building CMake package in '/home/navlab-tx2-4/px4_ros_com_ros2/src/px4_multi_agent_planning/offboard_ibqr'
[44.993s] INFO:colcon.colcon_core.shell:Skip shell extension 'powershell' for command environment: Not usable outside of PowerShell
[44.993s] DEBUG:colcon.colcon_core.shell:Skip shell extension 'dsv' for command environment
[45.007s] DEBUG:colcon.colcon_core.shell:Ignoring prefix path '/opt/ros/eloquent'
[45.023s] INFO:colcon.colcon_ros.task.ament_cmake.build:Building ROS package in '/home/navlab-tx2-4/px4_ros_com_ros2/src/px4_ros_com' with build type 'ament_cmake'
[45.025s] INFO:colcon.colcon_cmake.task.cmake.build:Building CMake package in '/home/navlab-tx2-4/px4_ros_com_ros2/src/px4_ros_com'
[45.029s] INFO:colcon.colcon_core.shell:Skip shell extension 'powershell' for command environment: Not usable outside of PowerShell
[45.030s] DEBUG:colcon.colcon_core.shell:Skip shell extension 'dsv' for command environment
[45.044s] DEBUG:colcon.colcon_core.shell:Ignoring prefix path '/opt/ros/eloquent'
[45.060s] INFO:colcon.colcon_ros.task.ament_cmake.build:Building ROS package in '/home/navlab-tx2-4/px4_ros_com_ros2/src/ros1_bridge' with build type 'ament_cmake'
[45.061s] INFO:colcon.colcon_cmake.task.cmake.build:Building CMake package in '/home/navlab-tx2-4/px4_ros_com_ros2/src/ros1_bridge'
[45.066s] INFO:colcon.colcon_core.shell:Skip shell extension 'powershell' for command environment: Not usable outside of PowerShell
[45.066s] DEBUG:colcon.colcon_core.shell:Skip shell extension 'dsv' for command environment
[45.081s] DEBUG:colcon.colcon_core.shell:Ignoring prefix path '/opt/ros/eloquent'
[45.118s] DEBUG:colcon.colcon_core.event_handler.log_command:Invoking command in '/home/navlab-tx2-4/px4_ros_com_ros2/build/offboard_ibqr': CMAKE_PREFIX_PATH=/home/navlab-tx2-4/px4_ros_com_ros2/install/px4_msgs:/home/navlab-tx2-4/px4_ros_com_ros2/install/ros1_bridge:/home/navlab-tx2-4/px4_ros_com_ros2/install/px4_ros_com:/home/navlab-tx2-4/px4_ros_com_ros2/install/multi_rtd_interfaces:/opt/ros/eloquent LD_LIBRARY_PATH=/home/navlab-tx2-4/px4_ros_com_ros2/install/px4_msgs/lib:/home/navlab-tx2-4/px4_ros_com_ros2/install/px4_ros_com/lib:/home/navlab-tx2-4/px4_ros_com_ros2/install/multi_rtd_interfaces/lib:/opt/ros/eloquent/opt/yaml_cpp_vendor/lib:/opt/ros/eloquent/opt/rviz_ogre_vendor/lib:/opt/ros/eloquent/lib/aarch64-linux-gnu:/opt/ros/eloquent/lib /usr/bin/cmake /home/navlab-tx2-4/px4_ros_com_ros2/src/px4_multi_agent_planning/offboard_ibqr -DCMAKE_INSTALL_PREFIX=/home/navlab-tx2-4/px4_ros_com_ros2/install/offboard_ibqr
[45.141s] DEBUG:colcon.colcon_core.event_handler.log_command:Invoking command in '/home/navlab-tx2-4/px4_ros_com_ros2/build/px4_ros_com': CMAKE_PREFIX_PATH=/home/navlab-tx2-4/px4_ros_com_ros2/install/px4_msgs:/home/navlab-tx2-4/px4_ros_com_ros2/install/ros1_bridge:/home/navlab-tx2-4/px4_ros_com_ros2/install/px4_ros_com:/home/navlab-tx2-4/px4_ros_com_ros2/install/multi_rtd_interfaces:/opt/ros/eloquent LD_LIBRARY_PATH=/home/navlab-tx2-4/px4_ros_com_ros2/install/px4_msgs/lib:/home/navlab-tx2-4/px4_ros_com_ros2/install/px4_ros_com/lib:/home/navlab-tx2-4/px4_ros_com_ros2/install/multi_rtd_interfaces/lib:/opt/ros/eloquent/opt/yaml_cpp_vendor/lib:/opt/ros/eloquent/opt/rviz_ogre_vendor/lib:/opt/ros/eloquent/lib/aarch64-linux-gnu:/opt/ros/eloquent/lib /usr/bin/cmake --build /home/navlab-tx2-4/px4_ros_com_ros2/build/px4_ros_com -- -j4 -l4
[45.175s] DEBUG:colcon.colcon_core.event_handler.log_command:Invoking command in '/home/navlab-tx2-4/px4_ros_com_ros2/build/ros1_bridge': CMAKE_PREFIX_PATH=/home/navlab-tx2-4/px4_ros_com_ros2/install/px4_msgs:/home/navlab-tx2-4/px4_ros_com_ros2/install/multi_rtd_interfaces:/home/navlab-tx2-4/px4_ros_com_ros2/install/ros1_bridge:/home/navlab-tx2-4/px4_ros_com_ros2/install/px4_ros_com:/opt/ros/eloquent LD_LIBRARY_PATH=/home/navlab-tx2-4/px4_ros_com_ros2/install/px4_msgs/lib:/home/navlab-tx2-4/px4_ros_com_ros2/install/multi_rtd_interfaces/lib:/home/navlab-tx2-4/px4_ros_com_ros2/install/px4_ros_com/lib:/opt/ros/eloquent/opt/yaml_cpp_vendor/lib:/opt/ros/eloquent/opt/rviz_ogre_vendor/lib:/opt/ros/eloquent/lib/aarch64-linux-gnu:/opt/ros/eloquent/lib /usr/bin/cmake --build /home/navlab-tx2-4/px4_ros_com_ros2/build/ros1_bridge -- -j4 -l4
[45.412s] DEBUG:colcon.colcon_core.event_handler.log_command:Invoked command in '/home/navlab-tx2-4/px4_ros_com_ros2/build/ros1_bridge' returned '0': CMAKE_PREFIX_PATH=/home/navlab-tx2-4/px4_ros_com_ros2/install/px4_msgs:/home/navlab-tx2-4/px4_ros_com_ros2/install/multi_rtd_interfaces:/home/navlab-tx2-4/px4_ros_com_ros2/install/ros1_bridge:/home/navlab-tx2-4/px4_ros_com_ros2/install/px4_ros_com:/opt/ros/eloquent LD_LIBRARY_PATH=/home/navlab-tx2-4/px4_ros_com_ros2/install/px4_msgs/lib:/home/navlab-tx2-4/px4_ros_com_ros2/install/multi_rtd_interfaces/lib:/home/navlab-tx2-4/px4_ros_com_ros2/install/px4_ros_com/lib:/opt/ros/eloquent/opt/yaml_cpp_vendor/lib:/opt/ros/eloquent/opt/rviz_ogre_vendor/lib:/opt/ros/eloquent/lib/aarch64-linux-gnu:/opt/ros/eloquent/lib /usr/bin/cmake --build /home/navlab-tx2-4/px4_ros_com_ros2/build/ros1_bridge -- -j4 -l4
[45.607s] DEBUG:colcon.colcon_core.event_handler.log_command:Invoking command in '/home/navlab-tx2-4/px4_ros_com_ros2/build/ros1_bridge': CMAKE_PREFIX_PATH=/home/navlab-tx2-4/px4_ros_com_ros2/install/px4_msgs:/home/navlab-tx2-4/px4_ros_com_ros2/install/multi_rtd_interfaces:/home/navlab-tx2-4/px4_ros_com_ros2/install/ros1_bridge:/home/navlab-tx2-4/px4_ros_com_ros2/install/px4_ros_com:/opt/ros/eloquent LD_LIBRARY_PATH=/home/navlab-tx2-4/px4_ros_com_ros2/install/px4_msgs/lib:/home/navlab-tx2-4/px4_ros_com_ros2/install/multi_rtd_interfaces/lib:/home/navlab-tx2-4/px4_ros_com_ros2/install/px4_ros_com/lib:/opt/ros/eloquent/opt/yaml_cpp_vendor/lib:/opt/ros/eloquent/opt/rviz_ogre_vendor/lib:/opt/ros/eloquent/lib/aarch64-linux-gnu:/opt/ros/eloquent/lib /usr/bin/cmake --build /home/navlab-tx2-4/px4_ros_com_ros2/build/ros1_bridge --target install -- -j4 -l4
[45.722s] DEBUG:colcon.colcon_core.event_handler.log_command:Invoked command in '/home/navlab-tx2-4/px4_ros_com_ros2/build/px4_ros_com' returned '0': CMAKE_PREFIX_PATH=/home/navlab-tx2-4/px4_ros_com_ros2/install/px4_msgs:/home/navlab-tx2-4/px4_ros_com_ros2/install/ros1_bridge:/home/navlab-tx2-4/px4_ros_com_ros2/install/px4_ros_com:/home/navlab-tx2-4/px4_ros_com_ros2/install/multi_rtd_interfaces:/opt/ros/eloquent LD_LIBRARY_PATH=/home/navlab-tx2-4/px4_ros_com_ros2/install/px4_msgs/lib:/home/navlab-tx2-4/px4_ros_com_ros2/install/px4_ros_com/lib:/home/navlab-tx2-4/px4_ros_com_ros2/install/multi_rtd_interfaces/lib:/opt/ros/eloquent/opt/yaml_cpp_vendor/lib:/opt/ros/eloquent/opt/rviz_ogre_vendor/lib:/opt/ros/eloquent/lib/aarch64-linux-gnu:/opt/ros/eloquent/lib /usr/bin/cmake --build /home/navlab-tx2-4/px4_ros_com_ros2/build/px4_ros_com -- -j4 -l4
[45.847s] Level 1:colcon.colcon_core.environment:create_environment_scripts_only(ros1_bridge)
[45.855s] Level 1:colcon.colcon_core.environment:checking '/home/navlab-tx2-4/px4_ros_com_ros2/install/ros1_bridge' for CMake module files
[45.864s] DEBUG:colcon.colcon_core.event_handler.log_command:Invoked command in '/home/navlab-tx2-4/px4_ros_com_ros2/build/ros1_bridge' returned '0': CMAKE_PREFIX_PATH=/home/navlab-tx2-4/px4_ros_com_ros2/install/px4_msgs:/home/navlab-tx2-4/px4_ros_com_ros2/install/multi_rtd_interfaces:/home/navlab-tx2-4/px4_ros_com_ros2/install/ros1_bridge:/home/navlab-tx2-4/px4_ros_com_ros2/install/px4_ros_com:/opt/ros/eloquent LD_LIBRARY_PATH=/home/navlab-tx2-4/px4_ros_com_ros2/install/px4_msgs/lib:/home/navlab-tx2-4/px4_ros_com_ros2/install/multi_rtd_interfaces/lib:/home/navlab-tx2-4/px4_ros_com_ros2/install/px4_ros_com/lib:/opt/ros/eloquent/opt/yaml_cpp_vendor/lib:/opt/ros/eloquent/opt/rviz_ogre_vendor/lib:/opt/ros/eloquent/lib/aarch64-linux-gnu:/opt/ros/eloquent/lib /usr/bin/cmake --build /home/navlab-tx2-4/px4_ros_com_ros2/build/ros1_bridge --target install -- -j4 -l4
[45.865s] Level 1:colcon.colcon_core.environment:checking '/home/navlab-tx2-4/px4_ros_com_ros2/install/ros1_bridge' for CMake config files
[45.866s] Level 1:colcon.colcon_core.shell:create_environment_hook('ros1_bridge', 'cmake_prefix_path')
[45.871s] INFO:colcon.colcon_core.shell:Creating environment hook '/home/navlab-tx2-4/px4_ros_com_ros2/install/ros1_bridge/share/ros1_bridge/hook/cmake_prefix_path.ps1'
[45.873s] INFO:colcon.colcon_core.shell:Creating environment descriptor '/home/navlab-tx2-4/px4_ros_com_ros2/install/ros1_bridge/share/ros1_bridge/hook/cmake_prefix_path.dsv'
[45.875s] INFO:colcon.colcon_core.shell:Creating environment hook '/home/navlab-tx2-4/px4_ros_com_ros2/install/ros1_bridge/share/ros1_bridge/hook/cmake_prefix_path.sh'
[45.879s] Level 1:colcon.colcon_core.environment:checking '/home/navlab-tx2-4/px4_ros_com_ros2/install/ros1_bridge/bin'
[45.880s] Level 1:colcon.colcon_core.environment:checking '/home/navlab-tx2-4/px4_ros_com_ros2/install/ros1_bridge/lib/pkgconfig/ros1_bridge.pc'
[45.880s] Level 1:colcon.colcon_core.environment:checking '/home/navlab-tx2-4/px4_ros_com_ros2/install/ros1_bridge/lib/python3.6/site-packages'
[45.887s] INFO:colcon.colcon_core.shell:Creating package script '/home/navlab-tx2-4/px4_ros_com_ros2/install/ros1_bridge/share/ros1_bridge/package.ps1'
[45.889s] INFO:colcon.colcon_core.shell:Creating package descriptor '/home/navlab-tx2-4/px4_ros_com_ros2/install/ros1_bridge/share/ros1_bridge/package.dsv'
[45.892s] INFO:colcon.colcon_core.shell:Creating package script '/home/navlab-tx2-4/px4_ros_com_ros2/install/ros1_bridge/share/ros1_bridge/package.sh'
[45.894s] INFO:colcon.colcon_core.shell:Creating package script '/home/navlab-tx2-4/px4_ros_com_ros2/install/ros1_bridge/share/ros1_bridge/package.bash'
[45.896s] INFO:colcon.colcon_core.shell:Creating package script '/home/navlab-tx2-4/px4_ros_com_ros2/install/ros1_bridge/share/ros1_bridge/package.zsh'
[45.897s] Level 1:colcon.colcon_core.environment:create_file_with_runtime_dependencies(/home/navlab-tx2-4/px4_ros_com_ros2/install/ros1_bridge/share/colcon-core/packages/ros1_bridge)
[46.004s] Level 1:colcon.colcon_core.environment:create_environment_scripts_only(ros1_bridge)
[46.011s] Level 1:colcon.colcon_core.environment:checking '/home/navlab-tx2-4/px4_ros_com_ros2/install/ros1_bridge' for CMake module files
[46.014s] Level 1:colcon.colcon_core.environment:checking '/home/navlab-tx2-4/px4_ros_com_ros2/install/ros1_bridge' for CMake config files
[46.015s] Level 1:colcon.colcon_core.shell:create_environment_hook('ros1_bridge', 'cmake_prefix_path')
[46.019s] INFO:colcon.colcon_core.shell:Creating environment hook '/home/navlab-tx2-4/px4_ros_com_ros2/install/ros1_bridge/share/ros1_bridge/hook/cmake_prefix_path.ps1'
[46.022s] INFO:colcon.colcon_core.shell:Creating environment descriptor '/home/navlab-tx2-4/px4_ros_com_ros2/install/ros1_bridge/share/ros1_bridge/hook/cmake_prefix_path.dsv'
[46.024s] INFO:colcon.colcon_core.shell:Creating environment hook '/home/navlab-tx2-4/px4_ros_com_ros2/install/ros1_bridge/share/ros1_bridge/hook/cmake_prefix_path.sh'
[46.027s] Level 1:colcon.colcon_core.environment:checking '/home/navlab-tx2-4/px4_ros_com_ros2/install/ros1_bridge/bin'
[46.027s] Level 1:colcon.colcon_core.environment:checking '/home/navlab-tx2-4/px4_ros_com_ros2/install/ros1_bridge/lib/pkgconfig/ros1_bridge.pc'
[46.028s] Level 1:colcon.colcon_core.environment:checking '/home/navlab-tx2-4/px4_ros_com_ros2/install/ros1_bridge/lib/python3.6/site-packages'
[46.032s] INFO:colcon.colcon_core.shell:Creating package script '/home/navlab-tx2-4/px4_ros_com_ros2/install/ros1_bridge/share/ros1_bridge/package.ps1'
[46.036s] INFO:colcon.colcon_core.shell:Creating package descriptor '/home/navlab-tx2-4/px4_ros_com_ros2/install/ros1_bridge/share/ros1_bridge/package.dsv'
[46.038s] INFO:colcon.colcon_core.shell:Creating package script '/home/navlab-tx2-4/px4_ros_com_ros2/install/ros1_bridge/share/ros1_bridge/package.sh'
[46.041s] INFO:colcon.colcon_core.shell:Creating package script '/home/navlab-tx2-4/px4_ros_com_ros2/install/ros1_bridge/share/ros1_bridge/package.bash'
[46.043s] INFO:colcon.colcon_core.shell:Creating package script '/home/navlab-tx2-4/px4_ros_com_ros2/install/ros1_bridge/share/ros1_bridge/package.zsh'
[46.045s] Level 1:colcon.colcon_core.environment:create_file_with_runtime_dependencies(/home/navlab-tx2-4/px4_ros_com_ros2/install/ros1_bridge/share/colcon-core/packages/ros1_bridge)
[46.800s] DEBUG:colcon.colcon_core.event_handler.log_command:Invoking command in '/home/navlab-tx2-4/px4_ros_com_ros2/build/px4_ros_com': CMAKE_PREFIX_PATH=/home/navlab-tx2-4/px4_ros_com_ros2/install/px4_msgs:/home/navlab-tx2-4/px4_ros_com_ros2/install/ros1_bridge:/home/navlab-tx2-4/px4_ros_com_ros2/install/px4_ros_com:/home/navlab-tx2-4/px4_ros_com_ros2/install/multi_rtd_interfaces:/opt/ros/eloquent LD_LIBRARY_PATH=/home/navlab-tx2-4/px4_ros_com_ros2/install/px4_msgs/lib:/home/navlab-tx2-4/px4_ros_com_ros2/install/px4_ros_com/lib:/home/navlab-tx2-4/px4_ros_com_ros2/install/multi_rtd_interfaces/lib:/opt/ros/eloquent/opt/yaml_cpp_vendor/lib:/opt/ros/eloquent/opt/rviz_ogre_vendor/lib:/opt/ros/eloquent/lib/aarch64-linux-gnu:/opt/ros/eloquent/lib /usr/bin/cmake --build /home/navlab-tx2-4/px4_ros_com_ros2/build/px4_ros_com --target install -- -j4 -l4
[47.432s] Level 1:colcon.colcon_core.environment:create_environment_scripts_only(px4_ros_com)
[47.440s] Level 1:colcon.colcon_core.environment:checking '/home/navlab-tx2-4/px4_ros_com_ros2/install/px4_ros_com' for CMake module files
[47.442s] DEBUG:colcon.colcon_core.event_handler.log_command:Invoked command in '/home/navlab-tx2-4/px4_ros_com_ros2/build/px4_ros_com' returned '0': CMAKE_PREFIX_PATH=/home/navlab-tx2-4/px4_ros_com_ros2/install/px4_msgs:/home/navlab-tx2-4/px4_ros_com_ros2/install/ros1_bridge:/home/navlab-tx2-4/px4_ros_com_ros2/install/px4_ros_com:/home/navlab-tx2-4/px4_ros_com_ros2/install/multi_rtd_interfaces:/opt/ros/eloquent LD_LIBRARY_PATH=/home/navlab-tx2-4/px4_ros_com_ros2/install/px4_msgs/lib:/home/navlab-tx2-4/px4_ros_com_ros2/install/px4_ros_com/lib:/home/navlab-tx2-4/px4_ros_com_ros2/install/multi_rtd_interfaces/lib:/opt/ros/eloquent/opt/yaml_cpp_vendor/lib:/opt/ros/eloquent/opt/rviz_ogre_vendor/lib:/opt/ros/eloquent/lib/aarch64-linux-gnu:/opt/ros/eloquent/lib /usr/bin/cmake --build /home/navlab-tx2-4/px4_ros_com_ros2/build/px4_ros_com --target install -- -j4 -l4
[47.444s] Level 1:colcon.colcon_core.environment:checking '/home/navlab-tx2-4/px4_ros_com_ros2/install/px4_ros_com' for CMake config files
[47.447s] Level 1:colcon.colcon_core.shell:create_environment_hook('px4_ros_com', 'cmake_prefix_path')
[47.450s] INFO:colcon.colcon_core.shell:Creating environment hook '/home/navlab-tx2-4/px4_ros_com_ros2/install/px4_ros_com/share/px4_ros_com/hook/cmake_prefix_path.ps1'
[47.452s] INFO:colcon.colcon_core.shell:Creating environment descriptor '/home/navlab-tx2-4/px4_ros_com_ros2/install/px4_ros_com/share/px4_ros_com/hook/cmake_prefix_path.dsv'
[47.454s] INFO:colcon.colcon_core.shell:Creating environment hook '/home/navlab-tx2-4/px4_ros_com_ros2/install/px4_ros_com/share/px4_ros_com/hook/cmake_prefix_path.sh'
[47.457s] Level 1:colcon.colcon_core.environment:checking '/home/navlab-tx2-4/px4_ros_com_ros2/install/px4_ros_com/lib'
[47.457s] Level 1:colcon.colcon_core.shell:create_environment_hook('px4_ros_com', 'ld_library_path_lib')
[47.460s] INFO:colcon.colcon_core.shell:Creating environment hook '/home/navlab-tx2-4/px4_ros_com_ros2/install/px4_ros_com/share/px4_ros_com/hook/ld_library_path_lib.ps1'
[47.462s] INFO:colcon.colcon_core.shell:Creating environment descriptor '/home/navlab-tx2-4/px4_ros_com_ros2/install/px4_ros_com/share/px4_ros_com/hook/ld_library_path_lib.dsv'
[47.464s] INFO:colcon.colcon_core.shell:Creating environment hook '/home/navlab-tx2-4/px4_ros_com_ros2/install/px4_ros_com/share/px4_ros_com/hook/ld_library_path_lib.sh'
[47.466s] Level 1:colcon.colcon_core.environment:checking '/home/navlab-tx2-4/px4_ros_com_ros2/install/px4_ros_com/bin'
[47.467s] Level 1:colcon.colcon_core.shell:create_environment_hook('px4_ros_com', 'path')
[47.470s] INFO:colcon.colcon_core.shell:Creating environment hook '/home/navlab-tx2-4/px4_ros_com_ros2/install/px4_ros_com/share/px4_ros_com/hook/path.ps1'
[47.472s] INFO:colcon.colcon_core.shell:Creating environment descriptor '/home/navlab-tx2-4/px4_ros_com_ros2/install/px4_ros_com/share/px4_ros_com/hook/path.dsv'
[47.473s] INFO:colcon.colcon_core.shell:Creating environment hook '/home/navlab-tx2-4/px4_ros_com_ros2/install/px4_ros_com/share/px4_ros_com/hook/path.sh'
[47.475s] Level 1:colcon.colcon_core.environment:checking '/home/navlab-tx2-4/px4_ros_com_ros2/install/px4_ros_com/lib/pkgconfig/px4_ros_com.pc'
[47.475s] Level 1:colcon.colcon_core.environment:checking '/home/navlab-tx2-4/px4_ros_com_ros2/install/px4_ros_com/lib/python3.6/site-packages'
[47.479s] INFO:colcon.colcon_core.shell:Creating package script '/home/navlab-tx2-4/px4_ros_com_ros2/install/px4_ros_com/share/px4_ros_com/package.ps1'
[47.481s] INFO:colcon.colcon_core.shell:Creating package descriptor '/home/navlab-tx2-4/px4_ros_com_ros2/install/px4_ros_com/share/px4_ros_com/package.dsv'
[47.484s] INFO:colcon.colcon_core.shell:Creating package script '/home/navlab-tx2-4/px4_ros_com_ros2/install/px4_ros_com/share/px4_ros_com/package.sh'
[47.486s] INFO:colcon.colcon_core.shell:Creating package script '/home/navlab-tx2-4/px4_ros_com_ros2/install/px4_ros_com/share/px4_ros_com/package.bash'
[47.487s] INFO:colcon.colcon_core.shell:Creating package script '/home/navlab-tx2-4/px4_ros_com_ros2/install/px4_ros_com/share/px4_ros_com/package.zsh'
[47.489s] Level 1:colcon.colcon_core.environment:create_file_with_runtime_dependencies(/home/navlab-tx2-4/px4_ros_com_ros2/install/px4_ros_com/share/colcon-core/packages/px4_ros_com)
[48.492s] Level 1:colcon.colcon_core.environment:create_environment_scripts_only(px4_ros_com)
[48.497s] Level 1:colcon.colcon_core.environment:checking '/home/navlab-tx2-4/px4_ros_com_ros2/install/px4_ros_com' for CMake module files
[48.500s] Level 1:colcon.colcon_core.environment:checking '/home/navlab-tx2-4/px4_ros_com_ros2/install/px4_ros_com' for CMake config files
[48.503s] Level 1:colcon.colcon_core.shell:create_environment_hook('px4_ros_com', 'cmake_prefix_path')
[48.507s] INFO:colcon.colcon_core.shell:Creating environment hook '/home/navlab-tx2-4/px4_ros_com_ros2/install/px4_ros_com/share/px4_ros_com/hook/cmake_prefix_path.ps1'
[48.509s] INFO:colcon.colcon_core.shell:Creating environment descriptor '/home/navlab-tx2-4/px4_ros_com_ros2/install/px4_ros_com/share/px4_ros_com/hook/cmake_prefix_path.dsv'
[48.511s] INFO:colcon.colcon_core.shell:Creating environment hook '/home/navlab-tx2-4/px4_ros_com_ros2/install/px4_ros_com/share/px4_ros_com/hook/cmake_prefix_path.sh'
[48.516s] Level 1:colcon.colcon_core.environment:checking '/home/navlab-tx2-4/px4_ros_com_ros2/install/px4_ros_com/lib'
[48.516s] Level 1:colcon.colcon_core.shell:create_environment_hook('px4_ros_com', 'ld_library_path_lib')
[48.520s] INFO:colcon.colcon_core.shell:Creating environment hook '/home/navlab-tx2-4/px4_ros_com_ros2/install/px4_ros_com/share/px4_ros_com/hook/ld_library_path_lib.ps1'
[48.522s] INFO:colcon.colcon_core.shell:Creating environment descriptor '/home/navlab-tx2-4/px4_ros_com_ros2/install/px4_ros_com/share/px4_ros_com/hook/ld_library_path_lib.dsv'
[48.524s] INFO:colcon.colcon_core.shell:Creating environment hook '/home/navlab-tx2-4/px4_ros_com_ros2/install/px4_ros_com/share/px4_ros_com/hook/ld_library_path_lib.sh'
[48.525s] Level 1:colcon.colcon_core.environment:checking '/home/navlab-tx2-4/px4_ros_com_ros2/install/px4_ros_com/bin'
[48.526s] Level 1:colcon.colcon_core.shell:create_environment_hook('px4_ros_com', 'path')
[48.529s] INFO:colcon.colcon_core.shell:Creating environment hook '/home/navlab-tx2-4/px4_ros_com_ros2/install/px4_ros_com/share/px4_ros_com/hook/path.ps1'
[48.531s] INFO:colcon.colcon_core.shell:Creating environment descriptor '/home/navlab-tx2-4/px4_ros_com_ros2/install/px4_ros_com/share/px4_ros_com/hook/path.dsv'
[48.532s] INFO:colcon.colcon_core.shell:Creating environment hook '/home/navlab-tx2-4/px4_ros_com_ros2/install/px4_ros_com/share/px4_ros_com/hook/path.sh'
[48.534s] Level 1:colcon.colcon_core.environment:checking '/home/navlab-tx2-4/px4_ros_com_ros2/install/px4_ros_com/lib/pkgconfig/px4_ros_com.pc'
[48.534s] Level 1:colcon.colcon_core.environment:checking '/home/navlab-tx2-4/px4_ros_com_ros2/install/px4_ros_com/lib/python3.6/site-packages'
[48.538s] INFO:colcon.colcon_core.shell:Creating package script '/home/navlab-tx2-4/px4_ros_com_ros2/install/px4_ros_com/share/px4_ros_com/package.ps1'
[48.541s] INFO:colcon.colcon_core.shell:Creating package descriptor '/home/navlab-tx2-4/px4_ros_com_ros2/install/px4_ros_com/share/px4_ros_com/package.dsv'
[48.544s] INFO:colcon.colcon_core.shell:Creating package script '/home/navlab-tx2-4/px4_ros_com_ros2/install/px4_ros_com/share/px4_ros_com/package.sh'
[48.546s] INFO:colcon.colcon_core.shell:Creating package script '/home/navlab-tx2-4/px4_ros_com_ros2/install/px4_ros_com/share/px4_ros_com/package.bash'
[48.548s] INFO:colcon.colcon_core.shell:Creating package script '/home/navlab-tx2-4/px4_ros_com_ros2/install/px4_ros_com/share/px4_ros_com/package.zsh'
[48.550s] Level 1:colcon.colcon_core.environment:create_file_with_runtime_dependencies(/home/navlab-tx2-4/px4_ros_com_ros2/install/px4_ros_com/share/colcon-core/packages/px4_ros_com)
[53.393s] DEBUG:colcon.colcon_core.event_handler.log_command:Invoked command in '/home/navlab-tx2-4/px4_ros_com_ros2/build/offboard_ibqr' returned '0': CMAKE_PREFIX_PATH=/home/navlab-tx2-4/px4_ros_com_ros2/install/px4_msgs:/home/navlab-tx2-4/px4_ros_com_ros2/install/ros1_bridge:/home/navlab-tx2-4/px4_ros_com_ros2/install/px4_ros_com:/home/navlab-tx2-4/px4_ros_com_ros2/install/multi_rtd_interfaces:/opt/ros/eloquent LD_LIBRARY_PATH=/home/navlab-tx2-4/px4_ros_com_ros2/install/px4_msgs/lib:/home/navlab-tx2-4/px4_ros_com_ros2/install/px4_ros_com/lib:/home/navlab-tx2-4/px4_ros_com_ros2/install/multi_rtd_interfaces/lib:/opt/ros/eloquent/opt/yaml_cpp_vendor/lib:/opt/ros/eloquent/opt/rviz_ogre_vendor/lib:/opt/ros/eloquent/lib/aarch64-linux-gnu:/opt/ros/eloquent/lib /usr/bin/cmake /home/navlab-tx2-4/px4_ros_com_ros2/src/px4_multi_agent_planning/offboard_ibqr -DCMAKE_INSTALL_PREFIX=/home/navlab-tx2-4/px4_ros_com_ros2/install/offboard_ibqr
[53.410s] DEBUG:colcon.colcon_core.event_handler.log_command:Invoking command in '/home/navlab-tx2-4/px4_ros_com_ros2/build/offboard_ibqr': CMAKE_PREFIX_PATH=/home/navlab-tx2-4/px4_ros_com_ros2/install/px4_msgs:/home/navlab-tx2-4/px4_ros_com_ros2/install/ros1_bridge:/home/navlab-tx2-4/px4_ros_com_ros2/install/px4_ros_com:/home/navlab-tx2-4/px4_ros_com_ros2/install/multi_rtd_interfaces:/opt/ros/eloquent LD_LIBRARY_PATH=/home/navlab-tx2-4/px4_ros_com_ros2/install/px4_msgs/lib:/home/navlab-tx2-4/px4_ros_com_ros2/install/px4_ros_com/lib:/home/navlab-tx2-4/px4_ros_com_ros2/install/multi_rtd_interfaces/lib:/opt/ros/eloquent/opt/yaml_cpp_vendor/lib:/opt/ros/eloquent/opt/rviz_ogre_vendor/lib:/opt/ros/eloquent/lib/aarch64-linux-gnu:/opt/ros/eloquent/lib /usr/bin/cmake --build /home/navlab-tx2-4/px4_ros_com_ros2/build/offboard_ibqr -- -j4 -l4
[81.553s] DEBUG:colcon.colcon_core.event_handler.log_command:Invoked command in '/home/navlab-tx2-4/px4_ros_com_ros2/build/offboard_ibqr' returned '0': CMAKE_PREFIX_PATH=/home/navlab-tx2-4/px4_ros_com_ros2/install/px4_msgs:/home/navlab-tx2-4/px4_ros_com_ros2/install/ros1_bridge:/home/navlab-tx2-4/px4_ros_com_ros2/install/px4_ros_com:/home/navlab-tx2-4/px4_ros_com_ros2/install/multi_rtd_interfaces:/opt/ros/eloquent LD_LIBRARY_PATH=/home/navlab-tx2-4/px4_ros_com_ros2/install/px4_msgs/lib:/home/navlab-tx2-4/px4_ros_com_ros2/install/px4_ros_com/lib:/home/navlab-tx2-4/px4_ros_com_ros2/install/multi_rtd_interfaces/lib:/opt/ros/eloquent/opt/yaml_cpp_vendor/lib:/opt/ros/eloquent/opt/rviz_ogre_vendor/lib:/opt/ros/eloquent/lib/aarch64-linux-gnu:/opt/ros/eloquent/lib /usr/bin/cmake --build /home/navlab-tx2-4/px4_ros_com_ros2/build/offboard_ibqr -- -j4 -l4
[81.695s] DEBUG:colcon.colcon_core.event_handler.log_command:Invoking command in '/home/navlab-tx2-4/px4_ros_com_ros2/build/offboard_ibqr': CMAKE_PREFIX_PATH=/home/navlab-tx2-4/px4_ros_com_ros2/install/px4_msgs:/home/navlab-tx2-4/px4_ros_com_ros2/install/ros1_bridge:/home/navlab-tx2-4/px4_ros_com_ros2/install/px4_ros_com:/home/navlab-tx2-4/px4_ros_com_ros2/install/multi_rtd_interfaces:/opt/ros/eloquent LD_LIBRARY_PATH=/home/navlab-tx2-4/px4_ros_com_ros2/install/px4_msgs/lib:/home/navlab-tx2-4/px4_ros_com_ros2/install/px4_ros_com/lib:/home/navlab-tx2-4/px4_ros_com_ros2/install/multi_rtd_interfaces/lib:/opt/ros/eloquent/opt/yaml_cpp_vendor/lib:/opt/ros/eloquent/opt/rviz_ogre_vendor/lib:/opt/ros/eloquent/lib/aarch64-linux-gnu:/opt/ros/eloquent/lib /usr/bin/cmake --build /home/navlab-tx2-4/px4_ros_com_ros2/build/offboard_ibqr --target install -- -j4 -l4
[82.083s] Level 1:colcon.colcon_core.environment:create_environment_scripts_only(offboard_ibqr)
[82.088s] Level 1:colcon.colcon_core.environment:checking '/home/navlab-tx2-4/px4_ros_com_ros2/install/offboard_ibqr' for CMake module files
[82.091s] DEBUG:colcon.colcon_core.event_handler.log_command:Invoked command in '/home/navlab-tx2-4/px4_ros_com_ros2/build/offboard_ibqr' returned '0': CMAKE_PREFIX_PATH=/home/navlab-tx2-4/px4_ros_com_ros2/install/px4_msgs:/home/navlab-tx2-4/px4_ros_com_ros2/install/ros1_bridge:/home/navlab-tx2-4/px4_ros_com_ros2/install/px4_ros_com:/home/navlab-tx2-4/px4_ros_com_ros2/install/multi_rtd_interfaces:/opt/ros/eloquent LD_LIBRARY_PATH=/home/navlab-tx2-4/px4_ros_com_ros2/install/px4_msgs/lib:/home/navlab-tx2-4/px4_ros_com_ros2/install/px4_ros_com/lib:/home/navlab-tx2-4/px4_ros_com_ros2/install/multi_rtd_interfaces/lib:/opt/ros/eloquent/opt/yaml_cpp_vendor/lib:/opt/ros/eloquent/opt/rviz_ogre_vendor/lib:/opt/ros/eloquent/lib/aarch64-linux-gnu:/opt/ros/eloquent/lib /usr/bin/cmake --build /home/navlab-tx2-4/px4_ros_com_ros2/build/offboard_ibqr --target install -- -j4 -l4
[82.092s] Level 1:colcon.colcon_core.environment:checking '/home/navlab-tx2-4/px4_ros_com_ros2/install/offboard_ibqr' for CMake config files
[82.093s] Level 1:colcon.colcon_core.shell:create_environment_hook('offboard_ibqr', 'cmake_prefix_path')
[82.096s] INFO:colcon.colcon_core.shell:Creating environment hook '/home/navlab-tx2-4/px4_ros_com_ros2/install/offboard_ibqr/share/offboard_ibqr/hook/cmake_prefix_path.ps1'
[82.097s] INFO:colcon.colcon_core.shell:Creating environment descriptor '/home/navlab-tx2-4/px4_ros_com_ros2/install/offboard_ibqr/share/offboard_ibqr/hook/cmake_prefix_path.dsv'
[82.099s] INFO:colcon.colcon_core.shell:Creating environment hook '/home/navlab-tx2-4/px4_ros_com_ros2/install/offboard_ibqr/share/offboard_ibqr/hook/cmake_prefix_path.sh'
[82.101s] Level 1:colcon.colcon_core.environment:checking '/home/navlab-tx2-4/px4_ros_com_ros2/install/offboard_ibqr/lib'
[82.102s] Level 1:colcon.colcon_core.environment:checking '/home/navlab-tx2-4/px4_ros_com_ros2/install/offboard_ibqr/bin'
[82.102s] Level 1:colcon.colcon_core.environment:checking '/home/navlab-tx2-4/px4_ros_com_ros2/install/offboard_ibqr/lib/pkgconfig/offboard_ibqr.pc'
[82.102s] Level 1:colcon.colcon_core.environment:checking '/home/navlab-tx2-4/px4_ros_com_ros2/install/offboard_ibqr/lib/python3.6/site-packages'
[82.105s] INFO:colcon.colcon_core.shell:Creating package script '/home/navlab-tx2-4/px4_ros_com_ros2/install/offboard_ibqr/share/offboard_ibqr/package.ps1'
[82.108s] INFO:colcon.colcon_core.shell:Creating package descriptor '/home/navlab-tx2-4/px4_ros_com_ros2/install/offboard_ibqr/share/offboard_ibqr/package.dsv'
[82.109s] INFO:colcon.colcon_core.shell:Creating package script '/home/navlab-tx2-4/px4_ros_com_ros2/install/offboard_ibqr/share/offboard_ibqr/package.sh'
[82.110s] INFO:colcon.colcon_core.shell:Creating package script '/home/navlab-tx2-4/px4_ros_com_ros2/install/offboard_ibqr/share/offboard_ibqr/package.bash'
[82.112s] INFO:colcon.colcon_core.shell:Creating package script '/home/navlab-tx2-4/px4_ros_com_ros2/install/offboard_ibqr/share/offboard_ibqr/package.zsh'
[82.113s] Level 1:colcon.colcon_core.environment:create_file_with_runtime_dependencies(/home/navlab-tx2-4/px4_ros_com_ros2/install/offboard_ibqr/share/colcon-core/packages/offboard_ibqr)
[82.237s] Level 1:colcon.colcon_core.environment:create_environment_scripts_only(offboard_ibqr)
[82.242s] Level 1:colcon.colcon_core.environment:checking '/home/navlab-tx2-4/px4_ros_com_ros2/install/offboard_ibqr' for CMake module files
[82.247s] Level 1:colcon.colcon_core.environment:checking '/home/navlab-tx2-4/px4_ros_com_ros2/install/offboard_ibqr' for CMake config files
[82.248s] Level 1:colcon.colcon_core.shell:create_environment_hook('offboard_ibqr', 'cmake_prefix_path')
[82.251s] INFO:colcon.colcon_core.shell:Creating environment hook '/home/navlab-tx2-4/px4_ros_com_ros2/install/offboard_ibqr/share/offboard_ibqr/hook/cmake_prefix_path.ps1'
[82.253s] INFO:colcon.colcon_core.shell:Creating environment descriptor '/home/navlab-tx2-4/px4_ros_com_ros2/install/offboard_ibqr/share/offboard_ibqr/hook/cmake_prefix_path.dsv'
[82.254s] INFO:colcon.colcon_core.shell:Creating environment hook '/home/navlab-tx2-4/px4_ros_com_ros2/install/offboard_ibqr/share/offboard_ibqr/hook/cmake_prefix_path.sh'
[82.257s] Level 1:colcon.colcon_core.environment:checking '/home/navlab-tx2-4/px4_ros_com_ros2/install/offboard_ibqr/lib'
[82.258s] Level 1:colcon.colcon_core.environment:checking '/home/navlab-tx2-4/px4_ros_com_ros2/install/offboard_ibqr/bin'
[82.258s] Level 1:colcon.colcon_core.environment:checking '/home/navlab-tx2-4/px4_ros_com_ros2/install/offboard_ibqr/lib/pkgconfig/offboard_ibqr.pc'
[82.258s] Level 1:colcon.colcon_core.environment:checking '/home/navlab-tx2-4/px4_ros_com_ros2/install/offboard_ibqr/lib/python3.6/site-packages'
[82.261s] INFO:colcon.colcon_core.shell:Creating package script '/home/navlab-tx2-4/px4_ros_com_ros2/install/offboard_ibqr/share/offboard_ibqr/package.ps1'
[82.263s] INFO:colcon.colcon_core.shell:Creating package descriptor '/home/navlab-tx2-4/px4_ros_com_ros2/install/offboard_ibqr/share/offboard_ibqr/package.dsv'
[82.265s] INFO:colcon.colcon_core.shell:Creating package script '/home/navlab-tx2-4/px4_ros_com_ros2/install/offboard_ibqr/share/offboard_ibqr/package.sh'
[82.267s] INFO:colcon.colcon_core.shell:Creating package script '/home/navlab-tx2-4/px4_ros_com_ros2/install/offboard_ibqr/share/offboard_ibqr/package.bash'
[82.269s] INFO:colcon.colcon_core.shell:Creating package script '/home/navlab-tx2-4/px4_ros_com_ros2/install/offboard_ibqr/share/offboard_ibqr/package.zsh'
[82.270s] Level 1:colcon.colcon_core.environment:create_file_with_runtime_dependencies(/home/navlab-tx2-4/px4_ros_com_ros2/install/offboard_ibqr/share/colcon-core/packages/offboard_ibqr)
[82.272s] DEBUG:colcon.colcon_parallel_executor.executor.parallel:closing loop
[82.279s] DEBUG:colcon.colcon_parallel_executor.executor.parallel:loop closed
[82.280s] DEBUG:colcon.colcon_parallel_executor.executor.parallel:run_until_complete finished with '0'
[82.281s] DEBUG:colcon.colcon_core.event_reactor:joining thread
[82.307s] INFO:colcon.colcon_core.plugin_system:Skipping extension 'colcon_notification.desktop_notification.terminal_notifier': Not used on non-Darwin systems
[82.307s] INFO:colcon.colcon_core.plugin_system:Skipping extension 'colcon_notification.desktop_notification.win32': Not used on non-Windows systems
[82.308s] INFO:colcon.colcon_notification.desktop_notification:Sending desktop notification using 'notify2'
[82.517s] DEBUG:colcon.colcon_core.event_reactor:joined thread
[82.523s] INFO:colcon.colcon_core.shell:Creating prefix script '/home/navlab-tx2-4/px4_ros_com_ros2/install/local_setup.ps1'
[82.528s] INFO:colcon.colcon_core.shell:Creating prefix util module '/home/navlab-tx2-4/px4_ros_com_ros2/install/_local_setup_util_ps1.py'
[82.535s] INFO:colcon.colcon_core.shell:Creating prefix chain script '/home/navlab-tx2-4/px4_ros_com_ros2/install/setup.ps1'
[82.550s] INFO:colcon.colcon_core.shell:Creating prefix script '/home/navlab-tx2-4/px4_ros_com_ros2/install/local_setup.sh'
[82.553s] INFO:colcon.colcon_core.shell:Creating prefix util module '/home/navlab-tx2-4/px4_ros_com_ros2/install/_local_setup_util_sh.py'
[82.556s] INFO:colcon.colcon_core.shell:Creating prefix chain script '/home/navlab-tx2-4/px4_ros_com_ros2/install/setup.sh'
[82.570s] INFO:colcon.colcon_core.shell:Creating prefix script '/home/navlab-tx2-4/px4_ros_com_ros2/install/local_setup.bash'
[82.573s] INFO:colcon.colcon_core.shell:Creating prefix chain script '/home/navlab-tx2-4/px4_ros_com_ros2/install/setup.bash'
[82.588s] INFO:colcon.colcon_core.shell:Creating prefix script '/home/navlab-tx2-4/px4_ros_com_ros2/install/local_setup.zsh'
[82.591s] INFO:colcon.colcon_core.shell:Creating prefix chain script '/home/navlab-tx2-4/px4_ros_com_ros2/install/setup.zsh'
