[0.075s] Invoking command in '/home/navlab-tx2-4/px4_ros_com_ros2/build/bringup': AMENT_PREFIX_PATH=/home/navlab-tx2-4/px4_ros_com_ros2/install/multi_rtd:/home/navlab-tx2-4/px4_ros_com_ros2/install/ros1_bridge:/home/navlab-tx2-4/px4_ros_com_ros2/install/px4_ros_com:/home/navlab-tx2-4/px4_ros_com_ros2/install/offboard_ibqr:/home/navlab-tx2-4/px4_ros_com_ros2/install/px4_msgs:/home/navlab-tx2-4/px4_ros_com_ros2/install/multi_rtd_interfaces:/opt/ros/eloquent CMAKE_PREFIX_PATH=/home/navlab-tx2-4/px4_ros_com_ros2/install/offboard_ibqr:/home/navlab-tx2-4/px4_ros_com_ros2/install/px4_msgs:/home/navlab-tx2-4/px4_ros_com_ros2/install/multi_rtd_interfaces:/home/navlab-tx2-4/px4_ros_com_ros2/install/ros1_bridge:/home/navlab-tx2-4/px4_ros_com_ros2/install/px4_ros_com:/home/navlab-tx2-4/px4_ros_com_ros2/install/multi_rtd:/opt/ros/eloquent LD_LIBRARY_PATH=/home/navlab-tx2-4/px4_ros_com_ros2/install/px4_msgs/lib:/home/navlab-tx2-4/px4_ros_com_ros2/install/multi_rtd_interfaces/lib:/home/navlab-tx2-4/px4_ros_com_ros2/install/px4_ros_com/lib:/opt/ros/eloquent/opt/yaml_cpp_vendor/lib:/opt/ros/eloquent/opt/rviz_ogre_vendor/lib:/opt/ros/eloquent/lib/aarch64-linux-gnu:/opt/ros/eloquent/lib PYTHONPATH=/home/navlab-tx2-4/px4_ros_com_ros2/install/multi_rtd/lib/python3.6/site-packages:/home/navlab-tx2-4/px4_ros_com_ros2/install/px4_msgs/lib/python3.6/site-packages:/home/navlab-tx2-4/px4_ros_com_ros2/install/multi_rtd_interfaces/lib/python3.6/site-packages:/opt/ros/eloquent/lib/python3.6/site-packages /usr/bin/cmake /home/navlab-tx2-4/px4_ros_com_ros2/src/px4_multi_agent_planning/bringup -DCMAKE_INSTALL_PREFIX=/home/navlab-tx2-4/px4_ros_com_ros2/install/bringup
[0.410s] -- The C compiler identification is GNU 7.5.0
[0.687s] -- The CXX compiler identification is GNU 7.5.0
[0.706s] -- Check for working C compiler: /usr/bin/cc
[0.954s] -- Check for working C compiler: /usr/bin/cc -- works
[0.960s] -- Detecting C compiler ABI info
[1.222s] -- Detecting C compiler ABI info - done
[1.251s] -- Detecting C compile features
[1.957s] -- Detecting C compile features - done
[1.969s] -- Check for working CXX compiler: /usr/bin/c++
[2.225s] -- Check for working CXX compiler: /usr/bin/c++ -- works
[2.226s] -- Detecting CXX compiler ABI info
[2.487s] -- Detecting CXX compiler ABI info - done
[2.505s] -- Detecting CXX compile features
[3.630s] -- Detecting CXX compile features - done
[3.656s] -- Found ament_cmake: 0.8.3 (/opt/ros/eloquent/share/ament_cmake/cmake)
[3.772s] -- Found PythonInterp: /usr/bin/python3 (found suitable version "3.6.9", minimum required is "3") 
[3.773s] -- Using PYTHON_EXECUTABLE: /usr/bin/python3
[4.808s] -- Found ament_lint_auto: 0.8.2 (/opt/ros/eloquent/share/ament_lint_auto/cmake)
[5.162s] -- Added test 'copyright' to check for copyright in CMake / C / C++ / Python code
[5.167s] -- Added test 'flake8' to check Python code syntax and style conventions
[5.170s] -- Added test 'lint_cmake' to check CMake code style
[5.172s] -- Added test 'pep257' to check Python code against some of the style conventions in PEP 257
[5.175s] -- Added test 'xmllint' to check XML markup files
[5.183s] -- Configuring done
[5.191s] -- Generating done
[5.195s] -- Build files have been written to: /home/navlab-tx2-4/px4_ros_com_ros2/build/bringup
[5.206s] Invoked command in '/home/navlab-tx2-4/px4_ros_com_ros2/build/bringup' returned '0': AMENT_PREFIX_PATH=/home/navlab-tx2-4/px4_ros_com_ros2/install/multi_rtd:/home/navlab-tx2-4/px4_ros_com_ros2/install/ros1_bridge:/home/navlab-tx2-4/px4_ros_com_ros2/install/px4_ros_com:/home/navlab-tx2-4/px4_ros_com_ros2/install/offboard_ibqr:/home/navlab-tx2-4/px4_ros_com_ros2/install/px4_msgs:/home/navlab-tx2-4/px4_ros_com_ros2/install/multi_rtd_interfaces:/opt/ros/eloquent CMAKE_PREFIX_PATH=/home/navlab-tx2-4/px4_ros_com_ros2/install/offboard_ibqr:/home/navlab-tx2-4/px4_ros_com_ros2/install/px4_msgs:/home/navlab-tx2-4/px4_ros_com_ros2/install/multi_rtd_interfaces:/home/navlab-tx2-4/px4_ros_com_ros2/install/ros1_bridge:/home/navlab-tx2-4/px4_ros_com_ros2/install/px4_ros_com:/home/navlab-tx2-4/px4_ros_com_ros2/install/multi_rtd:/opt/ros/eloquent LD_LIBRARY_PATH=/home/navlab-tx2-4/px4_ros_com_ros2/install/px4_msgs/lib:/home/navlab-tx2-4/px4_ros_com_ros2/install/multi_rtd_interfaces/lib:/home/navlab-tx2-4/px4_ros_com_ros2/install/px4_ros_com/lib:/opt/ros/eloquent/opt/yaml_cpp_vendor/lib:/opt/ros/eloquent/opt/rviz_ogre_vendor/lib:/opt/ros/eloquent/lib/aarch64-linux-gnu:/opt/ros/eloquent/lib PYTHONPATH=/home/navlab-tx2-4/px4_ros_com_ros2/install/multi_rtd/lib/python3.6/site-packages:/home/navlab-tx2-4/px4_ros_com_ros2/install/px4_msgs/lib/python3.6/site-packages:/home/navlab-tx2-4/px4_ros_com_ros2/install/multi_rtd_interfaces/lib/python3.6/site-packages:/opt/ros/eloquent/lib/python3.6/site-packages /usr/bin/cmake /home/navlab-tx2-4/px4_ros_com_ros2/src/px4_multi_agent_planning/bringup -DCMAKE_INSTALL_PREFIX=/home/navlab-tx2-4/px4_ros_com_ros2/install/bringup
[5.219s] Invoking command in '/home/navlab-tx2-4/px4_ros_com_ros2/build/bringup': AMENT_PREFIX_PATH=/home/navlab-tx2-4/px4_ros_com_ros2/install/multi_rtd:/home/navlab-tx2-4/px4_ros_com_ros2/install/ros1_bridge:/home/navlab-tx2-4/px4_ros_com_ros2/install/px4_ros_com:/home/navlab-tx2-4/px4_ros_com_ros2/install/offboard_ibqr:/home/navlab-tx2-4/px4_ros_com_ros2/install/px4_msgs:/home/navlab-tx2-4/px4_ros_com_ros2/install/multi_rtd_interfaces:/opt/ros/eloquent CMAKE_PREFIX_PATH=/home/navlab-tx2-4/px4_ros_com_ros2/install/offboard_ibqr:/home/navlab-tx2-4/px4_ros_com_ros2/install/px4_msgs:/home/navlab-tx2-4/px4_ros_com_ros2/install/multi_rtd_interfaces:/home/navlab-tx2-4/px4_ros_com_ros2/install/ros1_bridge:/home/navlab-tx2-4/px4_ros_com_ros2/install/px4_ros_com:/home/navlab-tx2-4/px4_ros_com_ros2/install/multi_rtd:/opt/ros/eloquent LD_LIBRARY_PATH=/home/navlab-tx2-4/px4_ros_com_ros2/install/px4_msgs/lib:/home/navlab-tx2-4/px4_ros_com_ros2/install/multi_rtd_interfaces/lib:/home/navlab-tx2-4/px4_ros_com_ros2/install/px4_ros_com/lib:/opt/ros/eloquent/opt/yaml_cpp_vendor/lib:/opt/ros/eloquent/opt/rviz_ogre_vendor/lib:/opt/ros/eloquent/lib/aarch64-linux-gnu:/opt/ros/eloquent/lib PYTHONPATH=/home/navlab-tx2-4/px4_ros_com_ros2/install/multi_rtd/lib/python3.6/site-packages:/home/navlab-tx2-4/px4_ros_com_ros2/install/px4_msgs/lib/python3.6/site-packages:/home/navlab-tx2-4/px4_ros_com_ros2/install/multi_rtd_interfaces/lib/python3.6/site-packages:/opt/ros/eloquent/lib/python3.6/site-packages /usr/bin/cmake --build /home/navlab-tx2-4/px4_ros_com_ros2/build/bringup -- -j4 -l4
[5.369s] Invoked command in '/home/navlab-tx2-4/px4_ros_com_ros2/build/bringup' returned '0': AMENT_PREFIX_PATH=/home/navlab-tx2-4/px4_ros_com_ros2/install/multi_rtd:/home/navlab-tx2-4/px4_ros_com_ros2/install/ros1_bridge:/home/navlab-tx2-4/px4_ros_com_ros2/install/px4_ros_com:/home/navlab-tx2-4/px4_ros_com_ros2/install/offboard_ibqr:/home/navlab-tx2-4/px4_ros_com_ros2/install/px4_msgs:/home/navlab-tx2-4/px4_ros_com_ros2/install/multi_rtd_interfaces:/opt/ros/eloquent CMAKE_PREFIX_PATH=/home/navlab-tx2-4/px4_ros_com_ros2/install/offboard_ibqr:/home/navlab-tx2-4/px4_ros_com_ros2/install/px4_msgs:/home/navlab-tx2-4/px4_ros_com_ros2/install/multi_rtd_interfaces:/home/navlab-tx2-4/px4_ros_com_ros2/install/ros1_bridge:/home/navlab-tx2-4/px4_ros_com_ros2/install/px4_ros_com:/home/navlab-tx2-4/px4_ros_com_ros2/install/multi_rtd:/opt/ros/eloquent LD_LIBRARY_PATH=/home/navlab-tx2-4/px4_ros_com_ros2/install/px4_msgs/lib:/home/navlab-tx2-4/px4_ros_com_ros2/install/multi_rtd_interfaces/lib:/home/navlab-tx2-4/px4_ros_com_ros2/install/px4_ros_com/lib:/opt/ros/eloquent/opt/yaml_cpp_vendor/lib:/opt/ros/eloquent/opt/rviz_ogre_vendor/lib:/opt/ros/eloquent/lib/aarch64-linux-gnu:/opt/ros/eloquent/lib PYTHONPATH=/home/navlab-tx2-4/px4_ros_com_ros2/install/multi_rtd/lib/python3.6/site-packages:/home/navlab-tx2-4/px4_ros_com_ros2/install/px4_msgs/lib/python3.6/site-packages:/home/navlab-tx2-4/px4_ros_com_ros2/install/multi_rtd_interfaces/lib/python3.6/site-packages:/opt/ros/eloquent/lib/python3.6/site-packages /usr/bin/cmake --build /home/navlab-tx2-4/px4_ros_com_ros2/build/bringup -- -j4 -l4
[5.471s] Invoking command in '/home/navlab-tx2-4/px4_ros_com_ros2/build/bringup': AMENT_PREFIX_PATH=/home/navlab-tx2-4/px4_ros_com_ros2/install/multi_rtd:/home/navlab-tx2-4/px4_ros_com_ros2/install/ros1_bridge:/home/navlab-tx2-4/px4_ros_com_ros2/install/px4_ros_com:/home/navlab-tx2-4/px4_ros_com_ros2/install/offboard_ibqr:/home/navlab-tx2-4/px4_ros_com_ros2/install/px4_msgs:/home/navlab-tx2-4/px4_ros_com_ros2/install/multi_rtd_interfaces:/opt/ros/eloquent CMAKE_PREFIX_PATH=/home/navlab-tx2-4/px4_ros_com_ros2/install/offboard_ibqr:/home/navlab-tx2-4/px4_ros_com_ros2/install/px4_msgs:/home/navlab-tx2-4/px4_ros_com_ros2/install/multi_rtd_interfaces:/home/navlab-tx2-4/px4_ros_com_ros2/install/ros1_bridge:/home/navlab-tx2-4/px4_ros_com_ros2/install/px4_ros_com:/home/navlab-tx2-4/px4_ros_com_ros2/install/multi_rtd:/opt/ros/eloquent LD_LIBRARY_PATH=/home/navlab-tx2-4/px4_ros_com_ros2/install/px4_msgs/lib:/home/navlab-tx2-4/px4_ros_com_ros2/install/multi_rtd_interfaces/lib:/home/navlab-tx2-4/px4_ros_com_ros2/install/px4_ros_com/lib:/opt/ros/eloquent/opt/yaml_cpp_vendor/lib:/opt/ros/eloquent/opt/rviz_ogre_vendor/lib:/opt/ros/eloquent/lib/aarch64-linux-gnu:/opt/ros/eloquent/lib PYTHONPATH=/home/navlab-tx2-4/px4_ros_com_ros2/install/multi_rtd/lib/python3.6/site-packages:/home/navlab-tx2-4/px4_ros_com_ros2/install/px4_msgs/lib/python3.6/site-packages:/home/navlab-tx2-4/px4_ros_com_ros2/install/multi_rtd_interfaces/lib/python3.6/site-packages:/opt/ros/eloquent/lib/python3.6/site-packages /usr/bin/cmake --build /home/navlab-tx2-4/px4_ros_com_ros2/build/bringup --target install -- -j4 -l4
[5.635s] [36mInstall the project...[0m
[5.665s] -- Install configuration: ""
[5.665s] -- Installing: /home/navlab-tx2-4/px4_ros_com_ros2/install/bringup/share/bringup/launch
[5.666s] -- Installing: /home/navlab-tx2-4/px4_ros_com_ros2/install/bringup/share/bringup/launch/robot.launch.py
[5.666s] -- Installing: /home/navlab-tx2-4/px4_ros_com_ros2/install/bringup/share/ament_index/resource_index/package_run_dependencies/bringup
[5.667s] -- Installing: /home/navlab-tx2-4/px4_ros_com_ros2/install/bringup/share/ament_index/resource_index/parent_prefix_path/bringup
[5.668s] -- Installing: /home/navlab-tx2-4/px4_ros_com_ros2/install/bringup/share/bringup/environment/ament_prefix_path.sh
[5.668s] -- Installing: /home/navlab-tx2-4/px4_ros_com_ros2/install/bringup/share/bringup/environment/ament_prefix_path.dsv
[5.669s] -- Installing: /home/navlab-tx2-4/px4_ros_com_ros2/install/bringup/share/bringup/environment/path.sh
[5.669s] -- Installing: /home/navlab-tx2-4/px4_ros_com_ros2/install/bringup/share/bringup/environment/path.dsv
[5.670s] -- Installing: /home/navlab-tx2-4/px4_ros_com_ros2/install/bringup/share/bringup/local_setup.bash
[5.670s] -- Installing: /home/navlab-tx2-4/px4_ros_com_ros2/install/bringup/share/bringup/local_setup.sh
[5.671s] -- Installing: /home/navlab-tx2-4/px4_ros_com_ros2/install/bringup/share/bringup/local_setup.zsh
[5.671s] -- Installing: /home/navlab-tx2-4/px4_ros_com_ros2/install/bringup/share/bringup/local_setup.dsv
[5.672s] -- Installing: /home/navlab-tx2-4/px4_ros_com_ros2/install/bringup/share/bringup/package.dsv
[5.673s] -- Installing: /home/navlab-tx2-4/px4_ros_com_ros2/install/bringup/share/ament_index/resource_index/packages/bringup
[5.673s] -- Installing: /home/navlab-tx2-4/px4_ros_com_ros2/install/bringup/share/bringup/cmake/bringupConfig.cmake
[5.674s] -- Installing: /home/navlab-tx2-4/px4_ros_com_ros2/install/bringup/share/bringup/cmake/bringupConfig-version.cmake
[5.674s] -- Installing: /home/navlab-tx2-4/px4_ros_com_ros2/install/bringup/share/bringup/package.xml
[5.688s] Invoked command in '/home/navlab-tx2-4/px4_ros_com_ros2/build/bringup' returned '0': AMENT_PREFIX_PATH=/home/navlab-tx2-4/px4_ros_com_ros2/install/multi_rtd:/home/navlab-tx2-4/px4_ros_com_ros2/install/ros1_bridge:/home/navlab-tx2-4/px4_ros_com_ros2/install/px4_ros_com:/home/navlab-tx2-4/px4_ros_com_ros2/install/offboard_ibqr:/home/navlab-tx2-4/px4_ros_com_ros2/install/px4_msgs:/home/navlab-tx2-4/px4_ros_com_ros2/install/multi_rtd_interfaces:/opt/ros/eloquent CMAKE_PREFIX_PATH=/home/navlab-tx2-4/px4_ros_com_ros2/install/offboard_ibqr:/home/navlab-tx2-4/px4_ros_com_ros2/install/px4_msgs:/home/navlab-tx2-4/px4_ros_com_ros2/install/multi_rtd_interfaces:/home/navlab-tx2-4/px4_ros_com_ros2/install/ros1_bridge:/home/navlab-tx2-4/px4_ros_com_ros2/install/px4_ros_com:/home/navlab-tx2-4/px4_ros_com_ros2/install/multi_rtd:/opt/ros/eloquent LD_LIBRARY_PATH=/home/navlab-tx2-4/px4_ros_com_ros2/install/px4_msgs/lib:/home/navlab-tx2-4/px4_ros_com_ros2/install/multi_rtd_interfaces/lib:/home/navlab-tx2-4/px4_ros_com_ros2/install/px4_ros_com/lib:/opt/ros/eloquent/opt/yaml_cpp_vendor/lib:/opt/ros/eloquent/opt/rviz_ogre_vendor/lib:/opt/ros/eloquent/lib/aarch64-linux-gnu:/opt/ros/eloquent/lib PYTHONPATH=/home/navlab-tx2-4/px4_ros_com_ros2/install/multi_rtd/lib/python3.6/site-packages:/home/navlab-tx2-4/px4_ros_com_ros2/install/px4_msgs/lib/python3.6/site-packages:/home/navlab-tx2-4/px4_ros_com_ros2/install/multi_rtd_interfaces/lib/python3.6/site-packages:/opt/ros/eloquent/lib/python3.6/site-packages /usr/bin/cmake --build /home/navlab-tx2-4/px4_ros_com_ros2/build/bringup --target install -- -j4 -l4
