running egg_info
creating ../../../build/multi_rtd/multi_rtd.egg-info
writing ../../../build/multi_rtd/multi_rtd.egg-info/PKG-INFO
writing dependency_links to ../../../build/multi_rtd/multi_rtd.egg-info/dependency_links.txt
writing entry points to ../../../build/multi_rtd/multi_rtd.egg-info/entry_points.txt
writing requirements to ../../../build/multi_rtd/multi_rtd.egg-info/requires.txt
writing top-level names to ../../../build/multi_rtd/multi_rtd.egg-info/top_level.txt
writing manifest file '../../../build/multi_rtd/multi_rtd.egg-info/SOURCES.txt'
reading manifest file '../../../build/multi_rtd/multi_rtd.egg-info/SOURCES.txt'
writing manifest file '../../../build/multi_rtd/multi_rtd.egg-info/SOURCES.txt'
running build
running build_py
creating /home/navlab-tx2-4/px4_ros_com_ros2/build/multi_rtd/build
creating /home/navlab-tx2-4/px4_ros_com_ros2/build/multi_rtd/build/lib
creating /home/navlab-tx2-4/px4_ros_com_ros2/build/multi_rtd/build/lib/multi_rtd
copying multi_rtd/zonotope.py -> /home/navlab-tx2-4/px4_ros_com_ros2/build/multi_rtd/build/lib/multi_rtd
copying multi_rtd/agent.py -> /home/navlab-tx2-4/px4_ros_com_ros2/build/multi_rtd/build/lib/multi_rtd
copying multi_rtd/multi_planner.py -> /home/navlab-tx2-4/px4_ros_com_ros2/build/multi_rtd/build/lib/multi_rtd
copying multi_rtd/compute_FRS.py -> /home/navlab-tx2-4/px4_ros_com_ros2/build/multi_rtd/build/lib/multi_rtd
copying multi_rtd/planner_utils.py -> /home/navlab-tx2-4/px4_ros_com_ros2/build/multi_rtd/build/lib/multi_rtd
copying multi_rtd/LPM.py -> /home/navlab-tx2-4/px4_ros_com_ros2/build/multi_rtd/build/lib/multi_rtd
copying multi_rtd/simple_planner.py -> /home/navlab-tx2-4/px4_ros_com_ros2/build/multi_rtd/build/lib/multi_rtd
copying multi_rtd/__init__.py -> /home/navlab-tx2-4/px4_ros_com_ros2/build/multi_rtd/build/lib/multi_rtd
running install
running install_lib
creating /home/navlab-tx2-4/px4_ros_com_ros2/install/multi_rtd/lib/python3.6/site-packages/multi_rtd
copying /home/navlab-tx2-4/px4_ros_com_ros2/build/multi_rtd/build/lib/multi_rtd/zonotope.py -> /home/navlab-tx2-4/px4_ros_com_ros2/install/multi_rtd/lib/python3.6/site-packages/multi_rtd
copying /home/navlab-tx2-4/px4_ros_com_ros2/build/multi_rtd/build/lib/multi_rtd/agent.py -> /home/navlab-tx2-4/px4_ros_com_ros2/install/multi_rtd/lib/python3.6/site-packages/multi_rtd
copying /home/navlab-tx2-4/px4_ros_com_ros2/build/multi_rtd/build/lib/multi_rtd/multi_planner.py -> /home/navlab-tx2-4/px4_ros_com_ros2/install/multi_rtd/lib/python3.6/site-packages/multi_rtd
copying /home/navlab-tx2-4/px4_ros_com_ros2/build/multi_rtd/build/lib/multi_rtd/compute_FRS.py -> /home/navlab-tx2-4/px4_ros_com_ros2/install/multi_rtd/lib/python3.6/site-packages/multi_rtd
copying /home/navlab-tx2-4/px4_ros_com_ros2/build/multi_rtd/build/lib/multi_rtd/planner_utils.py -> /home/navlab-tx2-4/px4_ros_com_ros2/install/multi_rtd/lib/python3.6/site-packages/multi_rtd
copying /home/navlab-tx2-4/px4_ros_com_ros2/build/multi_rtd/build/lib/multi_rtd/LPM.py -> /home/navlab-tx2-4/px4_ros_com_ros2/install/multi_rtd/lib/python3.6/site-packages/multi_rtd
copying /home/navlab-tx2-4/px4_ros_com_ros2/build/multi_rtd/build/lib/multi_rtd/simple_planner.py -> /home/navlab-tx2-4/px4_ros_com_ros2/install/multi_rtd/lib/python3.6/site-packages/multi_rtd
copying /home/navlab-tx2-4/px4_ros_com_ros2/build/multi_rtd/build/lib/multi_rtd/__init__.py -> /home/navlab-tx2-4/px4_ros_com_ros2/install/multi_rtd/lib/python3.6/site-packages/multi_rtd
byte-compiling /home/navlab-tx2-4/px4_ros_com_ros2/install/multi_rtd/lib/python3.6/site-packages/multi_rtd/zonotope.py to zonotope.cpython-36.pyc
byte-compiling /home/navlab-tx2-4/px4_ros_com_ros2/install/multi_rtd/lib/python3.6/site-packages/multi_rtd/agent.py to agent.cpython-36.pyc
byte-compiling /home/navlab-tx2-4/px4_ros_com_ros2/install/multi_rtd/lib/python3.6/site-packages/multi_rtd/multi_planner.py to multi_planner.cpython-36.pyc
byte-compiling /home/navlab-tx2-4/px4_ros_com_ros2/install/multi_rtd/lib/python3.6/site-packages/multi_rtd/compute_FRS.py to compute_FRS.cpython-36.pyc
byte-compiling /home/navlab-tx2-4/px4_ros_com_ros2/install/multi_rtd/lib/python3.6/site-packages/multi_rtd/planner_utils.py to planner_utils.cpython-36.pyc
byte-compiling /home/navlab-tx2-4/px4_ros_com_ros2/install/multi_rtd/lib/python3.6/site-packages/multi_rtd/LPM.py to LPM.cpython-36.pyc
byte-compiling /home/navlab-tx2-4/px4_ros_com_ros2/install/multi_rtd/lib/python3.6/site-packages/multi_rtd/simple_planner.py to simple_planner.cpython-36.pyc
byte-compiling /home/navlab-tx2-4/px4_ros_com_ros2/install/multi_rtd/lib/python3.6/site-packages/multi_rtd/__init__.py to __init__.cpython-36.pyc
running install_data
creating /home/navlab-tx2-4/px4_ros_com_ros2/install/multi_rtd/share/ament_index
creating /home/navlab-tx2-4/px4_ros_com_ros2/install/multi_rtd/share/ament_index/resource_index
creating /home/navlab-tx2-4/px4_ros_com_ros2/install/multi_rtd/share/ament_index/resource_index/packages
copying resource/multi_rtd -> /home/navlab-tx2-4/px4_ros_com_ros2/install/multi_rtd/share/ament_index/resource_index/packages
copying package.xml -> /home/navlab-tx2-4/px4_ros_com_ros2/install/multi_rtd/share/multi_rtd
running install_egg_info
Copying ../../../build/multi_rtd/multi_rtd.egg-info to /home/navlab-tx2-4/px4_ros_com_ros2/install/multi_rtd/lib/python3.6/site-packages/multi_rtd-0.0.0-py3.6.egg-info
running install_scripts
Installing multi_planner script to /home/navlab-tx2-4/px4_ros_com_ros2/install/multi_rtd/lib/multi_rtd
Installing simple_planner script to /home/navlab-tx2-4/px4_ros_com_ros2/install/multi_rtd/lib/multi_rtd
writing list of installed files to '/home/navlab-tx2-4/px4_ros_com_ros2/build/multi_rtd/install.log'
