[0.116s] Invoking command in '/home/navlab-tx2-4/px4_ros_com_ros2/build/offboard_ibqr': CMAKE_PREFIX_PATH=/home/navlab-tx2-4/px4_ros_com_ros2/install/px4_msgs:/home/navlab-tx2-4/px4_ros_com_ros2/install/ros1_bridge:/home/navlab-tx2-4/px4_ros_com_ros2/install/px4_ros_com:/home/navlab-tx2-4/px4_ros_com_ros2/install/offboard_ibqr:/home/navlab-tx2-4/px4_ros_com_ros2/install/multi_rtd_interfaces:/home/navlab-tx2-4/px4_ros_com_ros2/install/multi_rtd:/opt/ros/eloquent LD_LIBRARY_PATH=/home/navlab-tx2-4/px4_ros_com_ros2/install/px4_msgs/lib:/home/navlab-tx2-4/px4_ros_com_ros2/install/px4_ros_com/lib:/home/navlab-tx2-4/px4_ros_com_ros2/install/multi_rtd_interfaces/lib:/opt/ros/eloquent/opt/yaml_cpp_vendor/lib:/opt/ros/eloquent/opt/rviz_ogre_vendor/lib:/opt/ros/eloquent/lib/aarch64-linux-gnu:/opt/ros/eloquent/lib /usr/bin/cmake --build /home/navlab-tx2-4/px4_ros_com_ros2/build/offboard_ibqr -- -j4 -l4
[0.317s] [35m[1mScanning dependencies of target offboard_control[0m
[0.395s] [ 50%] Built target trajectory_logger
[0.483s] [ 75%] [32mBuilding CXX object CMakeFiles/offboard_control.dir/src/offboard/offboard_control.cpp.o[0m
[5.725s] [01m[K/home/navlab-tx2-4/px4_ros_com_ros2/src/px4_multi_agent_planning/offboard_ibqr/src/offboard/offboard_control.cpp:[m[K In member function ‘[01m[Kvoid OffboardControl::publish_trajectory_setpoint() const[m[K’:
[5.726s] [01m[K/home/navlab-tx2-4/px4_ros_com_ros2/src/px4_multi_agent_planning/offboard_ibqr/src/offboard/offboard_control.cpp:295:120:[m[K [01;35m[Kwarning: [m[Kcomparison is always true due to limited range of data type [[01;35m[K-Wtype-limits[m[K]
[5.726s]    if ( (timer_callback_counter % (TRAJ_TIME_INTERVAL/period.count()) == 0) && ((traj_index < max_index) && ([01;35m[Ktraj_index >= 0[m[K)) ) // traj_index will only be less than 0 if no trajectory has ever been received
[5.727s]                                                                                                              [01;35m[K~~~~~~~~~~~^~~~[m[K
[24.996s] [100%] [32m[1mLinking CXX executable offboard_control[0m
[26.543s] [100%] Built target offboard_control
[26.584s] Invoked command in '/home/navlab-tx2-4/px4_ros_com_ros2/build/offboard_ibqr' returned '0': CMAKE_PREFIX_PATH=/home/navlab-tx2-4/px4_ros_com_ros2/install/px4_msgs:/home/navlab-tx2-4/px4_ros_com_ros2/install/ros1_bridge:/home/navlab-tx2-4/px4_ros_com_ros2/install/px4_ros_com:/home/navlab-tx2-4/px4_ros_com_ros2/install/offboard_ibqr:/home/navlab-tx2-4/px4_ros_com_ros2/install/multi_rtd_interfaces:/home/navlab-tx2-4/px4_ros_com_ros2/install/multi_rtd:/opt/ros/eloquent LD_LIBRARY_PATH=/home/navlab-tx2-4/px4_ros_com_ros2/install/px4_msgs/lib:/home/navlab-tx2-4/px4_ros_com_ros2/install/px4_ros_com/lib:/home/navlab-tx2-4/px4_ros_com_ros2/install/multi_rtd_interfaces/lib:/opt/ros/eloquent/opt/yaml_cpp_vendor/lib:/opt/ros/eloquent/opt/rviz_ogre_vendor/lib:/opt/ros/eloquent/lib/aarch64-linux-gnu:/opt/ros/eloquent/lib /usr/bin/cmake --build /home/navlab-tx2-4/px4_ros_com_ros2/build/offboard_ibqr -- -j4 -l4
[26.705s] Invoking command in '/home/navlab-tx2-4/px4_ros_com_ros2/build/offboard_ibqr': CMAKE_PREFIX_PATH=/home/navlab-tx2-4/px4_ros_com_ros2/install/px4_msgs:/home/navlab-tx2-4/px4_ros_com_ros2/install/ros1_bridge:/home/navlab-tx2-4/px4_ros_com_ros2/install/px4_ros_com:/home/navlab-tx2-4/px4_ros_com_ros2/install/offboard_ibqr:/home/navlab-tx2-4/px4_ros_com_ros2/install/multi_rtd_interfaces:/home/navlab-tx2-4/px4_ros_com_ros2/install/multi_rtd:/opt/ros/eloquent LD_LIBRARY_PATH=/home/navlab-tx2-4/px4_ros_com_ros2/install/px4_msgs/lib:/home/navlab-tx2-4/px4_ros_com_ros2/install/px4_ros_com/lib:/home/navlab-tx2-4/px4_ros_com_ros2/install/multi_rtd_interfaces/lib:/opt/ros/eloquent/opt/yaml_cpp_vendor/lib:/opt/ros/eloquent/opt/rviz_ogre_vendor/lib:/opt/ros/eloquent/lib/aarch64-linux-gnu:/opt/ros/eloquent/lib /usr/bin/cmake --build /home/navlab-tx2-4/px4_ros_com_ros2/build/offboard_ibqr --target install -- -j4 -l4
[26.921s] [100%] Built target offboard_control
[26.922s] [100%] Built target trajectory_logger
[26.988s] [36mInstall the project...[0m
[27.019s] -- Install configuration: ""
[27.019s] -- Installing: /home/navlab-tx2-4/px4_ros_com_ros2/install/offboard_ibqr/lib/offboard_ibqr/offboard_control
[27.051s] -- Set runtime path of "/home/navlab-tx2-4/px4_ros_com_ros2/install/offboard_ibqr/lib/offboard_ibqr/offboard_control" to ""
[27.051s] -- Up-to-date: /home/navlab-tx2-4/px4_ros_com_ros2/install/offboard_ibqr/lib/offboard_ibqr/trajectory_logger
[27.052s] -- Up-to-date: /home/navlab-tx2-4/px4_ros_com_ros2/install/offboard_ibqr/share/offboard_ibqr/cmake
[27.053s] -- Up-to-date: /home/navlab-tx2-4/px4_ros_com_ros2/install/offboard_ibqr/share/offboard_ibqr/cmake/EnableC++XX.cmake
[27.053s] -- Up-to-date: /home/navlab-tx2-4/px4_ros_com_ros2/install/offboard_ibqr/share/offboard_ibqr/cmake/EnableSanitizers.cmake
[27.054s] -- Up-to-date: /home/navlab-tx2-4/px4_ros_com_ros2/install/offboard_ibqr/share/offboard_ibqr/cmake/GenerateMicroRTPSAgent.cmake
[27.054s] -- Up-to-date: /home/navlab-tx2-4/px4_ros_com_ros2/install/offboard_ibqr/share/ament_index/resource_index/package_run_dependencies/offboard_ibqr
[27.055s] -- Up-to-date: /home/navlab-tx2-4/px4_ros_com_ros2/install/offboard_ibqr/share/ament_index/resource_index/parent_prefix_path/offboard_ibqr
[27.055s] -- Up-to-date: /home/navlab-tx2-4/px4_ros_com_ros2/install/offboard_ibqr/share/offboard_ibqr/environment/ament_prefix_path.sh
[27.056s] -- Up-to-date: /home/navlab-tx2-4/px4_ros_com_ros2/install/offboard_ibqr/share/offboard_ibqr/environment/ament_prefix_path.dsv
[27.056s] -- Up-to-date: /home/navlab-tx2-4/px4_ros_com_ros2/install/offboard_ibqr/share/offboard_ibqr/environment/path.sh
[27.057s] -- Up-to-date: /home/navlab-tx2-4/px4_ros_com_ros2/install/offboard_ibqr/share/offboard_ibqr/environment/path.dsv
[27.057s] -- Up-to-date: /home/navlab-tx2-4/px4_ros_com_ros2/install/offboard_ibqr/share/offboard_ibqr/local_setup.bash
[27.058s] -- Up-to-date: /home/navlab-tx2-4/px4_ros_com_ros2/install/offboard_ibqr/share/offboard_ibqr/local_setup.sh
[27.058s] -- Up-to-date: /home/navlab-tx2-4/px4_ros_com_ros2/install/offboard_ibqr/share/offboard_ibqr/local_setup.zsh
[27.058s] -- Up-to-date: /home/navlab-tx2-4/px4_ros_com_ros2/install/offboard_ibqr/share/offboard_ibqr/local_setup.dsv
[27.059s] -- Installing: /home/navlab-tx2-4/px4_ros_com_ros2/install/offboard_ibqr/share/offboard_ibqr/package.dsv
[27.059s] -- Up-to-date: /home/navlab-tx2-4/px4_ros_com_ros2/install/offboard_ibqr/share/ament_index/resource_index/packages/offboard_ibqr
[27.060s] -- Up-to-date: /home/navlab-tx2-4/px4_ros_com_ros2/install/offboard_ibqr/share/offboard_ibqr/cmake/ament_cmake_export_dependencies-extras.cmake
[27.060s] -- Up-to-date: /home/navlab-tx2-4/px4_ros_com_ros2/install/offboard_ibqr/share/offboard_ibqr/cmake/ament_cmake_export_include_directories-extras.cmake
[27.061s] -- Up-to-date: /home/navlab-tx2-4/px4_ros_com_ros2/install/offboard_ibqr/share/offboard_ibqr/cmake/offboard_ibqrConfig.cmake
[27.061s] -- Up-to-date: /home/navlab-tx2-4/px4_ros_com_ros2/install/offboard_ibqr/share/offboard_ibqr/cmake/offboard_ibqrConfig-version.cmake
[27.062s] -- Up-to-date: /home/navlab-tx2-4/px4_ros_com_ros2/install/offboard_ibqr/share/offboard_ibqr/package.xml
[27.071s] Invoked command in '/home/navlab-tx2-4/px4_ros_com_ros2/build/offboard_ibqr' returned '0': CMAKE_PREFIX_PATH=/home/navlab-tx2-4/px4_ros_com_ros2/install/px4_msgs:/home/navlab-tx2-4/px4_ros_com_ros2/install/ros1_bridge:/home/navlab-tx2-4/px4_ros_com_ros2/install/px4_ros_com:/home/navlab-tx2-4/px4_ros_com_ros2/install/offboard_ibqr:/home/navlab-tx2-4/px4_ros_com_ros2/install/multi_rtd_interfaces:/home/navlab-tx2-4/px4_ros_com_ros2/install/multi_rtd:/opt/ros/eloquent LD_LIBRARY_PATH=/home/navlab-tx2-4/px4_ros_com_ros2/install/px4_msgs/lib:/home/navlab-tx2-4/px4_ros_com_ros2/install/px4_ros_com/lib:/home/navlab-tx2-4/px4_ros_com_ros2/install/multi_rtd_interfaces/lib:/opt/ros/eloquent/opt/yaml_cpp_vendor/lib:/opt/ros/eloquent/opt/rviz_ogre_vendor/lib:/opt/ros/eloquent/lib/aarch64-linux-gnu:/opt/ros/eloquent/lib /usr/bin/cmake --build /home/navlab-tx2-4/px4_ros_com_ros2/build/offboard_ibqr --target install -- -j4 -l4
