[0.126s] Invoking command in '/home/navlab-tx2-4/px4_ros_com_ros2/build/offboard_ibqr': CMAKE_PREFIX_PATH=/home/navlab-tx2-4/px4_ros_com_ros2/install/px4_msgs:/home/navlab-tx2-4/px4_ros_com_ros2/install/ros1_bridge:/home/navlab-tx2-4/px4_ros_com_ros2/install/px4_ros_com:/home/navlab-tx2-4/px4_ros_com_ros2/install/offboard_ibqr:/home/navlab-tx2-4/px4_ros_com_ros2/install/multi_rtd_interfaces:/home/navlab-tx2-4/px4_ros_com_ros2/install/multi_rtd:/opt/ros/eloquent LD_LIBRARY_PATH=/home/navlab-tx2-4/px4_ros_com_ros2/install/px4_msgs/lib:/home/navlab-tx2-4/px4_ros_com_ros2/install/px4_ros_com/lib:/home/navlab-tx2-4/px4_ros_com_ros2/install/multi_rtd_interfaces/lib:/opt/ros/eloquent/opt/yaml_cpp_vendor/lib:/opt/ros/eloquent/opt/rviz_ogre_vendor/lib:/opt/ros/eloquent/lib/aarch64-linux-gnu:/opt/ros/eloquent/lib /usr/bin/cmake --build /home/navlab-tx2-4/px4_ros_com_ros2/build/offboard_ibqr -- -j4 -l4
[0.316s] [35m[1mScanning dependencies of target offboard_control[0m
[0.418s] [ 50%] Built target trajectory_logger
[0.480s] [ 75%] [32mBuilding CXX object CMakeFiles/offboard_control.dir/src/offboard/offboard_control.cpp.o[0m
[5.813s] [01m[K/home/navlab-tx2-4/px4_ros_com_ros2/src/px4_multi_agent_planning/offboard_ibqr/src/offboard/offboard_control.cpp:[m[K In member function ‘[01m[Kvoid OffboardControl::publish_trajectory_setpoint() const[m[K’:
[5.814s] [01m[K/home/navlab-tx2-4/px4_ros_com_ros2/src/px4_multi_agent_planning/offboard_ibqr/src/offboard/offboard_control.cpp:294:120:[m[K [01;35m[Kwarning: [m[Kcomparison is always true due to limited range of data type [[01;35m[K-Wtype-limits[m[K]
[5.814s]    if ( (timer_callback_counter % (TRAJ_TIME_INTERVAL/period.count()) == 0) && ((traj_index < max_index) && ([01;35m[Ktraj_index >= 0[m[K)) ) // traj_index will only be less than 0 if no trajectory has ever been received
[5.815s]                                                                                                              [01;35m[K~~~~~~~~~~~^~~~[m[K
[25.539s] [100%] [32m[1mLinking CXX executable offboard_control[0m
[27.101s] [100%] Built target offboard_control
[27.154s] Invoked command in '/home/navlab-tx2-4/px4_ros_com_ros2/build/offboard_ibqr' returned '0': CMAKE_PREFIX_PATH=/home/navlab-tx2-4/px4_ros_com_ros2/install/px4_msgs:/home/navlab-tx2-4/px4_ros_com_ros2/install/ros1_bridge:/home/navlab-tx2-4/px4_ros_com_ros2/install/px4_ros_com:/home/navlab-tx2-4/px4_ros_com_ros2/install/offboard_ibqr:/home/navlab-tx2-4/px4_ros_com_ros2/install/multi_rtd_interfaces:/home/navlab-tx2-4/px4_ros_com_ros2/install/multi_rtd:/opt/ros/eloquent LD_LIBRARY_PATH=/home/navlab-tx2-4/px4_ros_com_ros2/install/px4_msgs/lib:/home/navlab-tx2-4/px4_ros_com_ros2/install/px4_ros_com/lib:/home/navlab-tx2-4/px4_ros_com_ros2/install/multi_rtd_interfaces/lib:/opt/ros/eloquent/opt/yaml_cpp_vendor/lib:/opt/ros/eloquent/opt/rviz_ogre_vendor/lib:/opt/ros/eloquent/lib/aarch64-linux-gnu:/opt/ros/eloquent/lib /usr/bin/cmake --build /home/navlab-tx2-4/px4_ros_com_ros2/build/offboard_ibqr -- -j4 -l4
[27.267s] Invoking command in '/home/navlab-tx2-4/px4_ros_com_ros2/build/offboard_ibqr': CMAKE_PREFIX_PATH=/home/navlab-tx2-4/px4_ros_com_ros2/install/px4_msgs:/home/navlab-tx2-4/px4_ros_com_ros2/install/ros1_bridge:/home/navlab-tx2-4/px4_ros_com_ros2/install/px4_ros_com:/home/navlab-tx2-4/px4_ros_com_ros2/install/offboard_ibqr:/home/navlab-tx2-4/px4_ros_com_ros2/install/multi_rtd_interfaces:/home/navlab-tx2-4/px4_ros_com_ros2/install/multi_rtd:/opt/ros/eloquent LD_LIBRARY_PATH=/home/navlab-tx2-4/px4_ros_com_ros2/install/px4_msgs/lib:/home/navlab-tx2-4/px4_ros_com_ros2/install/px4_ros_com/lib:/home/navlab-tx2-4/px4_ros_com_ros2/install/multi_rtd_interfaces/lib:/opt/ros/eloquent/opt/yaml_cpp_vendor/lib:/opt/ros/eloquent/opt/rviz_ogre_vendor/lib:/opt/ros/eloquent/lib/aarch64-linux-gnu:/opt/ros/eloquent/lib /usr/bin/cmake --build /home/navlab-tx2-4/px4_ros_com_ros2/build/offboard_ibqr --target install -- -j4 -l4
[27.508s] [ 50%] Built target trajectory_logger
[27.521s] [100%] Built target offboard_control
[27.591s] [36mInstall the project...[0m
[27.622s] -- Install configuration: ""
[27.623s] -- Installing: /home/navlab-tx2-4/px4_ros_com_ros2/install/offboard_ibqr/lib/offboard_ibqr/offboard_control
[27.657s] -- Set runtime path of "/home/navlab-tx2-4/px4_ros_com_ros2/install/offboard_ibqr/lib/offboard_ibqr/offboard_control" to ""
[27.658s] -- Up-to-date: /home/navlab-tx2-4/px4_ros_com_ros2/install/offboard_ibqr/lib/offboard_ibqr/trajectory_logger
[27.658s] -- Up-to-date: /home/navlab-tx2-4/px4_ros_com_ros2/install/offboard_ibqr/share/offboard_ibqr/cmake
[27.659s] -- Up-to-date: /home/navlab-tx2-4/px4_ros_com_ros2/install/offboard_ibqr/share/offboard_ibqr/cmake/EnableC++XX.cmake
[27.659s] -- Up-to-date: /home/navlab-tx2-4/px4_ros_com_ros2/install/offboard_ibqr/share/offboard_ibqr/cmake/EnableSanitizers.cmake
[27.660s] -- Up-to-date: /home/navlab-tx2-4/px4_ros_com_ros2/install/offboard_ibqr/share/offboard_ibqr/cmake/GenerateMicroRTPSAgent.cmake
[27.661s] -- Up-to-date: /home/navlab-tx2-4/px4_ros_com_ros2/install/offboard_ibqr/share/ament_index/resource_index/package_run_dependencies/offboard_ibqr
[27.662s] -- Up-to-date: /home/navlab-tx2-4/px4_ros_com_ros2/install/offboard_ibqr/share/ament_index/resource_index/parent_prefix_path/offboard_ibqr
[27.662s] -- Up-to-date: /home/navlab-tx2-4/px4_ros_com_ros2/install/offboard_ibqr/share/offboard_ibqr/environment/ament_prefix_path.sh
[27.662s] -- Up-to-date: /home/navlab-tx2-4/px4_ros_com_ros2/install/offboard_ibqr/share/offboard_ibqr/environment/ament_prefix_path.dsv
[27.663s] -- Up-to-date: /home/navlab-tx2-4/px4_ros_com_ros2/install/offboard_ibqr/share/offboard_ibqr/environment/path.sh
[27.664s] -- Up-to-date: /home/navlab-tx2-4/px4_ros_com_ros2/install/offboard_ibqr/share/offboard_ibqr/environment/path.dsv
[27.665s] -- Up-to-date: /home/navlab-tx2-4/px4_ros_com_ros2/install/offboard_ibqr/share/offboard_ibqr/local_setup.bash
[27.665s] -- Up-to-date: /home/navlab-tx2-4/px4_ros_com_ros2/install/offboard_ibqr/share/offboard_ibqr/local_setup.sh
[27.669s] -- Up-to-date: /home/navlab-tx2-4/px4_ros_com_ros2/install/offboard_ibqr/share/offboard_ibqr/local_setup.zsh
[27.670s] -- Up-to-date: /home/navlab-tx2-4/px4_ros_com_ros2/install/offboard_ibqr/share/offboard_ibqr/local_setup.dsv
[27.670s] -- Installing: /home/navlab-tx2-4/px4_ros_com_ros2/install/offboard_ibqr/share/offboard_ibqr/package.dsv
[27.671s] -- Up-to-date: /home/navlab-tx2-4/px4_ros_com_ros2/install/offboard_ibqr/share/ament_index/resource_index/packages/offboard_ibqr
[27.678s] -- Up-to-date: /home/navlab-tx2-4/px4_ros_com_ros2/install/offboard_ibqr/share/offboard_ibqr/cmake/ament_cmake_export_dependencies-extras.cmake
[27.679s] -- Up-to-date: /home/navlab-tx2-4/px4_ros_com_ros2/install/offboard_ibqr/share/offboard_ibqr/cmake/ament_cmake_export_include_directories-extras.cmake
[27.679s] -- Up-to-date: /home/navlab-tx2-4/px4_ros_com_ros2/install/offboard_ibqr/share/offboard_ibqr/cmake/offboard_ibqrConfig.cmake
[27.680s] -- Up-to-date: /home/navlab-tx2-4/px4_ros_com_ros2/install/offboard_ibqr/share/offboard_ibqr/cmake/offboard_ibqrConfig-version.cmake
[27.680s] -- Up-to-date: /home/navlab-tx2-4/px4_ros_com_ros2/install/offboard_ibqr/share/offboard_ibqr/package.xml
[27.682s] Invoked command in '/home/navlab-tx2-4/px4_ros_com_ros2/build/offboard_ibqr' returned '0': CMAKE_PREFIX_PATH=/home/navlab-tx2-4/px4_ros_com_ros2/install/px4_msgs:/home/navlab-tx2-4/px4_ros_com_ros2/install/ros1_bridge:/home/navlab-tx2-4/px4_ros_com_ros2/install/px4_ros_com:/home/navlab-tx2-4/px4_ros_com_ros2/install/offboard_ibqr:/home/navlab-tx2-4/px4_ros_com_ros2/install/multi_rtd_interfaces:/home/navlab-tx2-4/px4_ros_com_ros2/install/multi_rtd:/opt/ros/eloquent LD_LIBRARY_PATH=/home/navlab-tx2-4/px4_ros_com_ros2/install/px4_msgs/lib:/home/navlab-tx2-4/px4_ros_com_ros2/install/px4_ros_com/lib:/home/navlab-tx2-4/px4_ros_com_ros2/install/multi_rtd_interfaces/lib:/opt/ros/eloquent/opt/yaml_cpp_vendor/lib:/opt/ros/eloquent/opt/rviz_ogre_vendor/lib:/opt/ros/eloquent/lib/aarch64-linux-gnu:/opt/ros/eloquent/lib /usr/bin/cmake --build /home/navlab-tx2-4/px4_ros_com_ros2/build/offboard_ibqr --target install -- -j4 -l4
