[0.761s] DEBUG:colcon:Command line arguments: ['/usr/bin/colcon', 'build']
[0.762s] DEBUG:colcon:Parsed command line arguments: Namespace(ament_cmake_args=None, base_paths=['.'], build_base='build', catkin_cmake_args=None, catkin_skip_building_tests=False, cmake_args=None, cmake_clean_cache=False, cmake_clean_first=False, cmake_force_configure=False, cmake_target=None, cmake_target_skip_unavailable=False, continue_on_error=False, event_handlers=None, executor='parallel', ignore_user_meta=False, install_base='install', log_base=None, log_level=None, main=<bound method BuildVerb.main of <colcon_core.verb.build.BuildVerb object at 0x7fa8f62be0>>, merge_install=False, metas=['./colcon.meta'], packages_above=None, packages_above_and_dependencies=None, packages_above_depth=None, packages_end=None, packages_ignore=None, packages_ignore_regex=None, packages_select=None, packages_select_build_failed=False, packages_select_by_dep=None, packages_select_regex=None, packages_select_test_failures=False, packages_skip=None, packages_skip_build_finished=False, packages_skip_by_dep=None, packages_skip_regex=None, packages_skip_test_passed=False, packages_skip_up_to=None, packages_start=None, packages_up_to=None, packages_up_to_regex=None, parallel_workers=4, paths=None, symlink_install=False, test_result_base=None, verb_extension=<colcon_core.verb.build.BuildVerb object at 0x7fa8f62be0>, verb_name='build', verb_parser=<colcon_defaults.argument_parser.defaults.DefaultArgumentsDecorator object at 0x7fa8f62f28>)
[0.785s] Level 1:colcon.colcon_core.package_discovery:discover_packages(colcon_meta) check parameters
[0.785s] Level 1:colcon.colcon_core.package_discovery:discover_packages(recursive) check parameters
[0.785s] Level 1:colcon.colcon_core.package_discovery:discover_packages(ignore) check parameters
[0.785s] Level 1:colcon.colcon_core.package_discovery:discover_packages(path) check parameters
[0.786s] Level 1:colcon.colcon_core.package_discovery:discover_packages(colcon_meta) discover
[0.787s] Level 1:colcon.colcon_core.package_discovery:discover_packages(recursive) discover
[0.788s] INFO:colcon.colcon_core.package_discovery:Crawling recursively for packages in '/home/navlab-tx2-4/px4_ros_com_ros2'
[0.789s] Level 1:colcon.colcon_core.package_identification:_identify(.) by extensions ['ignore', 'ignore_ament_install']
[0.789s] Level 1:colcon.colcon_core.package_identification:_identify(.) by extension 'ignore'
[0.790s] Level 1:colcon.colcon_core.package_identification:_identify(.) by extension 'ignore_ament_install'
[0.790s] Level 1:colcon.colcon_core.package_identification:_identify(.) by extensions ['colcon_pkg']
[0.790s] Level 1:colcon.colcon_core.package_identification:_identify(.) by extension 'colcon_pkg'
[0.790s] Level 1:colcon.colcon_core.package_identification:_identify(.) by extensions ['colcon_meta']
[0.790s] Level 1:colcon.colcon_core.package_identification:_identify(.) by extension 'colcon_meta'
[0.791s] Level 1:colcon.colcon_core.package_identification:_identify(.) by extensions ['ros']
[0.791s] Level 1:colcon.colcon_core.package_identification:_identify(.) by extension 'ros'
[0.843s] Level 1:colcon.colcon_core.package_identification:_identify(.) by extensions ['cmake', 'python']
[0.844s] Level 1:colcon.colcon_core.package_identification:_identify(.) by extension 'cmake'
[0.848s] Level 1:colcon.colcon_core.package_identification:_identify(.) by extension 'python'
[0.849s] Level 1:colcon.colcon_core.package_identification:_identify(.) by extensions ['python_setup_py']
[0.849s] Level 1:colcon.colcon_core.package_identification:_identify(.) by extension 'python_setup_py'
[0.850s] Level 1:colcon.colcon_core.package_identification:_identify(build) by extensions ['ignore', 'ignore_ament_install']
[0.852s] Level 1:colcon.colcon_core.package_identification:_identify(build) by extension 'ignore'
[0.852s] Level 1:colcon.colcon_core.package_identification:_identify(build) ignored
[0.856s] Level 1:colcon.colcon_core.package_identification:_identify(install) by extensions ['ignore', 'ignore_ament_install']
[0.857s] Level 1:colcon.colcon_core.package_identification:_identify(install) by extension 'ignore'
[0.857s] Level 1:colcon.colcon_core.package_identification:_identify(install) ignored
[0.858s] Level 1:colcon.colcon_core.package_identification:_identify(log) by extensions ['ignore', 'ignore_ament_install']
[0.859s] Level 1:colcon.colcon_core.package_identification:_identify(log) by extension 'ignore'
[0.859s] Level 1:colcon.colcon_core.package_identification:_identify(log) ignored
[0.860s] Level 1:colcon.colcon_core.package_identification:_identify(src) by extensions ['ignore', 'ignore_ament_install']
[0.860s] Level 1:colcon.colcon_core.package_identification:_identify(src) by extension 'ignore'
[0.860s] Level 1:colcon.colcon_core.package_identification:_identify(src) by extension 'ignore_ament_install'
[0.861s] Level 1:colcon.colcon_core.package_identification:_identify(src) by extensions ['colcon_pkg']
[0.861s] Level 1:colcon.colcon_core.package_identification:_identify(src) by extension 'colcon_pkg'
[0.861s] Level 1:colcon.colcon_core.package_identification:_identify(src) by extensions ['colcon_meta']
[0.861s] Level 1:colcon.colcon_core.package_identification:_identify(src) by extension 'colcon_meta'
[0.862s] Level 1:colcon.colcon_core.package_identification:_identify(src) by extensions ['ros']
[0.862s] Level 1:colcon.colcon_core.package_identification:_identify(src) by extension 'ros'
[0.862s] Level 1:colcon.colcon_core.package_identification:_identify(src) by extensions ['cmake', 'python']
[0.862s] Level 1:colcon.colcon_core.package_identification:_identify(src) by extension 'cmake'
[0.862s] Level 1:colcon.colcon_core.package_identification:_identify(src) by extension 'python'
[0.863s] Level 1:colcon.colcon_core.package_identification:_identify(src) by extensions ['python_setup_py']
[0.863s] Level 1:colcon.colcon_core.package_identification:_identify(src) by extension 'python_setup_py'
[0.863s] Level 1:colcon.colcon_core.package_identification:_identify(src/px4_msgs) by extensions ['ignore', 'ignore_ament_install']
[0.864s] Level 1:colcon.colcon_core.package_identification:_identify(src/px4_msgs) by extension 'ignore'
[0.864s] Level 1:colcon.colcon_core.package_identification:_identify(src/px4_msgs) by extension 'ignore_ament_install'
[0.864s] Level 1:colcon.colcon_core.package_identification:_identify(src/px4_msgs) by extensions ['colcon_pkg']
[0.864s] Level 1:colcon.colcon_core.package_identification:_identify(src/px4_msgs) by extension 'colcon_pkg'
[0.865s] Level 1:colcon.colcon_core.package_identification:_identify(src/px4_msgs) by extensions ['colcon_meta']
[0.865s] Level 1:colcon.colcon_core.package_identification:_identify(src/px4_msgs) by extension 'colcon_meta'
[0.865s] Level 1:colcon.colcon_core.package_identification:_identify(src/px4_msgs) by extensions ['ros']
[0.865s] Level 1:colcon.colcon_core.package_identification:_identify(src/px4_msgs) by extension 'ros'
[0.875s] DEBUG:colcon.colcon_core.package_identification:Package 'src/px4_msgs' with type 'ros.ament_cmake' and name 'px4_msgs'
[0.876s] Level 1:colcon.colcon_core.package_identification:_identify(src/px4_multi_agent_planning) by extensions ['ignore', 'ignore_ament_install']
[0.876s] Level 1:colcon.colcon_core.package_identification:_identify(src/px4_multi_agent_planning) by extension 'ignore'
[0.876s] Level 1:colcon.colcon_core.package_identification:_identify(src/px4_multi_agent_planning) by extension 'ignore_ament_install'
[0.876s] Level 1:colcon.colcon_core.package_identification:_identify(src/px4_multi_agent_planning) by extensions ['colcon_pkg']
[0.877s] Level 1:colcon.colcon_core.package_identification:_identify(src/px4_multi_agent_planning) by extension 'colcon_pkg'
[0.877s] Level 1:colcon.colcon_core.package_identification:_identify(src/px4_multi_agent_planning) by extensions ['colcon_meta']
[0.877s] Level 1:colcon.colcon_core.package_identification:_identify(src/px4_multi_agent_planning) by extension 'colcon_meta'
[0.877s] Level 1:colcon.colcon_core.package_identification:_identify(src/px4_multi_agent_planning) by extensions ['ros']
[0.877s] Level 1:colcon.colcon_core.package_identification:_identify(src/px4_multi_agent_planning) by extension 'ros'
[0.878s] Level 1:colcon.colcon_core.package_identification:_identify(src/px4_multi_agent_planning) by extensions ['cmake', 'python']
[0.878s] Level 1:colcon.colcon_core.package_identification:_identify(src/px4_multi_agent_planning) by extension 'cmake'
[0.878s] Level 1:colcon.colcon_core.package_identification:_identify(src/px4_multi_agent_planning) by extension 'python'
[0.878s] Level 1:colcon.colcon_core.package_identification:_identify(src/px4_multi_agent_planning) by extensions ['python_setup_py']
[0.878s] Level 1:colcon.colcon_core.package_identification:_identify(src/px4_multi_agent_planning) by extension 'python_setup_py'
[0.879s] Level 1:colcon.colcon_core.package_identification:_identify(src/px4_multi_agent_planning/multi_rtd) by extensions ['ignore', 'ignore_ament_install']
[0.879s] Level 1:colcon.colcon_core.package_identification:_identify(src/px4_multi_agent_planning/multi_rtd) by extension 'ignore'
[0.879s] Level 1:colcon.colcon_core.package_identification:_identify(src/px4_multi_agent_planning/multi_rtd) by extension 'ignore_ament_install'
[0.880s] Level 1:colcon.colcon_core.package_identification:_identify(src/px4_multi_agent_planning/multi_rtd) by extensions ['colcon_pkg']
[0.880s] Level 1:colcon.colcon_core.package_identification:_identify(src/px4_multi_agent_planning/multi_rtd) by extension 'colcon_pkg'
[0.880s] Level 1:colcon.colcon_core.package_identification:_identify(src/px4_multi_agent_planning/multi_rtd) by extensions ['colcon_meta']
[0.880s] Level 1:colcon.colcon_core.package_identification:_identify(src/px4_multi_agent_planning/multi_rtd) by extension 'colcon_meta'
[0.880s] Level 1:colcon.colcon_core.package_identification:_identify(src/px4_multi_agent_planning/multi_rtd) by extensions ['ros']
[0.880s] Level 1:colcon.colcon_core.package_identification:_identify(src/px4_multi_agent_planning/multi_rtd) by extension 'ros'
[0.883s] DEBUG:colcon.colcon_core.package_identification:Package 'src/px4_multi_agent_planning/multi_rtd' with type 'ros.ament_python' and name 'multi_rtd'
[0.883s] Level 1:colcon.colcon_core.package_identification:_identify(src/px4_multi_agent_planning/multi_rtd_interfaces) by extensions ['ignore', 'ignore_ament_install']
[0.884s] Level 1:colcon.colcon_core.package_identification:_identify(src/px4_multi_agent_planning/multi_rtd_interfaces) by extension 'ignore'
[0.884s] Level 1:colcon.colcon_core.package_identification:_identify(src/px4_multi_agent_planning/multi_rtd_interfaces) by extension 'ignore_ament_install'
[0.884s] Level 1:colcon.colcon_core.package_identification:_identify(src/px4_multi_agent_planning/multi_rtd_interfaces) by extensions ['colcon_pkg']
[0.884s] Level 1:colcon.colcon_core.package_identification:_identify(src/px4_multi_agent_planning/multi_rtd_interfaces) by extension 'colcon_pkg'
[0.885s] Level 1:colcon.colcon_core.package_identification:_identify(src/px4_multi_agent_planning/multi_rtd_interfaces) by extensions ['colcon_meta']
[0.885s] Level 1:colcon.colcon_core.package_identification:_identify(src/px4_multi_agent_planning/multi_rtd_interfaces) by extension 'colcon_meta'
[0.885s] Level 1:colcon.colcon_core.package_identification:_identify(src/px4_multi_agent_planning/multi_rtd_interfaces) by extensions ['ros']
[0.885s] Level 1:colcon.colcon_core.package_identification:_identify(src/px4_multi_agent_planning/multi_rtd_interfaces) by extension 'ros'
[0.888s] DEBUG:colcon.colcon_core.package_identification:Package 'src/px4_multi_agent_planning/multi_rtd_interfaces' with type 'ros.ament_cmake' and name 'multi_rtd_interfaces'
[0.888s] Level 1:colcon.colcon_core.package_identification:_identify(src/px4_multi_agent_planning/offboard_ibqr) by extensions ['ignore', 'ignore_ament_install']
[0.889s] Level 1:colcon.colcon_core.package_identification:_identify(src/px4_multi_agent_planning/offboard_ibqr) by extension 'ignore'
[0.889s] Level 1:colcon.colcon_core.package_identification:_identify(src/px4_multi_agent_planning/offboard_ibqr) by extension 'ignore_ament_install'
[0.889s] Level 1:colcon.colcon_core.package_identification:_identify(src/px4_multi_agent_planning/offboard_ibqr) by extensions ['colcon_pkg']
[0.889s] Level 1:colcon.colcon_core.package_identification:_identify(src/px4_multi_agent_planning/offboard_ibqr) by extension 'colcon_pkg'
[0.890s] Level 1:colcon.colcon_core.package_identification:_identify(src/px4_multi_agent_planning/offboard_ibqr) by extensions ['colcon_meta']
[0.890s] Level 1:colcon.colcon_core.package_identification:_identify(src/px4_multi_agent_planning/offboard_ibqr) by extension 'colcon_meta'
[0.890s] Level 1:colcon.colcon_core.package_identification:_identify(src/px4_multi_agent_planning/offboard_ibqr) by extensions ['ros']
[0.890s] Level 1:colcon.colcon_core.package_identification:_identify(src/px4_multi_agent_planning/offboard_ibqr) by extension 'ros'
[0.898s] DEBUG:colcon.colcon_core.package_identification:Package 'src/px4_multi_agent_planning/offboard_ibqr' with type 'ros.ament_cmake' and name 'offboard_ibqr'
[0.898s] Level 1:colcon.colcon_core.package_identification:_identify(src/px4_ros_com) by extensions ['ignore', 'ignore_ament_install']
[0.899s] Level 1:colcon.colcon_core.package_identification:_identify(src/px4_ros_com) by extension 'ignore'
[0.899s] Level 1:colcon.colcon_core.package_identification:_identify(src/px4_ros_com) by extension 'ignore_ament_install'
[0.899s] Level 1:colcon.colcon_core.package_identification:_identify(src/px4_ros_com) by extensions ['colcon_pkg']
[0.899s] Level 1:colcon.colcon_core.package_identification:_identify(src/px4_ros_com) by extension 'colcon_pkg'
[0.899s] Level 1:colcon.colcon_core.package_identification:_identify(src/px4_ros_com) by extensions ['colcon_meta']
[0.900s] Level 1:colcon.colcon_core.package_identification:_identify(src/px4_ros_com) by extension 'colcon_meta'
[0.900s] Level 1:colcon.colcon_core.package_identification:_identify(src/px4_ros_com) by extensions ['ros']
[0.900s] Level 1:colcon.colcon_core.package_identification:_identify(src/px4_ros_com) by extension 'ros'
[0.906s] DEBUG:colcon.colcon_core.package_identification:Package 'src/px4_ros_com' with type 'ros.ament_cmake' and name 'px4_ros_com'
[0.906s] Level 1:colcon.colcon_core.package_identification:_identify(src/ros1_bridge) by extensions ['ignore', 'ignore_ament_install']
[0.907s] Level 1:colcon.colcon_core.package_identification:_identify(src/ros1_bridge) by extension 'ignore'
[0.907s] Level 1:colcon.colcon_core.package_identification:_identify(src/ros1_bridge) by extension 'ignore_ament_install'
[0.909s] Level 1:colcon.colcon_core.package_identification:_identify(src/ros1_bridge) by extensions ['colcon_pkg']
[0.909s] Level 1:colcon.colcon_core.package_identification:_identify(src/ros1_bridge) by extension 'colcon_pkg'
[0.909s] Level 1:colcon.colcon_core.package_identification:_identify(src/ros1_bridge) by extensions ['colcon_meta']
[0.909s] Level 1:colcon.colcon_core.package_identification:_identify(src/ros1_bridge) by extension 'colcon_meta'
[0.910s] Level 1:colcon.colcon_core.package_identification:_identify(src/ros1_bridge) by extensions ['ros']
[0.910s] Level 1:colcon.colcon_core.package_identification:_identify(src/ros1_bridge) by extension 'ros'
[0.914s] DEBUG:colcon.colcon_core.package_identification:Package 'src/ros1_bridge' with type 'ros.ament_cmake' and name 'ros1_bridge'
[0.914s] Level 1:colcon.colcon_core.package_discovery:discover_packages(recursive) using defaults
[0.915s] Level 1:colcon.colcon_core.package_discovery:discover_packages(ignore) discover
[0.915s] Level 1:colcon.colcon_core.package_discovery:discover_packages(ignore) using defaults
[0.915s] Level 1:colcon.colcon_core.package_discovery:discover_packages(path) discover
[0.915s] Level 1:colcon.colcon_core.package_discovery:discover_packages(path) using defaults
[1.023s] Level 5:colcon.colcon_core.verb:set package 'multi_rtd_interfaces' build argument 'cmake_args' from command line to 'None'
[1.024s] Level 5:colcon.colcon_core.verb:set package 'multi_rtd_interfaces' build argument 'cmake_target' from command line to 'None'
[1.024s] Level 5:colcon.colcon_core.verb:set package 'multi_rtd_interfaces' build argument 'cmake_target_skip_unavailable' from command line to 'False'
[1.024s] Level 5:colcon.colcon_core.verb:set package 'multi_rtd_interfaces' build argument 'cmake_clean_cache' from command line to 'False'
[1.024s] Level 5:colcon.colcon_core.verb:set package 'multi_rtd_interfaces' build argument 'cmake_clean_first' from command line to 'False'
[1.024s] Level 5:colcon.colcon_core.verb:set package 'multi_rtd_interfaces' build argument 'cmake_force_configure' from command line to 'False'
[1.024s] Level 5:colcon.colcon_core.verb:set package 'multi_rtd_interfaces' build argument 'ament_cmake_args' from command line to 'None'
[1.024s] Level 5:colcon.colcon_core.verb:set package 'multi_rtd_interfaces' build argument 'catkin_cmake_args' from command line to 'None'
[1.025s] Level 5:colcon.colcon_core.verb:set package 'multi_rtd_interfaces' build argument 'catkin_skip_building_tests' from command line to 'False'
[1.025s] DEBUG:colcon.colcon_core.verb:Building package 'multi_rtd_interfaces' with the following arguments: {'ament_cmake_args': None, 'build_base': '/home/navlab-tx2-4/px4_ros_com_ros2/build/multi_rtd_interfaces', 'catkin_cmake_args': None, 'catkin_skip_building_tests': False, 'cmake_args': None, 'cmake_clean_cache': False, 'cmake_clean_first': False, 'cmake_force_configure': False, 'cmake_target': None, 'cmake_target_skip_unavailable': False, 'install_base': '/home/navlab-tx2-4/px4_ros_com_ros2/install/multi_rtd_interfaces', 'merge_install': False, 'path': '/home/navlab-tx2-4/px4_ros_com_ros2/src/px4_multi_agent_planning/multi_rtd_interfaces', 'symlink_install': False, 'test_result_base': None}
[1.041s] Level 5:colcon.colcon_core.verb:set package 'px4_msgs' build argument 'cmake_args' from command line to 'None'
[1.041s] Level 5:colcon.colcon_core.verb:set package 'px4_msgs' build argument 'cmake_target' from command line to 'None'
[1.041s] Level 5:colcon.colcon_core.verb:set package 'px4_msgs' build argument 'cmake_target_skip_unavailable' from command line to 'False'
[1.041s] Level 5:colcon.colcon_core.verb:set package 'px4_msgs' build argument 'cmake_clean_cache' from command line to 'False'
[1.041s] Level 5:colcon.colcon_core.verb:set package 'px4_msgs' build argument 'cmake_clean_first' from command line to 'False'
[1.042s] Level 5:colcon.colcon_core.verb:set package 'px4_msgs' build argument 'cmake_force_configure' from command line to 'False'
[1.042s] Level 5:colcon.colcon_core.verb:set package 'px4_msgs' build argument 'ament_cmake_args' from command line to 'None'
[1.042s] Level 5:colcon.colcon_core.verb:set package 'px4_msgs' build argument 'catkin_cmake_args' from command line to 'None'
[1.042s] Level 5:colcon.colcon_core.verb:set package 'px4_msgs' build argument 'catkin_skip_building_tests' from command line to 'False'
[1.042s] DEBUG:colcon.colcon_core.verb:Building package 'px4_msgs' with the following arguments: {'ament_cmake_args': None, 'build_base': '/home/navlab-tx2-4/px4_ros_com_ros2/build/px4_msgs', 'catkin_cmake_args': None, 'catkin_skip_building_tests': False, 'cmake_args': None, 'cmake_clean_cache': False, 'cmake_clean_first': False, 'cmake_force_configure': False, 'cmake_target': None, 'cmake_target_skip_unavailable': False, 'install_base': '/home/navlab-tx2-4/px4_ros_com_ros2/install/px4_msgs', 'merge_install': False, 'path': '/home/navlab-tx2-4/px4_ros_com_ros2/src/px4_msgs', 'symlink_install': False, 'test_result_base': None}
[1.058s] Level 5:colcon.colcon_core.verb:set package 'multi_rtd' build argument 'cmake_args' from command line to 'None'
[1.058s] Level 5:colcon.colcon_core.verb:set package 'multi_rtd' build argument 'cmake_target' from command line to 'None'
[1.058s] Level 5:colcon.colcon_core.verb:set package 'multi_rtd' build argument 'cmake_target_skip_unavailable' from command line to 'False'
[1.059s] Level 5:colcon.colcon_core.verb:set package 'multi_rtd' build argument 'cmake_clean_cache' from command line to 'False'
[1.059s] Level 5:colcon.colcon_core.verb:set package 'multi_rtd' build argument 'cmake_clean_first' from command line to 'False'
[1.059s] Level 5:colcon.colcon_core.verb:set package 'multi_rtd' build argument 'cmake_force_configure' from command line to 'False'
[1.059s] Level 5:colcon.colcon_core.verb:set package 'multi_rtd' build argument 'ament_cmake_args' from command line to 'None'
[1.059s] Level 5:colcon.colcon_core.verb:set package 'multi_rtd' build argument 'catkin_cmake_args' from command line to 'None'
[1.059s] Level 5:colcon.colcon_core.verb:set package 'multi_rtd' build argument 'catkin_skip_building_tests' from command line to 'False'
[1.059s] DEBUG:colcon.colcon_core.verb:Building package 'multi_rtd' with the following arguments: {'ament_cmake_args': None, 'build_base': '/home/navlab-tx2-4/px4_ros_com_ros2/build/multi_rtd', 'catkin_cmake_args': None, 'catkin_skip_building_tests': False, 'cmake_args': None, 'cmake_clean_cache': False, 'cmake_clean_first': False, 'cmake_force_configure': False, 'cmake_target': None, 'cmake_target_skip_unavailable': False, 'install_base': '/home/navlab-tx2-4/px4_ros_com_ros2/install/multi_rtd', 'merge_install': False, 'path': '/home/navlab-tx2-4/px4_ros_com_ros2/src/px4_multi_agent_planning/multi_rtd', 'symlink_install': False, 'test_result_base': None}
[1.079s] Level 5:colcon.colcon_core.verb:set package 'offboard_ibqr' build argument 'cmake_args' from command line to 'None'
[1.079s] Level 5:colcon.colcon_core.verb:set package 'offboard_ibqr' build argument 'cmake_target' from command line to 'None'
[1.079s] Level 5:colcon.colcon_core.verb:set package 'offboard_ibqr' build argument 'cmake_target_skip_unavailable' from command line to 'False'
[1.079s] Level 5:colcon.colcon_core.verb:set package 'offboard_ibqr' build argument 'cmake_clean_cache' from command line to 'False'
[1.079s] Level 5:colcon.colcon_core.verb:set package 'offboard_ibqr' build argument 'cmake_clean_first' from command line to 'False'
[1.080s] Level 5:colcon.colcon_core.verb:set package 'offboard_ibqr' build argument 'cmake_force_configure' from command line to 'False'
[1.080s] Level 5:colcon.colcon_core.verb:set package 'offboard_ibqr' build argument 'ament_cmake_args' from command line to 'None'
[1.080s] Level 5:colcon.colcon_core.verb:set package 'offboard_ibqr' build argument 'catkin_cmake_args' from command line to 'None'
[1.080s] Level 5:colcon.colcon_core.verb:set package 'offboard_ibqr' build argument 'catkin_skip_building_tests' from command line to 'False'
[1.080s] DEBUG:colcon.colcon_core.verb:Building package 'offboard_ibqr' with the following arguments: {'ament_cmake_args': None, 'build_base': '/home/navlab-tx2-4/px4_ros_com_ros2/build/offboard_ibqr', 'catkin_cmake_args': None, 'catkin_skip_building_tests': False, 'cmake_args': None, 'cmake_clean_cache': False, 'cmake_clean_first': False, 'cmake_force_configure': False, 'cmake_target': None, 'cmake_target_skip_unavailable': False, 'install_base': '/home/navlab-tx2-4/px4_ros_com_ros2/install/offboard_ibqr', 'merge_install': False, 'path': '/home/navlab-tx2-4/px4_ros_com_ros2/src/px4_multi_agent_planning/offboard_ibqr', 'symlink_install': False, 'test_result_base': None}
[1.099s] Level 5:colcon.colcon_core.verb:set package 'px4_ros_com' build argument 'cmake_args' from command line to 'None'
[1.100s] Level 5:colcon.colcon_core.verb:set package 'px4_ros_com' build argument 'cmake_target' from command line to 'None'
[1.101s] Level 5:colcon.colcon_core.verb:set package 'px4_ros_com' build argument 'cmake_target_skip_unavailable' from command line to 'False'
[1.101s] Level 5:colcon.colcon_core.verb:set package 'px4_ros_com' build argument 'cmake_clean_cache' from command line to 'False'
[1.101s] Level 5:colcon.colcon_core.verb:set package 'px4_ros_com' build argument 'cmake_clean_first' from command line to 'False'
[1.101s] Level 5:colcon.colcon_core.verb:set package 'px4_ros_com' build argument 'cmake_force_configure' from command line to 'False'
[1.101s] Level 5:colcon.colcon_core.verb:set package 'px4_ros_com' build argument 'ament_cmake_args' from command line to 'None'
[1.102s] Level 5:colcon.colcon_core.verb:set package 'px4_ros_com' build argument 'catkin_cmake_args' from command line to 'None'
[1.102s] Level 5:colcon.colcon_core.verb:set package 'px4_ros_com' build argument 'catkin_skip_building_tests' from command line to 'False'
[1.102s] DEBUG:colcon.colcon_core.verb:Building package 'px4_ros_com' with the following arguments: {'ament_cmake_args': None, 'build_base': '/home/navlab-tx2-4/px4_ros_com_ros2/build/px4_ros_com', 'catkin_cmake_args': None, 'catkin_skip_building_tests': False, 'cmake_args': None, 'cmake_clean_cache': False, 'cmake_clean_first': False, 'cmake_force_configure': False, 'cmake_target': None, 'cmake_target_skip_unavailable': False, 'install_base': '/home/navlab-tx2-4/px4_ros_com_ros2/install/px4_ros_com', 'merge_install': False, 'path': '/home/navlab-tx2-4/px4_ros_com_ros2/src/px4_ros_com', 'symlink_install': False, 'test_result_base': None}
[1.118s] Level 5:colcon.colcon_core.verb:set package 'ros1_bridge' build argument 'cmake_args' from command line to 'None'
[1.119s] Level 5:colcon.colcon_core.verb:set package 'ros1_bridge' build argument 'cmake_target' from command line to 'None'
[1.119s] Level 5:colcon.colcon_core.verb:set package 'ros1_bridge' build argument 'cmake_target_skip_unavailable' from command line to 'False'
[1.119s] Level 5:colcon.colcon_core.verb:set package 'ros1_bridge' build argument 'cmake_clean_cache' from command line to 'False'
[1.119s] Level 5:colcon.colcon_core.verb:set package 'ros1_bridge' build argument 'cmake_clean_first' from command line to 'False'
[1.119s] Level 5:colcon.colcon_core.verb:set package 'ros1_bridge' build argument 'cmake_force_configure' from command line to 'False'
[1.119s] Level 5:colcon.colcon_core.verb:set package 'ros1_bridge' build argument 'ament_cmake_args' from command line to 'None'
[1.119s] Level 5:colcon.colcon_core.verb:set package 'ros1_bridge' build argument 'catkin_cmake_args' from command line to 'None'
[1.120s] Level 5:colcon.colcon_core.verb:set package 'ros1_bridge' build argument 'catkin_skip_building_tests' from command line to 'False'
[1.120s] DEBUG:colcon.colcon_core.verb:Building package 'ros1_bridge' with the following arguments: {'ament_cmake_args': None, 'build_base': '/home/navlab-tx2-4/px4_ros_com_ros2/build/ros1_bridge', 'catkin_cmake_args': None, 'catkin_skip_building_tests': False, 'cmake_args': None, 'cmake_clean_cache': False, 'cmake_clean_first': False, 'cmake_force_configure': False, 'cmake_target': None, 'cmake_target_skip_unavailable': False, 'install_base': '/home/navlab-tx2-4/px4_ros_com_ros2/install/ros1_bridge', 'merge_install': False, 'path': '/home/navlab-tx2-4/px4_ros_com_ros2/src/ros1_bridge', 'symlink_install': False, 'test_result_base': None}
[1.121s] INFO:colcon.colcon_core.executor:Executing jobs using 'parallel' executor
[1.130s] DEBUG:colcon.colcon_parallel_executor.executor.parallel:run_until_complete
[1.131s] INFO:colcon.colcon_ros.task.ament_cmake.build:Building ROS package in '/home/navlab-tx2-4/px4_ros_com_ros2/src/px4_msgs' with build type 'ament_cmake'
[1.132s] INFO:colcon.colcon_cmake.task.cmake.build:Building CMake package in '/home/navlab-tx2-4/px4_ros_com_ros2/src/px4_msgs'
[1.188s] INFO:colcon.colcon_core.plugin_system:Skipping extension 'colcon_core.shell.bat': Not used on non-Windows systems
[1.189s] INFO:colcon.colcon_core.shell:Skip shell extension 'powershell' for command environment: Not usable outside of PowerShell
[1.190s] DEBUG:colcon.colcon_core.shell:Skip shell extension 'dsv' for command environment
[1.203s] DEBUG:colcon.colcon_core.shell:Ignoring prefix path '/opt/ros/eloquent'
[1.213s] INFO:colcon.colcon_ros.task.ament_cmake.build:Building ROS package in '/home/navlab-tx2-4/px4_ros_com_ros2/src/px4_multi_agent_planning/multi_rtd_interfaces' with build type 'ament_cmake'
[1.214s] INFO:colcon.colcon_cmake.task.cmake.build:Building CMake package in '/home/navlab-tx2-4/px4_ros_com_ros2/src/px4_multi_agent_planning/multi_rtd_interfaces'
[1.219s] INFO:colcon.colcon_core.shell:Skip shell extension 'powershell' for command environment: Not usable outside of PowerShell
[1.219s] DEBUG:colcon.colcon_core.shell:Skip shell extension 'dsv' for command environment
[1.234s] DEBUG:colcon.colcon_core.shell:Ignoring prefix path '/opt/ros/eloquent'
[1.262s] DEBUG:colcon.colcon_core.event_handler.log_command:Invoking command in '/home/navlab-tx2-4/px4_ros_com_ros2/build/px4_msgs': CMAKE_PREFIX_PATH=${CMAKE_PREFIX_PATH}:/home/navlab-tx2-4/px4_ros_com_ros2/install/multi_rtd:/opt/ros/eloquent /usr/bin/cmake --build /home/navlab-tx2-4/px4_ros_com_ros2/build/px4_msgs -- -j4 -l4
[1.299s] DEBUG:colcon.colcon_core.event_handler.log_command:Invoking command in '/home/navlab-tx2-4/px4_ros_com_ros2/build/multi_rtd_interfaces': CMAKE_PREFIX_PATH=${CMAKE_PREFIX_PATH}:/home/navlab-tx2-4/px4_ros_com_ros2/install/multi_rtd:/opt/ros/eloquent /usr/bin/cmake --build /home/navlab-tx2-4/px4_ros_com_ros2/build/multi_rtd_interfaces -- -j4 -l4
[2.240s] DEBUG:colcon.colcon_core.event_handler.log_command:Invoked command in '/home/navlab-tx2-4/px4_ros_com_ros2/build/multi_rtd_interfaces' returned '0': CMAKE_PREFIX_PATH=${CMAKE_PREFIX_PATH}:/home/navlab-tx2-4/px4_ros_com_ros2/install/multi_rtd:/opt/ros/eloquent /usr/bin/cmake --build /home/navlab-tx2-4/px4_ros_com_ros2/build/multi_rtd_interfaces -- -j4 -l4
[2.583s] DEBUG:colcon.colcon_core.event_handler.log_command:Invoking command in '/home/navlab-tx2-4/px4_ros_com_ros2/build/multi_rtd_interfaces': CMAKE_PREFIX_PATH=${CMAKE_PREFIX_PATH}:/home/navlab-tx2-4/px4_ros_com_ros2/install/multi_rtd:/opt/ros/eloquent /usr/bin/cmake --build /home/navlab-tx2-4/px4_ros_com_ros2/build/multi_rtd_interfaces --target install -- -j4 -l4
[3.981s] Level 1:colcon.colcon_core.environment:create_environment_scripts_only(multi_rtd_interfaces)
[3.987s] DEBUG:colcon.colcon_core.event_handler.log_command:Invoked command in '/home/navlab-tx2-4/px4_ros_com_ros2/build/multi_rtd_interfaces' returned '0': CMAKE_PREFIX_PATH=${CMAKE_PREFIX_PATH}:/home/navlab-tx2-4/px4_ros_com_ros2/install/multi_rtd:/opt/ros/eloquent /usr/bin/cmake --build /home/navlab-tx2-4/px4_ros_com_ros2/build/multi_rtd_interfaces --target install -- -j4 -l4
[3.999s] Level 1:colcon.colcon_core.environment:checking '/home/navlab-tx2-4/px4_ros_com_ros2/install/multi_rtd_interfaces' for CMake module files
[4.002s] Level 1:colcon.colcon_core.environment:checking '/home/navlab-tx2-4/px4_ros_com_ros2/install/multi_rtd_interfaces' for CMake config files
[4.004s] Level 1:colcon.colcon_core.shell:create_environment_hook('multi_rtd_interfaces', 'cmake_prefix_path')
[4.007s] INFO:colcon.colcon_core.shell:Creating environment hook '/home/navlab-tx2-4/px4_ros_com_ros2/install/multi_rtd_interfaces/share/multi_rtd_interfaces/hook/cmake_prefix_path.ps1'
[4.010s] INFO:colcon.colcon_core.shell:Creating environment descriptor '/home/navlab-tx2-4/px4_ros_com_ros2/install/multi_rtd_interfaces/share/multi_rtd_interfaces/hook/cmake_prefix_path.dsv'
[4.012s] INFO:colcon.colcon_core.shell:Creating environment hook '/home/navlab-tx2-4/px4_ros_com_ros2/install/multi_rtd_interfaces/share/multi_rtd_interfaces/hook/cmake_prefix_path.sh'
[4.017s] Level 1:colcon.colcon_core.environment:checking '/home/navlab-tx2-4/px4_ros_com_ros2/install/multi_rtd_interfaces/lib'
[4.017s] Level 1:colcon.colcon_core.shell:create_environment_hook('multi_rtd_interfaces', 'ld_library_path_lib')
[4.021s] INFO:colcon.colcon_core.shell:Creating environment hook '/home/navlab-tx2-4/px4_ros_com_ros2/install/multi_rtd_interfaces/share/multi_rtd_interfaces/hook/ld_library_path_lib.ps1'
[4.022s] INFO:colcon.colcon_core.shell:Creating environment descriptor '/home/navlab-tx2-4/px4_ros_com_ros2/install/multi_rtd_interfaces/share/multi_rtd_interfaces/hook/ld_library_path_lib.dsv'
[4.024s] INFO:colcon.colcon_core.shell:Creating environment hook '/home/navlab-tx2-4/px4_ros_com_ros2/install/multi_rtd_interfaces/share/multi_rtd_interfaces/hook/ld_library_path_lib.sh'
[4.025s] Level 1:colcon.colcon_core.environment:checking '/home/navlab-tx2-4/px4_ros_com_ros2/install/multi_rtd_interfaces/bin'
[4.025s] Level 1:colcon.colcon_core.environment:checking '/home/navlab-tx2-4/px4_ros_com_ros2/install/multi_rtd_interfaces/lib/pkgconfig/multi_rtd_interfaces.pc'
[4.026s] Level 1:colcon.colcon_core.environment:checking '/home/navlab-tx2-4/px4_ros_com_ros2/install/multi_rtd_interfaces/lib/python3.6/site-packages'
[4.026s] Level 1:colcon.colcon_core.shell:create_environment_hook('multi_rtd_interfaces', 'pythonpath')
[4.029s] INFO:colcon.colcon_core.shell:Creating environment hook '/home/navlab-tx2-4/px4_ros_com_ros2/install/multi_rtd_interfaces/share/multi_rtd_interfaces/hook/pythonpath.ps1'
[4.030s] INFO:colcon.colcon_core.shell:Creating environment descriptor '/home/navlab-tx2-4/px4_ros_com_ros2/install/multi_rtd_interfaces/share/multi_rtd_interfaces/hook/pythonpath.dsv'
[4.032s] INFO:colcon.colcon_core.shell:Creating environment hook '/home/navlab-tx2-4/px4_ros_com_ros2/install/multi_rtd_interfaces/share/multi_rtd_interfaces/hook/pythonpath.sh'
[4.036s] INFO:colcon.colcon_core.shell:Creating package script '/home/navlab-tx2-4/px4_ros_com_ros2/install/multi_rtd_interfaces/share/multi_rtd_interfaces/package.ps1'
[4.041s] INFO:colcon.colcon_core.shell:Creating package descriptor '/home/navlab-tx2-4/px4_ros_com_ros2/install/multi_rtd_interfaces/share/multi_rtd_interfaces/package.dsv'
[4.044s] INFO:colcon.colcon_core.shell:Creating package script '/home/navlab-tx2-4/px4_ros_com_ros2/install/multi_rtd_interfaces/share/multi_rtd_interfaces/package.sh'
[4.048s] INFO:colcon.colcon_core.shell:Creating package script '/home/navlab-tx2-4/px4_ros_com_ros2/install/multi_rtd_interfaces/share/multi_rtd_interfaces/package.bash'
[4.052s] INFO:colcon.colcon_core.shell:Creating package script '/home/navlab-tx2-4/px4_ros_com_ros2/install/multi_rtd_interfaces/share/multi_rtd_interfaces/package.zsh'
[4.056s] Level 1:colcon.colcon_core.environment:create_file_with_runtime_dependencies(/home/navlab-tx2-4/px4_ros_com_ros2/install/multi_rtd_interfaces/share/colcon-core/packages/multi_rtd_interfaces)
[4.263s] Level 1:colcon.colcon_core.environment:create_environment_scripts_only(multi_rtd_interfaces)
[4.268s] Level 1:colcon.colcon_core.environment:checking '/home/navlab-tx2-4/px4_ros_com_ros2/install/multi_rtd_interfaces' for CMake module files
[4.271s] Level 1:colcon.colcon_core.environment:checking '/home/navlab-tx2-4/px4_ros_com_ros2/install/multi_rtd_interfaces' for CMake config files
[4.274s] Level 1:colcon.colcon_core.shell:create_environment_hook('multi_rtd_interfaces', 'cmake_prefix_path')
[4.277s] INFO:colcon.colcon_core.shell:Creating environment hook '/home/navlab-tx2-4/px4_ros_com_ros2/install/multi_rtd_interfaces/share/multi_rtd_interfaces/hook/cmake_prefix_path.ps1'
[4.279s] INFO:colcon.colcon_core.shell:Creating environment descriptor '/home/navlab-tx2-4/px4_ros_com_ros2/install/multi_rtd_interfaces/share/multi_rtd_interfaces/hook/cmake_prefix_path.dsv'
[4.280s] INFO:colcon.colcon_core.shell:Creating environment hook '/home/navlab-tx2-4/px4_ros_com_ros2/install/multi_rtd_interfaces/share/multi_rtd_interfaces/hook/cmake_prefix_path.sh'
[4.283s] Level 1:colcon.colcon_core.environment:checking '/home/navlab-tx2-4/px4_ros_com_ros2/install/multi_rtd_interfaces/lib'
[4.284s] Level 1:colcon.colcon_core.shell:create_environment_hook('multi_rtd_interfaces', 'ld_library_path_lib')
[4.287s] INFO:colcon.colcon_core.shell:Creating environment hook '/home/navlab-tx2-4/px4_ros_com_ros2/install/multi_rtd_interfaces/share/multi_rtd_interfaces/hook/ld_library_path_lib.ps1'
[4.288s] INFO:colcon.colcon_core.shell:Creating environment descriptor '/home/navlab-tx2-4/px4_ros_com_ros2/install/multi_rtd_interfaces/share/multi_rtd_interfaces/hook/ld_library_path_lib.dsv'
[4.290s] INFO:colcon.colcon_core.shell:Creating environment hook '/home/navlab-tx2-4/px4_ros_com_ros2/install/multi_rtd_interfaces/share/multi_rtd_interfaces/hook/ld_library_path_lib.sh'
[4.292s] Level 1:colcon.colcon_core.environment:checking '/home/navlab-tx2-4/px4_ros_com_ros2/install/multi_rtd_interfaces/bin'
[4.292s] Level 1:colcon.colcon_core.environment:checking '/home/navlab-tx2-4/px4_ros_com_ros2/install/multi_rtd_interfaces/lib/pkgconfig/multi_rtd_interfaces.pc'
[4.292s] Level 1:colcon.colcon_core.environment:checking '/home/navlab-tx2-4/px4_ros_com_ros2/install/multi_rtd_interfaces/lib/python3.6/site-packages'
[4.293s] Level 1:colcon.colcon_core.shell:create_environment_hook('multi_rtd_interfaces', 'pythonpath')
[4.296s] INFO:colcon.colcon_core.shell:Creating environment hook '/home/navlab-tx2-4/px4_ros_com_ros2/install/multi_rtd_interfaces/share/multi_rtd_interfaces/hook/pythonpath.ps1'
[4.298s] INFO:colcon.colcon_core.shell:Creating environment descriptor '/home/navlab-tx2-4/px4_ros_com_ros2/install/multi_rtd_interfaces/share/multi_rtd_interfaces/hook/pythonpath.dsv'
[4.299s] INFO:colcon.colcon_core.shell:Creating environment hook '/home/navlab-tx2-4/px4_ros_com_ros2/install/multi_rtd_interfaces/share/multi_rtd_interfaces/hook/pythonpath.sh'
[4.304s] INFO:colcon.colcon_core.shell:Creating package script '/home/navlab-tx2-4/px4_ros_com_ros2/install/multi_rtd_interfaces/share/multi_rtd_interfaces/package.ps1'
[4.307s] INFO:colcon.colcon_core.shell:Creating package descriptor '/home/navlab-tx2-4/px4_ros_com_ros2/install/multi_rtd_interfaces/share/multi_rtd_interfaces/package.dsv'
[4.310s] INFO:colcon.colcon_core.shell:Creating package script '/home/navlab-tx2-4/px4_ros_com_ros2/install/multi_rtd_interfaces/share/multi_rtd_interfaces/package.sh'
[4.312s] INFO:colcon.colcon_core.shell:Creating package script '/home/navlab-tx2-4/px4_ros_com_ros2/install/multi_rtd_interfaces/share/multi_rtd_interfaces/package.bash'
[4.314s] INFO:colcon.colcon_core.shell:Creating package script '/home/navlab-tx2-4/px4_ros_com_ros2/install/multi_rtd_interfaces/share/multi_rtd_interfaces/package.zsh'
[4.316s] Level 1:colcon.colcon_core.environment:create_file_with_runtime_dependencies(/home/navlab-tx2-4/px4_ros_com_ros2/install/multi_rtd_interfaces/share/colcon-core/packages/multi_rtd_interfaces)
[4.318s] INFO:colcon.colcon_ros.task.ament_python.build:Building ROS package in '/home/navlab-tx2-4/px4_ros_com_ros2/src/px4_multi_agent_planning/multi_rtd' with build type 'ament_python'
[4.318s] Level 1:colcon.colcon_core.shell:create_environment_hook('multi_rtd', 'ament_prefix_path')
[4.322s] INFO:colcon.colcon_core.shell:Creating environment hook '/home/navlab-tx2-4/px4_ros_com_ros2/install/multi_rtd/share/multi_rtd/hook/ament_prefix_path.ps1'
[4.325s] INFO:colcon.colcon_core.shell:Creating environment descriptor '/home/navlab-tx2-4/px4_ros_com_ros2/install/multi_rtd/share/multi_rtd/hook/ament_prefix_path.dsv'
[4.327s] INFO:colcon.colcon_core.shell:Creating environment hook '/home/navlab-tx2-4/px4_ros_com_ros2/install/multi_rtd/share/multi_rtd/hook/ament_prefix_path.sh'
[4.331s] INFO:colcon.colcon_core.shell:Skip shell extension 'powershell' for command environment: Not usable outside of PowerShell
[4.331s] DEBUG:colcon.colcon_core.shell:Skip shell extension 'dsv' for command environment
[4.345s] DEBUG:colcon.colcon_core.shell:Ignoring prefix path '/opt/ros/eloquent'
[5.519s] INFO:colcon.colcon_core.task.python.build:Building Python package in '/home/navlab-tx2-4/px4_ros_com_ros2/src/px4_multi_agent_planning/multi_rtd'
[5.522s] INFO:colcon.colcon_core.shell:Skip shell extension 'powershell' for command environment: Not usable outside of PowerShell
[5.523s] DEBUG:colcon.colcon_core.shell:Skip shell extension 'dsv' for command environment
[5.535s] DEBUG:colcon.colcon_core.shell:Ignoring prefix path '/opt/ros/eloquent'
[5.553s] DEBUG:colcon.colcon_core.event_handler.log_command:Invoked command in '/home/navlab-tx2-4/px4_ros_com_ros2/build/px4_msgs' returned '0': CMAKE_PREFIX_PATH=${CMAKE_PREFIX_PATH}:/home/navlab-tx2-4/px4_ros_com_ros2/install/multi_rtd:/opt/ros/eloquent /usr/bin/cmake --build /home/navlab-tx2-4/px4_ros_com_ros2/build/px4_msgs -- -j4 -l4
[5.587s] DEBUG:colcon.colcon_core.event_handler.log_command:Invoking command in '/home/navlab-tx2-4/px4_ros_com_ros2/src/px4_multi_agent_planning/multi_rtd': CMAKE_PREFIX_PATH=/home/navlab-tx2-4/px4_ros_com_ros2/install/multi_rtd_interfaces:/home/navlab-tx2-4/px4_ros_com_ros2/install/ros1_bridge:/home/navlab-tx2-4/px4_ros_com_ros2/install/px4_ros_com:/home/navlab-tx2-4/px4_ros_com_ros2/install/offboard_ibqr:/home/navlab-tx2-4/px4_ros_com_ros2/install/px4_msgs LD_LIBRARY_PATH=/home/navlab-tx2-4/px4_ros_com_ros2/install/multi_rtd_interfaces/lib:/home/navlab-tx2-4/px4_ros_com_ros2/install/px4_ros_com/lib:/home/navlab-tx2-4/px4_ros_com_ros2/install/px4_msgs/lib:/opt/ros/eloquent/opt/yaml_cpp_vendor/lib:/opt/ros/eloquent/opt/rviz_ogre_vendor/lib:/opt/ros/eloquent/lib/aarch64-linux-gnu:/opt/ros/eloquent/lib PYTHONPATH=/home/navlab-tx2-4/px4_ros_com_ros2/install/multi_rtd/lib/python3.6/site-packages:/home/navlab-tx2-4/px4_ros_com_ros2/install/multi_rtd_interfaces/lib/python3.6/site-packages:/home/navlab-tx2-4/px4_ros_com_ros2/install/px4_msgs/lib/python3.6/site-packages:/home/navlab-tx2-4/px4_ros_com_ros2/install/multi_rtd/lib/python3.6/site-packages:/opt/ros/eloquent/lib/python3.6/site-packages /usr/bin/python3 setup.py egg_info --egg-base ../../../build/multi_rtd build --build-base /home/navlab-tx2-4/px4_ros_com_ros2/build/multi_rtd/build install --prefix /home/navlab-tx2-4/px4_ros_com_ros2/install/multi_rtd --record /home/navlab-tx2-4/px4_ros_com_ros2/build/multi_rtd/install.log --single-version-externally-managed
[7.223s] DEBUG:colcon.colcon_core.event_handler.log_command:Invoked command in '/home/navlab-tx2-4/px4_ros_com_ros2/src/px4_multi_agent_planning/multi_rtd' returned '0': CMAKE_PREFIX_PATH=/home/navlab-tx2-4/px4_ros_com_ros2/install/multi_rtd_interfaces:/home/navlab-tx2-4/px4_ros_com_ros2/install/ros1_bridge:/home/navlab-tx2-4/px4_ros_com_ros2/install/px4_ros_com:/home/navlab-tx2-4/px4_ros_com_ros2/install/offboard_ibqr:/home/navlab-tx2-4/px4_ros_com_ros2/install/px4_msgs LD_LIBRARY_PATH=/home/navlab-tx2-4/px4_ros_com_ros2/install/multi_rtd_interfaces/lib:/home/navlab-tx2-4/px4_ros_com_ros2/install/px4_ros_com/lib:/home/navlab-tx2-4/px4_ros_com_ros2/install/px4_msgs/lib:/opt/ros/eloquent/opt/yaml_cpp_vendor/lib:/opt/ros/eloquent/opt/rviz_ogre_vendor/lib:/opt/ros/eloquent/lib/aarch64-linux-gnu:/opt/ros/eloquent/lib PYTHONPATH=/home/navlab-tx2-4/px4_ros_com_ros2/install/multi_rtd/lib/python3.6/site-packages:/home/navlab-tx2-4/px4_ros_com_ros2/install/multi_rtd_interfaces/lib/python3.6/site-packages:/home/navlab-tx2-4/px4_ros_com_ros2/install/px4_msgs/lib/python3.6/site-packages:/home/navlab-tx2-4/px4_ros_com_ros2/install/multi_rtd/lib/python3.6/site-packages:/opt/ros/eloquent/lib/python3.6/site-packages /usr/bin/python3 setup.py egg_info --egg-base ../../../build/multi_rtd build --build-base /home/navlab-tx2-4/px4_ros_com_ros2/build/multi_rtd/build install --prefix /home/navlab-tx2-4/px4_ros_com_ros2/install/multi_rtd --record /home/navlab-tx2-4/px4_ros_com_ros2/build/multi_rtd/install.log --single-version-externally-managed
[7.224s] Level 1:colcon.colcon_core.environment:checking '/home/navlab-tx2-4/px4_ros_com_ros2/install/multi_rtd' for CMake module files
[7.227s] Level 1:colcon.colcon_core.environment:checking '/home/navlab-tx2-4/px4_ros_com_ros2/install/multi_rtd' for CMake config files
[7.233s] Level 1:colcon.colcon_core.environment:checking '/home/navlab-tx2-4/px4_ros_com_ros2/install/multi_rtd/lib'
[7.234s] Level 1:colcon.colcon_core.environment:checking '/home/navlab-tx2-4/px4_ros_com_ros2/install/multi_rtd/bin'
[7.234s] Level 1:colcon.colcon_core.environment:checking '/home/navlab-tx2-4/px4_ros_com_ros2/install/multi_rtd/lib/pkgconfig/multi_rtd.pc'
[7.235s] Level 1:colcon.colcon_core.environment:checking '/home/navlab-tx2-4/px4_ros_com_ros2/install/multi_rtd/lib/python3.6/site-packages'
[7.235s] Level 1:colcon.colcon_core.shell:create_environment_hook('multi_rtd', 'pythonpath')
[7.240s] INFO:colcon.colcon_core.shell:Creating environment hook '/home/navlab-tx2-4/px4_ros_com_ros2/install/multi_rtd/share/multi_rtd/hook/pythonpath.ps1'
[7.247s] INFO:colcon.colcon_core.shell:Creating environment descriptor '/home/navlab-tx2-4/px4_ros_com_ros2/install/multi_rtd/share/multi_rtd/hook/pythonpath.dsv'
[7.249s] INFO:colcon.colcon_core.shell:Creating environment hook '/home/navlab-tx2-4/px4_ros_com_ros2/install/multi_rtd/share/multi_rtd/hook/pythonpath.sh'
[7.252s] Level 1:colcon.colcon_core.environment:create_environment_scripts_only(multi_rtd)
[7.256s] INFO:colcon.colcon_core.shell:Creating package script '/home/navlab-tx2-4/px4_ros_com_ros2/install/multi_rtd/share/multi_rtd/package.ps1'
[7.258s] INFO:colcon.colcon_core.shell:Creating package descriptor '/home/navlab-tx2-4/px4_ros_com_ros2/install/multi_rtd/share/multi_rtd/package.dsv'
[7.260s] INFO:colcon.colcon_core.shell:Creating package script '/home/navlab-tx2-4/px4_ros_com_ros2/install/multi_rtd/share/multi_rtd/package.sh'
[7.262s] INFO:colcon.colcon_core.shell:Creating package script '/home/navlab-tx2-4/px4_ros_com_ros2/install/multi_rtd/share/multi_rtd/package.bash'
[7.266s] INFO:colcon.colcon_core.shell:Creating package script '/home/navlab-tx2-4/px4_ros_com_ros2/install/multi_rtd/share/multi_rtd/package.zsh'
[7.268s] Level 1:colcon.colcon_core.environment:create_file_with_runtime_dependencies(/home/navlab-tx2-4/px4_ros_com_ros2/install/multi_rtd/share/colcon-core/packages/multi_rtd)
[22.746s] DEBUG:colcon.colcon_core.event_handler.log_command:Invoking command in '/home/navlab-tx2-4/px4_ros_com_ros2/build/px4_msgs': CMAKE_PREFIX_PATH=${CMAKE_PREFIX_PATH}:/home/navlab-tx2-4/px4_ros_com_ros2/install/multi_rtd:/opt/ros/eloquent /usr/bin/cmake --build /home/navlab-tx2-4/px4_ros_com_ros2/build/px4_msgs --target install -- -j4 -l4
[27.650s] Level 1:colcon.colcon_core.environment:create_environment_scripts_only(px4_msgs)
[27.655s] Level 1:colcon.colcon_core.environment:checking '/home/navlab-tx2-4/px4_ros_com_ros2/install/px4_msgs' for CMake module files
[27.658s] DEBUG:colcon.colcon_core.event_handler.log_command:Invoked command in '/home/navlab-tx2-4/px4_ros_com_ros2/build/px4_msgs' returned '0': CMAKE_PREFIX_PATH=${CMAKE_PREFIX_PATH}:/home/navlab-tx2-4/px4_ros_com_ros2/install/multi_rtd:/opt/ros/eloquent /usr/bin/cmake --build /home/navlab-tx2-4/px4_ros_com_ros2/build/px4_msgs --target install -- -j4 -l4
[27.660s] Level 1:colcon.colcon_core.environment:checking '/home/navlab-tx2-4/px4_ros_com_ros2/install/px4_msgs' for CMake config files
[27.711s] Level 1:colcon.colcon_core.shell:create_environment_hook('px4_msgs', 'cmake_prefix_path')
[27.714s] INFO:colcon.colcon_core.shell:Creating environment hook '/home/navlab-tx2-4/px4_ros_com_ros2/install/px4_msgs/share/px4_msgs/hook/cmake_prefix_path.ps1'
[27.717s] INFO:colcon.colcon_core.shell:Creating environment descriptor '/home/navlab-tx2-4/px4_ros_com_ros2/install/px4_msgs/share/px4_msgs/hook/cmake_prefix_path.dsv'
[27.719s] INFO:colcon.colcon_core.shell:Creating environment hook '/home/navlab-tx2-4/px4_ros_com_ros2/install/px4_msgs/share/px4_msgs/hook/cmake_prefix_path.sh'
[27.722s] Level 1:colcon.colcon_core.environment:checking '/home/navlab-tx2-4/px4_ros_com_ros2/install/px4_msgs/lib'
[27.722s] Level 1:colcon.colcon_core.shell:create_environment_hook('px4_msgs', 'ld_library_path_lib')
[27.725s] INFO:colcon.colcon_core.shell:Creating environment hook '/home/navlab-tx2-4/px4_ros_com_ros2/install/px4_msgs/share/px4_msgs/hook/ld_library_path_lib.ps1'
[27.726s] INFO:colcon.colcon_core.shell:Creating environment descriptor '/home/navlab-tx2-4/px4_ros_com_ros2/install/px4_msgs/share/px4_msgs/hook/ld_library_path_lib.dsv'
[27.727s] INFO:colcon.colcon_core.shell:Creating environment hook '/home/navlab-tx2-4/px4_ros_com_ros2/install/px4_msgs/share/px4_msgs/hook/ld_library_path_lib.sh'
[27.729s] Level 1:colcon.colcon_core.environment:checking '/home/navlab-tx2-4/px4_ros_com_ros2/install/px4_msgs/bin'
[27.729s] Level 1:colcon.colcon_core.environment:checking '/home/navlab-tx2-4/px4_ros_com_ros2/install/px4_msgs/lib/pkgconfig/px4_msgs.pc'
[27.729s] Level 1:colcon.colcon_core.environment:checking '/home/navlab-tx2-4/px4_ros_com_ros2/install/px4_msgs/lib/python3.6/site-packages'
[27.730s] Level 1:colcon.colcon_core.shell:create_environment_hook('px4_msgs', 'pythonpath')
[27.732s] INFO:colcon.colcon_core.shell:Creating environment hook '/home/navlab-tx2-4/px4_ros_com_ros2/install/px4_msgs/share/px4_msgs/hook/pythonpath.ps1'
[27.734s] INFO:colcon.colcon_core.shell:Creating environment descriptor '/home/navlab-tx2-4/px4_ros_com_ros2/install/px4_msgs/share/px4_msgs/hook/pythonpath.dsv'
[27.735s] INFO:colcon.colcon_core.shell:Creating environment hook '/home/navlab-tx2-4/px4_ros_com_ros2/install/px4_msgs/share/px4_msgs/hook/pythonpath.sh'
[27.739s] INFO:colcon.colcon_core.shell:Creating package script '/home/navlab-tx2-4/px4_ros_com_ros2/install/px4_msgs/share/px4_msgs/package.ps1'
[27.741s] INFO:colcon.colcon_core.shell:Creating package descriptor '/home/navlab-tx2-4/px4_ros_com_ros2/install/px4_msgs/share/px4_msgs/package.dsv'
[27.743s] INFO:colcon.colcon_core.shell:Creating package script '/home/navlab-tx2-4/px4_ros_com_ros2/install/px4_msgs/share/px4_msgs/package.sh'
[27.745s] INFO:colcon.colcon_core.shell:Creating package script '/home/navlab-tx2-4/px4_ros_com_ros2/install/px4_msgs/share/px4_msgs/package.bash'
[27.746s] INFO:colcon.colcon_core.shell:Creating package script '/home/navlab-tx2-4/px4_ros_com_ros2/install/px4_msgs/share/px4_msgs/package.zsh'
[27.748s] Level 1:colcon.colcon_core.environment:create_file_with_runtime_dependencies(/home/navlab-tx2-4/px4_ros_com_ros2/install/px4_msgs/share/colcon-core/packages/px4_msgs)
[44.470s] Level 1:colcon.colcon_core.environment:create_environment_scripts_only(px4_msgs)
[44.474s] Level 1:colcon.colcon_core.environment:checking '/home/navlab-tx2-4/px4_ros_com_ros2/install/px4_msgs' for CMake module files
[44.477s] Level 1:colcon.colcon_core.environment:checking '/home/navlab-tx2-4/px4_ros_com_ros2/install/px4_msgs' for CMake config files
[44.532s] Level 1:colcon.colcon_core.shell:create_environment_hook('px4_msgs', 'cmake_prefix_path')
[44.535s] INFO:colcon.colcon_core.shell:Creating environment hook '/home/navlab-tx2-4/px4_ros_com_ros2/install/px4_msgs/share/px4_msgs/hook/cmake_prefix_path.ps1'
[44.537s] INFO:colcon.colcon_core.shell:Creating environment descriptor '/home/navlab-tx2-4/px4_ros_com_ros2/install/px4_msgs/share/px4_msgs/hook/cmake_prefix_path.dsv'
[44.538s] INFO:colcon.colcon_core.shell:Creating environment hook '/home/navlab-tx2-4/px4_ros_com_ros2/install/px4_msgs/share/px4_msgs/hook/cmake_prefix_path.sh'
[44.541s] Level 1:colcon.colcon_core.environment:checking '/home/navlab-tx2-4/px4_ros_com_ros2/install/px4_msgs/lib'
[44.541s] Level 1:colcon.colcon_core.shell:create_environment_hook('px4_msgs', 'ld_library_path_lib')
[44.545s] INFO:colcon.colcon_core.shell:Creating environment hook '/home/navlab-tx2-4/px4_ros_com_ros2/install/px4_msgs/share/px4_msgs/hook/ld_library_path_lib.ps1'
[44.547s] INFO:colcon.colcon_core.shell:Creating environment descriptor '/home/navlab-tx2-4/px4_ros_com_ros2/install/px4_msgs/share/px4_msgs/hook/ld_library_path_lib.dsv'
[44.548s] INFO:colcon.colcon_core.shell:Creating environment hook '/home/navlab-tx2-4/px4_ros_com_ros2/install/px4_msgs/share/px4_msgs/hook/ld_library_path_lib.sh'
[44.549s] Level 1:colcon.colcon_core.environment:checking '/home/navlab-tx2-4/px4_ros_com_ros2/install/px4_msgs/bin'
[44.550s] Level 1:colcon.colcon_core.environment:checking '/home/navlab-tx2-4/px4_ros_com_ros2/install/px4_msgs/lib/pkgconfig/px4_msgs.pc'
[44.550s] Level 1:colcon.colcon_core.environment:checking '/home/navlab-tx2-4/px4_ros_com_ros2/install/px4_msgs/lib/python3.6/site-packages'
[44.550s] Level 1:colcon.colcon_core.shell:create_environment_hook('px4_msgs', 'pythonpath')
[44.553s] INFO:colcon.colcon_core.shell:Creating environment hook '/home/navlab-tx2-4/px4_ros_com_ros2/install/px4_msgs/share/px4_msgs/hook/pythonpath.ps1'
[44.554s] INFO:colcon.colcon_core.shell:Creating environment descriptor '/home/navlab-tx2-4/px4_ros_com_ros2/install/px4_msgs/share/px4_msgs/hook/pythonpath.dsv'
[44.556s] INFO:colcon.colcon_core.shell:Creating environment hook '/home/navlab-tx2-4/px4_ros_com_ros2/install/px4_msgs/share/px4_msgs/hook/pythonpath.sh'
[44.561s] INFO:colcon.colcon_core.shell:Creating package script '/home/navlab-tx2-4/px4_ros_com_ros2/install/px4_msgs/share/px4_msgs/package.ps1'
[44.563s] INFO:colcon.colcon_core.shell:Creating package descriptor '/home/navlab-tx2-4/px4_ros_com_ros2/install/px4_msgs/share/px4_msgs/package.dsv'
[44.565s] INFO:colcon.colcon_core.shell:Creating package script '/home/navlab-tx2-4/px4_ros_com_ros2/install/px4_msgs/share/px4_msgs/package.sh'
[44.567s] INFO:colcon.colcon_core.shell:Creating package script '/home/navlab-tx2-4/px4_ros_com_ros2/install/px4_msgs/share/px4_msgs/package.bash'
[44.568s] INFO:colcon.colcon_core.shell:Creating package script '/home/navlab-tx2-4/px4_ros_com_ros2/install/px4_msgs/share/px4_msgs/package.zsh'
[44.570s] Level 1:colcon.colcon_core.environment:create_file_with_runtime_dependencies(/home/navlab-tx2-4/px4_ros_com_ros2/install/px4_msgs/share/colcon-core/packages/px4_msgs)
[44.572s] INFO:colcon.colcon_ros.task.ament_cmake.build:Building ROS package in '/home/navlab-tx2-4/px4_ros_com_ros2/src/px4_multi_agent_planning/offboard_ibqr' with build type 'ament_cmake'
[44.573s] INFO:colcon.colcon_cmake.task.cmake.build:Building CMake package in '/home/navlab-tx2-4/px4_ros_com_ros2/src/px4_multi_agent_planning/offboard_ibqr'
[44.576s] INFO:colcon.colcon_core.shell:Skip shell extension 'powershell' for command environment: Not usable outside of PowerShell
[44.577s] DEBUG:colcon.colcon_core.shell:Skip shell extension 'dsv' for command environment
[44.592s] DEBUG:colcon.colcon_core.shell:Ignoring prefix path '/opt/ros/eloquent'
[44.607s] INFO:colcon.colcon_ros.task.ament_cmake.build:Building ROS package in '/home/navlab-tx2-4/px4_ros_com_ros2/src/px4_ros_com' with build type 'ament_cmake'
[44.609s] INFO:colcon.colcon_cmake.task.cmake.build:Building CMake package in '/home/navlab-tx2-4/px4_ros_com_ros2/src/px4_ros_com'
[44.613s] INFO:colcon.colcon_core.shell:Skip shell extension 'powershell' for command environment: Not usable outside of PowerShell
[44.614s] DEBUG:colcon.colcon_core.shell:Skip shell extension 'dsv' for command environment
[44.626s] DEBUG:colcon.colcon_core.shell:Ignoring prefix path '/opt/ros/eloquent'
[44.647s] INFO:colcon.colcon_ros.task.ament_cmake.build:Building ROS package in '/home/navlab-tx2-4/px4_ros_com_ros2/src/ros1_bridge' with build type 'ament_cmake'
[44.649s] INFO:colcon.colcon_cmake.task.cmake.build:Building CMake package in '/home/navlab-tx2-4/px4_ros_com_ros2/src/ros1_bridge'
[44.653s] INFO:colcon.colcon_core.shell:Skip shell extension 'powershell' for command environment: Not usable outside of PowerShell
[44.653s] DEBUG:colcon.colcon_core.shell:Skip shell extension 'dsv' for command environment
[44.667s] DEBUG:colcon.colcon_core.shell:Ignoring prefix path '/opt/ros/eloquent'
[44.711s] DEBUG:colcon.colcon_core.event_handler.log_command:Invoking command in '/home/navlab-tx2-4/px4_ros_com_ros2/build/offboard_ibqr': CMAKE_PREFIX_PATH=/home/navlab-tx2-4/px4_ros_com_ros2/install/px4_msgs:/home/navlab-tx2-4/px4_ros_com_ros2/install/ros1_bridge:/home/navlab-tx2-4/px4_ros_com_ros2/install/px4_ros_com:/home/navlab-tx2-4/px4_ros_com_ros2/install/offboard_ibqr:/home/navlab-tx2-4/px4_ros_com_ros2/install/multi_rtd_interfaces:/home/navlab-tx2-4/px4_ros_com_ros2/install/multi_rtd:/opt/ros/eloquent LD_LIBRARY_PATH=/home/navlab-tx2-4/px4_ros_com_ros2/install/px4_msgs/lib:/home/navlab-tx2-4/px4_ros_com_ros2/install/px4_ros_com/lib:/home/navlab-tx2-4/px4_ros_com_ros2/install/multi_rtd_interfaces/lib:/opt/ros/eloquent/opt/yaml_cpp_vendor/lib:/opt/ros/eloquent/opt/rviz_ogre_vendor/lib:/opt/ros/eloquent/lib/aarch64-linux-gnu:/opt/ros/eloquent/lib /usr/bin/cmake --build /home/navlab-tx2-4/px4_ros_com_ros2/build/offboard_ibqr -- -j4 -l4
[44.741s] DEBUG:colcon.colcon_core.event_handler.log_command:Invoking command in '/home/navlab-tx2-4/px4_ros_com_ros2/build/px4_ros_com': CMAKE_PREFIX_PATH=/home/navlab-tx2-4/px4_ros_com_ros2/install/px4_msgs:/home/navlab-tx2-4/px4_ros_com_ros2/install/ros1_bridge:/home/navlab-tx2-4/px4_ros_com_ros2/install/px4_ros_com:/home/navlab-tx2-4/px4_ros_com_ros2/install/offboard_ibqr:/home/navlab-tx2-4/px4_ros_com_ros2/install/multi_rtd_interfaces:/home/navlab-tx2-4/px4_ros_com_ros2/install/multi_rtd:/opt/ros/eloquent LD_LIBRARY_PATH=/home/navlab-tx2-4/px4_ros_com_ros2/install/px4_msgs/lib:/home/navlab-tx2-4/px4_ros_com_ros2/install/px4_ros_com/lib:/home/navlab-tx2-4/px4_ros_com_ros2/install/multi_rtd_interfaces/lib:/opt/ros/eloquent/opt/yaml_cpp_vendor/lib:/opt/ros/eloquent/opt/rviz_ogre_vendor/lib:/opt/ros/eloquent/lib/aarch64-linux-gnu:/opt/ros/eloquent/lib /usr/bin/cmake --build /home/navlab-tx2-4/px4_ros_com_ros2/build/px4_ros_com -- -j4 -l4
[44.781s] DEBUG:colcon.colcon_core.event_handler.log_command:Invoking command in '/home/navlab-tx2-4/px4_ros_com_ros2/build/ros1_bridge': CMAKE_PREFIX_PATH=/home/navlab-tx2-4/px4_ros_com_ros2/install/px4_msgs:/home/navlab-tx2-4/px4_ros_com_ros2/install/multi_rtd_interfaces:/home/navlab-tx2-4/px4_ros_com_ros2/install/ros1_bridge:/home/navlab-tx2-4/px4_ros_com_ros2/install/px4_ros_com:/home/navlab-tx2-4/px4_ros_com_ros2/install/offboard_ibqr:/home/navlab-tx2-4/px4_ros_com_ros2/install/multi_rtd:/opt/ros/eloquent LD_LIBRARY_PATH=/home/navlab-tx2-4/px4_ros_com_ros2/install/px4_msgs/lib:/home/navlab-tx2-4/px4_ros_com_ros2/install/multi_rtd_interfaces/lib:/home/navlab-tx2-4/px4_ros_com_ros2/install/px4_ros_com/lib:/opt/ros/eloquent/opt/yaml_cpp_vendor/lib:/opt/ros/eloquent/opt/rviz_ogre_vendor/lib:/opt/ros/eloquent/lib/aarch64-linux-gnu:/opt/ros/eloquent/lib PYTHONPATH=/home/navlab-tx2-4/px4_ros_com_ros2/install/px4_msgs/lib/python3.6/site-packages:/home/navlab-tx2-4/px4_ros_com_ros2/install/multi_rtd_interfaces/lib/python3.6/site-packages:/home/navlab-tx2-4/px4_ros_com_ros2/install/multi_rtd/lib/python3.6/site-packages:/opt/ros/eloquent/lib/python3.6/site-packages /usr/bin/cmake --build /home/navlab-tx2-4/px4_ros_com_ros2/build/ros1_bridge -- -j4 -l4
[44.971s] DEBUG:colcon.colcon_core.event_handler.log_command:Invoked command in '/home/navlab-tx2-4/px4_ros_com_ros2/build/ros1_bridge' returned '0': CMAKE_PREFIX_PATH=/home/navlab-tx2-4/px4_ros_com_ros2/install/px4_msgs:/home/navlab-tx2-4/px4_ros_com_ros2/install/multi_rtd_interfaces:/home/navlab-tx2-4/px4_ros_com_ros2/install/ros1_bridge:/home/navlab-tx2-4/px4_ros_com_ros2/install/px4_ros_com:/home/navlab-tx2-4/px4_ros_com_ros2/install/offboard_ibqr:/home/navlab-tx2-4/px4_ros_com_ros2/install/multi_rtd:/opt/ros/eloquent LD_LIBRARY_PATH=/home/navlab-tx2-4/px4_ros_com_ros2/install/px4_msgs/lib:/home/navlab-tx2-4/px4_ros_com_ros2/install/multi_rtd_interfaces/lib:/home/navlab-tx2-4/px4_ros_com_ros2/install/px4_ros_com/lib:/opt/ros/eloquent/opt/yaml_cpp_vendor/lib:/opt/ros/eloquent/opt/rviz_ogre_vendor/lib:/opt/ros/eloquent/lib/aarch64-linux-gnu:/opt/ros/eloquent/lib PYTHONPATH=/home/navlab-tx2-4/px4_ros_com_ros2/install/px4_msgs/lib/python3.6/site-packages:/home/navlab-tx2-4/px4_ros_com_ros2/install/multi_rtd_interfaces/lib/python3.6/site-packages:/home/navlab-tx2-4/px4_ros_com_ros2/install/multi_rtd/lib/python3.6/site-packages:/opt/ros/eloquent/lib/python3.6/site-packages /usr/bin/cmake --build /home/navlab-tx2-4/px4_ros_com_ros2/build/ros1_bridge -- -j4 -l4
[45.181s] DEBUG:colcon.colcon_core.event_handler.log_command:Invoking command in '/home/navlab-tx2-4/px4_ros_com_ros2/build/ros1_bridge': CMAKE_PREFIX_PATH=/home/navlab-tx2-4/px4_ros_com_ros2/install/px4_msgs:/home/navlab-tx2-4/px4_ros_com_ros2/install/multi_rtd_interfaces:/home/navlab-tx2-4/px4_ros_com_ros2/install/ros1_bridge:/home/navlab-tx2-4/px4_ros_com_ros2/install/px4_ros_com:/home/navlab-tx2-4/px4_ros_com_ros2/install/offboard_ibqr:/home/navlab-tx2-4/px4_ros_com_ros2/install/multi_rtd:/opt/ros/eloquent LD_LIBRARY_PATH=/home/navlab-tx2-4/px4_ros_com_ros2/install/px4_msgs/lib:/home/navlab-tx2-4/px4_ros_com_ros2/install/multi_rtd_interfaces/lib:/home/navlab-tx2-4/px4_ros_com_ros2/install/px4_ros_com/lib:/opt/ros/eloquent/opt/yaml_cpp_vendor/lib:/opt/ros/eloquent/opt/rviz_ogre_vendor/lib:/opt/ros/eloquent/lib/aarch64-linux-gnu:/opt/ros/eloquent/lib PYTHONPATH=/home/navlab-tx2-4/px4_ros_com_ros2/install/px4_msgs/lib/python3.6/site-packages:/home/navlab-tx2-4/px4_ros_com_ros2/install/multi_rtd_interfaces/lib/python3.6/site-packages:/home/navlab-tx2-4/px4_ros_com_ros2/install/multi_rtd/lib/python3.6/site-packages:/opt/ros/eloquent/lib/python3.6/site-packages /usr/bin/cmake --build /home/navlab-tx2-4/px4_ros_com_ros2/build/ros1_bridge --target install -- -j4 -l4
[45.363s] DEBUG:colcon.colcon_core.event_handler.log_command:Invoked command in '/home/navlab-tx2-4/px4_ros_com_ros2/build/px4_ros_com' returned '0': CMAKE_PREFIX_PATH=/home/navlab-tx2-4/px4_ros_com_ros2/install/px4_msgs:/home/navlab-tx2-4/px4_ros_com_ros2/install/ros1_bridge:/home/navlab-tx2-4/px4_ros_com_ros2/install/px4_ros_com:/home/navlab-tx2-4/px4_ros_com_ros2/install/offboard_ibqr:/home/navlab-tx2-4/px4_ros_com_ros2/install/multi_rtd_interfaces:/home/navlab-tx2-4/px4_ros_com_ros2/install/multi_rtd:/opt/ros/eloquent LD_LIBRARY_PATH=/home/navlab-tx2-4/px4_ros_com_ros2/install/px4_msgs/lib:/home/navlab-tx2-4/px4_ros_com_ros2/install/px4_ros_com/lib:/home/navlab-tx2-4/px4_ros_com_ros2/install/multi_rtd_interfaces/lib:/opt/ros/eloquent/opt/yaml_cpp_vendor/lib:/opt/ros/eloquent/opt/rviz_ogre_vendor/lib:/opt/ros/eloquent/lib/aarch64-linux-gnu:/opt/ros/eloquent/lib /usr/bin/cmake --build /home/navlab-tx2-4/px4_ros_com_ros2/build/px4_ros_com -- -j4 -l4
[45.485s] Level 1:colcon.colcon_core.environment:create_environment_scripts_only(ros1_bridge)
[45.492s] Level 1:colcon.colcon_core.environment:checking '/home/navlab-tx2-4/px4_ros_com_ros2/install/ros1_bridge' for CMake module files
[45.501s] DEBUG:colcon.colcon_core.event_handler.log_command:Invoked command in '/home/navlab-tx2-4/px4_ros_com_ros2/build/ros1_bridge' returned '0': CMAKE_PREFIX_PATH=/home/navlab-tx2-4/px4_ros_com_ros2/install/px4_msgs:/home/navlab-tx2-4/px4_ros_com_ros2/install/multi_rtd_interfaces:/home/navlab-tx2-4/px4_ros_com_ros2/install/ros1_bridge:/home/navlab-tx2-4/px4_ros_com_ros2/install/px4_ros_com:/home/navlab-tx2-4/px4_ros_com_ros2/install/offboard_ibqr:/home/navlab-tx2-4/px4_ros_com_ros2/install/multi_rtd:/opt/ros/eloquent LD_LIBRARY_PATH=/home/navlab-tx2-4/px4_ros_com_ros2/install/px4_msgs/lib:/home/navlab-tx2-4/px4_ros_com_ros2/install/multi_rtd_interfaces/lib:/home/navlab-tx2-4/px4_ros_com_ros2/install/px4_ros_com/lib:/opt/ros/eloquent/opt/yaml_cpp_vendor/lib:/opt/ros/eloquent/opt/rviz_ogre_vendor/lib:/opt/ros/eloquent/lib/aarch64-linux-gnu:/opt/ros/eloquent/lib PYTHONPATH=/home/navlab-tx2-4/px4_ros_com_ros2/install/px4_msgs/lib/python3.6/site-packages:/home/navlab-tx2-4/px4_ros_com_ros2/install/multi_rtd_interfaces/lib/python3.6/site-packages:/home/navlab-tx2-4/px4_ros_com_ros2/install/multi_rtd/lib/python3.6/site-packages:/opt/ros/eloquent/lib/python3.6/site-packages /usr/bin/cmake --build /home/navlab-tx2-4/px4_ros_com_ros2/build/ros1_bridge --target install -- -j4 -l4
[45.503s] Level 1:colcon.colcon_core.environment:checking '/home/navlab-tx2-4/px4_ros_com_ros2/install/ros1_bridge' for CMake config files
[45.504s] Level 1:colcon.colcon_core.shell:create_environment_hook('ros1_bridge', 'cmake_prefix_path')
[45.508s] INFO:colcon.colcon_core.shell:Creating environment hook '/home/navlab-tx2-4/px4_ros_com_ros2/install/ros1_bridge/share/ros1_bridge/hook/cmake_prefix_path.ps1'
[45.510s] INFO:colcon.colcon_core.shell:Creating environment descriptor '/home/navlab-tx2-4/px4_ros_com_ros2/install/ros1_bridge/share/ros1_bridge/hook/cmake_prefix_path.dsv'
[45.512s] INFO:colcon.colcon_core.shell:Creating environment hook '/home/navlab-tx2-4/px4_ros_com_ros2/install/ros1_bridge/share/ros1_bridge/hook/cmake_prefix_path.sh'
[45.516s] Level 1:colcon.colcon_core.environment:checking '/home/navlab-tx2-4/px4_ros_com_ros2/install/ros1_bridge/bin'
[45.517s] Level 1:colcon.colcon_core.environment:checking '/home/navlab-tx2-4/px4_ros_com_ros2/install/ros1_bridge/lib/pkgconfig/ros1_bridge.pc'
[45.518s] Level 1:colcon.colcon_core.environment:checking '/home/navlab-tx2-4/px4_ros_com_ros2/install/ros1_bridge/lib/python3.6/site-packages'
[45.522s] INFO:colcon.colcon_core.shell:Creating package script '/home/navlab-tx2-4/px4_ros_com_ros2/install/ros1_bridge/share/ros1_bridge/package.ps1'
[45.524s] INFO:colcon.colcon_core.shell:Creating package descriptor '/home/navlab-tx2-4/px4_ros_com_ros2/install/ros1_bridge/share/ros1_bridge/package.dsv'
[45.527s] INFO:colcon.colcon_core.shell:Creating package script '/home/navlab-tx2-4/px4_ros_com_ros2/install/ros1_bridge/share/ros1_bridge/package.sh'
[45.529s] INFO:colcon.colcon_core.shell:Creating package script '/home/navlab-tx2-4/px4_ros_com_ros2/install/ros1_bridge/share/ros1_bridge/package.bash'
[45.531s] INFO:colcon.colcon_core.shell:Creating package script '/home/navlab-tx2-4/px4_ros_com_ros2/install/ros1_bridge/share/ros1_bridge/package.zsh'
[45.533s] Level 1:colcon.colcon_core.environment:create_file_with_runtime_dependencies(/home/navlab-tx2-4/px4_ros_com_ros2/install/ros1_bridge/share/colcon-core/packages/ros1_bridge)
[45.635s] Level 1:colcon.colcon_core.environment:create_environment_scripts_only(ros1_bridge)
[45.641s] Level 1:colcon.colcon_core.environment:checking '/home/navlab-tx2-4/px4_ros_com_ros2/install/ros1_bridge' for CMake module files
[45.644s] Level 1:colcon.colcon_core.environment:checking '/home/navlab-tx2-4/px4_ros_com_ros2/install/ros1_bridge' for CMake config files
[45.645s] Level 1:colcon.colcon_core.shell:create_environment_hook('ros1_bridge', 'cmake_prefix_path')
[45.650s] INFO:colcon.colcon_core.shell:Creating environment hook '/home/navlab-tx2-4/px4_ros_com_ros2/install/ros1_bridge/share/ros1_bridge/hook/cmake_prefix_path.ps1'
[45.653s] INFO:colcon.colcon_core.shell:Creating environment descriptor '/home/navlab-tx2-4/px4_ros_com_ros2/install/ros1_bridge/share/ros1_bridge/hook/cmake_prefix_path.dsv'
[45.655s] INFO:colcon.colcon_core.shell:Creating environment hook '/home/navlab-tx2-4/px4_ros_com_ros2/install/ros1_bridge/share/ros1_bridge/hook/cmake_prefix_path.sh'
[45.660s] Level 1:colcon.colcon_core.environment:checking '/home/navlab-tx2-4/px4_ros_com_ros2/install/ros1_bridge/bin'
[45.660s] Level 1:colcon.colcon_core.environment:checking '/home/navlab-tx2-4/px4_ros_com_ros2/install/ros1_bridge/lib/pkgconfig/ros1_bridge.pc'
[45.661s] Level 1:colcon.colcon_core.environment:checking '/home/navlab-tx2-4/px4_ros_com_ros2/install/ros1_bridge/lib/python3.6/site-packages'
[45.666s] INFO:colcon.colcon_core.shell:Creating package script '/home/navlab-tx2-4/px4_ros_com_ros2/install/ros1_bridge/share/ros1_bridge/package.ps1'
[45.668s] INFO:colcon.colcon_core.shell:Creating package descriptor '/home/navlab-tx2-4/px4_ros_com_ros2/install/ros1_bridge/share/ros1_bridge/package.dsv'
[45.671s] INFO:colcon.colcon_core.shell:Creating package script '/home/navlab-tx2-4/px4_ros_com_ros2/install/ros1_bridge/share/ros1_bridge/package.sh'
[45.673s] INFO:colcon.colcon_core.shell:Creating package script '/home/navlab-tx2-4/px4_ros_com_ros2/install/ros1_bridge/share/ros1_bridge/package.bash'
[45.676s] INFO:colcon.colcon_core.shell:Creating package script '/home/navlab-tx2-4/px4_ros_com_ros2/install/ros1_bridge/share/ros1_bridge/package.zsh'
[45.678s] Level 1:colcon.colcon_core.environment:create_file_with_runtime_dependencies(/home/navlab-tx2-4/px4_ros_com_ros2/install/ros1_bridge/share/colcon-core/packages/ros1_bridge)
[46.429s] DEBUG:colcon.colcon_core.event_handler.log_command:Invoking command in '/home/navlab-tx2-4/px4_ros_com_ros2/build/px4_ros_com': CMAKE_PREFIX_PATH=/home/navlab-tx2-4/px4_ros_com_ros2/install/px4_msgs:/home/navlab-tx2-4/px4_ros_com_ros2/install/ros1_bridge:/home/navlab-tx2-4/px4_ros_com_ros2/install/px4_ros_com:/home/navlab-tx2-4/px4_ros_com_ros2/install/offboard_ibqr:/home/navlab-tx2-4/px4_ros_com_ros2/install/multi_rtd_interfaces:/home/navlab-tx2-4/px4_ros_com_ros2/install/multi_rtd:/opt/ros/eloquent LD_LIBRARY_PATH=/home/navlab-tx2-4/px4_ros_com_ros2/install/px4_msgs/lib:/home/navlab-tx2-4/px4_ros_com_ros2/install/px4_ros_com/lib:/home/navlab-tx2-4/px4_ros_com_ros2/install/multi_rtd_interfaces/lib:/opt/ros/eloquent/opt/yaml_cpp_vendor/lib:/opt/ros/eloquent/opt/rviz_ogre_vendor/lib:/opt/ros/eloquent/lib/aarch64-linux-gnu:/opt/ros/eloquent/lib /usr/bin/cmake --build /home/navlab-tx2-4/px4_ros_com_ros2/build/px4_ros_com --target install -- -j4 -l4
[47.039s] Level 1:colcon.colcon_core.environment:create_environment_scripts_only(px4_ros_com)
[47.046s] Level 1:colcon.colcon_core.environment:checking '/home/navlab-tx2-4/px4_ros_com_ros2/install/px4_ros_com' for CMake module files
[47.048s] DEBUG:colcon.colcon_core.event_handler.log_command:Invoked command in '/home/navlab-tx2-4/px4_ros_com_ros2/build/px4_ros_com' returned '0': CMAKE_PREFIX_PATH=/home/navlab-tx2-4/px4_ros_com_ros2/install/px4_msgs:/home/navlab-tx2-4/px4_ros_com_ros2/install/ros1_bridge:/home/navlab-tx2-4/px4_ros_com_ros2/install/px4_ros_com:/home/navlab-tx2-4/px4_ros_com_ros2/install/offboard_ibqr:/home/navlab-tx2-4/px4_ros_com_ros2/install/multi_rtd_interfaces:/home/navlab-tx2-4/px4_ros_com_ros2/install/multi_rtd:/opt/ros/eloquent LD_LIBRARY_PATH=/home/navlab-tx2-4/px4_ros_com_ros2/install/px4_msgs/lib:/home/navlab-tx2-4/px4_ros_com_ros2/install/px4_ros_com/lib:/home/navlab-tx2-4/px4_ros_com_ros2/install/multi_rtd_interfaces/lib:/opt/ros/eloquent/opt/yaml_cpp_vendor/lib:/opt/ros/eloquent/opt/rviz_ogre_vendor/lib:/opt/ros/eloquent/lib/aarch64-linux-gnu:/opt/ros/eloquent/lib /usr/bin/cmake --build /home/navlab-tx2-4/px4_ros_com_ros2/build/px4_ros_com --target install -- -j4 -l4
[47.051s] Level 1:colcon.colcon_core.environment:checking '/home/navlab-tx2-4/px4_ros_com_ros2/install/px4_ros_com' for CMake config files
[47.053s] Level 1:colcon.colcon_core.shell:create_environment_hook('px4_ros_com', 'cmake_prefix_path')
[47.057s] INFO:colcon.colcon_core.shell:Creating environment hook '/home/navlab-tx2-4/px4_ros_com_ros2/install/px4_ros_com/share/px4_ros_com/hook/cmake_prefix_path.ps1'
[47.059s] INFO:colcon.colcon_core.shell:Creating environment descriptor '/home/navlab-tx2-4/px4_ros_com_ros2/install/px4_ros_com/share/px4_ros_com/hook/cmake_prefix_path.dsv'
[47.061s] INFO:colcon.colcon_core.shell:Creating environment hook '/home/navlab-tx2-4/px4_ros_com_ros2/install/px4_ros_com/share/px4_ros_com/hook/cmake_prefix_path.sh'
[47.065s] Level 1:colcon.colcon_core.environment:checking '/home/navlab-tx2-4/px4_ros_com_ros2/install/px4_ros_com/lib'
[47.065s] Level 1:colcon.colcon_core.shell:create_environment_hook('px4_ros_com', 'ld_library_path_lib')
[47.070s] INFO:colcon.colcon_core.shell:Creating environment hook '/home/navlab-tx2-4/px4_ros_com_ros2/install/px4_ros_com/share/px4_ros_com/hook/ld_library_path_lib.ps1'
[47.072s] INFO:colcon.colcon_core.shell:Creating environment descriptor '/home/navlab-tx2-4/px4_ros_com_ros2/install/px4_ros_com/share/px4_ros_com/hook/ld_library_path_lib.dsv'
[47.074s] INFO:colcon.colcon_core.shell:Creating environment hook '/home/navlab-tx2-4/px4_ros_com_ros2/install/px4_ros_com/share/px4_ros_com/hook/ld_library_path_lib.sh'
[47.076s] Level 1:colcon.colcon_core.environment:checking '/home/navlab-tx2-4/px4_ros_com_ros2/install/px4_ros_com/bin'
[47.076s] Level 1:colcon.colcon_core.shell:create_environment_hook('px4_ros_com', 'path')
[47.080s] INFO:colcon.colcon_core.shell:Creating environment hook '/home/navlab-tx2-4/px4_ros_com_ros2/install/px4_ros_com/share/px4_ros_com/hook/path.ps1'
[47.081s] INFO:colcon.colcon_core.shell:Creating environment descriptor '/home/navlab-tx2-4/px4_ros_com_ros2/install/px4_ros_com/share/px4_ros_com/hook/path.dsv'
[47.083s] INFO:colcon.colcon_core.shell:Creating environment hook '/home/navlab-tx2-4/px4_ros_com_ros2/install/px4_ros_com/share/px4_ros_com/hook/path.sh'
[47.085s] Level 1:colcon.colcon_core.environment:checking '/home/navlab-tx2-4/px4_ros_com_ros2/install/px4_ros_com/lib/pkgconfig/px4_ros_com.pc'
[47.086s] Level 1:colcon.colcon_core.environment:checking '/home/navlab-tx2-4/px4_ros_com_ros2/install/px4_ros_com/lib/python3.6/site-packages'
[47.090s] INFO:colcon.colcon_core.shell:Creating package script '/home/navlab-tx2-4/px4_ros_com_ros2/install/px4_ros_com/share/px4_ros_com/package.ps1'
[47.092s] INFO:colcon.colcon_core.shell:Creating package descriptor '/home/navlab-tx2-4/px4_ros_com_ros2/install/px4_ros_com/share/px4_ros_com/package.dsv'
[47.095s] INFO:colcon.colcon_core.shell:Creating package script '/home/navlab-tx2-4/px4_ros_com_ros2/install/px4_ros_com/share/px4_ros_com/package.sh'
[47.097s] INFO:colcon.colcon_core.shell:Creating package script '/home/navlab-tx2-4/px4_ros_com_ros2/install/px4_ros_com/share/px4_ros_com/package.bash'
[47.099s] INFO:colcon.colcon_core.shell:Creating package script '/home/navlab-tx2-4/px4_ros_com_ros2/install/px4_ros_com/share/px4_ros_com/package.zsh'
[47.100s] Level 1:colcon.colcon_core.environment:create_file_with_runtime_dependencies(/home/navlab-tx2-4/px4_ros_com_ros2/install/px4_ros_com/share/colcon-core/packages/px4_ros_com)
[48.116s] Level 1:colcon.colcon_core.environment:create_environment_scripts_only(px4_ros_com)
[48.121s] Level 1:colcon.colcon_core.environment:checking '/home/navlab-tx2-4/px4_ros_com_ros2/install/px4_ros_com' for CMake module files
[48.124s] Level 1:colcon.colcon_core.environment:checking '/home/navlab-tx2-4/px4_ros_com_ros2/install/px4_ros_com' for CMake config files
[48.126s] Level 1:colcon.colcon_core.shell:create_environment_hook('px4_ros_com', 'cmake_prefix_path')
[48.130s] INFO:colcon.colcon_core.shell:Creating environment hook '/home/navlab-tx2-4/px4_ros_com_ros2/install/px4_ros_com/share/px4_ros_com/hook/cmake_prefix_path.ps1'
[48.132s] INFO:colcon.colcon_core.shell:Creating environment descriptor '/home/navlab-tx2-4/px4_ros_com_ros2/install/px4_ros_com/share/px4_ros_com/hook/cmake_prefix_path.dsv'
[48.134s] INFO:colcon.colcon_core.shell:Creating environment hook '/home/navlab-tx2-4/px4_ros_com_ros2/install/px4_ros_com/share/px4_ros_com/hook/cmake_prefix_path.sh'
[48.138s] Level 1:colcon.colcon_core.environment:checking '/home/navlab-tx2-4/px4_ros_com_ros2/install/px4_ros_com/lib'
[48.138s] Level 1:colcon.colcon_core.shell:create_environment_hook('px4_ros_com', 'ld_library_path_lib')
[48.141s] INFO:colcon.colcon_core.shell:Creating environment hook '/home/navlab-tx2-4/px4_ros_com_ros2/install/px4_ros_com/share/px4_ros_com/hook/ld_library_path_lib.ps1'
[48.143s] INFO:colcon.colcon_core.shell:Creating environment descriptor '/home/navlab-tx2-4/px4_ros_com_ros2/install/px4_ros_com/share/px4_ros_com/hook/ld_library_path_lib.dsv'
[48.145s] INFO:colcon.colcon_core.shell:Creating environment hook '/home/navlab-tx2-4/px4_ros_com_ros2/install/px4_ros_com/share/px4_ros_com/hook/ld_library_path_lib.sh'
[48.147s] Level 1:colcon.colcon_core.environment:checking '/home/navlab-tx2-4/px4_ros_com_ros2/install/px4_ros_com/bin'
[48.148s] Level 1:colcon.colcon_core.shell:create_environment_hook('px4_ros_com', 'path')
[48.151s] INFO:colcon.colcon_core.shell:Creating environment hook '/home/navlab-tx2-4/px4_ros_com_ros2/install/px4_ros_com/share/px4_ros_com/hook/path.ps1'
[48.153s] INFO:colcon.colcon_core.shell:Creating environment descriptor '/home/navlab-tx2-4/px4_ros_com_ros2/install/px4_ros_com/share/px4_ros_com/hook/path.dsv'
[48.154s] INFO:colcon.colcon_core.shell:Creating environment hook '/home/navlab-tx2-4/px4_ros_com_ros2/install/px4_ros_com/share/px4_ros_com/hook/path.sh'
[48.156s] Level 1:colcon.colcon_core.environment:checking '/home/navlab-tx2-4/px4_ros_com_ros2/install/px4_ros_com/lib/pkgconfig/px4_ros_com.pc'
[48.157s] Level 1:colcon.colcon_core.environment:checking '/home/navlab-tx2-4/px4_ros_com_ros2/install/px4_ros_com/lib/python3.6/site-packages'
[48.161s] INFO:colcon.colcon_core.shell:Creating package script '/home/navlab-tx2-4/px4_ros_com_ros2/install/px4_ros_com/share/px4_ros_com/package.ps1'
[48.164s] INFO:colcon.colcon_core.shell:Creating package descriptor '/home/navlab-tx2-4/px4_ros_com_ros2/install/px4_ros_com/share/px4_ros_com/package.dsv'
[48.166s] INFO:colcon.colcon_core.shell:Creating package script '/home/navlab-tx2-4/px4_ros_com_ros2/install/px4_ros_com/share/px4_ros_com/package.sh'
[48.169s] INFO:colcon.colcon_core.shell:Creating package script '/home/navlab-tx2-4/px4_ros_com_ros2/install/px4_ros_com/share/px4_ros_com/package.bash'
[48.171s] INFO:colcon.colcon_core.shell:Creating package script '/home/navlab-tx2-4/px4_ros_com_ros2/install/px4_ros_com/share/px4_ros_com/package.zsh'
[48.175s] Level 1:colcon.colcon_core.environment:create_file_with_runtime_dependencies(/home/navlab-tx2-4/px4_ros_com_ros2/install/px4_ros_com/share/colcon-core/packages/px4_ros_com)
[71.638s] DEBUG:colcon.colcon_core.event_handler.log_command:Invoked command in '/home/navlab-tx2-4/px4_ros_com_ros2/build/offboard_ibqr' returned '0': CMAKE_PREFIX_PATH=/home/navlab-tx2-4/px4_ros_com_ros2/install/px4_msgs:/home/navlab-tx2-4/px4_ros_com_ros2/install/ros1_bridge:/home/navlab-tx2-4/px4_ros_com_ros2/install/px4_ros_com:/home/navlab-tx2-4/px4_ros_com_ros2/install/offboard_ibqr:/home/navlab-tx2-4/px4_ros_com_ros2/install/multi_rtd_interfaces:/home/navlab-tx2-4/px4_ros_com_ros2/install/multi_rtd:/opt/ros/eloquent LD_LIBRARY_PATH=/home/navlab-tx2-4/px4_ros_com_ros2/install/px4_msgs/lib:/home/navlab-tx2-4/px4_ros_com_ros2/install/px4_ros_com/lib:/home/navlab-tx2-4/px4_ros_com_ros2/install/multi_rtd_interfaces/lib:/opt/ros/eloquent/opt/yaml_cpp_vendor/lib:/opt/ros/eloquent/opt/rviz_ogre_vendor/lib:/opt/ros/eloquent/lib/aarch64-linux-gnu:/opt/ros/eloquent/lib /usr/bin/cmake --build /home/navlab-tx2-4/px4_ros_com_ros2/build/offboard_ibqr -- -j4 -l4
[71.773s] DEBUG:colcon.colcon_core.event_handler.log_command:Invoking command in '/home/navlab-tx2-4/px4_ros_com_ros2/build/offboard_ibqr': CMAKE_PREFIX_PATH=/home/navlab-tx2-4/px4_ros_com_ros2/install/px4_msgs:/home/navlab-tx2-4/px4_ros_com_ros2/install/ros1_bridge:/home/navlab-tx2-4/px4_ros_com_ros2/install/px4_ros_com:/home/navlab-tx2-4/px4_ros_com_ros2/install/offboard_ibqr:/home/navlab-tx2-4/px4_ros_com_ros2/install/multi_rtd_interfaces:/home/navlab-tx2-4/px4_ros_com_ros2/install/multi_rtd:/opt/ros/eloquent LD_LIBRARY_PATH=/home/navlab-tx2-4/px4_ros_com_ros2/install/px4_msgs/lib:/home/navlab-tx2-4/px4_ros_com_ros2/install/px4_ros_com/lib:/home/navlab-tx2-4/px4_ros_com_ros2/install/multi_rtd_interfaces/lib:/opt/ros/eloquent/opt/yaml_cpp_vendor/lib:/opt/ros/eloquent/opt/rviz_ogre_vendor/lib:/opt/ros/eloquent/lib/aarch64-linux-gnu:/opt/ros/eloquent/lib /usr/bin/cmake --build /home/navlab-tx2-4/px4_ros_com_ros2/build/offboard_ibqr --target install -- -j4 -l4
[72.128s] Level 1:colcon.colcon_core.environment:create_environment_scripts_only(offboard_ibqr)
[72.133s] Level 1:colcon.colcon_core.environment:checking '/home/navlab-tx2-4/px4_ros_com_ros2/install/offboard_ibqr' for CMake module files
[72.137s] DEBUG:colcon.colcon_core.event_handler.log_command:Invoked command in '/home/navlab-tx2-4/px4_ros_com_ros2/build/offboard_ibqr' returned '0': CMAKE_PREFIX_PATH=/home/navlab-tx2-4/px4_ros_com_ros2/install/px4_msgs:/home/navlab-tx2-4/px4_ros_com_ros2/install/ros1_bridge:/home/navlab-tx2-4/px4_ros_com_ros2/install/px4_ros_com:/home/navlab-tx2-4/px4_ros_com_ros2/install/offboard_ibqr:/home/navlab-tx2-4/px4_ros_com_ros2/install/multi_rtd_interfaces:/home/navlab-tx2-4/px4_ros_com_ros2/install/multi_rtd:/opt/ros/eloquent LD_LIBRARY_PATH=/home/navlab-tx2-4/px4_ros_com_ros2/install/px4_msgs/lib:/home/navlab-tx2-4/px4_ros_com_ros2/install/px4_ros_com/lib:/home/navlab-tx2-4/px4_ros_com_ros2/install/multi_rtd_interfaces/lib:/opt/ros/eloquent/opt/yaml_cpp_vendor/lib:/opt/ros/eloquent/opt/rviz_ogre_vendor/lib:/opt/ros/eloquent/lib/aarch64-linux-gnu:/opt/ros/eloquent/lib /usr/bin/cmake --build /home/navlab-tx2-4/px4_ros_com_ros2/build/offboard_ibqr --target install -- -j4 -l4
[72.139s] Level 1:colcon.colcon_core.environment:checking '/home/navlab-tx2-4/px4_ros_com_ros2/install/offboard_ibqr' for CMake config files
[72.140s] Level 1:colcon.colcon_core.shell:create_environment_hook('offboard_ibqr', 'cmake_prefix_path')
[72.142s] INFO:colcon.colcon_core.shell:Creating environment hook '/home/navlab-tx2-4/px4_ros_com_ros2/install/offboard_ibqr/share/offboard_ibqr/hook/cmake_prefix_path.ps1'
[72.144s] INFO:colcon.colcon_core.shell:Creating environment descriptor '/home/navlab-tx2-4/px4_ros_com_ros2/install/offboard_ibqr/share/offboard_ibqr/hook/cmake_prefix_path.dsv'
[72.146s] INFO:colcon.colcon_core.shell:Creating environment hook '/home/navlab-tx2-4/px4_ros_com_ros2/install/offboard_ibqr/share/offboard_ibqr/hook/cmake_prefix_path.sh'
[72.149s] Level 1:colcon.colcon_core.environment:checking '/home/navlab-tx2-4/px4_ros_com_ros2/install/offboard_ibqr/lib'
[72.149s] Level 1:colcon.colcon_core.environment:checking '/home/navlab-tx2-4/px4_ros_com_ros2/install/offboard_ibqr/bin'
[72.149s] Level 1:colcon.colcon_core.environment:checking '/home/navlab-tx2-4/px4_ros_com_ros2/install/offboard_ibqr/lib/pkgconfig/offboard_ibqr.pc'
[72.150s] Level 1:colcon.colcon_core.environment:checking '/home/navlab-tx2-4/px4_ros_com_ros2/install/offboard_ibqr/lib/python3.6/site-packages'
[72.153s] INFO:colcon.colcon_core.shell:Creating package script '/home/navlab-tx2-4/px4_ros_com_ros2/install/offboard_ibqr/share/offboard_ibqr/package.ps1'
[72.154s] INFO:colcon.colcon_core.shell:Creating package descriptor '/home/navlab-tx2-4/px4_ros_com_ros2/install/offboard_ibqr/share/offboard_ibqr/package.dsv'
[72.156s] INFO:colcon.colcon_core.shell:Creating package script '/home/navlab-tx2-4/px4_ros_com_ros2/install/offboard_ibqr/share/offboard_ibqr/package.sh'
[72.158s] INFO:colcon.colcon_core.shell:Creating package script '/home/navlab-tx2-4/px4_ros_com_ros2/install/offboard_ibqr/share/offboard_ibqr/package.bash'
[72.160s] INFO:colcon.colcon_core.shell:Creating package script '/home/navlab-tx2-4/px4_ros_com_ros2/install/offboard_ibqr/share/offboard_ibqr/package.zsh'
[72.163s] Level 1:colcon.colcon_core.environment:create_file_with_runtime_dependencies(/home/navlab-tx2-4/px4_ros_com_ros2/install/offboard_ibqr/share/colcon-core/packages/offboard_ibqr)
[72.286s] Level 1:colcon.colcon_core.environment:create_environment_scripts_only(offboard_ibqr)
[72.291s] Level 1:colcon.colcon_core.environment:checking '/home/navlab-tx2-4/px4_ros_com_ros2/install/offboard_ibqr' for CMake module files
[72.294s] Level 1:colcon.colcon_core.environment:checking '/home/navlab-tx2-4/px4_ros_com_ros2/install/offboard_ibqr' for CMake config files
[72.294s] Level 1:colcon.colcon_core.shell:create_environment_hook('offboard_ibqr', 'cmake_prefix_path')
[72.297s] INFO:colcon.colcon_core.shell:Creating environment hook '/home/navlab-tx2-4/px4_ros_com_ros2/install/offboard_ibqr/share/offboard_ibqr/hook/cmake_prefix_path.ps1'
[72.299s] INFO:colcon.colcon_core.shell:Creating environment descriptor '/home/navlab-tx2-4/px4_ros_com_ros2/install/offboard_ibqr/share/offboard_ibqr/hook/cmake_prefix_path.dsv'
[72.300s] INFO:colcon.colcon_core.shell:Creating environment hook '/home/navlab-tx2-4/px4_ros_com_ros2/install/offboard_ibqr/share/offboard_ibqr/hook/cmake_prefix_path.sh'
[72.303s] Level 1:colcon.colcon_core.environment:checking '/home/navlab-tx2-4/px4_ros_com_ros2/install/offboard_ibqr/lib'
[72.303s] Level 1:colcon.colcon_core.environment:checking '/home/navlab-tx2-4/px4_ros_com_ros2/install/offboard_ibqr/bin'
[72.303s] Level 1:colcon.colcon_core.environment:checking '/home/navlab-tx2-4/px4_ros_com_ros2/install/offboard_ibqr/lib/pkgconfig/offboard_ibqr.pc'
[72.304s] Level 1:colcon.colcon_core.environment:checking '/home/navlab-tx2-4/px4_ros_com_ros2/install/offboard_ibqr/lib/python3.6/site-packages'
[72.307s] INFO:colcon.colcon_core.shell:Creating package script '/home/navlab-tx2-4/px4_ros_com_ros2/install/offboard_ibqr/share/offboard_ibqr/package.ps1'
[72.310s] INFO:colcon.colcon_core.shell:Creating package descriptor '/home/navlab-tx2-4/px4_ros_com_ros2/install/offboard_ibqr/share/offboard_ibqr/package.dsv'
[72.312s] INFO:colcon.colcon_core.shell:Creating package script '/home/navlab-tx2-4/px4_ros_com_ros2/install/offboard_ibqr/share/offboard_ibqr/package.sh'
[72.313s] INFO:colcon.colcon_core.shell:Creating package script '/home/navlab-tx2-4/px4_ros_com_ros2/install/offboard_ibqr/share/offboard_ibqr/package.bash'
[72.315s] INFO:colcon.colcon_core.shell:Creating package script '/home/navlab-tx2-4/px4_ros_com_ros2/install/offboard_ibqr/share/offboard_ibqr/package.zsh'
[72.316s] Level 1:colcon.colcon_core.environment:create_file_with_runtime_dependencies(/home/navlab-tx2-4/px4_ros_com_ros2/install/offboard_ibqr/share/colcon-core/packages/offboard_ibqr)
[72.317s] DEBUG:colcon.colcon_parallel_executor.executor.parallel:closing loop
[72.321s] DEBUG:colcon.colcon_parallel_executor.executor.parallel:loop closed
[72.321s] DEBUG:colcon.colcon_parallel_executor.executor.parallel:run_until_complete finished with '0'
[72.322s] DEBUG:colcon.colcon_core.event_reactor:joining thread
[72.346s] INFO:colcon.colcon_core.plugin_system:Skipping extension 'colcon_notification.desktop_notification.terminal_notifier': Not used on non-Darwin systems
[72.347s] INFO:colcon.colcon_core.plugin_system:Skipping extension 'colcon_notification.desktop_notification.win32': Not used on non-Windows systems
[72.347s] INFO:colcon.colcon_notification.desktop_notification:Sending desktop notification using 'notify2'
[72.535s] DEBUG:colcon.colcon_core.event_reactor:joined thread
[72.539s] INFO:colcon.colcon_core.shell:Creating prefix script '/home/navlab-tx2-4/px4_ros_com_ros2/install/local_setup.ps1'
[72.545s] INFO:colcon.colcon_core.shell:Creating prefix util module '/home/navlab-tx2-4/px4_ros_com_ros2/install/_local_setup_util_ps1.py'
[72.553s] INFO:colcon.colcon_core.shell:Creating prefix chain script '/home/navlab-tx2-4/px4_ros_com_ros2/install/setup.ps1'
[72.566s] INFO:colcon.colcon_core.shell:Creating prefix script '/home/navlab-tx2-4/px4_ros_com_ros2/install/local_setup.sh'
[72.568s] INFO:colcon.colcon_core.shell:Creating prefix util module '/home/navlab-tx2-4/px4_ros_com_ros2/install/_local_setup_util_sh.py'
[72.570s] INFO:colcon.colcon_core.shell:Creating prefix chain script '/home/navlab-tx2-4/px4_ros_com_ros2/install/setup.sh'
[72.586s] INFO:colcon.colcon_core.shell:Creating prefix script '/home/navlab-tx2-4/px4_ros_com_ros2/install/local_setup.bash'
[72.589s] INFO:colcon.colcon_core.shell:Creating prefix chain script '/home/navlab-tx2-4/px4_ros_com_ros2/install/setup.bash'
[72.604s] INFO:colcon.colcon_core.shell:Creating prefix script '/home/navlab-tx2-4/px4_ros_com_ros2/install/local_setup.zsh'
[72.608s] INFO:colcon.colcon_core.shell:Creating prefix chain script '/home/navlab-tx2-4/px4_ros_com_ros2/install/setup.zsh'
