[0.122s] Invoking command in '/home/navlab-tx2-4/px4_ros_com_ros2/build/offboard_ibqr': CMAKE_PREFIX_PATH=/home/navlab-tx2-4/px4_ros_com_ros2/install/px4_msgs:/home/navlab-tx2-4/px4_ros_com_ros2/install/ros1_bridge:/home/navlab-tx2-4/px4_ros_com_ros2/install/px4_ros_com:/home/navlab-tx2-4/px4_ros_com_ros2/install/offboard_ibqr:/home/navlab-tx2-4/px4_ros_com_ros2/install/multi_rtd_interfaces:/home/navlab-tx2-4/px4_ros_com_ros2/install/multi_rtd:/opt/ros/eloquent LD_LIBRARY_PATH=/home/navlab-tx2-4/px4_ros_com_ros2/install/px4_msgs/lib:/home/navlab-tx2-4/px4_ros_com_ros2/install/px4_ros_com/lib:/home/navlab-tx2-4/px4_ros_com_ros2/install/multi_rtd_interfaces/lib:/opt/ros/eloquent/opt/yaml_cpp_vendor/lib:/opt/ros/eloquent/opt/rviz_ogre_vendor/lib:/opt/ros/eloquent/lib/aarch64-linux-gnu:/opt/ros/eloquent/lib /usr/bin/cmake --build /home/navlab-tx2-4/px4_ros_com_ros2/build/offboard_ibqr -- -j4 -l4
[0.324s] [35m[1mScanning dependencies of target offboard_control[0m
[0.405s] [ 50%] Built target trajectory_logger
[0.507s] [ 75%] [32mBuilding CXX object CMakeFiles/offboard_control.dir/src/offboard/offboard_control.cpp.o[0m
[6.211s] [01m[K/home/navlab-tx2-4/px4_ros_com_ros2/src/px4_multi_agent_planning/offboard_ibqr/src/offboard/offboard_control.cpp:[m[K In member function ‘[01m[Kvoid OffboardControl::publish_trajectory_setpoint() const[m[K’:
[6.214s] [01m[K/home/navlab-tx2-4/px4_ros_com_ros2/src/px4_multi_agent_planning/offboard_ibqr/src/offboard/offboard_control.cpp:294:120:[m[K [01;35m[Kwarning: [m[Kcomparison is always true due to limited range of data type [[01;35m[K-Wtype-limits[m[K]
[6.214s]    if ( (timer_callback_counter % (TRAJ_TIME_INTERVAL/period.count()) == 0) && ((traj_index < max_index) && ([01;35m[Ktraj_index >= 0[m[K)) ) // traj_index will only be less than 0 if no trajectory has ever been received
[6.215s]                                                                                                              [01;35m[K~~~~~~~~~~~^~~~[m[K
[26.970s] [100%] [32m[1mLinking CXX executable offboard_control[0m
[28.525s] [100%] Built target offboard_control
[28.573s] Invoked command in '/home/navlab-tx2-4/px4_ros_com_ros2/build/offboard_ibqr' returned '0': CMAKE_PREFIX_PATH=/home/navlab-tx2-4/px4_ros_com_ros2/install/px4_msgs:/home/navlab-tx2-4/px4_ros_com_ros2/install/ros1_bridge:/home/navlab-tx2-4/px4_ros_com_ros2/install/px4_ros_com:/home/navlab-tx2-4/px4_ros_com_ros2/install/offboard_ibqr:/home/navlab-tx2-4/px4_ros_com_ros2/install/multi_rtd_interfaces:/home/navlab-tx2-4/px4_ros_com_ros2/install/multi_rtd:/opt/ros/eloquent LD_LIBRARY_PATH=/home/navlab-tx2-4/px4_ros_com_ros2/install/px4_msgs/lib:/home/navlab-tx2-4/px4_ros_com_ros2/install/px4_ros_com/lib:/home/navlab-tx2-4/px4_ros_com_ros2/install/multi_rtd_interfaces/lib:/opt/ros/eloquent/opt/yaml_cpp_vendor/lib:/opt/ros/eloquent/opt/rviz_ogre_vendor/lib:/opt/ros/eloquent/lib/aarch64-linux-gnu:/opt/ros/eloquent/lib /usr/bin/cmake --build /home/navlab-tx2-4/px4_ros_com_ros2/build/offboard_ibqr -- -j4 -l4
[28.679s] Invoking command in '/home/navlab-tx2-4/px4_ros_com_ros2/build/offboard_ibqr': CMAKE_PREFIX_PATH=/home/navlab-tx2-4/px4_ros_com_ros2/install/px4_msgs:/home/navlab-tx2-4/px4_ros_com_ros2/install/ros1_bridge:/home/navlab-tx2-4/px4_ros_com_ros2/install/px4_ros_com:/home/navlab-tx2-4/px4_ros_com_ros2/install/offboard_ibqr:/home/navlab-tx2-4/px4_ros_com_ros2/install/multi_rtd_interfaces:/home/navlab-tx2-4/px4_ros_com_ros2/install/multi_rtd:/opt/ros/eloquent LD_LIBRARY_PATH=/home/navlab-tx2-4/px4_ros_com_ros2/install/px4_msgs/lib:/home/navlab-tx2-4/px4_ros_com_ros2/install/px4_ros_com/lib:/home/navlab-tx2-4/px4_ros_com_ros2/install/multi_rtd_interfaces/lib:/opt/ros/eloquent/opt/yaml_cpp_vendor/lib:/opt/ros/eloquent/opt/rviz_ogre_vendor/lib:/opt/ros/eloquent/lib/aarch64-linux-gnu:/opt/ros/eloquent/lib /usr/bin/cmake --build /home/navlab-tx2-4/px4_ros_com_ros2/build/offboard_ibqr --target install -- -j4 -l4
[28.905s] [ 50%] Built target trajectory_logger
[28.906s] [100%] Built target offboard_control
[28.969s] [36mInstall the project...[0m
[28.998s] -- Install configuration: ""
[28.999s] -- Installing: /home/navlab-tx2-4/px4_ros_com_ros2/install/offboard_ibqr/lib/offboard_ibqr/offboard_control
[29.031s] -- Set runtime path of "/home/navlab-tx2-4/px4_ros_com_ros2/install/offboard_ibqr/lib/offboard_ibqr/offboard_control" to ""
[29.032s] -- Up-to-date: /home/navlab-tx2-4/px4_ros_com_ros2/install/offboard_ibqr/lib/offboard_ibqr/trajectory_logger
[29.033s] -- Up-to-date: /home/navlab-tx2-4/px4_ros_com_ros2/install/offboard_ibqr/share/offboard_ibqr/cmake
[29.034s] -- Up-to-date: /home/navlab-tx2-4/px4_ros_com_ros2/install/offboard_ibqr/share/offboard_ibqr/cmake/EnableC++XX.cmake
[29.035s] -- Up-to-date: /home/navlab-tx2-4/px4_ros_com_ros2/install/offboard_ibqr/share/offboard_ibqr/cmake/EnableSanitizers.cmake
[29.036s] -- Up-to-date: /home/navlab-tx2-4/px4_ros_com_ros2/install/offboard_ibqr/share/offboard_ibqr/cmake/GenerateMicroRTPSAgent.cmake
[29.036s] -- Up-to-date: /home/navlab-tx2-4/px4_ros_com_ros2/install/offboard_ibqr/share/ament_index/resource_index/package_run_dependencies/offboard_ibqr
[29.037s] -- Up-to-date: /home/navlab-tx2-4/px4_ros_com_ros2/install/offboard_ibqr/share/ament_index/resource_index/parent_prefix_path/offboard_ibqr
[29.038s] -- Up-to-date: /home/navlab-tx2-4/px4_ros_com_ros2/install/offboard_ibqr/share/offboard_ibqr/environment/ament_prefix_path.sh
[29.038s] -- Up-to-date: /home/navlab-tx2-4/px4_ros_com_ros2/install/offboard_ibqr/share/offboard_ibqr/environment/ament_prefix_path.dsv
[29.039s] -- Up-to-date: /home/navlab-tx2-4/px4_ros_com_ros2/install/offboard_ibqr/share/offboard_ibqr/environment/path.sh
[29.040s] -- Up-to-date: /home/navlab-tx2-4/px4_ros_com_ros2/install/offboard_ibqr/share/offboard_ibqr/environment/path.dsv
[29.041s] -- Up-to-date: /home/navlab-tx2-4/px4_ros_com_ros2/install/offboard_ibqr/share/offboard_ibqr/local_setup.bash
[29.041s] -- Up-to-date: /home/navlab-tx2-4/px4_ros_com_ros2/install/offboard_ibqr/share/offboard_ibqr/local_setup.sh
[29.042s] -- Up-to-date: /home/navlab-tx2-4/px4_ros_com_ros2/install/offboard_ibqr/share/offboard_ibqr/local_setup.zsh
[29.042s] -- Up-to-date: /home/navlab-tx2-4/px4_ros_com_ros2/install/offboard_ibqr/share/offboard_ibqr/local_setup.dsv
[29.043s] -- Installing: /home/navlab-tx2-4/px4_ros_com_ros2/install/offboard_ibqr/share/offboard_ibqr/package.dsv
[29.044s] -- Up-to-date: /home/navlab-tx2-4/px4_ros_com_ros2/install/offboard_ibqr/share/ament_index/resource_index/packages/offboard_ibqr
[29.045s] -- Up-to-date: /home/navlab-tx2-4/px4_ros_com_ros2/install/offboard_ibqr/share/offboard_ibqr/cmake/ament_cmake_export_dependencies-extras.cmake
[29.046s] -- Up-to-date: /home/navlab-tx2-4/px4_ros_com_ros2/install/offboard_ibqr/share/offboard_ibqr/cmake/ament_cmake_export_include_directories-extras.cmake
[29.047s] -- Up-to-date: /home/navlab-tx2-4/px4_ros_com_ros2/install/offboard_ibqr/share/offboard_ibqr/cmake/offboard_ibqrConfig.cmake
[29.057s] -- Up-to-date: /home/navlab-tx2-4/px4_ros_com_ros2/install/offboard_ibqr/share/offboard_ibqr/cmake/offboard_ibqrConfig-version.cmake
[29.058s] -- Up-to-date: /home/navlab-tx2-4/px4_ros_com_ros2/install/offboard_ibqr/share/offboard_ibqr/package.xml
[29.059s] Invoked command in '/home/navlab-tx2-4/px4_ros_com_ros2/build/offboard_ibqr' returned '0': CMAKE_PREFIX_PATH=/home/navlab-tx2-4/px4_ros_com_ros2/install/px4_msgs:/home/navlab-tx2-4/px4_ros_com_ros2/install/ros1_bridge:/home/navlab-tx2-4/px4_ros_com_ros2/install/px4_ros_com:/home/navlab-tx2-4/px4_ros_com_ros2/install/offboard_ibqr:/home/navlab-tx2-4/px4_ros_com_ros2/install/multi_rtd_interfaces:/home/navlab-tx2-4/px4_ros_com_ros2/install/multi_rtd:/opt/ros/eloquent LD_LIBRARY_PATH=/home/navlab-tx2-4/px4_ros_com_ros2/install/px4_msgs/lib:/home/navlab-tx2-4/px4_ros_com_ros2/install/px4_ros_com/lib:/home/navlab-tx2-4/px4_ros_com_ros2/install/multi_rtd_interfaces/lib:/opt/ros/eloquent/opt/yaml_cpp_vendor/lib:/opt/ros/eloquent/opt/rviz_ogre_vendor/lib:/opt/ros/eloquent/lib/aarch64-linux-gnu:/opt/ros/eloquent/lib /usr/bin/cmake --build /home/navlab-tx2-4/px4_ros_com_ros2/build/offboard_ibqr --target install -- -j4 -l4
