[0.083s] Invoking command in '/home/navlab-tx2-4/px4_ros_com_ros2/build/multi_rtd_interfaces': CMAKE_PREFIX_PATH=${CMAKE_PREFIX_PATH}:/home/navlab-tx2-4/px4_ros_com_ros2/install/multi_rtd:/opt/ros/eloquent /usr/bin/cmake --build /home/navlab-tx2-4/px4_ros_com_ros2/build/multi_rtd_interfaces -- -j4 -l4
[0.272s] [  3%] Built target multi_rtd_interfaces__cpp
[0.289s] [ 13%] Built target multi_rtd_interfaces__rosidl_generator_c
[0.372s] [ 24%] Built target multi_rtd_interfaces__rosidl_typesupport_introspection_cpp
[0.398s] [ 34%] Built target multi_rtd_interfaces__rosidl_typesupport_fastrtps_cpp
[0.414s] [ 44%] Built target multi_rtd_interfaces__rosidl_typesupport_introspection_c
[0.516s] [ 55%] Built target multi_rtd_interfaces__rosidl_typesupport_cpp
[0.523s] [ 65%] Built target multi_rtd_interfaces__rosidl_typesupport_fastrtps_c
[0.639s] [ 75%] Built target multi_rtd_interfaces__rosidl_typesupport_c
[0.721s] [ 75%] Built target multi_rtd_interfaces
[0.797s] [ 79%] Built target multi_rtd_interfaces__py
[0.897s] [ 86%] Built target multi_rtd_interfaces__python
[1.005s] [100%] Built target multi_rtd_interfaces__rosidl_typesupport_fastrtps_c__pyext
[1.006s] [100%] Built target multi_rtd_interfaces__rosidl_typesupport_c__pyext
[1.043s] Invoked command in '/home/navlab-tx2-4/px4_ros_com_ros2/build/multi_rtd_interfaces' returned '0': CMAKE_PREFIX_PATH=${CMAKE_PREFIX_PATH}:/home/navlab-tx2-4/px4_ros_com_ros2/install/multi_rtd:/opt/ros/eloquent /usr/bin/cmake --build /home/navlab-tx2-4/px4_ros_com_ros2/build/multi_rtd_interfaces -- -j4 -l4
[1.295s] Invoking command in '/home/navlab-tx2-4/px4_ros_com_ros2/build/multi_rtd_interfaces': CMAKE_PREFIX_PATH=${CMAKE_PREFIX_PATH}:/home/navlab-tx2-4/px4_ros_com_ros2/install/multi_rtd:/opt/ros/eloquent /usr/bin/cmake --build /home/navlab-tx2-4/px4_ros_com_ros2/build/multi_rtd_interfaces --target install -- -j4 -l4
[1.487s] [  3%] Built target multi_rtd_interfaces__cpp
[1.499s] [ 13%] Built target multi_rtd_interfaces__rosidl_generator_c
[1.613s] [ 24%] Built target multi_rtd_interfaces__rosidl_typesupport_introspection_c
[1.639s] [ 34%] Built target multi_rtd_interfaces__rosidl_typesupport_fastrtps_cpp
[1.646s] [ 44%] Built target multi_rtd_interfaces__rosidl_typesupport_introspection_cpp
[1.788s] [ 55%] Built target multi_rtd_interfaces__rosidl_typesupport_fastrtps_c
[1.822s] [ 65%] Built target multi_rtd_interfaces__rosidl_typesupport_cpp
[1.925s] [ 75%] Built target multi_rtd_interfaces__rosidl_typesupport_c
[2.000s] [ 75%] Built target multi_rtd_interfaces
[2.079s] [ 79%] Built target multi_rtd_interfaces__py
[2.181s] [ 86%] Built target multi_rtd_interfaces__python
[2.291s] [ 93%] Built target multi_rtd_interfaces__rosidl_typesupport_c__pyext
[2.296s] [100%] Built target multi_rtd_interfaces__rosidl_typesupport_fastrtps_c__pyext
[2.363s] [36mInstall the project...[0m
[2.393s] -- Install configuration: ""
[2.394s] -- Up-to-date: /home/navlab-tx2-4/px4_ros_com_ros2/install/multi_rtd_interfaces/share/ament_index/resource_index/rosidl_interfaces/multi_rtd_interfaces
[2.395s] -- Up-to-date: /home/navlab-tx2-4/px4_ros_com_ros2/install/multi_rtd_interfaces/include/multi_rtd_interfaces
[2.395s] -- Up-to-date: /home/navlab-tx2-4/px4_ros_com_ros2/install/multi_rtd_interfaces/include/multi_rtd_interfaces/msg
[2.396s] -- Up-to-date: /home/navlab-tx2-4/px4_ros_com_ros2/install/multi_rtd_interfaces/include/multi_rtd_interfaces/msg/robot_trajectory__struct.hpp
[2.396s] -- Up-to-date: /home/navlab-tx2-4/px4_ros_com_ros2/install/multi_rtd_interfaces/include/multi_rtd_interfaces/msg/robot_trajectory__traits.hpp
[2.397s] -- Up-to-date: /home/navlab-tx2-4/px4_ros_com_ros2/install/multi_rtd_interfaces/include/multi_rtd_interfaces/msg/robot_trajectory.hpp
[2.397s] -- Up-to-date: /home/navlab-tx2-4/px4_ros_com_ros2/install/multi_rtd_interfaces/include/multi_rtd_interfaces
[2.397s] -- Up-to-date: /home/navlab-tx2-4/px4_ros_com_ros2/install/multi_rtd_interfaces/include/multi_rtd_interfaces/msg
[2.398s] -- Up-to-date: /home/navlab-tx2-4/px4_ros_com_ros2/install/multi_rtd_interfaces/include/multi_rtd_interfaces/msg/robot_trajectory.h
[2.399s] -- Up-to-date: /home/navlab-tx2-4/px4_ros_com_ros2/install/multi_rtd_interfaces/include/multi_rtd_interfaces/msg/robot_trajectory__struct.h
[2.399s] -- Up-to-date: /home/navlab-tx2-4/px4_ros_com_ros2/install/multi_rtd_interfaces/include/multi_rtd_interfaces/msg/robot_trajectory__type_support.h
[2.400s] -- Up-to-date: /home/navlab-tx2-4/px4_ros_com_ros2/install/multi_rtd_interfaces/include/multi_rtd_interfaces/msg/rosidl_generator_c__visibility_control.h
[2.400s] -- Up-to-date: /home/navlab-tx2-4/px4_ros_com_ros2/install/multi_rtd_interfaces/include/multi_rtd_interfaces/msg/robot_trajectory__functions.c
[2.400s] -- Up-to-date: /home/navlab-tx2-4/px4_ros_com_ros2/install/multi_rtd_interfaces/include/multi_rtd_interfaces/msg/robot_trajectory__functions.h
[2.401s] -- Up-to-date: /home/navlab-tx2-4/px4_ros_com_ros2/install/multi_rtd_interfaces/share/multi_rtd_interfaces/environment/library_path.sh
[2.401s] -- Up-to-date: /home/navlab-tx2-4/px4_ros_com_ros2/install/multi_rtd_interfaces/share/multi_rtd_interfaces/environment/library_path.dsv
[2.402s] -- Up-to-date: /home/navlab-tx2-4/px4_ros_com_ros2/install/multi_rtd_interfaces/lib/libmulti_rtd_interfaces__rosidl_generator_c.so
[2.402s] -- Up-to-date: /home/navlab-tx2-4/px4_ros_com_ros2/install/multi_rtd_interfaces/lib/libmulti_rtd_interfaces__rosidl_typesupport_c.so
[2.403s] -- Up-to-date: /home/navlab-tx2-4/px4_ros_com_ros2/install/multi_rtd_interfaces/lib/libmulti_rtd_interfaces__rosidl_typesupport_cpp.so
[2.403s] -- Up-to-date: /home/navlab-tx2-4/px4_ros_com_ros2/install/multi_rtd_interfaces/include/multi_rtd_interfaces
[2.403s] -- Up-to-date: /home/navlab-tx2-4/px4_ros_com_ros2/install/multi_rtd_interfaces/include/multi_rtd_interfaces/msg
[2.404s] -- Up-to-date: /home/navlab-tx2-4/px4_ros_com_ros2/install/multi_rtd_interfaces/include/multi_rtd_interfaces/msg/robot_trajectory__type_support.c
[2.404s] -- Up-to-date: /home/navlab-tx2-4/px4_ros_com_ros2/install/multi_rtd_interfaces/include/multi_rtd_interfaces/msg/rosidl_typesupport_introspection_c__visibility_control.h
[2.405s] -- Up-to-date: /home/navlab-tx2-4/px4_ros_com_ros2/install/multi_rtd_interfaces/include/multi_rtd_interfaces/msg/robot_trajectory__rosidl_typesupport_introspection_c.h
[2.405s] -- Up-to-date: /home/navlab-tx2-4/px4_ros_com_ros2/install/multi_rtd_interfaces/lib/libmulti_rtd_interfaces__rosidl_typesupport_introspection_c.so
[2.406s] -- Up-to-date: /home/navlab-tx2-4/px4_ros_com_ros2/install/multi_rtd_interfaces/include/multi_rtd_interfaces
[2.406s] -- Up-to-date: /home/navlab-tx2-4/px4_ros_com_ros2/install/multi_rtd_interfaces/include/multi_rtd_interfaces/msg
[2.407s] -- Up-to-date: /home/navlab-tx2-4/px4_ros_com_ros2/install/multi_rtd_interfaces/include/multi_rtd_interfaces/msg/robot_trajectory__rosidl_typesupport_introspection_cpp.hpp
[2.407s] -- Up-to-date: /home/navlab-tx2-4/px4_ros_com_ros2/install/multi_rtd_interfaces/include/multi_rtd_interfaces/msg/robot_trajectory__type_support.cpp
[2.407s] -- Up-to-date: /home/navlab-tx2-4/px4_ros_com_ros2/install/multi_rtd_interfaces/lib/libmulti_rtd_interfaces__rosidl_typesupport_introspection_cpp.so
[2.408s] -- Up-to-date: /home/navlab-tx2-4/px4_ros_com_ros2/install/multi_rtd_interfaces/include/multi_rtd_interfaces
[2.408s] -- Up-to-date: /home/navlab-tx2-4/px4_ros_com_ros2/install/multi_rtd_interfaces/include/multi_rtd_interfaces/msg
[2.409s] -- Up-to-date: /home/navlab-tx2-4/px4_ros_com_ros2/install/multi_rtd_interfaces/include/multi_rtd_interfaces/msg/rosidl_typesupport_fastrtps_c__visibility_control.h
[2.409s] -- Up-to-date: /home/navlab-tx2-4/px4_ros_com_ros2/install/multi_rtd_interfaces/include/multi_rtd_interfaces/msg/robot_trajectory__rosidl_typesupport_fastrtps_c.h
[2.410s] -- Up-to-date: /home/navlab-tx2-4/px4_ros_com_ros2/install/multi_rtd_interfaces/lib/libmulti_rtd_interfaces__rosidl_typesupport_fastrtps_c.so
[2.410s] -- Up-to-date: /home/navlab-tx2-4/px4_ros_com_ros2/install/multi_rtd_interfaces/include/multi_rtd_interfaces
[2.411s] -- Up-to-date: /home/navlab-tx2-4/px4_ros_com_ros2/install/multi_rtd_interfaces/include/multi_rtd_interfaces/msg
[2.411s] -- Up-to-date: /home/navlab-tx2-4/px4_ros_com_ros2/install/multi_rtd_interfaces/include/multi_rtd_interfaces/msg/robot_trajectory__rosidl_typesupport_fastrtps_cpp.hpp
[2.412s] -- Up-to-date: /home/navlab-tx2-4/px4_ros_com_ros2/install/multi_rtd_interfaces/include/multi_rtd_interfaces/msg/rosidl_typesupport_fastrtps_cpp__visibility_control.h
[2.412s] -- Up-to-date: /home/navlab-tx2-4/px4_ros_com_ros2/install/multi_rtd_interfaces/include/multi_rtd_interfaces/msg/dds_fastrtps
[2.412s] -- Up-to-date: /home/navlab-tx2-4/px4_ros_com_ros2/install/multi_rtd_interfaces/lib/libmulti_rtd_interfaces__rosidl_typesupport_fastrtps_cpp.so
[2.413s] -- Up-to-date: /home/navlab-tx2-4/px4_ros_com_ros2/install/multi_rtd_interfaces/share/multi_rtd_interfaces/environment/pythonpath.sh
[2.413s] -- Up-to-date: /home/navlab-tx2-4/px4_ros_com_ros2/install/multi_rtd_interfaces/share/multi_rtd_interfaces/environment/pythonpath.dsv
[2.414s] -- Up-to-date: /home/navlab-tx2-4/px4_ros_com_ros2/install/multi_rtd_interfaces/lib/python3.6/site-packages/multi_rtd_interfaces/__init__.py
[2.556s] -- Up-to-date: /home/navlab-tx2-4/px4_ros_com_ros2/install/multi_rtd_interfaces/lib/python3.6/site-packages/multi_rtd_interfaces/msg
[2.557s] -- Up-to-date: /home/navlab-tx2-4/px4_ros_com_ros2/install/multi_rtd_interfaces/lib/python3.6/site-packages/multi_rtd_interfaces/msg/_robot_trajectory_s.c
[2.557s] -- Up-to-date: /home/navlab-tx2-4/px4_ros_com_ros2/install/multi_rtd_interfaces/lib/python3.6/site-packages/multi_rtd_interfaces/msg/_robot_trajectory.py
[2.558s] -- Up-to-date: /home/navlab-tx2-4/px4_ros_com_ros2/install/multi_rtd_interfaces/lib/python3.6/site-packages/multi_rtd_interfaces/msg/__init__.py
[2.558s] -- Up-to-date: /home/navlab-tx2-4/px4_ros_com_ros2/install/multi_rtd_interfaces/lib/python3.6/site-packages/multi_rtd_interfaces/multi_rtd_interfaces_s__rosidl_typesupport_c.cpython-36m-aarch64-linux-gnu.so
[2.560s] -- Up-to-date: /home/navlab-tx2-4/px4_ros_com_ros2/install/multi_rtd_interfaces/lib/python3.6/site-packages/multi_rtd_interfaces/multi_rtd_interfaces_s__rosidl_typesupport_fastrtps_c.cpython-36m-aarch64-linux-gnu.so
[2.561s] -- Up-to-date: /home/navlab-tx2-4/px4_ros_com_ros2/install/multi_rtd_interfaces/lib/libmulti_rtd_interfaces__python.so
[2.562s] -- Up-to-date: /home/navlab-tx2-4/px4_ros_com_ros2/install/multi_rtd_interfaces/share/multi_rtd_interfaces/msg/RobotTrajectory.idl
[2.562s] -- Up-to-date: /home/navlab-tx2-4/px4_ros_com_ros2/install/multi_rtd_interfaces/share/multi_rtd_interfaces/msg/RobotTrajectory.msg
[2.563s] -- Up-to-date: /home/navlab-tx2-4/px4_ros_com_ros2/install/multi_rtd_interfaces/share/ament_index/resource_index/package_run_dependencies/multi_rtd_interfaces
[2.564s] -- Up-to-date: /home/navlab-tx2-4/px4_ros_com_ros2/install/multi_rtd_interfaces/share/ament_index/resource_index/parent_prefix_path/multi_rtd_interfaces
[2.565s] -- Up-to-date: /home/navlab-tx2-4/px4_ros_com_ros2/install/multi_rtd_interfaces/share/multi_rtd_interfaces/environment/ament_prefix_path.sh
[2.565s] -- Up-to-date: /home/navlab-tx2-4/px4_ros_com_ros2/install/multi_rtd_interfaces/share/multi_rtd_interfaces/environment/ament_prefix_path.dsv
[2.566s] -- Up-to-date: /home/navlab-tx2-4/px4_ros_com_ros2/install/multi_rtd_interfaces/share/multi_rtd_interfaces/environment/path.sh
[2.566s] -- Up-to-date: /home/navlab-tx2-4/px4_ros_com_ros2/install/multi_rtd_interfaces/share/multi_rtd_interfaces/environment/path.dsv
[2.567s] -- Up-to-date: /home/navlab-tx2-4/px4_ros_com_ros2/install/multi_rtd_interfaces/share/multi_rtd_interfaces/local_setup.bash
[2.567s] -- Up-to-date: /home/navlab-tx2-4/px4_ros_com_ros2/install/multi_rtd_interfaces/share/multi_rtd_interfaces/local_setup.sh
[2.568s] -- Up-to-date: /home/navlab-tx2-4/px4_ros_com_ros2/install/multi_rtd_interfaces/share/multi_rtd_interfaces/local_setup.zsh
[2.568s] -- Up-to-date: /home/navlab-tx2-4/px4_ros_com_ros2/install/multi_rtd_interfaces/share/multi_rtd_interfaces/local_setup.dsv
[2.569s] -- Installing: /home/navlab-tx2-4/px4_ros_com_ros2/install/multi_rtd_interfaces/share/multi_rtd_interfaces/package.dsv
[2.569s] -- Up-to-date: /home/navlab-tx2-4/px4_ros_com_ros2/install/multi_rtd_interfaces/share/ament_index/resource_index/packages/multi_rtd_interfaces
[2.570s] -- Up-to-date: /home/navlab-tx2-4/px4_ros_com_ros2/install/multi_rtd_interfaces/share/multi_rtd_interfaces/cmake/rosidl_cmake-extras.cmake
[2.570s] -- Up-to-date: /home/navlab-tx2-4/px4_ros_com_ros2/install/multi_rtd_interfaces/share/multi_rtd_interfaces/cmake/ament_cmake_export_dependencies-extras.cmake
[2.571s] -- Up-to-date: /home/navlab-tx2-4/px4_ros_com_ros2/install/multi_rtd_interfaces/share/multi_rtd_interfaces/cmake/ament_cmake_export_include_directories-extras.cmake
[2.571s] -- Up-to-date: /home/navlab-tx2-4/px4_ros_com_ros2/install/multi_rtd_interfaces/share/multi_rtd_interfaces/cmake/ament_cmake_export_libraries-extras.cmake
[2.572s] -- Up-to-date: /home/navlab-tx2-4/px4_ros_com_ros2/install/multi_rtd_interfaces/share/multi_rtd_interfaces/cmake/multi_rtd_interfacesConfig.cmake
[2.572s] -- Up-to-date: /home/navlab-tx2-4/px4_ros_com_ros2/install/multi_rtd_interfaces/share/multi_rtd_interfaces/cmake/multi_rtd_interfacesConfig-version.cmake
[2.572s] -- Up-to-date: /home/navlab-tx2-4/px4_ros_com_ros2/install/multi_rtd_interfaces/share/multi_rtd_interfaces/package.xml
[2.578s] Invoked command in '/home/navlab-tx2-4/px4_ros_com_ros2/build/multi_rtd_interfaces' returned '0': CMAKE_PREFIX_PATH=${CMAKE_PREFIX_PATH}:/home/navlab-tx2-4/px4_ros_com_ros2/install/multi_rtd:/opt/ros/eloquent /usr/bin/cmake --build /home/navlab-tx2-4/px4_ros_com_ros2/build/multi_rtd_interfaces --target install -- -j4 -l4
