[0.083s] Invoking command in '/home/navlab-tx2-4/px4_ros_com_ros2/build/multi_rtd_interfaces': CMAKE_PREFIX_PATH=${CMAKE_PREFIX_PATH}:/home/navlab-tx2-4/px4_ros_com_ros2/install/multi_rtd:/opt/ros/eloquent /usr/bin/cmake --build /home/navlab-tx2-4/px4_ros_com_ros2/build/multi_rtd_interfaces -- -j4 -l4
[0.262s] [  3%] Built target multi_rtd_interfaces__cpp
[0.273s] [ 13%] Built target multi_rtd_interfaces__rosidl_generator_c
[0.360s] [ 24%] Built target multi_rtd_interfaces__rosidl_typesupport_introspection_cpp
[0.368s] [ 34%] Built target multi_rtd_interfaces__rosidl_typesupport_introspection_c
[0.381s] [ 44%] Built target multi_rtd_interfaces__rosidl_typesupport_fastrtps_cpp
[0.488s] [ 65%] Built target multi_rtd_interfaces__rosidl_typesupport_cpp
[0.488s] [ 65%] Built target multi_rtd_interfaces__rosidl_typesupport_fastrtps_c
[0.590s] [ 75%] Built target multi_rtd_interfaces__rosidl_typesupport_c
[0.666s] [ 75%] Built target multi_rtd_interfaces
[0.762s] [ 79%] Built target multi_rtd_interfaces__py
[0.873s] [ 86%] Built target multi_rtd_interfaces__python
[0.985s] [100%] Built target multi_rtd_interfaces__rosidl_typesupport_fastrtps_c__pyext
[0.985s] [100%] Built target multi_rtd_interfaces__rosidl_typesupport_c__pyext
[1.025s] Invoked command in '/home/navlab-tx2-4/px4_ros_com_ros2/build/multi_rtd_interfaces' returned '0': CMAKE_PREFIX_PATH=${CMAKE_PREFIX_PATH}:/home/navlab-tx2-4/px4_ros_com_ros2/install/multi_rtd:/opt/ros/eloquent /usr/bin/cmake --build /home/navlab-tx2-4/px4_ros_com_ros2/build/multi_rtd_interfaces -- -j4 -l4
[1.368s] Invoking command in '/home/navlab-tx2-4/px4_ros_com_ros2/build/multi_rtd_interfaces': CMAKE_PREFIX_PATH=${CMAKE_PREFIX_PATH}:/home/navlab-tx2-4/px4_ros_com_ros2/install/multi_rtd:/opt/ros/eloquent /usr/bin/cmake --build /home/navlab-tx2-4/px4_ros_com_ros2/build/multi_rtd_interfaces --target install -- -j4 -l4
[1.580s] [  3%] Built target multi_rtd_interfaces__cpp
[1.593s] [ 13%] Built target multi_rtd_interfaces__rosidl_generator_c
[1.717s] [ 24%] Built target multi_rtd_interfaces__rosidl_typesupport_introspection_c
[1.763s] [ 34%] Built target multi_rtd_interfaces__rosidl_typesupport_fastrtps_cpp
[1.777s] [ 44%] Built target multi_rtd_interfaces__rosidl_typesupport_introspection_cpp
[1.899s] [ 55%] Built target multi_rtd_interfaces__rosidl_typesupport_fastrtps_c
[1.950s] [ 65%] Built target multi_rtd_interfaces__rosidl_typesupport_cpp
[2.068s] [ 75%] Built target multi_rtd_interfaces__rosidl_typesupport_c
[2.147s] [ 75%] Built target multi_rtd_interfaces
[2.234s] [ 79%] Built target multi_rtd_interfaces__py
[2.337s] [ 86%] Built target multi_rtd_interfaces__python
[2.476s] [ 93%] Built target multi_rtd_interfaces__rosidl_typesupport_fastrtps_c__pyext
[2.481s] [100%] Built target multi_rtd_interfaces__rosidl_typesupport_c__pyext
[2.547s] [36mInstall the project...[0m
[2.578s] -- Install configuration: ""
[2.579s] -- Up-to-date: /home/navlab-tx2-4/px4_ros_com_ros2/install/multi_rtd_interfaces/share/ament_index/resource_index/rosidl_interfaces/multi_rtd_interfaces
[2.579s] -- Up-to-date: /home/navlab-tx2-4/px4_ros_com_ros2/install/multi_rtd_interfaces/include/multi_rtd_interfaces
[2.580s] -- Up-to-date: /home/navlab-tx2-4/px4_ros_com_ros2/install/multi_rtd_interfaces/include/multi_rtd_interfaces/msg
[2.580s] -- Up-to-date: /home/navlab-tx2-4/px4_ros_com_ros2/install/multi_rtd_interfaces/include/multi_rtd_interfaces/msg/robot_trajectory__struct.hpp
[2.581s] -- Up-to-date: /home/navlab-tx2-4/px4_ros_com_ros2/install/multi_rtd_interfaces/include/multi_rtd_interfaces/msg/robot_trajectory__traits.hpp
[2.582s] -- Up-to-date: /home/navlab-tx2-4/px4_ros_com_ros2/install/multi_rtd_interfaces/include/multi_rtd_interfaces/msg/robot_trajectory.hpp
[2.582s] -- Up-to-date: /home/navlab-tx2-4/px4_ros_com_ros2/install/multi_rtd_interfaces/include/multi_rtd_interfaces
[2.583s] -- Up-to-date: /home/navlab-tx2-4/px4_ros_com_ros2/install/multi_rtd_interfaces/include/multi_rtd_interfaces/msg
[2.584s] -- Up-to-date: /home/navlab-tx2-4/px4_ros_com_ros2/install/multi_rtd_interfaces/include/multi_rtd_interfaces/msg/robot_trajectory.h
[2.584s] -- Up-to-date: /home/navlab-tx2-4/px4_ros_com_ros2/install/multi_rtd_interfaces/include/multi_rtd_interfaces/msg/robot_trajectory__struct.h
[2.585s] -- Up-to-date: /home/navlab-tx2-4/px4_ros_com_ros2/install/multi_rtd_interfaces/include/multi_rtd_interfaces/msg/robot_trajectory__type_support.h
[2.586s] -- Up-to-date: /home/navlab-tx2-4/px4_ros_com_ros2/install/multi_rtd_interfaces/include/multi_rtd_interfaces/msg/rosidl_generator_c__visibility_control.h
[2.586s] -- Up-to-date: /home/navlab-tx2-4/px4_ros_com_ros2/install/multi_rtd_interfaces/include/multi_rtd_interfaces/msg/robot_trajectory__functions.c
[2.587s] -- Up-to-date: /home/navlab-tx2-4/px4_ros_com_ros2/install/multi_rtd_interfaces/include/multi_rtd_interfaces/msg/robot_trajectory__functions.h
[2.587s] -- Up-to-date: /home/navlab-tx2-4/px4_ros_com_ros2/install/multi_rtd_interfaces/share/multi_rtd_interfaces/environment/library_path.sh
[2.588s] -- Up-to-date: /home/navlab-tx2-4/px4_ros_com_ros2/install/multi_rtd_interfaces/share/multi_rtd_interfaces/environment/library_path.dsv
[2.589s] -- Up-to-date: /home/navlab-tx2-4/px4_ros_com_ros2/install/multi_rtd_interfaces/lib/libmulti_rtd_interfaces__rosidl_generator_c.so
[2.589s] -- Up-to-date: /home/navlab-tx2-4/px4_ros_com_ros2/install/multi_rtd_interfaces/lib/libmulti_rtd_interfaces__rosidl_typesupport_c.so
[2.590s] -- Up-to-date: /home/navlab-tx2-4/px4_ros_com_ros2/install/multi_rtd_interfaces/lib/libmulti_rtd_interfaces__rosidl_typesupport_cpp.so
[2.591s] -- Up-to-date: /home/navlab-tx2-4/px4_ros_com_ros2/install/multi_rtd_interfaces/include/multi_rtd_interfaces
[2.591s] -- Up-to-date: /home/navlab-tx2-4/px4_ros_com_ros2/install/multi_rtd_interfaces/include/multi_rtd_interfaces/msg
[2.592s] -- Up-to-date: /home/navlab-tx2-4/px4_ros_com_ros2/install/multi_rtd_interfaces/include/multi_rtd_interfaces/msg/robot_trajectory__type_support.c
[2.593s] -- Up-to-date: /home/navlab-tx2-4/px4_ros_com_ros2/install/multi_rtd_interfaces/include/multi_rtd_interfaces/msg/rosidl_typesupport_introspection_c__visibility_control.h
[2.593s] -- Up-to-date: /home/navlab-tx2-4/px4_ros_com_ros2/install/multi_rtd_interfaces/include/multi_rtd_interfaces/msg/robot_trajectory__rosidl_typesupport_introspection_c.h
[2.594s] -- Up-to-date: /home/navlab-tx2-4/px4_ros_com_ros2/install/multi_rtd_interfaces/lib/libmulti_rtd_interfaces__rosidl_typesupport_introspection_c.so
[2.595s] -- Up-to-date: /home/navlab-tx2-4/px4_ros_com_ros2/install/multi_rtd_interfaces/include/multi_rtd_interfaces
[2.595s] -- Up-to-date: /home/navlab-tx2-4/px4_ros_com_ros2/install/multi_rtd_interfaces/include/multi_rtd_interfaces/msg
[2.596s] -- Up-to-date: /home/navlab-tx2-4/px4_ros_com_ros2/install/multi_rtd_interfaces/include/multi_rtd_interfaces/msg/robot_trajectory__rosidl_typesupport_introspection_cpp.hpp
[2.597s] -- Up-to-date: /home/navlab-tx2-4/px4_ros_com_ros2/install/multi_rtd_interfaces/include/multi_rtd_interfaces/msg/robot_trajectory__type_support.cpp
[2.597s] -- Up-to-date: /home/navlab-tx2-4/px4_ros_com_ros2/install/multi_rtd_interfaces/lib/libmulti_rtd_interfaces__rosidl_typesupport_introspection_cpp.so
[2.598s] -- Up-to-date: /home/navlab-tx2-4/px4_ros_com_ros2/install/multi_rtd_interfaces/include/multi_rtd_interfaces
[2.598s] -- Up-to-date: /home/navlab-tx2-4/px4_ros_com_ros2/install/multi_rtd_interfaces/include/multi_rtd_interfaces/msg
[2.599s] -- Up-to-date: /home/navlab-tx2-4/px4_ros_com_ros2/install/multi_rtd_interfaces/include/multi_rtd_interfaces/msg/rosidl_typesupport_fastrtps_c__visibility_control.h
[2.599s] -- Up-to-date: /home/navlab-tx2-4/px4_ros_com_ros2/install/multi_rtd_interfaces/include/multi_rtd_interfaces/msg/robot_trajectory__rosidl_typesupport_fastrtps_c.h
[2.600s] -- Up-to-date: /home/navlab-tx2-4/px4_ros_com_ros2/install/multi_rtd_interfaces/lib/libmulti_rtd_interfaces__rosidl_typesupport_fastrtps_c.so
[2.600s] -- Up-to-date: /home/navlab-tx2-4/px4_ros_com_ros2/install/multi_rtd_interfaces/include/multi_rtd_interfaces
[2.601s] -- Up-to-date: /home/navlab-tx2-4/px4_ros_com_ros2/install/multi_rtd_interfaces/include/multi_rtd_interfaces/msg
[2.601s] -- Up-to-date: /home/navlab-tx2-4/px4_ros_com_ros2/install/multi_rtd_interfaces/include/multi_rtd_interfaces/msg/robot_trajectory__rosidl_typesupport_fastrtps_cpp.hpp
[2.602s] -- Up-to-date: /home/navlab-tx2-4/px4_ros_com_ros2/install/multi_rtd_interfaces/include/multi_rtd_interfaces/msg/rosidl_typesupport_fastrtps_cpp__visibility_control.h
[2.602s] -- Up-to-date: /home/navlab-tx2-4/px4_ros_com_ros2/install/multi_rtd_interfaces/include/multi_rtd_interfaces/msg/dds_fastrtps
[2.603s] -- Up-to-date: /home/navlab-tx2-4/px4_ros_com_ros2/install/multi_rtd_interfaces/lib/libmulti_rtd_interfaces__rosidl_typesupport_fastrtps_cpp.so
[2.603s] -- Up-to-date: /home/navlab-tx2-4/px4_ros_com_ros2/install/multi_rtd_interfaces/share/multi_rtd_interfaces/environment/pythonpath.sh
[2.604s] -- Up-to-date: /home/navlab-tx2-4/px4_ros_com_ros2/install/multi_rtd_interfaces/share/multi_rtd_interfaces/environment/pythonpath.dsv
[2.605s] -- Up-to-date: /home/navlab-tx2-4/px4_ros_com_ros2/install/multi_rtd_interfaces/lib/python3.6/site-packages/multi_rtd_interfaces/__init__.py
[2.746s] -- Up-to-date: /home/navlab-tx2-4/px4_ros_com_ros2/install/multi_rtd_interfaces/lib/python3.6/site-packages/multi_rtd_interfaces/msg
[2.746s] -- Up-to-date: /home/navlab-tx2-4/px4_ros_com_ros2/install/multi_rtd_interfaces/lib/python3.6/site-packages/multi_rtd_interfaces/msg/_robot_trajectory_s.c
[2.747s] -- Up-to-date: /home/navlab-tx2-4/px4_ros_com_ros2/install/multi_rtd_interfaces/lib/python3.6/site-packages/multi_rtd_interfaces/msg/_robot_trajectory.py
[2.747s] -- Up-to-date: /home/navlab-tx2-4/px4_ros_com_ros2/install/multi_rtd_interfaces/lib/python3.6/site-packages/multi_rtd_interfaces/msg/__init__.py
[2.748s] -- Up-to-date: /home/navlab-tx2-4/px4_ros_com_ros2/install/multi_rtd_interfaces/lib/python3.6/site-packages/multi_rtd_interfaces/multi_rtd_interfaces_s__rosidl_typesupport_c.cpython-36m-aarch64-linux-gnu.so
[2.749s] -- Up-to-date: /home/navlab-tx2-4/px4_ros_com_ros2/install/multi_rtd_interfaces/lib/python3.6/site-packages/multi_rtd_interfaces/multi_rtd_interfaces_s__rosidl_typesupport_fastrtps_c.cpython-36m-aarch64-linux-gnu.so
[2.750s] -- Up-to-date: /home/navlab-tx2-4/px4_ros_com_ros2/install/multi_rtd_interfaces/lib/libmulti_rtd_interfaces__python.so
[2.751s] -- Up-to-date: /home/navlab-tx2-4/px4_ros_com_ros2/install/multi_rtd_interfaces/share/multi_rtd_interfaces/msg/RobotTrajectory.idl
[2.753s] -- Up-to-date: /home/navlab-tx2-4/px4_ros_com_ros2/install/multi_rtd_interfaces/share/multi_rtd_interfaces/msg/RobotTrajectory.msg
[2.754s] -- Up-to-date: /home/navlab-tx2-4/px4_ros_com_ros2/install/multi_rtd_interfaces/share/ament_index/resource_index/package_run_dependencies/multi_rtd_interfaces
[2.756s] -- Up-to-date: /home/navlab-tx2-4/px4_ros_com_ros2/install/multi_rtd_interfaces/share/ament_index/resource_index/parent_prefix_path/multi_rtd_interfaces
[2.757s] -- Up-to-date: /home/navlab-tx2-4/px4_ros_com_ros2/install/multi_rtd_interfaces/share/multi_rtd_interfaces/environment/ament_prefix_path.sh
[2.758s] -- Up-to-date: /home/navlab-tx2-4/px4_ros_com_ros2/install/multi_rtd_interfaces/share/multi_rtd_interfaces/environment/ament_prefix_path.dsv
[2.759s] -- Up-to-date: /home/navlab-tx2-4/px4_ros_com_ros2/install/multi_rtd_interfaces/share/multi_rtd_interfaces/environment/path.sh
[2.759s] -- Up-to-date: /home/navlab-tx2-4/px4_ros_com_ros2/install/multi_rtd_interfaces/share/multi_rtd_interfaces/environment/path.dsv
[2.760s] -- Up-to-date: /home/navlab-tx2-4/px4_ros_com_ros2/install/multi_rtd_interfaces/share/multi_rtd_interfaces/local_setup.bash
[2.761s] -- Up-to-date: /home/navlab-tx2-4/px4_ros_com_ros2/install/multi_rtd_interfaces/share/multi_rtd_interfaces/local_setup.sh
[2.761s] -- Up-to-date: /home/navlab-tx2-4/px4_ros_com_ros2/install/multi_rtd_interfaces/share/multi_rtd_interfaces/local_setup.zsh
[2.762s] -- Up-to-date: /home/navlab-tx2-4/px4_ros_com_ros2/install/multi_rtd_interfaces/share/multi_rtd_interfaces/local_setup.dsv
[2.762s] -- Installing: /home/navlab-tx2-4/px4_ros_com_ros2/install/multi_rtd_interfaces/share/multi_rtd_interfaces/package.dsv
[2.763s] -- Up-to-date: /home/navlab-tx2-4/px4_ros_com_ros2/install/multi_rtd_interfaces/share/ament_index/resource_index/packages/multi_rtd_interfaces
[2.763s] -- Up-to-date: /home/navlab-tx2-4/px4_ros_com_ros2/install/multi_rtd_interfaces/share/multi_rtd_interfaces/cmake/rosidl_cmake-extras.cmake
[2.764s] -- Up-to-date: /home/navlab-tx2-4/px4_ros_com_ros2/install/multi_rtd_interfaces/share/multi_rtd_interfaces/cmake/ament_cmake_export_dependencies-extras.cmake
[2.765s] -- Up-to-date: /home/navlab-tx2-4/px4_ros_com_ros2/install/multi_rtd_interfaces/share/multi_rtd_interfaces/cmake/ament_cmake_export_include_directories-extras.cmake
[2.765s] -- Up-to-date: /home/navlab-tx2-4/px4_ros_com_ros2/install/multi_rtd_interfaces/share/multi_rtd_interfaces/cmake/ament_cmake_export_libraries-extras.cmake
[2.767s] -- Up-to-date: /home/navlab-tx2-4/px4_ros_com_ros2/install/multi_rtd_interfaces/share/multi_rtd_interfaces/cmake/multi_rtd_interfacesConfig.cmake
[2.770s] -- Up-to-date: /home/navlab-tx2-4/px4_ros_com_ros2/install/multi_rtd_interfaces/share/multi_rtd_interfaces/cmake/multi_rtd_interfacesConfig-version.cmake
[2.770s] -- Up-to-date: /home/navlab-tx2-4/px4_ros_com_ros2/install/multi_rtd_interfaces/share/multi_rtd_interfaces/package.xml
[2.772s] Invoked command in '/home/navlab-tx2-4/px4_ros_com_ros2/build/multi_rtd_interfaces' returned '0': CMAKE_PREFIX_PATH=${CMAKE_PREFIX_PATH}:/home/navlab-tx2-4/px4_ros_com_ros2/install/multi_rtd:/opt/ros/eloquent /usr/bin/cmake --build /home/navlab-tx2-4/px4_ros_com_ros2/build/multi_rtd_interfaces --target install -- -j4 -l4
