[1.253s] Invoking command in '/home/navlab-tx2-4/px4_ros_com_ros2/src/px4_multi_agent_planning/multi_rtd': CMAKE_PREFIX_PATH=/home/navlab-tx2-4/px4_ros_com_ros2/install/multi_rtd_interfaces:/home/navlab-tx2-4/px4_ros_com_ros2/install/ros1_bridge:/home/navlab-tx2-4/px4_ros_com_ros2/install/px4_ros_com:/home/navlab-tx2-4/px4_ros_com_ros2/install/offboard_ibqr:/home/navlab-tx2-4/px4_ros_com_ros2/install/px4_msgs LD_LIBRARY_PATH=/home/navlab-tx2-4/px4_ros_com_ros2/install/multi_rtd_interfaces/lib:/home/navlab-tx2-4/px4_ros_com_ros2/install/px4_ros_com/lib:/home/navlab-tx2-4/px4_ros_com_ros2/install/px4_msgs/lib:/opt/ros/eloquent/opt/yaml_cpp_vendor/lib:/opt/ros/eloquent/opt/rviz_ogre_vendor/lib:/opt/ros/eloquent/lib/aarch64-linux-gnu:/opt/ros/eloquent/lib PYTHONPATH=/home/navlab-tx2-4/px4_ros_com_ros2/install/multi_rtd/lib/python3.6/site-packages:/home/navlab-tx2-4/px4_ros_com_ros2/install/multi_rtd_interfaces/lib/python3.6/site-packages:/home/navlab-tx2-4/px4_ros_com_ros2/install/px4_msgs/lib/python3.6/site-packages:/home/navlab-tx2-4/px4_ros_com_ros2/install/multi_rtd/lib/python3.6/site-packages:/opt/ros/eloquent/lib/python3.6/site-packages /usr/bin/python3 setup.py egg_info --egg-base ../../../build/multi_rtd build --build-base /home/navlab-tx2-4/px4_ros_com_ros2/build/multi_rtd/build install --prefix /home/navlab-tx2-4/px4_ros_com_ros2/install/multi_rtd --record /home/navlab-tx2-4/px4_ros_com_ros2/build/multi_rtd/install.log --single-version-externally-managed
[2.415s] running egg_info
[2.421s] writing ../../../build/multi_rtd/multi_rtd.egg-info/PKG-INFO
[2.427s] writing dependency_links to ../../../build/multi_rtd/multi_rtd.egg-info/dependency_links.txt
[2.427s] writing entry points to ../../../build/multi_rtd/multi_rtd.egg-info/entry_points.txt
[2.428s] writing requirements to ../../../build/multi_rtd/multi_rtd.egg-info/requires.txt
[2.429s] writing top-level names to ../../../build/multi_rtd/multi_rtd.egg-info/top_level.txt
[2.581s] reading manifest file '../../../build/multi_rtd/multi_rtd.egg-info/SOURCES.txt'
[2.587s] writing manifest file '../../../build/multi_rtd/multi_rtd.egg-info/SOURCES.txt'
[2.588s] running build
[2.589s] running build_py
[2.590s] running install
[2.592s] running install_lib
[2.597s] running install_data
[2.600s] running install_egg_info
[2.609s] removing '/home/navlab-tx2-4/px4_ros_com_ros2/install/multi_rtd/lib/python3.6/site-packages/multi_rtd-0.0.0-py3.6.egg-info' (and everything under it)
[2.610s] Copying ../../../build/multi_rtd/multi_rtd.egg-info to /home/navlab-tx2-4/px4_ros_com_ros2/install/multi_rtd/lib/python3.6/site-packages/multi_rtd-0.0.0-py3.6.egg-info
[2.614s] running install_scripts
[2.686s] Installing multi_planner script to /home/navlab-tx2-4/px4_ros_com_ros2/install/multi_rtd/lib/multi_rtd
[2.687s] Installing simple_planner script to /home/navlab-tx2-4/px4_ros_com_ros2/install/multi_rtd/lib/multi_rtd
[2.688s] writing list of installed files to '/home/navlab-tx2-4/px4_ros_com_ros2/build/multi_rtd/install.log'
[2.800s] Invoked command in '/home/navlab-tx2-4/px4_ros_com_ros2/src/px4_multi_agent_planning/multi_rtd' returned '0': CMAKE_PREFIX_PATH=/home/navlab-tx2-4/px4_ros_com_ros2/install/multi_rtd_interfaces:/home/navlab-tx2-4/px4_ros_com_ros2/install/ros1_bridge:/home/navlab-tx2-4/px4_ros_com_ros2/install/px4_ros_com:/home/navlab-tx2-4/px4_ros_com_ros2/install/offboard_ibqr:/home/navlab-tx2-4/px4_ros_com_ros2/install/px4_msgs LD_LIBRARY_PATH=/home/navlab-tx2-4/px4_ros_com_ros2/install/multi_rtd_interfaces/lib:/home/navlab-tx2-4/px4_ros_com_ros2/install/px4_ros_com/lib:/home/navlab-tx2-4/px4_ros_com_ros2/install/px4_msgs/lib:/opt/ros/eloquent/opt/yaml_cpp_vendor/lib:/opt/ros/eloquent/opt/rviz_ogre_vendor/lib:/opt/ros/eloquent/lib/aarch64-linux-gnu:/opt/ros/eloquent/lib PYTHONPATH=/home/navlab-tx2-4/px4_ros_com_ros2/install/multi_rtd/lib/python3.6/site-packages:/home/navlab-tx2-4/px4_ros_com_ros2/install/multi_rtd_interfaces/lib/python3.6/site-packages:/home/navlab-tx2-4/px4_ros_com_ros2/install/px4_msgs/lib/python3.6/site-packages:/home/navlab-tx2-4/px4_ros_com_ros2/install/multi_rtd/lib/python3.6/site-packages:/opt/ros/eloquent/lib/python3.6/site-packages /usr/bin/python3 setup.py egg_info --egg-base ../../../build/multi_rtd build --build-base /home/navlab-tx2-4/px4_ros_com_ros2/build/multi_rtd/build install --prefix /home/navlab-tx2-4/px4_ros_com_ros2/install/multi_rtd --record /home/navlab-tx2-4/px4_ros_com_ros2/build/multi_rtd/install.log --single-version-externally-managed
