Determining if the pthread_create exist failed with the following output:
Change Dir: /home/navlab-tx2-4/px4_ros_com_ros2/build/offboard_ibqr/CMakeFiles/CMakeTmp

Run Build Command:"/usr/bin/make" "cmTC_5c0b8/fast"
/usr/bin/make -f CMakeFiles/cmTC_5c0b8.dir/build.make CMakeFiles/cmTC_5c0b8.dir/build
make[1]: Entering directory '/home/navlab-tx2-4/px4_ros_com_ros2/build/offboard_ibqr/CMakeFiles/CMakeTmp'
Building C object CMakeFiles/cmTC_5c0b8.dir/CheckSymbolExists.c.o
/usr/bin/cc    -o CMakeFiles/cmTC_5c0b8.dir/CheckSymbolExists.c.o   -c /home/navlab-tx2-4/px4_ros_com_ros2/build/offboard_ibqr/CMakeFiles/CMakeTmp/CheckSymbolExists.c
Linking C executable cmTC_5c0b8
/usr/bin/cmake -E cmake_link_script CMakeFiles/cmTC_5c0b8.dir/link.txt --verbose=1
/usr/bin/cc      CMakeFiles/cmTC_5c0b8.dir/CheckSymbolExists.c.o  -o cmTC_5c0b8 
CMakeFiles/cmTC_5c0b8.dir/CheckSymbolExists.c.o: In function `main':
CheckSymbolExists.c:(.text+0x14): undefined reference to `pthread_create'
CheckSymbolExists.c:(.text+0x18): undefined reference to `pthread_create'
collect2: error: ld returned 1 exit status
CMakeFiles/cmTC_5c0b8.dir/build.make:97: recipe for target 'cmTC_5c0b8' failed
make[1]: *** [cmTC_5c0b8] Error 1
make[1]: Leaving directory '/home/navlab-tx2-4/px4_ros_com_ros2/build/offboard_ibqr/CMakeFiles/CMakeTmp'
Makefile:126: recipe for target 'cmTC_5c0b8/fast' failed
make: *** [cmTC_5c0b8/fast] Error 2

File /home/navlab-tx2-4/px4_ros_com_ros2/build/offboard_ibqr/CMakeFiles/CMakeTmp/CheckSymbolExists.c:
/* */
#include <pthread.h>

int main(int argc, char** argv)
{
  (void)argv;
#ifndef pthread_create
  return ((int*)(&pthread_create))[argc];
#else
  (void)argc;
  return 0;
#endif
}

Determining if the function pthread_create exists in the pthreads failed with the following output:
Change Dir: /home/navlab-tx2-4/px4_ros_com_ros2/build/offboard_ibqr/CMakeFiles/CMakeTmp

Run Build Command:"/usr/bin/make" "cmTC_16e58/fast"
/usr/bin/make -f CMakeFiles/cmTC_16e58.dir/build.make CMakeFiles/cmTC_16e58.dir/build
make[1]: Entering directory '/home/navlab-tx2-4/px4_ros_com_ros2/build/offboard_ibqr/CMakeFiles/CMakeTmp'
Building C object CMakeFiles/cmTC_16e58.dir/CheckFunctionExists.c.o
/usr/bin/cc   -DCHECK_FUNCTION_EXISTS=pthread_create   -o CMakeFiles/cmTC_16e58.dir/CheckFunctionExists.c.o   -c /usr/share/cmake-3.10/Modules/CheckFunctionExists.c
Linking C executable cmTC_16e58
/usr/bin/cmake -E cmake_link_script CMakeFiles/cmTC_16e58.dir/link.txt --verbose=1
/usr/bin/cc  -DCHECK_FUNCTION_EXISTS=pthread_create    CMakeFiles/cmTC_16e58.dir/CheckFunctionExists.c.o  -o cmTC_16e58 -lpthreads 
/usr/bin/ld: cannot find -lpthreads
collect2: error: ld returned 1 exit status
CMakeFiles/cmTC_16e58.dir/build.make:97: recipe for target 'cmTC_16e58' failed
make[1]: *** [cmTC_16e58] Error 1
make[1]: Leaving directory '/home/navlab-tx2-4/px4_ros_com_ros2/build/offboard_ibqr/CMakeFiles/CMakeTmp'
Makefile:126: recipe for target 'cmTC_16e58/fast' failed
make: *** [cmTC_16e58/fast] Error 2


