[0.141s] Invoking command in '/home/navlab-tx2-4/px4_ros_com_ros2/build/px4_ros_com': CMAKE_PREFIX_PATH=/home/navlab-tx2-4/px4_ros_com_ros2/install/px4_msgs:/home/navlab-tx2-4/px4_ros_com_ros2/install/ros1_bridge:/home/navlab-tx2-4/px4_ros_com_ros2/install/px4_ros_com:/home/navlab-tx2-4/px4_ros_com_ros2/install/offboard_ibqr:/home/navlab-tx2-4/px4_ros_com_ros2/install/multi_rtd_interfaces:/home/navlab-tx2-4/px4_ros_com_ros2/install/multi_rtd:/opt/ros/eloquent LD_LIBRARY_PATH=/home/navlab-tx2-4/px4_ros_com_ros2/install/px4_msgs/lib:/home/navlab-tx2-4/px4_ros_com_ros2/install/px4_ros_com/lib:/home/navlab-tx2-4/px4_ros_com_ros2/install/multi_rtd_interfaces/lib:/opt/ros/eloquent/opt/yaml_cpp_vendor/lib:/opt/ros/eloquent/opt/rviz_ogre_vendor/lib:/opt/ros/eloquent/lib/aarch64-linux-gnu:/opt/ros/eloquent/lib /usr/bin/cmake --build /home/navlab-tx2-4/px4_ros_com_ros2/build/px4_ros_com -- -j4 -l4
[0.601s] [  1%] Built target debug_vect_advertiser
[0.609s] [  3%] Built target offboard_control
[0.666s] [  5%] Built target new_offboard_control
[0.729s] [  7%] Built target sensor_combined_listener
[0.793s] [  9%] Built target frame_transforms
[0.824s] [ 11%] Built target vehicle_gps_position_listener
[0.849s] [100%] Built target micrortps_agent
[0.896s] Invoked command in '/home/navlab-tx2-4/px4_ros_com_ros2/build/px4_ros_com' returned '0': CMAKE_PREFIX_PATH=/home/navlab-tx2-4/px4_ros_com_ros2/install/px4_msgs:/home/navlab-tx2-4/px4_ros_com_ros2/install/ros1_bridge:/home/navlab-tx2-4/px4_ros_com_ros2/install/px4_ros_com:/home/navlab-tx2-4/px4_ros_com_ros2/install/offboard_ibqr:/home/navlab-tx2-4/px4_ros_com_ros2/install/multi_rtd_interfaces:/home/navlab-tx2-4/px4_ros_com_ros2/install/multi_rtd:/opt/ros/eloquent LD_LIBRARY_PATH=/home/navlab-tx2-4/px4_ros_com_ros2/install/px4_msgs/lib:/home/navlab-tx2-4/px4_ros_com_ros2/install/px4_ros_com/lib:/home/navlab-tx2-4/px4_ros_com_ros2/install/multi_rtd_interfaces/lib:/opt/ros/eloquent/opt/yaml_cpp_vendor/lib:/opt/ros/eloquent/opt/rviz_ogre_vendor/lib:/opt/ros/eloquent/lib/aarch64-linux-gnu:/opt/ros/eloquent/lib /usr/bin/cmake --build /home/navlab-tx2-4/px4_ros_com_ros2/build/px4_ros_com -- -j4 -l4
[2.178s] Invoking command in '/home/navlab-tx2-4/px4_ros_com_ros2/build/px4_ros_com': CMAKE_PREFIX_PATH=/home/navlab-tx2-4/px4_ros_com_ros2/install/px4_msgs:/home/navlab-tx2-4/px4_ros_com_ros2/install/ros1_bridge:/home/navlab-tx2-4/px4_ros_com_ros2/install/px4_ros_com:/home/navlab-tx2-4/px4_ros_com_ros2/install/offboard_ibqr:/home/navlab-tx2-4/px4_ros_com_ros2/install/multi_rtd_interfaces:/home/navlab-tx2-4/px4_ros_com_ros2/install/multi_rtd:/opt/ros/eloquent LD_LIBRARY_PATH=/home/navlab-tx2-4/px4_ros_com_ros2/install/px4_msgs/lib:/home/navlab-tx2-4/px4_ros_com_ros2/install/px4_ros_com/lib:/home/navlab-tx2-4/px4_ros_com_ros2/install/multi_rtd_interfaces/lib:/opt/ros/eloquent/opt/yaml_cpp_vendor/lib:/opt/ros/eloquent/opt/rviz_ogre_vendor/lib:/opt/ros/eloquent/lib/aarch64-linux-gnu:/opt/ros/eloquent/lib /usr/bin/cmake --build /home/navlab-tx2-4/px4_ros_com_ros2/build/px4_ros_com --target install -- -j4 -l4
[2.507s] [  1%] Built target debug_vect_advertiser
[2.526s] [  3%] Built target new_offboard_control
[2.534s] [  5%] Built target offboard_control
[2.653s] [ 94%] Built target micrortps_agent
[2.695s] [ 96%] Built target frame_transforms
[2.740s] [ 98%] Built target sensor_combined_listener
[2.769s] [100%] Built target vehicle_gps_position_listener
[2.856s] [36mInstall the project...[0m
[2.887s] -- Install configuration: "RELWITHDEBINFO"
[2.888s] -- Execute custom install script
[2.889s] -- Up-to-date symlink: /home/navlab-tx2-4/px4_ros_com_ros2/install/px4_ros_com/lib/px4_ros_com/sensor_combined_listener
[2.891s] -- Up-to-date symlink: /home/navlab-tx2-4/px4_ros_com_ros2/install/px4_ros_com/lib/px4_ros_com/vehicle_gps_position_listener
[2.893s] -- Up-to-date symlink: /home/navlab-tx2-4/px4_ros_com_ros2/install/px4_ros_com/lib/px4_ros_com/debug_vect_advertiser
[2.894s] -- Up-to-date symlink: /home/navlab-tx2-4/px4_ros_com_ros2/install/px4_ros_com/lib/px4_ros_com/offboard_control
[2.895s] -- Up-to-date symlink: /home/navlab-tx2-4/px4_ros_com_ros2/install/px4_ros_com/lib/px4_ros_com/new_offboard_control
[2.896s] -- Up-to-date symlink: /home/navlab-tx2-4/px4_ros_com_ros2/install/px4_ros_com/share/px4_ros_com/environment/library_path.sh
[2.898s] -- Up-to-date symlink: /home/navlab-tx2-4/px4_ros_com_ros2/install/px4_ros_com/share/px4_ros_com/environment/library_path.dsv
[2.900s] -- Up-to-date symlink: /home/navlab-tx2-4/px4_ros_com_ros2/install/px4_ros_com/include/px4_ros_com/frame_transforms.h
[2.901s] -- Up-to-date symlink: /home/navlab-tx2-4/px4_ros_com_ros2/install/px4_ros_com/share/px4_ros_com/cmake/EnableC++XX.cmake
[2.902s] -- Up-to-date symlink: /home/navlab-tx2-4/px4_ros_com_ros2/install/px4_ros_com/share/px4_ros_com/cmake/EnableSanitizers.cmake
[2.903s] -- Up-to-date symlink: /home/navlab-tx2-4/px4_ros_com_ros2/install/px4_ros_com/share/px4_ros_com/cmake/GenerateMicroRTPSAgent.cmake
[2.905s] -- Up-to-date symlink: /home/navlab-tx2-4/px4_ros_com_ros2/install/px4_ros_com/share/px4_ros_com/launch/sensor_combined_listener.launch.py
[2.906s] -- Up-to-date symlink: /home/navlab-tx2-4/px4_ros_com_ros2/install/px4_ros_com/share/px4_ros_com/test/__init__.py
[2.907s] -- Up-to-date symlink: /home/navlab-tx2-4/px4_ros_com_ros2/install/px4_ros_com/share/px4_ros_com/test/pipeline_io_test.py
[2.908s] -- Up-to-date symlink: /home/navlab-tx2-4/px4_ros_com_ros2/install/px4_ros_com/share/px4_ros_com/test/test_input.py
[2.911s] -- Up-to-date symlink: /home/navlab-tx2-4/px4_ros_com_ros2/install/px4_ros_com/share/px4_ros_com/test/test_output.py
[2.919s] -- Up-to-date symlink: /home/navlab-tx2-4/px4_ros_com_ros2/install/px4_ros_com/share/ament_index/resource_index/package_run_dependencies/px4_ros_com
[2.921s] -- Up-to-date symlink: /home/navlab-tx2-4/px4_ros_com_ros2/install/px4_ros_com/share/ament_index/resource_index/parent_prefix_path/px4_ros_com
[2.922s] -- Up-to-date symlink: /home/navlab-tx2-4/px4_ros_com_ros2/install/px4_ros_com/share/px4_ros_com/environment/ament_prefix_path.sh
[2.923s] -- Up-to-date symlink: /home/navlab-tx2-4/px4_ros_com_ros2/install/px4_ros_com/share/px4_ros_com/environment/ament_prefix_path.dsv
[2.923s] -- Up-to-date symlink: /home/navlab-tx2-4/px4_ros_com_ros2/install/px4_ros_com/share/px4_ros_com/environment/path.sh
[2.924s] -- Up-to-date symlink: /home/navlab-tx2-4/px4_ros_com_ros2/install/px4_ros_com/share/px4_ros_com/environment/path.dsv
[2.924s] -- Up-to-date symlink: /home/navlab-tx2-4/px4_ros_com_ros2/install/px4_ros_com/share/px4_ros_com/local_setup.bash
[2.925s] -- Up-to-date symlink: /home/navlab-tx2-4/px4_ros_com_ros2/install/px4_ros_com/share/px4_ros_com/local_setup.sh
[2.926s] -- Up-to-date symlink: /home/navlab-tx2-4/px4_ros_com_ros2/install/px4_ros_com/share/px4_ros_com/local_setup.zsh
[2.926s] -- Up-to-date symlink: /home/navlab-tx2-4/px4_ros_com_ros2/install/px4_ros_com/share/px4_ros_com/local_setup.dsv
[2.927s] -- Symlinking: /home/navlab-tx2-4/px4_ros_com_ros2/install/px4_ros_com/share/px4_ros_com/package.dsv
[2.954s] -- Up-to-date symlink: /home/navlab-tx2-4/px4_ros_com_ros2/install/px4_ros_com/share/ament_index/resource_index/packages/px4_ros_com
[2.956s] -- Up-to-date symlink: /home/navlab-tx2-4/px4_ros_com_ros2/install/px4_ros_com/share/px4_ros_com/cmake/ament_cmake_export_dependencies-extras.cmake
[2.956s] -- Up-to-date symlink: /home/navlab-tx2-4/px4_ros_com_ros2/install/px4_ros_com/share/px4_ros_com/cmake/ament_cmake_export_interfaces-extras.cmake
[2.957s] -- Up-to-date symlink: /home/navlab-tx2-4/px4_ros_com_ros2/install/px4_ros_com/share/px4_ros_com/cmake/ament_cmake_export_include_directories-extras.cmake
[2.958s] -- Up-to-date symlink: /home/navlab-tx2-4/px4_ros_com_ros2/install/px4_ros_com/share/px4_ros_com/cmake/ament_cmake_export_libraries-extras.cmake
[2.959s] -- Up-to-date symlink: /home/navlab-tx2-4/px4_ros_com_ros2/install/px4_ros_com/share/px4_ros_com/cmake/px4_ros_comConfig.cmake
[2.960s] -- Up-to-date symlink: /home/navlab-tx2-4/px4_ros_com_ros2/install/px4_ros_com/share/px4_ros_com/cmake/px4_ros_comConfig-version.cmake
[2.961s] -- Up-to-date symlink: /home/navlab-tx2-4/px4_ros_com_ros2/install/px4_ros_com/share/px4_ros_com/package.xml
[2.961s] -- Up-to-date: /home/navlab-tx2-4/px4_ros_com_ros2/install/px4_ros_com/lib/libframe_transforms.so
[2.962s] -- Up-to-date: /home/navlab-tx2-4/px4_ros_com_ros2/install/px4_ros_com/bin/micrortps_agent
[2.963s] -- Up-to-date: /home/navlab-tx2-4/px4_ros_com_ros2/install/px4_ros_com/share/px4_ros_com/cmake/export_frame_transformsExport.cmake
[2.964s] -- Up-to-date: /home/navlab-tx2-4/px4_ros_com_ros2/install/px4_ros_com/share/px4_ros_com/cmake/export_frame_transformsExport-relwithdebinfo.cmake
[2.980s] Invoked command in '/home/navlab-tx2-4/px4_ros_com_ros2/build/px4_ros_com' returned '0': CMAKE_PREFIX_PATH=/home/navlab-tx2-4/px4_ros_com_ros2/install/px4_msgs:/home/navlab-tx2-4/px4_ros_com_ros2/install/ros1_bridge:/home/navlab-tx2-4/px4_ros_com_ros2/install/px4_ros_com:/home/navlab-tx2-4/px4_ros_com_ros2/install/offboard_ibqr:/home/navlab-tx2-4/px4_ros_com_ros2/install/multi_rtd_interfaces:/home/navlab-tx2-4/px4_ros_com_ros2/install/multi_rtd:/opt/ros/eloquent LD_LIBRARY_PATH=/home/navlab-tx2-4/px4_ros_com_ros2/install/px4_msgs/lib:/home/navlab-tx2-4/px4_ros_com_ros2/install/px4_ros_com/lib:/home/navlab-tx2-4/px4_ros_com_ros2/install/multi_rtd_interfaces/lib:/opt/ros/eloquent/opt/yaml_cpp_vendor/lib:/opt/ros/eloquent/opt/rviz_ogre_vendor/lib:/opt/ros/eloquent/lib/aarch64-linux-gnu:/opt/ros/eloquent/lib /usr/bin/cmake --build /home/navlab-tx2-4/px4_ros_com_ros2/build/px4_ros_com --target install -- -j4 -l4
