[0.838s] DEBUG:colcon:Command line arguments: ['/usr/bin/colcon', 'build']
[0.839s] DEBUG:colcon:Parsed command line arguments: Namespace(ament_cmake_args=None, base_paths=['.'], build_base='build', catkin_cmake_args=None, catkin_skip_building_tests=False, cmake_args=None, cmake_clean_cache=False, cmake_clean_first=False, cmake_force_configure=False, cmake_target=None, cmake_target_skip_unavailable=False, continue_on_error=False, event_handlers=None, executor='parallel', ignore_user_meta=False, install_base='install', log_base=None, log_level=None, main=<bound method BuildVerb.main of <colcon_core.verb.build.BuildVerb object at 0x7f7c30bb70>>, merge_install=False, metas=['./colcon.meta'], packages_above=None, packages_above_and_dependencies=None, packages_above_depth=None, packages_end=None, packages_ignore=None, packages_ignore_regex=None, packages_select=None, packages_select_build_failed=False, packages_select_by_dep=None, packages_select_regex=None, packages_select_test_failures=False, packages_skip=None, packages_skip_build_finished=False, packages_skip_by_dep=None, packages_skip_regex=None, packages_skip_test_passed=False, packages_skip_up_to=None, packages_start=None, packages_up_to=None, packages_up_to_regex=None, parallel_workers=4, paths=None, symlink_install=False, test_result_base=None, verb_extension=<colcon_core.verb.build.BuildVerb object at 0x7f7c30bb70>, verb_name='build', verb_parser=<colcon_defaults.argument_parser.defaults.DefaultArgumentsDecorator object at 0x7f7c30beb8>)
[0.873s] Level 1:colcon.colcon_core.package_discovery:discover_packages(colcon_meta) check parameters
[0.874s] Level 1:colcon.colcon_core.package_discovery:discover_packages(recursive) check parameters
[0.874s] Level 1:colcon.colcon_core.package_discovery:discover_packages(ignore) check parameters
[0.874s] Level 1:colcon.colcon_core.package_discovery:discover_packages(path) check parameters
[0.874s] Level 1:colcon.colcon_core.package_discovery:discover_packages(colcon_meta) discover
[0.876s] Level 1:colcon.colcon_core.package_discovery:discover_packages(recursive) discover
[0.876s] INFO:colcon.colcon_core.package_discovery:Crawling recursively for packages in '/home/navlab-tx2-4/px4_ros_com_ros2'
[0.877s] Level 1:colcon.colcon_core.package_identification:_identify(.) by extensions ['ignore', 'ignore_ament_install']
[0.878s] Level 1:colcon.colcon_core.package_identification:_identify(.) by extension 'ignore'
[0.878s] Level 1:colcon.colcon_core.package_identification:_identify(.) by extension 'ignore_ament_install'
[0.878s] Level 1:colcon.colcon_core.package_identification:_identify(.) by extensions ['colcon_pkg']
[0.879s] Level 1:colcon.colcon_core.package_identification:_identify(.) by extension 'colcon_pkg'
[0.879s] Level 1:colcon.colcon_core.package_identification:_identify(.) by extensions ['colcon_meta']
[0.879s] Level 1:colcon.colcon_core.package_identification:_identify(.) by extension 'colcon_meta'
[0.880s] Level 1:colcon.colcon_core.package_identification:_identify(.) by extensions ['ros']
[0.880s] Level 1:colcon.colcon_core.package_identification:_identify(.) by extension 'ros'
[0.951s] Level 1:colcon.colcon_core.package_identification:_identify(.) by extensions ['cmake', 'python']
[0.951s] Level 1:colcon.colcon_core.package_identification:_identify(.) by extension 'cmake'
[0.951s] Level 1:colcon.colcon_core.package_identification:_identify(.) by extension 'python'
[0.952s] Level 1:colcon.colcon_core.package_identification:_identify(.) by extensions ['python_setup_py']
[0.952s] Level 1:colcon.colcon_core.package_identification:_identify(.) by extension 'python_setup_py'
[0.952s] Level 1:colcon.colcon_core.package_identification:_identify(build) by extensions ['ignore', 'ignore_ament_install']
[0.953s] Level 1:colcon.colcon_core.package_identification:_identify(build) by extension 'ignore'
[0.953s] Level 1:colcon.colcon_core.package_identification:_identify(build) ignored
[0.954s] Level 1:colcon.colcon_core.package_identification:_identify(install) by extensions ['ignore', 'ignore_ament_install']
[0.955s] Level 1:colcon.colcon_core.package_identification:_identify(install) by extension 'ignore'
[0.955s] Level 1:colcon.colcon_core.package_identification:_identify(install) ignored
[0.955s] Level 1:colcon.colcon_core.package_identification:_identify(log) by extensions ['ignore', 'ignore_ament_install']
[0.956s] Level 1:colcon.colcon_core.package_identification:_identify(log) by extension 'ignore'
[0.956s] Level 1:colcon.colcon_core.package_identification:_identify(log) ignored
[0.956s] Level 1:colcon.colcon_core.package_identification:_identify(src) by extensions ['ignore', 'ignore_ament_install']
[0.957s] Level 1:colcon.colcon_core.package_identification:_identify(src) by extension 'ignore'
[0.957s] Level 1:colcon.colcon_core.package_identification:_identify(src) by extension 'ignore_ament_install'
[0.957s] Level 1:colcon.colcon_core.package_identification:_identify(src) by extensions ['colcon_pkg']
[0.957s] Level 1:colcon.colcon_core.package_identification:_identify(src) by extension 'colcon_pkg'
[0.957s] Level 1:colcon.colcon_core.package_identification:_identify(src) by extensions ['colcon_meta']
[0.957s] Level 1:colcon.colcon_core.package_identification:_identify(src) by extension 'colcon_meta'
[0.958s] Level 1:colcon.colcon_core.package_identification:_identify(src) by extensions ['ros']
[0.958s] Level 1:colcon.colcon_core.package_identification:_identify(src) by extension 'ros'
[0.958s] Level 1:colcon.colcon_core.package_identification:_identify(src) by extensions ['cmake', 'python']
[0.958s] Level 1:colcon.colcon_core.package_identification:_identify(src) by extension 'cmake'
[0.958s] Level 1:colcon.colcon_core.package_identification:_identify(src) by extension 'python'
[0.959s] Level 1:colcon.colcon_core.package_identification:_identify(src) by extensions ['python_setup_py']
[0.959s] Level 1:colcon.colcon_core.package_identification:_identify(src) by extension 'python_setup_py'
[0.959s] Level 1:colcon.colcon_core.package_identification:_identify(src/px4_msgs) by extensions ['ignore', 'ignore_ament_install']
[0.960s] Level 1:colcon.colcon_core.package_identification:_identify(src/px4_msgs) by extension 'ignore'
[0.960s] Level 1:colcon.colcon_core.package_identification:_identify(src/px4_msgs) by extension 'ignore_ament_install'
[0.960s] Level 1:colcon.colcon_core.package_identification:_identify(src/px4_msgs) by extensions ['colcon_pkg']
[0.960s] Level 1:colcon.colcon_core.package_identification:_identify(src/px4_msgs) by extension 'colcon_pkg'
[0.960s] Level 1:colcon.colcon_core.package_identification:_identify(src/px4_msgs) by extensions ['colcon_meta']
[0.961s] Level 1:colcon.colcon_core.package_identification:_identify(src/px4_msgs) by extension 'colcon_meta'
[0.961s] Level 1:colcon.colcon_core.package_identification:_identify(src/px4_msgs) by extensions ['ros']
[0.961s] Level 1:colcon.colcon_core.package_identification:_identify(src/px4_msgs) by extension 'ros'
[0.972s] DEBUG:colcon.colcon_core.package_identification:Package 'src/px4_msgs' with type 'ros.ament_cmake' and name 'px4_msgs'
[0.973s] Level 1:colcon.colcon_core.package_identification:_identify(src/px4_multi_agent_planning) by extensions ['ignore', 'ignore_ament_install']
[0.974s] Level 1:colcon.colcon_core.package_identification:_identify(src/px4_multi_agent_planning) by extension 'ignore'
[0.974s] Level 1:colcon.colcon_core.package_identification:_identify(src/px4_multi_agent_planning) by extension 'ignore_ament_install'
[0.974s] Level 1:colcon.colcon_core.package_identification:_identify(src/px4_multi_agent_planning) by extensions ['colcon_pkg']
[0.975s] Level 1:colcon.colcon_core.package_identification:_identify(src/px4_multi_agent_planning) by extension 'colcon_pkg'
[0.975s] Level 1:colcon.colcon_core.package_identification:_identify(src/px4_multi_agent_planning) by extensions ['colcon_meta']
[0.975s] Level 1:colcon.colcon_core.package_identification:_identify(src/px4_multi_agent_planning) by extension 'colcon_meta'
[0.975s] Level 1:colcon.colcon_core.package_identification:_identify(src/px4_multi_agent_planning) by extensions ['ros']
[0.975s] Level 1:colcon.colcon_core.package_identification:_identify(src/px4_multi_agent_planning) by extension 'ros'
[0.976s] Level 1:colcon.colcon_core.package_identification:_identify(src/px4_multi_agent_planning) by extensions ['cmake', 'python']
[0.976s] Level 1:colcon.colcon_core.package_identification:_identify(src/px4_multi_agent_planning) by extension 'cmake'
[0.976s] Level 1:colcon.colcon_core.package_identification:_identify(src/px4_multi_agent_planning) by extension 'python'
[0.977s] Level 1:colcon.colcon_core.package_identification:_identify(src/px4_multi_agent_planning) by extensions ['python_setup_py']
[0.977s] Level 1:colcon.colcon_core.package_identification:_identify(src/px4_multi_agent_planning) by extension 'python_setup_py'
[0.977s] Level 1:colcon.colcon_core.package_identification:_identify(src/px4_multi_agent_planning/multi_rtd) by extensions ['ignore', 'ignore_ament_install']
[0.978s] Level 1:colcon.colcon_core.package_identification:_identify(src/px4_multi_agent_planning/multi_rtd) by extension 'ignore'
[0.978s] Level 1:colcon.colcon_core.package_identification:_identify(src/px4_multi_agent_planning/multi_rtd) by extension 'ignore_ament_install'
[0.979s] Level 1:colcon.colcon_core.package_identification:_identify(src/px4_multi_agent_planning/multi_rtd) by extensions ['colcon_pkg']
[0.979s] Level 1:colcon.colcon_core.package_identification:_identify(src/px4_multi_agent_planning/multi_rtd) by extension 'colcon_pkg'
[0.979s] Level 1:colcon.colcon_core.package_identification:_identify(src/px4_multi_agent_planning/multi_rtd) by extensions ['colcon_meta']
[0.979s] Level 1:colcon.colcon_core.package_identification:_identify(src/px4_multi_agent_planning/multi_rtd) by extension 'colcon_meta'
[0.980s] Level 1:colcon.colcon_core.package_identification:_identify(src/px4_multi_agent_planning/multi_rtd) by extensions ['ros']
[0.980s] Level 1:colcon.colcon_core.package_identification:_identify(src/px4_multi_agent_planning/multi_rtd) by extension 'ros'
[0.984s] DEBUG:colcon.colcon_core.package_identification:Package 'src/px4_multi_agent_planning/multi_rtd' with type 'ros.ament_python' and name 'multi_rtd'
[0.985s] Level 1:colcon.colcon_core.package_identification:_identify(src/px4_multi_agent_planning/multi_rtd_interfaces) by extensions ['ignore', 'ignore_ament_install']
[0.985s] Level 1:colcon.colcon_core.package_identification:_identify(src/px4_multi_agent_planning/multi_rtd_interfaces) by extension 'ignore'
[0.985s] Level 1:colcon.colcon_core.package_identification:_identify(src/px4_multi_agent_planning/multi_rtd_interfaces) by extension 'ignore_ament_install'
[0.986s] Level 1:colcon.colcon_core.package_identification:_identify(src/px4_multi_agent_planning/multi_rtd_interfaces) by extensions ['colcon_pkg']
[0.986s] Level 1:colcon.colcon_core.package_identification:_identify(src/px4_multi_agent_planning/multi_rtd_interfaces) by extension 'colcon_pkg'
[0.986s] Level 1:colcon.colcon_core.package_identification:_identify(src/px4_multi_agent_planning/multi_rtd_interfaces) by extensions ['colcon_meta']
[0.986s] Level 1:colcon.colcon_core.package_identification:_identify(src/px4_multi_agent_planning/multi_rtd_interfaces) by extension 'colcon_meta'
[0.987s] Level 1:colcon.colcon_core.package_identification:_identify(src/px4_multi_agent_planning/multi_rtd_interfaces) by extensions ['ros']
[0.987s] Level 1:colcon.colcon_core.package_identification:_identify(src/px4_multi_agent_planning/multi_rtd_interfaces) by extension 'ros'
[0.991s] DEBUG:colcon.colcon_core.package_identification:Package 'src/px4_multi_agent_planning/multi_rtd_interfaces' with type 'ros.ament_cmake' and name 'multi_rtd_interfaces'
[0.992s] Level 1:colcon.colcon_core.package_identification:_identify(src/px4_multi_agent_planning/offboard_ibqr) by extensions ['ignore', 'ignore_ament_install']
[0.992s] Level 1:colcon.colcon_core.package_identification:_identify(src/px4_multi_agent_planning/offboard_ibqr) by extension 'ignore'
[0.992s] Level 1:colcon.colcon_core.package_identification:_identify(src/px4_multi_agent_planning/offboard_ibqr) by extension 'ignore_ament_install'
[0.993s] Level 1:colcon.colcon_core.package_identification:_identify(src/px4_multi_agent_planning/offboard_ibqr) by extensions ['colcon_pkg']
[0.993s] Level 1:colcon.colcon_core.package_identification:_identify(src/px4_multi_agent_planning/offboard_ibqr) by extension 'colcon_pkg'
[0.993s] Level 1:colcon.colcon_core.package_identification:_identify(src/px4_multi_agent_planning/offboard_ibqr) by extensions ['colcon_meta']
[0.993s] Level 1:colcon.colcon_core.package_identification:_identify(src/px4_multi_agent_planning/offboard_ibqr) by extension 'colcon_meta'
[0.994s] Level 1:colcon.colcon_core.package_identification:_identify(src/px4_multi_agent_planning/offboard_ibqr) by extensions ['ros']
[0.994s] Level 1:colcon.colcon_core.package_identification:_identify(src/px4_multi_agent_planning/offboard_ibqr) by extension 'ros'
[1.001s] DEBUG:colcon.colcon_core.package_identification:Package 'src/px4_multi_agent_planning/offboard_ibqr' with type 'ros.ament_cmake' and name 'offboard_ibqr'
[1.001s] Level 1:colcon.colcon_core.package_identification:_identify(src/px4_ros_com) by extensions ['ignore', 'ignore_ament_install']
[1.002s] Level 1:colcon.colcon_core.package_identification:_identify(src/px4_ros_com) by extension 'ignore'
[1.002s] Level 1:colcon.colcon_core.package_identification:_identify(src/px4_ros_com) by extension 'ignore_ament_install'
[1.002s] Level 1:colcon.colcon_core.package_identification:_identify(src/px4_ros_com) by extensions ['colcon_pkg']
[1.002s] Level 1:colcon.colcon_core.package_identification:_identify(src/px4_ros_com) by extension 'colcon_pkg'
[1.003s] Level 1:colcon.colcon_core.package_identification:_identify(src/px4_ros_com) by extensions ['colcon_meta']
[1.003s] Level 1:colcon.colcon_core.package_identification:_identify(src/px4_ros_com) by extension 'colcon_meta'
[1.003s] Level 1:colcon.colcon_core.package_identification:_identify(src/px4_ros_com) by extensions ['ros']
[1.003s] Level 1:colcon.colcon_core.package_identification:_identify(src/px4_ros_com) by extension 'ros'
[1.010s] DEBUG:colcon.colcon_core.package_identification:Package 'src/px4_ros_com' with type 'ros.ament_cmake' and name 'px4_ros_com'
[1.010s] Level 1:colcon.colcon_core.package_identification:_identify(src/ros1_bridge) by extensions ['ignore', 'ignore_ament_install']
[1.011s] Level 1:colcon.colcon_core.package_identification:_identify(src/ros1_bridge) by extension 'ignore'
[1.011s] Level 1:colcon.colcon_core.package_identification:_identify(src/ros1_bridge) by extension 'ignore_ament_install'
[1.011s] Level 1:colcon.colcon_core.package_identification:_identify(src/ros1_bridge) by extensions ['colcon_pkg']
[1.012s] Level 1:colcon.colcon_core.package_identification:_identify(src/ros1_bridge) by extension 'colcon_pkg'
[1.012s] Level 1:colcon.colcon_core.package_identification:_identify(src/ros1_bridge) by extensions ['colcon_meta']
[1.012s] Level 1:colcon.colcon_core.package_identification:_identify(src/ros1_bridge) by extension 'colcon_meta'
[1.012s] Level 1:colcon.colcon_core.package_identification:_identify(src/ros1_bridge) by extensions ['ros']
[1.012s] Level 1:colcon.colcon_core.package_identification:_identify(src/ros1_bridge) by extension 'ros'
[1.017s] DEBUG:colcon.colcon_core.package_identification:Package 'src/ros1_bridge' with type 'ros.ament_cmake' and name 'ros1_bridge'
[1.017s] Level 1:colcon.colcon_core.package_discovery:discover_packages(recursive) using defaults
[1.018s] Level 1:colcon.colcon_core.package_discovery:discover_packages(ignore) discover
[1.018s] Level 1:colcon.colcon_core.package_discovery:discover_packages(ignore) using defaults
[1.018s] Level 1:colcon.colcon_core.package_discovery:discover_packages(path) discover
[1.019s] Level 1:colcon.colcon_core.package_discovery:discover_packages(path) using defaults
[1.130s] Level 5:colcon.colcon_core.verb:set package 'multi_rtd_interfaces' build argument 'cmake_args' from command line to 'None'
[1.130s] Level 5:colcon.colcon_core.verb:set package 'multi_rtd_interfaces' build argument 'cmake_target' from command line to 'None'
[1.130s] Level 5:colcon.colcon_core.verb:set package 'multi_rtd_interfaces' build argument 'cmake_target_skip_unavailable' from command line to 'False'
[1.130s] Level 5:colcon.colcon_core.verb:set package 'multi_rtd_interfaces' build argument 'cmake_clean_cache' from command line to 'False'
[1.131s] Level 5:colcon.colcon_core.verb:set package 'multi_rtd_interfaces' build argument 'cmake_clean_first' from command line to 'False'
[1.131s] Level 5:colcon.colcon_core.verb:set package 'multi_rtd_interfaces' build argument 'cmake_force_configure' from command line to 'False'
[1.131s] Level 5:colcon.colcon_core.verb:set package 'multi_rtd_interfaces' build argument 'ament_cmake_args' from command line to 'None'
[1.131s] Level 5:colcon.colcon_core.verb:set package 'multi_rtd_interfaces' build argument 'catkin_cmake_args' from command line to 'None'
[1.131s] Level 5:colcon.colcon_core.verb:set package 'multi_rtd_interfaces' build argument 'catkin_skip_building_tests' from command line to 'False'
[1.132s] DEBUG:colcon.colcon_core.verb:Building package 'multi_rtd_interfaces' with the following arguments: {'ament_cmake_args': None, 'build_base': '/home/navlab-tx2-4/px4_ros_com_ros2/build/multi_rtd_interfaces', 'catkin_cmake_args': None, 'catkin_skip_building_tests': False, 'cmake_args': None, 'cmake_clean_cache': False, 'cmake_clean_first': False, 'cmake_force_configure': False, 'cmake_target': None, 'cmake_target_skip_unavailable': False, 'install_base': '/home/navlab-tx2-4/px4_ros_com_ros2/install/multi_rtd_interfaces', 'merge_install': False, 'path': '/home/navlab-tx2-4/px4_ros_com_ros2/src/px4_multi_agent_planning/multi_rtd_interfaces', 'symlink_install': False, 'test_result_base': None}
[1.151s] Level 5:colcon.colcon_core.verb:set package 'px4_msgs' build argument 'cmake_args' from command line to 'None'
[1.151s] Level 5:colcon.colcon_core.verb:set package 'px4_msgs' build argument 'cmake_target' from command line to 'None'
[1.151s] Level 5:colcon.colcon_core.verb:set package 'px4_msgs' build argument 'cmake_target_skip_unavailable' from command line to 'False'
[1.151s] Level 5:colcon.colcon_core.verb:set package 'px4_msgs' build argument 'cmake_clean_cache' from command line to 'False'
[1.151s] Level 5:colcon.colcon_core.verb:set package 'px4_msgs' build argument 'cmake_clean_first' from command line to 'False'
[1.152s] Level 5:colcon.colcon_core.verb:set package 'px4_msgs' build argument 'cmake_force_configure' from command line to 'False'
[1.152s] Level 5:colcon.colcon_core.verb:set package 'px4_msgs' build argument 'ament_cmake_args' from command line to 'None'
[1.152s] Level 5:colcon.colcon_core.verb:set package 'px4_msgs' build argument 'catkin_cmake_args' from command line to 'None'
[1.152s] Level 5:colcon.colcon_core.verb:set package 'px4_msgs' build argument 'catkin_skip_building_tests' from command line to 'False'
[1.152s] DEBUG:colcon.colcon_core.verb:Building package 'px4_msgs' with the following arguments: {'ament_cmake_args': None, 'build_base': '/home/navlab-tx2-4/px4_ros_com_ros2/build/px4_msgs', 'catkin_cmake_args': None, 'catkin_skip_building_tests': False, 'cmake_args': None, 'cmake_clean_cache': False, 'cmake_clean_first': False, 'cmake_force_configure': False, 'cmake_target': None, 'cmake_target_skip_unavailable': False, 'install_base': '/home/navlab-tx2-4/px4_ros_com_ros2/install/px4_msgs', 'merge_install': False, 'path': '/home/navlab-tx2-4/px4_ros_com_ros2/src/px4_msgs', 'symlink_install': False, 'test_result_base': None}
[1.172s] Level 5:colcon.colcon_core.verb:set package 'multi_rtd' build argument 'cmake_args' from command line to 'None'
[1.172s] Level 5:colcon.colcon_core.verb:set package 'multi_rtd' build argument 'cmake_target' from command line to 'None'
[1.173s] Level 5:colcon.colcon_core.verb:set package 'multi_rtd' build argument 'cmake_target_skip_unavailable' from command line to 'False'
[1.173s] Level 5:colcon.colcon_core.verb:set package 'multi_rtd' build argument 'cmake_clean_cache' from command line to 'False'
[1.173s] Level 5:colcon.colcon_core.verb:set package 'multi_rtd' build argument 'cmake_clean_first' from command line to 'False'
[1.173s] Level 5:colcon.colcon_core.verb:set package 'multi_rtd' build argument 'cmake_force_configure' from command line to 'False'
[1.173s] Level 5:colcon.colcon_core.verb:set package 'multi_rtd' build argument 'ament_cmake_args' from command line to 'None'
[1.173s] Level 5:colcon.colcon_core.verb:set package 'multi_rtd' build argument 'catkin_cmake_args' from command line to 'None'
[1.173s] Level 5:colcon.colcon_core.verb:set package 'multi_rtd' build argument 'catkin_skip_building_tests' from command line to 'False'
[1.174s] DEBUG:colcon.colcon_core.verb:Building package 'multi_rtd' with the following arguments: {'ament_cmake_args': None, 'build_base': '/home/navlab-tx2-4/px4_ros_com_ros2/build/multi_rtd', 'catkin_cmake_args': None, 'catkin_skip_building_tests': False, 'cmake_args': None, 'cmake_clean_cache': False, 'cmake_clean_first': False, 'cmake_force_configure': False, 'cmake_target': None, 'cmake_target_skip_unavailable': False, 'install_base': '/home/navlab-tx2-4/px4_ros_com_ros2/install/multi_rtd', 'merge_install': False, 'path': '/home/navlab-tx2-4/px4_ros_com_ros2/src/px4_multi_agent_planning/multi_rtd', 'symlink_install': False, 'test_result_base': None}
[1.195s] Level 5:colcon.colcon_core.verb:set package 'offboard_ibqr' build argument 'cmake_args' from command line to 'None'
[1.196s] Level 5:colcon.colcon_core.verb:set package 'offboard_ibqr' build argument 'cmake_target' from command line to 'None'
[1.196s] Level 5:colcon.colcon_core.verb:set package 'offboard_ibqr' build argument 'cmake_target_skip_unavailable' from command line to 'False'
[1.196s] Level 5:colcon.colcon_core.verb:set package 'offboard_ibqr' build argument 'cmake_clean_cache' from command line to 'False'
[1.196s] Level 5:colcon.colcon_core.verb:set package 'offboard_ibqr' build argument 'cmake_clean_first' from command line to 'False'
[1.196s] Level 5:colcon.colcon_core.verb:set package 'offboard_ibqr' build argument 'cmake_force_configure' from command line to 'False'
[1.197s] Level 5:colcon.colcon_core.verb:set package 'offboard_ibqr' build argument 'ament_cmake_args' from command line to 'None'
[1.197s] Level 5:colcon.colcon_core.verb:set package 'offboard_ibqr' build argument 'catkin_cmake_args' from command line to 'None'
[1.197s] Level 5:colcon.colcon_core.verb:set package 'offboard_ibqr' build argument 'catkin_skip_building_tests' from command line to 'False'
[1.197s] DEBUG:colcon.colcon_core.verb:Building package 'offboard_ibqr' with the following arguments: {'ament_cmake_args': None, 'build_base': '/home/navlab-tx2-4/px4_ros_com_ros2/build/offboard_ibqr', 'catkin_cmake_args': None, 'catkin_skip_building_tests': False, 'cmake_args': None, 'cmake_clean_cache': False, 'cmake_clean_first': False, 'cmake_force_configure': False, 'cmake_target': None, 'cmake_target_skip_unavailable': False, 'install_base': '/home/navlab-tx2-4/px4_ros_com_ros2/install/offboard_ibqr', 'merge_install': False, 'path': '/home/navlab-tx2-4/px4_ros_com_ros2/src/px4_multi_agent_planning/offboard_ibqr', 'symlink_install': False, 'test_result_base': None}
[1.216s] Level 5:colcon.colcon_core.verb:set package 'px4_ros_com' build argument 'cmake_args' from command line to 'None'
[1.216s] Level 5:colcon.colcon_core.verb:set package 'px4_ros_com' build argument 'cmake_target' from command line to 'None'
[1.217s] Level 5:colcon.colcon_core.verb:set package 'px4_ros_com' build argument 'cmake_target_skip_unavailable' from command line to 'False'
[1.217s] Level 5:colcon.colcon_core.verb:set package 'px4_ros_com' build argument 'cmake_clean_cache' from command line to 'False'
[1.217s] Level 5:colcon.colcon_core.verb:set package 'px4_ros_com' build argument 'cmake_clean_first' from command line to 'False'
[1.217s] Level 5:colcon.colcon_core.verb:set package 'px4_ros_com' build argument 'cmake_force_configure' from command line to 'False'
[1.217s] Level 5:colcon.colcon_core.verb:set package 'px4_ros_com' build argument 'ament_cmake_args' from command line to 'None'
[1.217s] Level 5:colcon.colcon_core.verb:set package 'px4_ros_com' build argument 'catkin_cmake_args' from command line to 'None'
[1.217s] Level 5:colcon.colcon_core.verb:set package 'px4_ros_com' build argument 'catkin_skip_building_tests' from command line to 'False'
[1.218s] DEBUG:colcon.colcon_core.verb:Building package 'px4_ros_com' with the following arguments: {'ament_cmake_args': None, 'build_base': '/home/navlab-tx2-4/px4_ros_com_ros2/build/px4_ros_com', 'catkin_cmake_args': None, 'catkin_skip_building_tests': False, 'cmake_args': None, 'cmake_clean_cache': False, 'cmake_clean_first': False, 'cmake_force_configure': False, 'cmake_target': None, 'cmake_target_skip_unavailable': False, 'install_base': '/home/navlab-tx2-4/px4_ros_com_ros2/install/px4_ros_com', 'merge_install': False, 'path': '/home/navlab-tx2-4/px4_ros_com_ros2/src/px4_ros_com', 'symlink_install': False, 'test_result_base': None}
[1.236s] Level 5:colcon.colcon_core.verb:set package 'ros1_bridge' build argument 'cmake_args' from command line to 'None'
[1.236s] Level 5:colcon.colcon_core.verb:set package 'ros1_bridge' build argument 'cmake_target' from command line to 'None'
[1.236s] Level 5:colcon.colcon_core.verb:set package 'ros1_bridge' build argument 'cmake_target_skip_unavailable' from command line to 'False'
[1.237s] Level 5:colcon.colcon_core.verb:set package 'ros1_bridge' build argument 'cmake_clean_cache' from command line to 'False'
[1.237s] Level 5:colcon.colcon_core.verb:set package 'ros1_bridge' build argument 'cmake_clean_first' from command line to 'False'
[1.237s] Level 5:colcon.colcon_core.verb:set package 'ros1_bridge' build argument 'cmake_force_configure' from command line to 'False'
[1.237s] Level 5:colcon.colcon_core.verb:set package 'ros1_bridge' build argument 'ament_cmake_args' from command line to 'None'
[1.237s] Level 5:colcon.colcon_core.verb:set package 'ros1_bridge' build argument 'catkin_cmake_args' from command line to 'None'
[1.238s] Level 5:colcon.colcon_core.verb:set package 'ros1_bridge' build argument 'catkin_skip_building_tests' from command line to 'False'
[1.238s] DEBUG:colcon.colcon_core.verb:Building package 'ros1_bridge' with the following arguments: {'ament_cmake_args': None, 'build_base': '/home/navlab-tx2-4/px4_ros_com_ros2/build/ros1_bridge', 'catkin_cmake_args': None, 'catkin_skip_building_tests': False, 'cmake_args': None, 'cmake_clean_cache': False, 'cmake_clean_first': False, 'cmake_force_configure': False, 'cmake_target': None, 'cmake_target_skip_unavailable': False, 'install_base': '/home/navlab-tx2-4/px4_ros_com_ros2/install/ros1_bridge', 'merge_install': False, 'path': '/home/navlab-tx2-4/px4_ros_com_ros2/src/ros1_bridge', 'symlink_install': False, 'test_result_base': None}
[1.240s] INFO:colcon.colcon_core.executor:Executing jobs using 'parallel' executor
[1.251s] DEBUG:colcon.colcon_parallel_executor.executor.parallel:run_until_complete
[1.253s] INFO:colcon.colcon_ros.task.ament_cmake.build:Building ROS package in '/home/navlab-tx2-4/px4_ros_com_ros2/src/px4_msgs' with build type 'ament_cmake'
[1.253s] INFO:colcon.colcon_cmake.task.cmake.build:Building CMake package in '/home/navlab-tx2-4/px4_ros_com_ros2/src/px4_msgs'
[1.313s] INFO:colcon.colcon_core.plugin_system:Skipping extension 'colcon_core.shell.bat': Not used on non-Windows systems
[1.314s] INFO:colcon.colcon_core.shell:Skip shell extension 'powershell' for command environment: Not usable outside of PowerShell
[1.314s] DEBUG:colcon.colcon_core.shell:Skip shell extension 'dsv' for command environment
[1.330s] DEBUG:colcon.colcon_core.shell:Ignoring prefix path '/opt/ros/eloquent'
[1.339s] INFO:colcon.colcon_ros.task.ament_cmake.build:Building ROS package in '/home/navlab-tx2-4/px4_ros_com_ros2/src/px4_multi_agent_planning/multi_rtd_interfaces' with build type 'ament_cmake'
[1.341s] INFO:colcon.colcon_cmake.task.cmake.build:Building CMake package in '/home/navlab-tx2-4/px4_ros_com_ros2/src/px4_multi_agent_planning/multi_rtd_interfaces'
[1.345s] INFO:colcon.colcon_core.shell:Skip shell extension 'powershell' for command environment: Not usable outside of PowerShell
[1.346s] DEBUG:colcon.colcon_core.shell:Skip shell extension 'dsv' for command environment
[1.360s] DEBUG:colcon.colcon_core.shell:Ignoring prefix path '/opt/ros/eloquent'
[1.392s] DEBUG:colcon.colcon_core.event_handler.log_command:Invoking command in '/home/navlab-tx2-4/px4_ros_com_ros2/build/px4_msgs': CMAKE_PREFIX_PATH=${CMAKE_PREFIX_PATH}:/home/navlab-tx2-4/px4_ros_com_ros2/install/multi_rtd:/opt/ros/eloquent /usr/bin/cmake --build /home/navlab-tx2-4/px4_ros_com_ros2/build/px4_msgs -- -j4 -l4
[1.426s] DEBUG:colcon.colcon_core.event_handler.log_command:Invoking command in '/home/navlab-tx2-4/px4_ros_com_ros2/build/multi_rtd_interfaces': CMAKE_PREFIX_PATH=${CMAKE_PREFIX_PATH}:/home/navlab-tx2-4/px4_ros_com_ros2/install/multi_rtd:/opt/ros/eloquent /usr/bin/cmake --build /home/navlab-tx2-4/px4_ros_com_ros2/build/multi_rtd_interfaces -- -j4 -l4
[2.362s] DEBUG:colcon.colcon_core.event_handler.log_command:Invoked command in '/home/navlab-tx2-4/px4_ros_com_ros2/build/multi_rtd_interfaces' returned '0': CMAKE_PREFIX_PATH=${CMAKE_PREFIX_PATH}:/home/navlab-tx2-4/px4_ros_com_ros2/install/multi_rtd:/opt/ros/eloquent /usr/bin/cmake --build /home/navlab-tx2-4/px4_ros_com_ros2/build/multi_rtd_interfaces -- -j4 -l4
[2.608s] DEBUG:colcon.colcon_core.event_handler.log_command:Invoking command in '/home/navlab-tx2-4/px4_ros_com_ros2/build/multi_rtd_interfaces': CMAKE_PREFIX_PATH=${CMAKE_PREFIX_PATH}:/home/navlab-tx2-4/px4_ros_com_ros2/install/multi_rtd:/opt/ros/eloquent /usr/bin/cmake --build /home/navlab-tx2-4/px4_ros_com_ros2/build/multi_rtd_interfaces --target install -- -j4 -l4
[3.910s] Level 1:colcon.colcon_core.environment:create_environment_scripts_only(multi_rtd_interfaces)
[3.917s] DEBUG:colcon.colcon_core.event_handler.log_command:Invoked command in '/home/navlab-tx2-4/px4_ros_com_ros2/build/multi_rtd_interfaces' returned '0': CMAKE_PREFIX_PATH=${CMAKE_PREFIX_PATH}:/home/navlab-tx2-4/px4_ros_com_ros2/install/multi_rtd:/opt/ros/eloquent /usr/bin/cmake --build /home/navlab-tx2-4/px4_ros_com_ros2/build/multi_rtd_interfaces --target install -- -j4 -l4
[3.929s] Level 1:colcon.colcon_core.environment:checking '/home/navlab-tx2-4/px4_ros_com_ros2/install/multi_rtd_interfaces' for CMake module files
[3.933s] Level 1:colcon.colcon_core.environment:checking '/home/navlab-tx2-4/px4_ros_com_ros2/install/multi_rtd_interfaces' for CMake config files
[3.935s] Level 1:colcon.colcon_core.shell:create_environment_hook('multi_rtd_interfaces', 'cmake_prefix_path')
[3.938s] INFO:colcon.colcon_core.shell:Creating environment hook '/home/navlab-tx2-4/px4_ros_com_ros2/install/multi_rtd_interfaces/share/multi_rtd_interfaces/hook/cmake_prefix_path.ps1'
[3.942s] INFO:colcon.colcon_core.shell:Creating environment descriptor '/home/navlab-tx2-4/px4_ros_com_ros2/install/multi_rtd_interfaces/share/multi_rtd_interfaces/hook/cmake_prefix_path.dsv'
[3.944s] INFO:colcon.colcon_core.shell:Creating environment hook '/home/navlab-tx2-4/px4_ros_com_ros2/install/multi_rtd_interfaces/share/multi_rtd_interfaces/hook/cmake_prefix_path.sh'
[3.950s] Level 1:colcon.colcon_core.environment:checking '/home/navlab-tx2-4/px4_ros_com_ros2/install/multi_rtd_interfaces/lib'
[3.951s] Level 1:colcon.colcon_core.shell:create_environment_hook('multi_rtd_interfaces', 'ld_library_path_lib')
[3.957s] INFO:colcon.colcon_core.shell:Creating environment hook '/home/navlab-tx2-4/px4_ros_com_ros2/install/multi_rtd_interfaces/share/multi_rtd_interfaces/hook/ld_library_path_lib.ps1'
[3.960s] INFO:colcon.colcon_core.shell:Creating environment descriptor '/home/navlab-tx2-4/px4_ros_com_ros2/install/multi_rtd_interfaces/share/multi_rtd_interfaces/hook/ld_library_path_lib.dsv'
[3.962s] INFO:colcon.colcon_core.shell:Creating environment hook '/home/navlab-tx2-4/px4_ros_com_ros2/install/multi_rtd_interfaces/share/multi_rtd_interfaces/hook/ld_library_path_lib.sh'
[3.964s] Level 1:colcon.colcon_core.environment:checking '/home/navlab-tx2-4/px4_ros_com_ros2/install/multi_rtd_interfaces/bin'
[3.964s] Level 1:colcon.colcon_core.environment:checking '/home/navlab-tx2-4/px4_ros_com_ros2/install/multi_rtd_interfaces/lib/pkgconfig/multi_rtd_interfaces.pc'
[3.965s] Level 1:colcon.colcon_core.environment:checking '/home/navlab-tx2-4/px4_ros_com_ros2/install/multi_rtd_interfaces/lib/python3.6/site-packages'
[3.966s] Level 1:colcon.colcon_core.shell:create_environment_hook('multi_rtd_interfaces', 'pythonpath')
[3.970s] INFO:colcon.colcon_core.shell:Creating environment hook '/home/navlab-tx2-4/px4_ros_com_ros2/install/multi_rtd_interfaces/share/multi_rtd_interfaces/hook/pythonpath.ps1'
[3.972s] INFO:colcon.colcon_core.shell:Creating environment descriptor '/home/navlab-tx2-4/px4_ros_com_ros2/install/multi_rtd_interfaces/share/multi_rtd_interfaces/hook/pythonpath.dsv'
[3.973s] INFO:colcon.colcon_core.shell:Creating environment hook '/home/navlab-tx2-4/px4_ros_com_ros2/install/multi_rtd_interfaces/share/multi_rtd_interfaces/hook/pythonpath.sh'
[3.979s] INFO:colcon.colcon_core.shell:Creating package script '/home/navlab-tx2-4/px4_ros_com_ros2/install/multi_rtd_interfaces/share/multi_rtd_interfaces/package.ps1'
[3.983s] INFO:colcon.colcon_core.shell:Creating package descriptor '/home/navlab-tx2-4/px4_ros_com_ros2/install/multi_rtd_interfaces/share/multi_rtd_interfaces/package.dsv'
[3.986s] INFO:colcon.colcon_core.shell:Creating package script '/home/navlab-tx2-4/px4_ros_com_ros2/install/multi_rtd_interfaces/share/multi_rtd_interfaces/package.sh'
[3.990s] INFO:colcon.colcon_core.shell:Creating package script '/home/navlab-tx2-4/px4_ros_com_ros2/install/multi_rtd_interfaces/share/multi_rtd_interfaces/package.bash'
[3.995s] INFO:colcon.colcon_core.shell:Creating package script '/home/navlab-tx2-4/px4_ros_com_ros2/install/multi_rtd_interfaces/share/multi_rtd_interfaces/package.zsh'
[4.000s] Level 1:colcon.colcon_core.environment:create_file_with_runtime_dependencies(/home/navlab-tx2-4/px4_ros_com_ros2/install/multi_rtd_interfaces/share/colcon-core/packages/multi_rtd_interfaces)
[4.205s] Level 1:colcon.colcon_core.environment:create_environment_scripts_only(multi_rtd_interfaces)
[4.210s] Level 1:colcon.colcon_core.environment:checking '/home/navlab-tx2-4/px4_ros_com_ros2/install/multi_rtd_interfaces' for CMake module files
[4.212s] Level 1:colcon.colcon_core.environment:checking '/home/navlab-tx2-4/px4_ros_com_ros2/install/multi_rtd_interfaces' for CMake config files
[4.215s] Level 1:colcon.colcon_core.shell:create_environment_hook('multi_rtd_interfaces', 'cmake_prefix_path')
[4.217s] INFO:colcon.colcon_core.shell:Creating environment hook '/home/navlab-tx2-4/px4_ros_com_ros2/install/multi_rtd_interfaces/share/multi_rtd_interfaces/hook/cmake_prefix_path.ps1'
[4.219s] INFO:colcon.colcon_core.shell:Creating environment descriptor '/home/navlab-tx2-4/px4_ros_com_ros2/install/multi_rtd_interfaces/share/multi_rtd_interfaces/hook/cmake_prefix_path.dsv'
[4.221s] INFO:colcon.colcon_core.shell:Creating environment hook '/home/navlab-tx2-4/px4_ros_com_ros2/install/multi_rtd_interfaces/share/multi_rtd_interfaces/hook/cmake_prefix_path.sh'
[4.224s] Level 1:colcon.colcon_core.environment:checking '/home/navlab-tx2-4/px4_ros_com_ros2/install/multi_rtd_interfaces/lib'
[4.224s] Level 1:colcon.colcon_core.shell:create_environment_hook('multi_rtd_interfaces', 'ld_library_path_lib')
[4.227s] INFO:colcon.colcon_core.shell:Creating environment hook '/home/navlab-tx2-4/px4_ros_com_ros2/install/multi_rtd_interfaces/share/multi_rtd_interfaces/hook/ld_library_path_lib.ps1'
[4.228s] INFO:colcon.colcon_core.shell:Creating environment descriptor '/home/navlab-tx2-4/px4_ros_com_ros2/install/multi_rtd_interfaces/share/multi_rtd_interfaces/hook/ld_library_path_lib.dsv'
[4.229s] INFO:colcon.colcon_core.shell:Creating environment hook '/home/navlab-tx2-4/px4_ros_com_ros2/install/multi_rtd_interfaces/share/multi_rtd_interfaces/hook/ld_library_path_lib.sh'
[4.231s] Level 1:colcon.colcon_core.environment:checking '/home/navlab-tx2-4/px4_ros_com_ros2/install/multi_rtd_interfaces/bin'
[4.231s] Level 1:colcon.colcon_core.environment:checking '/home/navlab-tx2-4/px4_ros_com_ros2/install/multi_rtd_interfaces/lib/pkgconfig/multi_rtd_interfaces.pc'
[4.231s] Level 1:colcon.colcon_core.environment:checking '/home/navlab-tx2-4/px4_ros_com_ros2/install/multi_rtd_interfaces/lib/python3.6/site-packages'
[4.232s] Level 1:colcon.colcon_core.shell:create_environment_hook('multi_rtd_interfaces', 'pythonpath')
[4.235s] INFO:colcon.colcon_core.shell:Creating environment hook '/home/navlab-tx2-4/px4_ros_com_ros2/install/multi_rtd_interfaces/share/multi_rtd_interfaces/hook/pythonpath.ps1'
[4.236s] INFO:colcon.colcon_core.shell:Creating environment descriptor '/home/navlab-tx2-4/px4_ros_com_ros2/install/multi_rtd_interfaces/share/multi_rtd_interfaces/hook/pythonpath.dsv'
[4.237s] INFO:colcon.colcon_core.shell:Creating environment hook '/home/navlab-tx2-4/px4_ros_com_ros2/install/multi_rtd_interfaces/share/multi_rtd_interfaces/hook/pythonpath.sh'
[4.242s] INFO:colcon.colcon_core.shell:Creating package script '/home/navlab-tx2-4/px4_ros_com_ros2/install/multi_rtd_interfaces/share/multi_rtd_interfaces/package.ps1'
[4.244s] INFO:colcon.colcon_core.shell:Creating package descriptor '/home/navlab-tx2-4/px4_ros_com_ros2/install/multi_rtd_interfaces/share/multi_rtd_interfaces/package.dsv'
[4.246s] INFO:colcon.colcon_core.shell:Creating package script '/home/navlab-tx2-4/px4_ros_com_ros2/install/multi_rtd_interfaces/share/multi_rtd_interfaces/package.sh'
[4.248s] INFO:colcon.colcon_core.shell:Creating package script '/home/navlab-tx2-4/px4_ros_com_ros2/install/multi_rtd_interfaces/share/multi_rtd_interfaces/package.bash'
[4.250s] INFO:colcon.colcon_core.shell:Creating package script '/home/navlab-tx2-4/px4_ros_com_ros2/install/multi_rtd_interfaces/share/multi_rtd_interfaces/package.zsh'
[4.251s] Level 1:colcon.colcon_core.environment:create_file_with_runtime_dependencies(/home/navlab-tx2-4/px4_ros_com_ros2/install/multi_rtd_interfaces/share/colcon-core/packages/multi_rtd_interfaces)
[4.253s] INFO:colcon.colcon_ros.task.ament_python.build:Building ROS package in '/home/navlab-tx2-4/px4_ros_com_ros2/src/px4_multi_agent_planning/multi_rtd' with build type 'ament_python'
[4.254s] Level 1:colcon.colcon_core.shell:create_environment_hook('multi_rtd', 'ament_prefix_path')
[4.257s] INFO:colcon.colcon_core.shell:Creating environment hook '/home/navlab-tx2-4/px4_ros_com_ros2/install/multi_rtd/share/multi_rtd/hook/ament_prefix_path.ps1'
[4.260s] INFO:colcon.colcon_core.shell:Creating environment descriptor '/home/navlab-tx2-4/px4_ros_com_ros2/install/multi_rtd/share/multi_rtd/hook/ament_prefix_path.dsv'
[4.261s] INFO:colcon.colcon_core.shell:Creating environment hook '/home/navlab-tx2-4/px4_ros_com_ros2/install/multi_rtd/share/multi_rtd/hook/ament_prefix_path.sh'
[4.265s] INFO:colcon.colcon_core.shell:Skip shell extension 'powershell' for command environment: Not usable outside of PowerShell
[4.266s] DEBUG:colcon.colcon_core.shell:Skip shell extension 'dsv' for command environment
[4.282s] DEBUG:colcon.colcon_core.shell:Ignoring prefix path '/opt/ros/eloquent'
[5.431s] INFO:colcon.colcon_core.task.python.build:Building Python package in '/home/navlab-tx2-4/px4_ros_com_ros2/src/px4_multi_agent_planning/multi_rtd'
[5.435s] INFO:colcon.colcon_core.shell:Skip shell extension 'powershell' for command environment: Not usable outside of PowerShell
[5.436s] DEBUG:colcon.colcon_core.shell:Skip shell extension 'dsv' for command environment
[5.447s] DEBUG:colcon.colcon_core.shell:Ignoring prefix path '/opt/ros/eloquent'
[5.461s] DEBUG:colcon.colcon_core.event_handler.log_command:Invoked command in '/home/navlab-tx2-4/px4_ros_com_ros2/build/px4_msgs' returned '0': CMAKE_PREFIX_PATH=${CMAKE_PREFIX_PATH}:/home/navlab-tx2-4/px4_ros_com_ros2/install/multi_rtd:/opt/ros/eloquent /usr/bin/cmake --build /home/navlab-tx2-4/px4_ros_com_ros2/build/px4_msgs -- -j4 -l4
[5.488s] DEBUG:colcon.colcon_core.event_handler.log_command:Invoking command in '/home/navlab-tx2-4/px4_ros_com_ros2/src/px4_multi_agent_planning/multi_rtd': CMAKE_PREFIX_PATH=/home/navlab-tx2-4/px4_ros_com_ros2/install/multi_rtd_interfaces:/home/navlab-tx2-4/px4_ros_com_ros2/install/ros1_bridge:/home/navlab-tx2-4/px4_ros_com_ros2/install/px4_ros_com:/home/navlab-tx2-4/px4_ros_com_ros2/install/offboard_ibqr:/home/navlab-tx2-4/px4_ros_com_ros2/install/px4_msgs LD_LIBRARY_PATH=/home/navlab-tx2-4/px4_ros_com_ros2/install/multi_rtd_interfaces/lib:/home/navlab-tx2-4/px4_ros_com_ros2/install/px4_ros_com/lib:/home/navlab-tx2-4/px4_ros_com_ros2/install/px4_msgs/lib:/opt/ros/eloquent/opt/yaml_cpp_vendor/lib:/opt/ros/eloquent/opt/rviz_ogre_vendor/lib:/opt/ros/eloquent/lib/aarch64-linux-gnu:/opt/ros/eloquent/lib PYTHONPATH=/home/navlab-tx2-4/px4_ros_com_ros2/install/multi_rtd/lib/python3.6/site-packages:/home/navlab-tx2-4/px4_ros_com_ros2/install/multi_rtd_interfaces/lib/python3.6/site-packages:/home/navlab-tx2-4/px4_ros_com_ros2/install/px4_msgs/lib/python3.6/site-packages:/home/navlab-tx2-4/px4_ros_com_ros2/install/multi_rtd/lib/python3.6/site-packages:/opt/ros/eloquent/lib/python3.6/site-packages /usr/bin/python3 setup.py egg_info --egg-base ../../../build/multi_rtd build --build-base /home/navlab-tx2-4/px4_ros_com_ros2/build/multi_rtd/build install --prefix /home/navlab-tx2-4/px4_ros_com_ros2/install/multi_rtd --record /home/navlab-tx2-4/px4_ros_com_ros2/build/multi_rtd/install.log --single-version-externally-managed
[6.955s] DEBUG:colcon.colcon_core.event_handler.log_command:Invoked command in '/home/navlab-tx2-4/px4_ros_com_ros2/src/px4_multi_agent_planning/multi_rtd' returned '0': CMAKE_PREFIX_PATH=/home/navlab-tx2-4/px4_ros_com_ros2/install/multi_rtd_interfaces:/home/navlab-tx2-4/px4_ros_com_ros2/install/ros1_bridge:/home/navlab-tx2-4/px4_ros_com_ros2/install/px4_ros_com:/home/navlab-tx2-4/px4_ros_com_ros2/install/offboard_ibqr:/home/navlab-tx2-4/px4_ros_com_ros2/install/px4_msgs LD_LIBRARY_PATH=/home/navlab-tx2-4/px4_ros_com_ros2/install/multi_rtd_interfaces/lib:/home/navlab-tx2-4/px4_ros_com_ros2/install/px4_ros_com/lib:/home/navlab-tx2-4/px4_ros_com_ros2/install/px4_msgs/lib:/opt/ros/eloquent/opt/yaml_cpp_vendor/lib:/opt/ros/eloquent/opt/rviz_ogre_vendor/lib:/opt/ros/eloquent/lib/aarch64-linux-gnu:/opt/ros/eloquent/lib PYTHONPATH=/home/navlab-tx2-4/px4_ros_com_ros2/install/multi_rtd/lib/python3.6/site-packages:/home/navlab-tx2-4/px4_ros_com_ros2/install/multi_rtd_interfaces/lib/python3.6/site-packages:/home/navlab-tx2-4/px4_ros_com_ros2/install/px4_msgs/lib/python3.6/site-packages:/home/navlab-tx2-4/px4_ros_com_ros2/install/multi_rtd/lib/python3.6/site-packages:/opt/ros/eloquent/lib/python3.6/site-packages /usr/bin/python3 setup.py egg_info --egg-base ../../../build/multi_rtd build --build-base /home/navlab-tx2-4/px4_ros_com_ros2/build/multi_rtd/build install --prefix /home/navlab-tx2-4/px4_ros_com_ros2/install/multi_rtd --record /home/navlab-tx2-4/px4_ros_com_ros2/build/multi_rtd/install.log --single-version-externally-managed
[6.957s] Level 1:colcon.colcon_core.environment:checking '/home/navlab-tx2-4/px4_ros_com_ros2/install/multi_rtd' for CMake module files
[6.960s] Level 1:colcon.colcon_core.environment:checking '/home/navlab-tx2-4/px4_ros_com_ros2/install/multi_rtd' for CMake config files
[6.964s] Level 1:colcon.colcon_core.environment:checking '/home/navlab-tx2-4/px4_ros_com_ros2/install/multi_rtd/lib'
[6.965s] Level 1:colcon.colcon_core.environment:checking '/home/navlab-tx2-4/px4_ros_com_ros2/install/multi_rtd/bin'
[6.965s] Level 1:colcon.colcon_core.environment:checking '/home/navlab-tx2-4/px4_ros_com_ros2/install/multi_rtd/lib/pkgconfig/multi_rtd.pc'
[6.965s] Level 1:colcon.colcon_core.environment:checking '/home/navlab-tx2-4/px4_ros_com_ros2/install/multi_rtd/lib/python3.6/site-packages'
[6.966s] Level 1:colcon.colcon_core.shell:create_environment_hook('multi_rtd', 'pythonpath')
[6.969s] INFO:colcon.colcon_core.shell:Creating environment hook '/home/navlab-tx2-4/px4_ros_com_ros2/install/multi_rtd/share/multi_rtd/hook/pythonpath.ps1'
[6.971s] INFO:colcon.colcon_core.shell:Creating environment descriptor '/home/navlab-tx2-4/px4_ros_com_ros2/install/multi_rtd/share/multi_rtd/hook/pythonpath.dsv'
[6.972s] INFO:colcon.colcon_core.shell:Creating environment hook '/home/navlab-tx2-4/px4_ros_com_ros2/install/multi_rtd/share/multi_rtd/hook/pythonpath.sh'
[6.974s] Level 1:colcon.colcon_core.environment:create_environment_scripts_only(multi_rtd)
[6.978s] INFO:colcon.colcon_core.shell:Creating package script '/home/navlab-tx2-4/px4_ros_com_ros2/install/multi_rtd/share/multi_rtd/package.ps1'
[6.980s] INFO:colcon.colcon_core.shell:Creating package descriptor '/home/navlab-tx2-4/px4_ros_com_ros2/install/multi_rtd/share/multi_rtd/package.dsv'
[6.982s] INFO:colcon.colcon_core.shell:Creating package script '/home/navlab-tx2-4/px4_ros_com_ros2/install/multi_rtd/share/multi_rtd/package.sh'
[6.984s] INFO:colcon.colcon_core.shell:Creating package script '/home/navlab-tx2-4/px4_ros_com_ros2/install/multi_rtd/share/multi_rtd/package.bash'
[6.985s] INFO:colcon.colcon_core.shell:Creating package script '/home/navlab-tx2-4/px4_ros_com_ros2/install/multi_rtd/share/multi_rtd/package.zsh'
[6.987s] Level 1:colcon.colcon_core.environment:create_file_with_runtime_dependencies(/home/navlab-tx2-4/px4_ros_com_ros2/install/multi_rtd/share/colcon-core/packages/multi_rtd)
[22.262s] DEBUG:colcon.colcon_core.event_handler.log_command:Invoking command in '/home/navlab-tx2-4/px4_ros_com_ros2/build/px4_msgs': CMAKE_PREFIX_PATH=${CMAKE_PREFIX_PATH}:/home/navlab-tx2-4/px4_ros_com_ros2/install/multi_rtd:/opt/ros/eloquent /usr/bin/cmake --build /home/navlab-tx2-4/px4_ros_com_ros2/build/px4_msgs --target install -- -j4 -l4
[27.100s] Level 1:colcon.colcon_core.environment:create_environment_scripts_only(px4_msgs)
[27.111s] DEBUG:colcon.colcon_core.event_handler.log_command:Invoked command in '/home/navlab-tx2-4/px4_ros_com_ros2/build/px4_msgs' returned '0': CMAKE_PREFIX_PATH=${CMAKE_PREFIX_PATH}:/home/navlab-tx2-4/px4_ros_com_ros2/install/multi_rtd:/opt/ros/eloquent /usr/bin/cmake --build /home/navlab-tx2-4/px4_ros_com_ros2/build/px4_msgs --target install -- -j4 -l4
[27.114s] Level 1:colcon.colcon_core.environment:checking '/home/navlab-tx2-4/px4_ros_com_ros2/install/px4_msgs' for CMake module files
[27.117s] Level 1:colcon.colcon_core.environment:checking '/home/navlab-tx2-4/px4_ros_com_ros2/install/px4_msgs' for CMake config files
[27.169s] Level 1:colcon.colcon_core.shell:create_environment_hook('px4_msgs', 'cmake_prefix_path')
[27.172s] INFO:colcon.colcon_core.shell:Creating environment hook '/home/navlab-tx2-4/px4_ros_com_ros2/install/px4_msgs/share/px4_msgs/hook/cmake_prefix_path.ps1'
[27.174s] INFO:colcon.colcon_core.shell:Creating environment descriptor '/home/navlab-tx2-4/px4_ros_com_ros2/install/px4_msgs/share/px4_msgs/hook/cmake_prefix_path.dsv'
[27.175s] INFO:colcon.colcon_core.shell:Creating environment hook '/home/navlab-tx2-4/px4_ros_com_ros2/install/px4_msgs/share/px4_msgs/hook/cmake_prefix_path.sh'
[27.178s] Level 1:colcon.colcon_core.environment:checking '/home/navlab-tx2-4/px4_ros_com_ros2/install/px4_msgs/lib'
[27.178s] Level 1:colcon.colcon_core.shell:create_environment_hook('px4_msgs', 'ld_library_path_lib')
[27.181s] INFO:colcon.colcon_core.shell:Creating environment hook '/home/navlab-tx2-4/px4_ros_com_ros2/install/px4_msgs/share/px4_msgs/hook/ld_library_path_lib.ps1'
[27.182s] INFO:colcon.colcon_core.shell:Creating environment descriptor '/home/navlab-tx2-4/px4_ros_com_ros2/install/px4_msgs/share/px4_msgs/hook/ld_library_path_lib.dsv'
[27.184s] INFO:colcon.colcon_core.shell:Creating environment hook '/home/navlab-tx2-4/px4_ros_com_ros2/install/px4_msgs/share/px4_msgs/hook/ld_library_path_lib.sh'
[27.186s] Level 1:colcon.colcon_core.environment:checking '/home/navlab-tx2-4/px4_ros_com_ros2/install/px4_msgs/bin'
[27.186s] Level 1:colcon.colcon_core.environment:checking '/home/navlab-tx2-4/px4_ros_com_ros2/install/px4_msgs/lib/pkgconfig/px4_msgs.pc'
[27.186s] Level 1:colcon.colcon_core.environment:checking '/home/navlab-tx2-4/px4_ros_com_ros2/install/px4_msgs/lib/python3.6/site-packages'
[27.187s] Level 1:colcon.colcon_core.shell:create_environment_hook('px4_msgs', 'pythonpath')
[27.190s] INFO:colcon.colcon_core.shell:Creating environment hook '/home/navlab-tx2-4/px4_ros_com_ros2/install/px4_msgs/share/px4_msgs/hook/pythonpath.ps1'
[27.191s] INFO:colcon.colcon_core.shell:Creating environment descriptor '/home/navlab-tx2-4/px4_ros_com_ros2/install/px4_msgs/share/px4_msgs/hook/pythonpath.dsv'
[27.193s] INFO:colcon.colcon_core.shell:Creating environment hook '/home/navlab-tx2-4/px4_ros_com_ros2/install/px4_msgs/share/px4_msgs/hook/pythonpath.sh'
[27.198s] INFO:colcon.colcon_core.shell:Creating package script '/home/navlab-tx2-4/px4_ros_com_ros2/install/px4_msgs/share/px4_msgs/package.ps1'
[27.201s] INFO:colcon.colcon_core.shell:Creating package descriptor '/home/navlab-tx2-4/px4_ros_com_ros2/install/px4_msgs/share/px4_msgs/package.dsv'
[27.203s] INFO:colcon.colcon_core.shell:Creating package script '/home/navlab-tx2-4/px4_ros_com_ros2/install/px4_msgs/share/px4_msgs/package.sh'
[27.205s] INFO:colcon.colcon_core.shell:Creating package script '/home/navlab-tx2-4/px4_ros_com_ros2/install/px4_msgs/share/px4_msgs/package.bash'
[27.206s] INFO:colcon.colcon_core.shell:Creating package script '/home/navlab-tx2-4/px4_ros_com_ros2/install/px4_msgs/share/px4_msgs/package.zsh'
[27.207s] Level 1:colcon.colcon_core.environment:create_file_with_runtime_dependencies(/home/navlab-tx2-4/px4_ros_com_ros2/install/px4_msgs/share/colcon-core/packages/px4_msgs)
[44.045s] Level 1:colcon.colcon_core.environment:create_environment_scripts_only(px4_msgs)
[44.050s] Level 1:colcon.colcon_core.environment:checking '/home/navlab-tx2-4/px4_ros_com_ros2/install/px4_msgs' for CMake module files
[44.052s] Level 1:colcon.colcon_core.environment:checking '/home/navlab-tx2-4/px4_ros_com_ros2/install/px4_msgs' for CMake config files
[44.106s] Level 1:colcon.colcon_core.shell:create_environment_hook('px4_msgs', 'cmake_prefix_path')
[44.109s] INFO:colcon.colcon_core.shell:Creating environment hook '/home/navlab-tx2-4/px4_ros_com_ros2/install/px4_msgs/share/px4_msgs/hook/cmake_prefix_path.ps1'
[44.111s] INFO:colcon.colcon_core.shell:Creating environment descriptor '/home/navlab-tx2-4/px4_ros_com_ros2/install/px4_msgs/share/px4_msgs/hook/cmake_prefix_path.dsv'
[44.112s] INFO:colcon.colcon_core.shell:Creating environment hook '/home/navlab-tx2-4/px4_ros_com_ros2/install/px4_msgs/share/px4_msgs/hook/cmake_prefix_path.sh'
[44.115s] Level 1:colcon.colcon_core.environment:checking '/home/navlab-tx2-4/px4_ros_com_ros2/install/px4_msgs/lib'
[44.115s] Level 1:colcon.colcon_core.shell:create_environment_hook('px4_msgs', 'ld_library_path_lib')
[44.119s] INFO:colcon.colcon_core.shell:Creating environment hook '/home/navlab-tx2-4/px4_ros_com_ros2/install/px4_msgs/share/px4_msgs/hook/ld_library_path_lib.ps1'
[44.121s] INFO:colcon.colcon_core.shell:Creating environment descriptor '/home/navlab-tx2-4/px4_ros_com_ros2/install/px4_msgs/share/px4_msgs/hook/ld_library_path_lib.dsv'
[44.122s] INFO:colcon.colcon_core.shell:Creating environment hook '/home/navlab-tx2-4/px4_ros_com_ros2/install/px4_msgs/share/px4_msgs/hook/ld_library_path_lib.sh'
[44.126s] Level 1:colcon.colcon_core.environment:checking '/home/navlab-tx2-4/px4_ros_com_ros2/install/px4_msgs/bin'
[44.127s] Level 1:colcon.colcon_core.environment:checking '/home/navlab-tx2-4/px4_ros_com_ros2/install/px4_msgs/lib/pkgconfig/px4_msgs.pc'
[44.127s] Level 1:colcon.colcon_core.environment:checking '/home/navlab-tx2-4/px4_ros_com_ros2/install/px4_msgs/lib/python3.6/site-packages'
[44.128s] Level 1:colcon.colcon_core.shell:create_environment_hook('px4_msgs', 'pythonpath')
[44.131s] INFO:colcon.colcon_core.shell:Creating environment hook '/home/navlab-tx2-4/px4_ros_com_ros2/install/px4_msgs/share/px4_msgs/hook/pythonpath.ps1'
[44.133s] INFO:colcon.colcon_core.shell:Creating environment descriptor '/home/navlab-tx2-4/px4_ros_com_ros2/install/px4_msgs/share/px4_msgs/hook/pythonpath.dsv'
[44.135s] INFO:colcon.colcon_core.shell:Creating environment hook '/home/navlab-tx2-4/px4_ros_com_ros2/install/px4_msgs/share/px4_msgs/hook/pythonpath.sh'
[44.139s] INFO:colcon.colcon_core.shell:Creating package script '/home/navlab-tx2-4/px4_ros_com_ros2/install/px4_msgs/share/px4_msgs/package.ps1'
[44.141s] INFO:colcon.colcon_core.shell:Creating package descriptor '/home/navlab-tx2-4/px4_ros_com_ros2/install/px4_msgs/share/px4_msgs/package.dsv'
[44.143s] INFO:colcon.colcon_core.shell:Creating package script '/home/navlab-tx2-4/px4_ros_com_ros2/install/px4_msgs/share/px4_msgs/package.sh'
[44.145s] INFO:colcon.colcon_core.shell:Creating package script '/home/navlab-tx2-4/px4_ros_com_ros2/install/px4_msgs/share/px4_msgs/package.bash'
[44.147s] INFO:colcon.colcon_core.shell:Creating package script '/home/navlab-tx2-4/px4_ros_com_ros2/install/px4_msgs/share/px4_msgs/package.zsh'
[44.148s] Level 1:colcon.colcon_core.environment:create_file_with_runtime_dependencies(/home/navlab-tx2-4/px4_ros_com_ros2/install/px4_msgs/share/colcon-core/packages/px4_msgs)
[44.149s] INFO:colcon.colcon_ros.task.ament_cmake.build:Building ROS package in '/home/navlab-tx2-4/px4_ros_com_ros2/src/px4_multi_agent_planning/offboard_ibqr' with build type 'ament_cmake'
[44.150s] INFO:colcon.colcon_cmake.task.cmake.build:Building CMake package in '/home/navlab-tx2-4/px4_ros_com_ros2/src/px4_multi_agent_planning/offboard_ibqr'
[44.153s] INFO:colcon.colcon_core.shell:Skip shell extension 'powershell' for command environment: Not usable outside of PowerShell
[44.153s] DEBUG:colcon.colcon_core.shell:Skip shell extension 'dsv' for command environment
[44.165s] DEBUG:colcon.colcon_core.shell:Ignoring prefix path '/opt/ros/eloquent'
[44.182s] INFO:colcon.colcon_ros.task.ament_cmake.build:Building ROS package in '/home/navlab-tx2-4/px4_ros_com_ros2/src/px4_ros_com' with build type 'ament_cmake'
[44.184s] INFO:colcon.colcon_cmake.task.cmake.build:Building CMake package in '/home/navlab-tx2-4/px4_ros_com_ros2/src/px4_ros_com'
[44.189s] INFO:colcon.colcon_core.shell:Skip shell extension 'powershell' for command environment: Not usable outside of PowerShell
[44.189s] DEBUG:colcon.colcon_core.shell:Skip shell extension 'dsv' for command environment
[44.205s] DEBUG:colcon.colcon_core.shell:Ignoring prefix path '/opt/ros/eloquent'
[44.218s] INFO:colcon.colcon_ros.task.ament_cmake.build:Building ROS package in '/home/navlab-tx2-4/px4_ros_com_ros2/src/ros1_bridge' with build type 'ament_cmake'
[44.220s] INFO:colcon.colcon_cmake.task.cmake.build:Building CMake package in '/home/navlab-tx2-4/px4_ros_com_ros2/src/ros1_bridge'
[44.225s] INFO:colcon.colcon_core.shell:Skip shell extension 'powershell' for command environment: Not usable outside of PowerShell
[44.225s] DEBUG:colcon.colcon_core.shell:Skip shell extension 'dsv' for command environment
[44.240s] DEBUG:colcon.colcon_core.shell:Ignoring prefix path '/opt/ros/eloquent'
[44.280s] DEBUG:colcon.colcon_core.event_handler.log_command:Invoking command in '/home/navlab-tx2-4/px4_ros_com_ros2/build/offboard_ibqr': CMAKE_PREFIX_PATH=/home/navlab-tx2-4/px4_ros_com_ros2/install/px4_msgs:/home/navlab-tx2-4/px4_ros_com_ros2/install/ros1_bridge:/home/navlab-tx2-4/px4_ros_com_ros2/install/px4_ros_com:/home/navlab-tx2-4/px4_ros_com_ros2/install/offboard_ibqr:/home/navlab-tx2-4/px4_ros_com_ros2/install/multi_rtd_interfaces:/home/navlab-tx2-4/px4_ros_com_ros2/install/multi_rtd:/opt/ros/eloquent LD_LIBRARY_PATH=/home/navlab-tx2-4/px4_ros_com_ros2/install/px4_msgs/lib:/home/navlab-tx2-4/px4_ros_com_ros2/install/px4_ros_com/lib:/home/navlab-tx2-4/px4_ros_com_ros2/install/multi_rtd_interfaces/lib:/opt/ros/eloquent/opt/yaml_cpp_vendor/lib:/opt/ros/eloquent/opt/rviz_ogre_vendor/lib:/opt/ros/eloquent/lib/aarch64-linux-gnu:/opt/ros/eloquent/lib /usr/bin/cmake --build /home/navlab-tx2-4/px4_ros_com_ros2/build/offboard_ibqr -- -j4 -l4
[44.308s] DEBUG:colcon.colcon_core.event_handler.log_command:Invoking command in '/home/navlab-tx2-4/px4_ros_com_ros2/build/px4_ros_com': CMAKE_PREFIX_PATH=/home/navlab-tx2-4/px4_ros_com_ros2/install/px4_msgs:/home/navlab-tx2-4/px4_ros_com_ros2/install/ros1_bridge:/home/navlab-tx2-4/px4_ros_com_ros2/install/px4_ros_com:/home/navlab-tx2-4/px4_ros_com_ros2/install/offboard_ibqr:/home/navlab-tx2-4/px4_ros_com_ros2/install/multi_rtd_interfaces:/home/navlab-tx2-4/px4_ros_com_ros2/install/multi_rtd:/opt/ros/eloquent LD_LIBRARY_PATH=/home/navlab-tx2-4/px4_ros_com_ros2/install/px4_msgs/lib:/home/navlab-tx2-4/px4_ros_com_ros2/install/px4_ros_com/lib:/home/navlab-tx2-4/px4_ros_com_ros2/install/multi_rtd_interfaces/lib:/opt/ros/eloquent/opt/yaml_cpp_vendor/lib:/opt/ros/eloquent/opt/rviz_ogre_vendor/lib:/opt/ros/eloquent/lib/aarch64-linux-gnu:/opt/ros/eloquent/lib /usr/bin/cmake --build /home/navlab-tx2-4/px4_ros_com_ros2/build/px4_ros_com -- -j4 -l4
[44.339s] DEBUG:colcon.colcon_core.event_handler.log_command:Invoking command in '/home/navlab-tx2-4/px4_ros_com_ros2/build/ros1_bridge': CMAKE_PREFIX_PATH=/home/navlab-tx2-4/px4_ros_com_ros2/install/px4_msgs:/home/navlab-tx2-4/px4_ros_com_ros2/install/multi_rtd_interfaces:/home/navlab-tx2-4/px4_ros_com_ros2/install/ros1_bridge:/home/navlab-tx2-4/px4_ros_com_ros2/install/px4_ros_com:/home/navlab-tx2-4/px4_ros_com_ros2/install/offboard_ibqr:/home/navlab-tx2-4/px4_ros_com_ros2/install/multi_rtd:/opt/ros/eloquent LD_LIBRARY_PATH=/home/navlab-tx2-4/px4_ros_com_ros2/install/px4_msgs/lib:/home/navlab-tx2-4/px4_ros_com_ros2/install/multi_rtd_interfaces/lib:/home/navlab-tx2-4/px4_ros_com_ros2/install/px4_ros_com/lib:/opt/ros/eloquent/opt/yaml_cpp_vendor/lib:/opt/ros/eloquent/opt/rviz_ogre_vendor/lib:/opt/ros/eloquent/lib/aarch64-linux-gnu:/opt/ros/eloquent/lib PYTHONPATH=/home/navlab-tx2-4/px4_ros_com_ros2/install/px4_msgs/lib/python3.6/site-packages:/home/navlab-tx2-4/px4_ros_com_ros2/install/multi_rtd_interfaces/lib/python3.6/site-packages:/home/navlab-tx2-4/px4_ros_com_ros2/install/multi_rtd/lib/python3.6/site-packages:/opt/ros/eloquent/lib/python3.6/site-packages /usr/bin/cmake --build /home/navlab-tx2-4/px4_ros_com_ros2/build/ros1_bridge -- -j4 -l4
[44.545s] DEBUG:colcon.colcon_core.event_handler.log_command:Invoked command in '/home/navlab-tx2-4/px4_ros_com_ros2/build/ros1_bridge' returned '0': CMAKE_PREFIX_PATH=/home/navlab-tx2-4/px4_ros_com_ros2/install/px4_msgs:/home/navlab-tx2-4/px4_ros_com_ros2/install/multi_rtd_interfaces:/home/navlab-tx2-4/px4_ros_com_ros2/install/ros1_bridge:/home/navlab-tx2-4/px4_ros_com_ros2/install/px4_ros_com:/home/navlab-tx2-4/px4_ros_com_ros2/install/offboard_ibqr:/home/navlab-tx2-4/px4_ros_com_ros2/install/multi_rtd:/opt/ros/eloquent LD_LIBRARY_PATH=/home/navlab-tx2-4/px4_ros_com_ros2/install/px4_msgs/lib:/home/navlab-tx2-4/px4_ros_com_ros2/install/multi_rtd_interfaces/lib:/home/navlab-tx2-4/px4_ros_com_ros2/install/px4_ros_com/lib:/opt/ros/eloquent/opt/yaml_cpp_vendor/lib:/opt/ros/eloquent/opt/rviz_ogre_vendor/lib:/opt/ros/eloquent/lib/aarch64-linux-gnu:/opt/ros/eloquent/lib PYTHONPATH=/home/navlab-tx2-4/px4_ros_com_ros2/install/px4_msgs/lib/python3.6/site-packages:/home/navlab-tx2-4/px4_ros_com_ros2/install/multi_rtd_interfaces/lib/python3.6/site-packages:/home/navlab-tx2-4/px4_ros_com_ros2/install/multi_rtd/lib/python3.6/site-packages:/opt/ros/eloquent/lib/python3.6/site-packages /usr/bin/cmake --build /home/navlab-tx2-4/px4_ros_com_ros2/build/ros1_bridge -- -j4 -l4
[44.756s] DEBUG:colcon.colcon_core.event_handler.log_command:Invoking command in '/home/navlab-tx2-4/px4_ros_com_ros2/build/ros1_bridge': CMAKE_PREFIX_PATH=/home/navlab-tx2-4/px4_ros_com_ros2/install/px4_msgs:/home/navlab-tx2-4/px4_ros_com_ros2/install/multi_rtd_interfaces:/home/navlab-tx2-4/px4_ros_com_ros2/install/ros1_bridge:/home/navlab-tx2-4/px4_ros_com_ros2/install/px4_ros_com:/home/navlab-tx2-4/px4_ros_com_ros2/install/offboard_ibqr:/home/navlab-tx2-4/px4_ros_com_ros2/install/multi_rtd:/opt/ros/eloquent LD_LIBRARY_PATH=/home/navlab-tx2-4/px4_ros_com_ros2/install/px4_msgs/lib:/home/navlab-tx2-4/px4_ros_com_ros2/install/multi_rtd_interfaces/lib:/home/navlab-tx2-4/px4_ros_com_ros2/install/px4_ros_com/lib:/opt/ros/eloquent/opt/yaml_cpp_vendor/lib:/opt/ros/eloquent/opt/rviz_ogre_vendor/lib:/opt/ros/eloquent/lib/aarch64-linux-gnu:/opt/ros/eloquent/lib PYTHONPATH=/home/navlab-tx2-4/px4_ros_com_ros2/install/px4_msgs/lib/python3.6/site-packages:/home/navlab-tx2-4/px4_ros_com_ros2/install/multi_rtd_interfaces/lib/python3.6/site-packages:/home/navlab-tx2-4/px4_ros_com_ros2/install/multi_rtd/lib/python3.6/site-packages:/opt/ros/eloquent/lib/python3.6/site-packages /usr/bin/cmake --build /home/navlab-tx2-4/px4_ros_com_ros2/build/ros1_bridge --target install -- -j4 -l4
[44.905s] DEBUG:colcon.colcon_core.event_handler.log_command:Invoked command in '/home/navlab-tx2-4/px4_ros_com_ros2/build/px4_ros_com' returned '0': CMAKE_PREFIX_PATH=/home/navlab-tx2-4/px4_ros_com_ros2/install/px4_msgs:/home/navlab-tx2-4/px4_ros_com_ros2/install/ros1_bridge:/home/navlab-tx2-4/px4_ros_com_ros2/install/px4_ros_com:/home/navlab-tx2-4/px4_ros_com_ros2/install/offboard_ibqr:/home/navlab-tx2-4/px4_ros_com_ros2/install/multi_rtd_interfaces:/home/navlab-tx2-4/px4_ros_com_ros2/install/multi_rtd:/opt/ros/eloquent LD_LIBRARY_PATH=/home/navlab-tx2-4/px4_ros_com_ros2/install/px4_msgs/lib:/home/navlab-tx2-4/px4_ros_com_ros2/install/px4_ros_com/lib:/home/navlab-tx2-4/px4_ros_com_ros2/install/multi_rtd_interfaces/lib:/opt/ros/eloquent/opt/yaml_cpp_vendor/lib:/opt/ros/eloquent/opt/rviz_ogre_vendor/lib:/opt/ros/eloquent/lib/aarch64-linux-gnu:/opt/ros/eloquent/lib /usr/bin/cmake --build /home/navlab-tx2-4/px4_ros_com_ros2/build/px4_ros_com -- -j4 -l4
[45.021s] Level 1:colcon.colcon_core.environment:create_environment_scripts_only(ros1_bridge)
[45.029s] Level 1:colcon.colcon_core.environment:checking '/home/navlab-tx2-4/px4_ros_com_ros2/install/ros1_bridge' for CMake module files
[45.034s] DEBUG:colcon.colcon_core.event_handler.log_command:Invoked command in '/home/navlab-tx2-4/px4_ros_com_ros2/build/ros1_bridge' returned '0': CMAKE_PREFIX_PATH=/home/navlab-tx2-4/px4_ros_com_ros2/install/px4_msgs:/home/navlab-tx2-4/px4_ros_com_ros2/install/multi_rtd_interfaces:/home/navlab-tx2-4/px4_ros_com_ros2/install/ros1_bridge:/home/navlab-tx2-4/px4_ros_com_ros2/install/px4_ros_com:/home/navlab-tx2-4/px4_ros_com_ros2/install/offboard_ibqr:/home/navlab-tx2-4/px4_ros_com_ros2/install/multi_rtd:/opt/ros/eloquent LD_LIBRARY_PATH=/home/navlab-tx2-4/px4_ros_com_ros2/install/px4_msgs/lib:/home/navlab-tx2-4/px4_ros_com_ros2/install/multi_rtd_interfaces/lib:/home/navlab-tx2-4/px4_ros_com_ros2/install/px4_ros_com/lib:/opt/ros/eloquent/opt/yaml_cpp_vendor/lib:/opt/ros/eloquent/opt/rviz_ogre_vendor/lib:/opt/ros/eloquent/lib/aarch64-linux-gnu:/opt/ros/eloquent/lib PYTHONPATH=/home/navlab-tx2-4/px4_ros_com_ros2/install/px4_msgs/lib/python3.6/site-packages:/home/navlab-tx2-4/px4_ros_com_ros2/install/multi_rtd_interfaces/lib/python3.6/site-packages:/home/navlab-tx2-4/px4_ros_com_ros2/install/multi_rtd/lib/python3.6/site-packages:/opt/ros/eloquent/lib/python3.6/site-packages /usr/bin/cmake --build /home/navlab-tx2-4/px4_ros_com_ros2/build/ros1_bridge --target install -- -j4 -l4
[45.036s] Level 1:colcon.colcon_core.environment:checking '/home/navlab-tx2-4/px4_ros_com_ros2/install/ros1_bridge' for CMake config files
[45.037s] Level 1:colcon.colcon_core.shell:create_environment_hook('ros1_bridge', 'cmake_prefix_path')
[45.043s] INFO:colcon.colcon_core.shell:Creating environment hook '/home/navlab-tx2-4/px4_ros_com_ros2/install/ros1_bridge/share/ros1_bridge/hook/cmake_prefix_path.ps1'
[45.045s] INFO:colcon.colcon_core.shell:Creating environment descriptor '/home/navlab-tx2-4/px4_ros_com_ros2/install/ros1_bridge/share/ros1_bridge/hook/cmake_prefix_path.dsv'
[45.047s] INFO:colcon.colcon_core.shell:Creating environment hook '/home/navlab-tx2-4/px4_ros_com_ros2/install/ros1_bridge/share/ros1_bridge/hook/cmake_prefix_path.sh'
[45.051s] Level 1:colcon.colcon_core.environment:checking '/home/navlab-tx2-4/px4_ros_com_ros2/install/ros1_bridge/bin'
[45.051s] Level 1:colcon.colcon_core.environment:checking '/home/navlab-tx2-4/px4_ros_com_ros2/install/ros1_bridge/lib/pkgconfig/ros1_bridge.pc'
[45.052s] Level 1:colcon.colcon_core.environment:checking '/home/navlab-tx2-4/px4_ros_com_ros2/install/ros1_bridge/lib/python3.6/site-packages'
[45.056s] INFO:colcon.colcon_core.shell:Creating package script '/home/navlab-tx2-4/px4_ros_com_ros2/install/ros1_bridge/share/ros1_bridge/package.ps1'
[45.058s] INFO:colcon.colcon_core.shell:Creating package descriptor '/home/navlab-tx2-4/px4_ros_com_ros2/install/ros1_bridge/share/ros1_bridge/package.dsv'
[45.060s] INFO:colcon.colcon_core.shell:Creating package script '/home/navlab-tx2-4/px4_ros_com_ros2/install/ros1_bridge/share/ros1_bridge/package.sh'
[45.063s] INFO:colcon.colcon_core.shell:Creating package script '/home/navlab-tx2-4/px4_ros_com_ros2/install/ros1_bridge/share/ros1_bridge/package.bash'
[45.065s] INFO:colcon.colcon_core.shell:Creating package script '/home/navlab-tx2-4/px4_ros_com_ros2/install/ros1_bridge/share/ros1_bridge/package.zsh'
[45.067s] Level 1:colcon.colcon_core.environment:create_file_with_runtime_dependencies(/home/navlab-tx2-4/px4_ros_com_ros2/install/ros1_bridge/share/colcon-core/packages/ros1_bridge)
[45.165s] Level 1:colcon.colcon_core.environment:create_environment_scripts_only(ros1_bridge)
[45.170s] Level 1:colcon.colcon_core.environment:checking '/home/navlab-tx2-4/px4_ros_com_ros2/install/ros1_bridge' for CMake module files
[45.173s] Level 1:colcon.colcon_core.environment:checking '/home/navlab-tx2-4/px4_ros_com_ros2/install/ros1_bridge' for CMake config files
[45.175s] Level 1:colcon.colcon_core.shell:create_environment_hook('ros1_bridge', 'cmake_prefix_path')
[45.178s] INFO:colcon.colcon_core.shell:Creating environment hook '/home/navlab-tx2-4/px4_ros_com_ros2/install/ros1_bridge/share/ros1_bridge/hook/cmake_prefix_path.ps1'
[45.180s] INFO:colcon.colcon_core.shell:Creating environment descriptor '/home/navlab-tx2-4/px4_ros_com_ros2/install/ros1_bridge/share/ros1_bridge/hook/cmake_prefix_path.dsv'
[45.182s] INFO:colcon.colcon_core.shell:Creating environment hook '/home/navlab-tx2-4/px4_ros_com_ros2/install/ros1_bridge/share/ros1_bridge/hook/cmake_prefix_path.sh'
[45.186s] Level 1:colcon.colcon_core.environment:checking '/home/navlab-tx2-4/px4_ros_com_ros2/install/ros1_bridge/bin'
[45.186s] Level 1:colcon.colcon_core.environment:checking '/home/navlab-tx2-4/px4_ros_com_ros2/install/ros1_bridge/lib/pkgconfig/ros1_bridge.pc'
[45.187s] Level 1:colcon.colcon_core.environment:checking '/home/navlab-tx2-4/px4_ros_com_ros2/install/ros1_bridge/lib/python3.6/site-packages'
[45.192s] INFO:colcon.colcon_core.shell:Creating package script '/home/navlab-tx2-4/px4_ros_com_ros2/install/ros1_bridge/share/ros1_bridge/package.ps1'
[45.194s] INFO:colcon.colcon_core.shell:Creating package descriptor '/home/navlab-tx2-4/px4_ros_com_ros2/install/ros1_bridge/share/ros1_bridge/package.dsv'
[45.197s] INFO:colcon.colcon_core.shell:Creating package script '/home/navlab-tx2-4/px4_ros_com_ros2/install/ros1_bridge/share/ros1_bridge/package.sh'
[45.199s] INFO:colcon.colcon_core.shell:Creating package script '/home/navlab-tx2-4/px4_ros_com_ros2/install/ros1_bridge/share/ros1_bridge/package.bash'
[45.201s] INFO:colcon.colcon_core.shell:Creating package script '/home/navlab-tx2-4/px4_ros_com_ros2/install/ros1_bridge/share/ros1_bridge/package.zsh'
[45.204s] Level 1:colcon.colcon_core.environment:create_file_with_runtime_dependencies(/home/navlab-tx2-4/px4_ros_com_ros2/install/ros1_bridge/share/colcon-core/packages/ros1_bridge)
[45.985s] DEBUG:colcon.colcon_core.event_handler.log_command:Invoking command in '/home/navlab-tx2-4/px4_ros_com_ros2/build/px4_ros_com': CMAKE_PREFIX_PATH=/home/navlab-tx2-4/px4_ros_com_ros2/install/px4_msgs:/home/navlab-tx2-4/px4_ros_com_ros2/install/ros1_bridge:/home/navlab-tx2-4/px4_ros_com_ros2/install/px4_ros_com:/home/navlab-tx2-4/px4_ros_com_ros2/install/offboard_ibqr:/home/navlab-tx2-4/px4_ros_com_ros2/install/multi_rtd_interfaces:/home/navlab-tx2-4/px4_ros_com_ros2/install/multi_rtd:/opt/ros/eloquent LD_LIBRARY_PATH=/home/navlab-tx2-4/px4_ros_com_ros2/install/px4_msgs/lib:/home/navlab-tx2-4/px4_ros_com_ros2/install/px4_ros_com/lib:/home/navlab-tx2-4/px4_ros_com_ros2/install/multi_rtd_interfaces/lib:/opt/ros/eloquent/opt/yaml_cpp_vendor/lib:/opt/ros/eloquent/opt/rviz_ogre_vendor/lib:/opt/ros/eloquent/lib/aarch64-linux-gnu:/opt/ros/eloquent/lib /usr/bin/cmake --build /home/navlab-tx2-4/px4_ros_com_ros2/build/px4_ros_com --target install -- -j4 -l4
[46.620s] Level 1:colcon.colcon_core.environment:create_environment_scripts_only(px4_ros_com)
[46.627s] Level 1:colcon.colcon_core.environment:checking '/home/navlab-tx2-4/px4_ros_com_ros2/install/px4_ros_com' for CMake module files
[46.629s] DEBUG:colcon.colcon_core.event_handler.log_command:Invoked command in '/home/navlab-tx2-4/px4_ros_com_ros2/build/px4_ros_com' returned '0': CMAKE_PREFIX_PATH=/home/navlab-tx2-4/px4_ros_com_ros2/install/px4_msgs:/home/navlab-tx2-4/px4_ros_com_ros2/install/ros1_bridge:/home/navlab-tx2-4/px4_ros_com_ros2/install/px4_ros_com:/home/navlab-tx2-4/px4_ros_com_ros2/install/offboard_ibqr:/home/navlab-tx2-4/px4_ros_com_ros2/install/multi_rtd_interfaces:/home/navlab-tx2-4/px4_ros_com_ros2/install/multi_rtd:/opt/ros/eloquent LD_LIBRARY_PATH=/home/navlab-tx2-4/px4_ros_com_ros2/install/px4_msgs/lib:/home/navlab-tx2-4/px4_ros_com_ros2/install/px4_ros_com/lib:/home/navlab-tx2-4/px4_ros_com_ros2/install/multi_rtd_interfaces/lib:/opt/ros/eloquent/opt/yaml_cpp_vendor/lib:/opt/ros/eloquent/opt/rviz_ogre_vendor/lib:/opt/ros/eloquent/lib/aarch64-linux-gnu:/opt/ros/eloquent/lib /usr/bin/cmake --build /home/navlab-tx2-4/px4_ros_com_ros2/build/px4_ros_com --target install -- -j4 -l4
[46.632s] Level 1:colcon.colcon_core.environment:checking '/home/navlab-tx2-4/px4_ros_com_ros2/install/px4_ros_com' for CMake config files
[46.634s] Level 1:colcon.colcon_core.shell:create_environment_hook('px4_ros_com', 'cmake_prefix_path')
[46.637s] INFO:colcon.colcon_core.shell:Creating environment hook '/home/navlab-tx2-4/px4_ros_com_ros2/install/px4_ros_com/share/px4_ros_com/hook/cmake_prefix_path.ps1'
[46.640s] INFO:colcon.colcon_core.shell:Creating environment descriptor '/home/navlab-tx2-4/px4_ros_com_ros2/install/px4_ros_com/share/px4_ros_com/hook/cmake_prefix_path.dsv'
[46.642s] INFO:colcon.colcon_core.shell:Creating environment hook '/home/navlab-tx2-4/px4_ros_com_ros2/install/px4_ros_com/share/px4_ros_com/hook/cmake_prefix_path.sh'
[46.645s] Level 1:colcon.colcon_core.environment:checking '/home/navlab-tx2-4/px4_ros_com_ros2/install/px4_ros_com/lib'
[46.646s] Level 1:colcon.colcon_core.shell:create_environment_hook('px4_ros_com', 'ld_library_path_lib')
[46.649s] INFO:colcon.colcon_core.shell:Creating environment hook '/home/navlab-tx2-4/px4_ros_com_ros2/install/px4_ros_com/share/px4_ros_com/hook/ld_library_path_lib.ps1'
[46.651s] INFO:colcon.colcon_core.shell:Creating environment descriptor '/home/navlab-tx2-4/px4_ros_com_ros2/install/px4_ros_com/share/px4_ros_com/hook/ld_library_path_lib.dsv'
[46.652s] INFO:colcon.colcon_core.shell:Creating environment hook '/home/navlab-tx2-4/px4_ros_com_ros2/install/px4_ros_com/share/px4_ros_com/hook/ld_library_path_lib.sh'
[46.654s] Level 1:colcon.colcon_core.environment:checking '/home/navlab-tx2-4/px4_ros_com_ros2/install/px4_ros_com/bin'
[46.654s] Level 1:colcon.colcon_core.shell:create_environment_hook('px4_ros_com', 'path')
[46.658s] INFO:colcon.colcon_core.shell:Creating environment hook '/home/navlab-tx2-4/px4_ros_com_ros2/install/px4_ros_com/share/px4_ros_com/hook/path.ps1'
[46.660s] INFO:colcon.colcon_core.shell:Creating environment descriptor '/home/navlab-tx2-4/px4_ros_com_ros2/install/px4_ros_com/share/px4_ros_com/hook/path.dsv'
[46.663s] INFO:colcon.colcon_core.shell:Creating environment hook '/home/navlab-tx2-4/px4_ros_com_ros2/install/px4_ros_com/share/px4_ros_com/hook/path.sh'
[46.665s] Level 1:colcon.colcon_core.environment:checking '/home/navlab-tx2-4/px4_ros_com_ros2/install/px4_ros_com/lib/pkgconfig/px4_ros_com.pc'
[46.666s] Level 1:colcon.colcon_core.environment:checking '/home/navlab-tx2-4/px4_ros_com_ros2/install/px4_ros_com/lib/python3.6/site-packages'
[46.670s] INFO:colcon.colcon_core.shell:Creating package script '/home/navlab-tx2-4/px4_ros_com_ros2/install/px4_ros_com/share/px4_ros_com/package.ps1'
[46.672s] INFO:colcon.colcon_core.shell:Creating package descriptor '/home/navlab-tx2-4/px4_ros_com_ros2/install/px4_ros_com/share/px4_ros_com/package.dsv'
[46.674s] INFO:colcon.colcon_core.shell:Creating package script '/home/navlab-tx2-4/px4_ros_com_ros2/install/px4_ros_com/share/px4_ros_com/package.sh'
[46.677s] INFO:colcon.colcon_core.shell:Creating package script '/home/navlab-tx2-4/px4_ros_com_ros2/install/px4_ros_com/share/px4_ros_com/package.bash'
[46.678s] INFO:colcon.colcon_core.shell:Creating package script '/home/navlab-tx2-4/px4_ros_com_ros2/install/px4_ros_com/share/px4_ros_com/package.zsh'
[46.679s] Level 1:colcon.colcon_core.environment:create_file_with_runtime_dependencies(/home/navlab-tx2-4/px4_ros_com_ros2/install/px4_ros_com/share/colcon-core/packages/px4_ros_com)
[47.695s] Level 1:colcon.colcon_core.environment:create_environment_scripts_only(px4_ros_com)
[47.700s] Level 1:colcon.colcon_core.environment:checking '/home/navlab-tx2-4/px4_ros_com_ros2/install/px4_ros_com' for CMake module files
[47.704s] Level 1:colcon.colcon_core.environment:checking '/home/navlab-tx2-4/px4_ros_com_ros2/install/px4_ros_com' for CMake config files
[47.706s] Level 1:colcon.colcon_core.shell:create_environment_hook('px4_ros_com', 'cmake_prefix_path')
[47.709s] INFO:colcon.colcon_core.shell:Creating environment hook '/home/navlab-tx2-4/px4_ros_com_ros2/install/px4_ros_com/share/px4_ros_com/hook/cmake_prefix_path.ps1'
[47.711s] INFO:colcon.colcon_core.shell:Creating environment descriptor '/home/navlab-tx2-4/px4_ros_com_ros2/install/px4_ros_com/share/px4_ros_com/hook/cmake_prefix_path.dsv'
[47.713s] INFO:colcon.colcon_core.shell:Creating environment hook '/home/navlab-tx2-4/px4_ros_com_ros2/install/px4_ros_com/share/px4_ros_com/hook/cmake_prefix_path.sh'
[47.717s] Level 1:colcon.colcon_core.environment:checking '/home/navlab-tx2-4/px4_ros_com_ros2/install/px4_ros_com/lib'
[47.718s] Level 1:colcon.colcon_core.shell:create_environment_hook('px4_ros_com', 'ld_library_path_lib')
[47.721s] INFO:colcon.colcon_core.shell:Creating environment hook '/home/navlab-tx2-4/px4_ros_com_ros2/install/px4_ros_com/share/px4_ros_com/hook/ld_library_path_lib.ps1'
[47.724s] INFO:colcon.colcon_core.shell:Creating environment descriptor '/home/navlab-tx2-4/px4_ros_com_ros2/install/px4_ros_com/share/px4_ros_com/hook/ld_library_path_lib.dsv'
[47.725s] INFO:colcon.colcon_core.shell:Creating environment hook '/home/navlab-tx2-4/px4_ros_com_ros2/install/px4_ros_com/share/px4_ros_com/hook/ld_library_path_lib.sh'
[47.727s] Level 1:colcon.colcon_core.environment:checking '/home/navlab-tx2-4/px4_ros_com_ros2/install/px4_ros_com/bin'
[47.727s] Level 1:colcon.colcon_core.shell:create_environment_hook('px4_ros_com', 'path')
[47.730s] INFO:colcon.colcon_core.shell:Creating environment hook '/home/navlab-tx2-4/px4_ros_com_ros2/install/px4_ros_com/share/px4_ros_com/hook/path.ps1'
[47.732s] INFO:colcon.colcon_core.shell:Creating environment descriptor '/home/navlab-tx2-4/px4_ros_com_ros2/install/px4_ros_com/share/px4_ros_com/hook/path.dsv'
[47.734s] INFO:colcon.colcon_core.shell:Creating environment hook '/home/navlab-tx2-4/px4_ros_com_ros2/install/px4_ros_com/share/px4_ros_com/hook/path.sh'
[47.735s] Level 1:colcon.colcon_core.environment:checking '/home/navlab-tx2-4/px4_ros_com_ros2/install/px4_ros_com/lib/pkgconfig/px4_ros_com.pc'
[47.736s] Level 1:colcon.colcon_core.environment:checking '/home/navlab-tx2-4/px4_ros_com_ros2/install/px4_ros_com/lib/python3.6/site-packages'
[47.740s] INFO:colcon.colcon_core.shell:Creating package script '/home/navlab-tx2-4/px4_ros_com_ros2/install/px4_ros_com/share/px4_ros_com/package.ps1'
[47.742s] INFO:colcon.colcon_core.shell:Creating package descriptor '/home/navlab-tx2-4/px4_ros_com_ros2/install/px4_ros_com/share/px4_ros_com/package.dsv'
[47.745s] INFO:colcon.colcon_core.shell:Creating package script '/home/navlab-tx2-4/px4_ros_com_ros2/install/px4_ros_com/share/px4_ros_com/package.sh'
[47.748s] INFO:colcon.colcon_core.shell:Creating package script '/home/navlab-tx2-4/px4_ros_com_ros2/install/px4_ros_com/share/px4_ros_com/package.bash'
[47.750s] INFO:colcon.colcon_core.shell:Creating package script '/home/navlab-tx2-4/px4_ros_com_ros2/install/px4_ros_com/share/px4_ros_com/package.zsh'
[47.752s] Level 1:colcon.colcon_core.environment:create_file_with_runtime_dependencies(/home/navlab-tx2-4/px4_ros_com_ros2/install/px4_ros_com/share/colcon-core/packages/px4_ros_com)
[71.803s] DEBUG:colcon.colcon_core.event_handler.log_command:Invoked command in '/home/navlab-tx2-4/px4_ros_com_ros2/build/offboard_ibqr' returned '0': CMAKE_PREFIX_PATH=/home/navlab-tx2-4/px4_ros_com_ros2/install/px4_msgs:/home/navlab-tx2-4/px4_ros_com_ros2/install/ros1_bridge:/home/navlab-tx2-4/px4_ros_com_ros2/install/px4_ros_com:/home/navlab-tx2-4/px4_ros_com_ros2/install/offboard_ibqr:/home/navlab-tx2-4/px4_ros_com_ros2/install/multi_rtd_interfaces:/home/navlab-tx2-4/px4_ros_com_ros2/install/multi_rtd:/opt/ros/eloquent LD_LIBRARY_PATH=/home/navlab-tx2-4/px4_ros_com_ros2/install/px4_msgs/lib:/home/navlab-tx2-4/px4_ros_com_ros2/install/px4_ros_com/lib:/home/navlab-tx2-4/px4_ros_com_ros2/install/multi_rtd_interfaces/lib:/opt/ros/eloquent/opt/yaml_cpp_vendor/lib:/opt/ros/eloquent/opt/rviz_ogre_vendor/lib:/opt/ros/eloquent/lib/aarch64-linux-gnu:/opt/ros/eloquent/lib /usr/bin/cmake --build /home/navlab-tx2-4/px4_ros_com_ros2/build/offboard_ibqr -- -j4 -l4
[71.937s] DEBUG:colcon.colcon_core.event_handler.log_command:Invoking command in '/home/navlab-tx2-4/px4_ros_com_ros2/build/offboard_ibqr': CMAKE_PREFIX_PATH=/home/navlab-tx2-4/px4_ros_com_ros2/install/px4_msgs:/home/navlab-tx2-4/px4_ros_com_ros2/install/ros1_bridge:/home/navlab-tx2-4/px4_ros_com_ros2/install/px4_ros_com:/home/navlab-tx2-4/px4_ros_com_ros2/install/offboard_ibqr:/home/navlab-tx2-4/px4_ros_com_ros2/install/multi_rtd_interfaces:/home/navlab-tx2-4/px4_ros_com_ros2/install/multi_rtd:/opt/ros/eloquent LD_LIBRARY_PATH=/home/navlab-tx2-4/px4_ros_com_ros2/install/px4_msgs/lib:/home/navlab-tx2-4/px4_ros_com_ros2/install/px4_ros_com/lib:/home/navlab-tx2-4/px4_ros_com_ros2/install/multi_rtd_interfaces/lib:/opt/ros/eloquent/opt/yaml_cpp_vendor/lib:/opt/ros/eloquent/opt/rviz_ogre_vendor/lib:/opt/ros/eloquent/lib/aarch64-linux-gnu:/opt/ros/eloquent/lib /usr/bin/cmake --build /home/navlab-tx2-4/px4_ros_com_ros2/build/offboard_ibqr --target install -- -j4 -l4
[72.295s] Level 1:colcon.colcon_core.environment:create_environment_scripts_only(offboard_ibqr)
[72.303s] Level 1:colcon.colcon_core.environment:checking '/home/navlab-tx2-4/px4_ros_com_ros2/install/offboard_ibqr' for CMake module files
[72.305s] DEBUG:colcon.colcon_core.event_handler.log_command:Invoked command in '/home/navlab-tx2-4/px4_ros_com_ros2/build/offboard_ibqr' returned '0': CMAKE_PREFIX_PATH=/home/navlab-tx2-4/px4_ros_com_ros2/install/px4_msgs:/home/navlab-tx2-4/px4_ros_com_ros2/install/ros1_bridge:/home/navlab-tx2-4/px4_ros_com_ros2/install/px4_ros_com:/home/navlab-tx2-4/px4_ros_com_ros2/install/offboard_ibqr:/home/navlab-tx2-4/px4_ros_com_ros2/install/multi_rtd_interfaces:/home/navlab-tx2-4/px4_ros_com_ros2/install/multi_rtd:/opt/ros/eloquent LD_LIBRARY_PATH=/home/navlab-tx2-4/px4_ros_com_ros2/install/px4_msgs/lib:/home/navlab-tx2-4/px4_ros_com_ros2/install/px4_ros_com/lib:/home/navlab-tx2-4/px4_ros_com_ros2/install/multi_rtd_interfaces/lib:/opt/ros/eloquent/opt/yaml_cpp_vendor/lib:/opt/ros/eloquent/opt/rviz_ogre_vendor/lib:/opt/ros/eloquent/lib/aarch64-linux-gnu:/opt/ros/eloquent/lib /usr/bin/cmake --build /home/navlab-tx2-4/px4_ros_com_ros2/build/offboard_ibqr --target install -- -j4 -l4
[72.308s] Level 1:colcon.colcon_core.environment:checking '/home/navlab-tx2-4/px4_ros_com_ros2/install/offboard_ibqr' for CMake config files
[72.309s] Level 1:colcon.colcon_core.shell:create_environment_hook('offboard_ibqr', 'cmake_prefix_path')
[72.312s] INFO:colcon.colcon_core.shell:Creating environment hook '/home/navlab-tx2-4/px4_ros_com_ros2/install/offboard_ibqr/share/offboard_ibqr/hook/cmake_prefix_path.ps1'
[72.313s] INFO:colcon.colcon_core.shell:Creating environment descriptor '/home/navlab-tx2-4/px4_ros_com_ros2/install/offboard_ibqr/share/offboard_ibqr/hook/cmake_prefix_path.dsv'
[72.315s] INFO:colcon.colcon_core.shell:Creating environment hook '/home/navlab-tx2-4/px4_ros_com_ros2/install/offboard_ibqr/share/offboard_ibqr/hook/cmake_prefix_path.sh'
[72.317s] Level 1:colcon.colcon_core.environment:checking '/home/navlab-tx2-4/px4_ros_com_ros2/install/offboard_ibqr/lib'
[72.318s] Level 1:colcon.colcon_core.environment:checking '/home/navlab-tx2-4/px4_ros_com_ros2/install/offboard_ibqr/bin'
[72.318s] Level 1:colcon.colcon_core.environment:checking '/home/navlab-tx2-4/px4_ros_com_ros2/install/offboard_ibqr/lib/pkgconfig/offboard_ibqr.pc'
[72.318s] Level 1:colcon.colcon_core.environment:checking '/home/navlab-tx2-4/px4_ros_com_ros2/install/offboard_ibqr/lib/python3.6/site-packages'
[72.322s] INFO:colcon.colcon_core.shell:Creating package script '/home/navlab-tx2-4/px4_ros_com_ros2/install/offboard_ibqr/share/offboard_ibqr/package.ps1'
[72.325s] INFO:colcon.colcon_core.shell:Creating package descriptor '/home/navlab-tx2-4/px4_ros_com_ros2/install/offboard_ibqr/share/offboard_ibqr/package.dsv'
[72.326s] INFO:colcon.colcon_core.shell:Creating package script '/home/navlab-tx2-4/px4_ros_com_ros2/install/offboard_ibqr/share/offboard_ibqr/package.sh'
[72.327s] INFO:colcon.colcon_core.shell:Creating package script '/home/navlab-tx2-4/px4_ros_com_ros2/install/offboard_ibqr/share/offboard_ibqr/package.bash'
[72.329s] INFO:colcon.colcon_core.shell:Creating package script '/home/navlab-tx2-4/px4_ros_com_ros2/install/offboard_ibqr/share/offboard_ibqr/package.zsh'
[72.330s] Level 1:colcon.colcon_core.environment:create_file_with_runtime_dependencies(/home/navlab-tx2-4/px4_ros_com_ros2/install/offboard_ibqr/share/colcon-core/packages/offboard_ibqr)
[72.443s] Level 1:colcon.colcon_core.environment:create_environment_scripts_only(offboard_ibqr)
[72.448s] Level 1:colcon.colcon_core.environment:checking '/home/navlab-tx2-4/px4_ros_com_ros2/install/offboard_ibqr' for CMake module files
[72.451s] Level 1:colcon.colcon_core.environment:checking '/home/navlab-tx2-4/px4_ros_com_ros2/install/offboard_ibqr' for CMake config files
[72.452s] Level 1:colcon.colcon_core.shell:create_environment_hook('offboard_ibqr', 'cmake_prefix_path')
[72.455s] INFO:colcon.colcon_core.shell:Creating environment hook '/home/navlab-tx2-4/px4_ros_com_ros2/install/offboard_ibqr/share/offboard_ibqr/hook/cmake_prefix_path.ps1'
[72.457s] INFO:colcon.colcon_core.shell:Creating environment descriptor '/home/navlab-tx2-4/px4_ros_com_ros2/install/offboard_ibqr/share/offboard_ibqr/hook/cmake_prefix_path.dsv'
[72.459s] INFO:colcon.colcon_core.shell:Creating environment hook '/home/navlab-tx2-4/px4_ros_com_ros2/install/offboard_ibqr/share/offboard_ibqr/hook/cmake_prefix_path.sh'
[72.462s] Level 1:colcon.colcon_core.environment:checking '/home/navlab-tx2-4/px4_ros_com_ros2/install/offboard_ibqr/lib'
[72.462s] Level 1:colcon.colcon_core.environment:checking '/home/navlab-tx2-4/px4_ros_com_ros2/install/offboard_ibqr/bin'
[72.462s] Level 1:colcon.colcon_core.environment:checking '/home/navlab-tx2-4/px4_ros_com_ros2/install/offboard_ibqr/lib/pkgconfig/offboard_ibqr.pc'
[72.462s] Level 1:colcon.colcon_core.environment:checking '/home/navlab-tx2-4/px4_ros_com_ros2/install/offboard_ibqr/lib/python3.6/site-packages'
[72.466s] INFO:colcon.colcon_core.shell:Creating package script '/home/navlab-tx2-4/px4_ros_com_ros2/install/offboard_ibqr/share/offboard_ibqr/package.ps1'
[72.468s] INFO:colcon.colcon_core.shell:Creating package descriptor '/home/navlab-tx2-4/px4_ros_com_ros2/install/offboard_ibqr/share/offboard_ibqr/package.dsv'
[72.470s] INFO:colcon.colcon_core.shell:Creating package script '/home/navlab-tx2-4/px4_ros_com_ros2/install/offboard_ibqr/share/offboard_ibqr/package.sh'
[72.472s] INFO:colcon.colcon_core.shell:Creating package script '/home/navlab-tx2-4/px4_ros_com_ros2/install/offboard_ibqr/share/offboard_ibqr/package.bash'
[72.473s] INFO:colcon.colcon_core.shell:Creating package script '/home/navlab-tx2-4/px4_ros_com_ros2/install/offboard_ibqr/share/offboard_ibqr/package.zsh'
[72.475s] Level 1:colcon.colcon_core.environment:create_file_with_runtime_dependencies(/home/navlab-tx2-4/px4_ros_com_ros2/install/offboard_ibqr/share/colcon-core/packages/offboard_ibqr)
[72.476s] DEBUG:colcon.colcon_parallel_executor.executor.parallel:closing loop
[72.480s] DEBUG:colcon.colcon_parallel_executor.executor.parallel:loop closed
[72.481s] DEBUG:colcon.colcon_parallel_executor.executor.parallel:run_until_complete finished with '0'
[72.482s] DEBUG:colcon.colcon_core.event_reactor:joining thread
[72.507s] INFO:colcon.colcon_core.plugin_system:Skipping extension 'colcon_notification.desktop_notification.terminal_notifier': Not used on non-Darwin systems
[72.507s] INFO:colcon.colcon_core.plugin_system:Skipping extension 'colcon_notification.desktop_notification.win32': Not used on non-Windows systems
[72.507s] INFO:colcon.colcon_notification.desktop_notification:Sending desktop notification using 'notify2'
[72.682s] DEBUG:colcon.colcon_core.event_reactor:joined thread
[72.686s] INFO:colcon.colcon_core.shell:Creating prefix script '/home/navlab-tx2-4/px4_ros_com_ros2/install/local_setup.ps1'
[72.691s] INFO:colcon.colcon_core.shell:Creating prefix util module '/home/navlab-tx2-4/px4_ros_com_ros2/install/_local_setup_util_ps1.py'
[72.698s] INFO:colcon.colcon_core.shell:Creating prefix chain script '/home/navlab-tx2-4/px4_ros_com_ros2/install/setup.ps1'
[72.711s] INFO:colcon.colcon_core.shell:Creating prefix script '/home/navlab-tx2-4/px4_ros_com_ros2/install/local_setup.sh'
[72.714s] INFO:colcon.colcon_core.shell:Creating prefix util module '/home/navlab-tx2-4/px4_ros_com_ros2/install/_local_setup_util_sh.py'
[72.716s] INFO:colcon.colcon_core.shell:Creating prefix chain script '/home/navlab-tx2-4/px4_ros_com_ros2/install/setup.sh'
[72.730s] INFO:colcon.colcon_core.shell:Creating prefix script '/home/navlab-tx2-4/px4_ros_com_ros2/install/local_setup.bash'
[72.733s] INFO:colcon.colcon_core.shell:Creating prefix chain script '/home/navlab-tx2-4/px4_ros_com_ros2/install/setup.bash'
[72.747s] INFO:colcon.colcon_core.shell:Creating prefix script '/home/navlab-tx2-4/px4_ros_com_ros2/install/local_setup.zsh'
[72.750s] INFO:colcon.colcon_core.shell:Creating prefix chain script '/home/navlab-tx2-4/px4_ros_com_ros2/install/setup.zsh'
