[0.086s] Invoking command in '/home/navlab-tx2-4/px4_ros_com_ros2/build/ros1_bridge': AMENT_PREFIX_PATH=/home/navlab-tx2-4/px4_ros_com_ros2/install/px4_msgs:/home/navlab-tx2-4/px4_ros_com_ros2/install/multi_rtd_interfaces:${AMENT_PREFIX_PATH} CMAKE_PREFIX_PATH=/home/navlab-tx2-4/px4_ros_com_ros2/install/px4_msgs:/home/navlab-tx2-4/px4_ros_com_ros2/install/multi_rtd_interfaces:/opt/ros/eloquent LD_LIBRARY_PATH=/home/navlab-tx2-4/px4_ros_com_ros2/install/px4_msgs/lib:/home/navlab-tx2-4/px4_ros_com_ros2/install/multi_rtd_interfaces/lib:${LD_LIBRARY_PATH} PYTHONPATH=/home/navlab-tx2-4/px4_ros_com_ros2/install/px4_msgs/lib/python3.6/site-packages:/home/navlab-tx2-4/px4_ros_com_ros2/install/multi_rtd_interfaces/lib/python3.6/site-packages:${PYTHONPATH} /usr/bin/cmake /home/navlab-tx2-4/px4_ros_com_ros2/src/ros1_bridge -DCMAKE_INSTALL_PREFIX=/home/navlab-tx2-4/px4_ros_com_ros2/install/ros1_bridge
[0.276s] -- The C compiler identification is GNU 7.5.0
[0.456s] -- The CXX compiler identification is GNU 7.5.0
[0.476s] -- Check for working C compiler: /usr/bin/cc
[0.700s] -- Check for working C compiler: /usr/bin/cc -- works
[0.701s] -- Detecting C compiler ABI info
[0.919s] -- Detecting C compiler ABI info - done
[0.935s] -- Detecting C compile features
[1.601s] -- Detecting C compile features - done
[1.607s] -- Check for working CXX compiler: /usr/bin/c++
[1.906s] -- Check for working CXX compiler: /usr/bin/c++ -- works
[1.907s] -- Detecting CXX compiler ABI info
[2.148s] -- Detecting CXX compiler ABI info - done
[2.162s] -- Detecting CXX compile features
[3.215s] -- Detecting CXX compile features - done
[3.222s] -- Found rmw: 0.8.1 (/opt/ros/eloquent/share/rmw/cmake)
[3.330s] -- Found PythonInterp: /usr/bin/python3 (found suitable version "3.6.9", minimum required is "3") 
[3.330s] -- Using PYTHON_EXECUTABLE: /usr/bin/python3
[4.302s] -- Found rosidl_adapter: 0.8.3 (/opt/ros/eloquent/share/rosidl_adapter/cmake)
[4.334s] -- Found rclcpp: 0.8.5 (/opt/ros/eloquent/share/rclcpp/cmake)
[4.535s] -- Found rmw_implementation_cmake: 0.8.1 (/opt/ros/eloquent/share/rmw_implementation_cmake/cmake)
[4.539s] -- Using RMW implementation 'rmw_fastrtps_cpp' as default
[4.544s] -- Looking for pthread.h
[4.778s] -- Looking for pthread.h - found
[4.784s] -- Looking for pthread_create
[5.021s] -- Looking for pthread_create - not found
[5.022s] -- Looking for pthread_create in pthreads
[5.224s] -- Looking for pthread_create in pthreads - not found
[5.224s] -- Looking for pthread_create in pthread
[5.442s] -- Looking for pthread_create in pthread - found
[5.444s] -- Found Threads: TRUE  
[5.569s] -- Found std_msgs: 0.8.1 (/opt/ros/eloquent/share/std_msgs/cmake)
[5.596s] -- Found PkgConfig: /usr/bin/pkg-config (found version "0.29.1") 
[5.610s] -- Checking for module 'roscpp'
[5.620s] --   No package 'roscpp' found
[5.621s] CMake Warning at CMakeLists.txt:34 (message):
[5.622s]   Failed to find ROS 1 roscpp, skipping...
[5.622s] 
[5.623s] 
[5.904s] -- Configuring done
[5.912s] -- Generating done
[5.916s] -- Build files have been written to: /home/navlab-tx2-4/px4_ros_com_ros2/build/ros1_bridge
[5.926s] Invoked command in '/home/navlab-tx2-4/px4_ros_com_ros2/build/ros1_bridge' returned '0': AMENT_PREFIX_PATH=/home/navlab-tx2-4/px4_ros_com_ros2/install/px4_msgs:/home/navlab-tx2-4/px4_ros_com_ros2/install/multi_rtd_interfaces:${AMENT_PREFIX_PATH} CMAKE_PREFIX_PATH=/home/navlab-tx2-4/px4_ros_com_ros2/install/px4_msgs:/home/navlab-tx2-4/px4_ros_com_ros2/install/multi_rtd_interfaces:/opt/ros/eloquent LD_LIBRARY_PATH=/home/navlab-tx2-4/px4_ros_com_ros2/install/px4_msgs/lib:/home/navlab-tx2-4/px4_ros_com_ros2/install/multi_rtd_interfaces/lib:${LD_LIBRARY_PATH} PYTHONPATH=/home/navlab-tx2-4/px4_ros_com_ros2/install/px4_msgs/lib/python3.6/site-packages:/home/navlab-tx2-4/px4_ros_com_ros2/install/multi_rtd_interfaces/lib/python3.6/site-packages:${PYTHONPATH} /usr/bin/cmake /home/navlab-tx2-4/px4_ros_com_ros2/src/ros1_bridge -DCMAKE_INSTALL_PREFIX=/home/navlab-tx2-4/px4_ros_com_ros2/install/ros1_bridge
[5.939s] Invoking command in '/home/navlab-tx2-4/px4_ros_com_ros2/build/ros1_bridge': AMENT_PREFIX_PATH=/home/navlab-tx2-4/px4_ros_com_ros2/install/px4_msgs:/home/navlab-tx2-4/px4_ros_com_ros2/install/multi_rtd_interfaces:${AMENT_PREFIX_PATH} CMAKE_PREFIX_PATH=/home/navlab-tx2-4/px4_ros_com_ros2/install/px4_msgs:/home/navlab-tx2-4/px4_ros_com_ros2/install/multi_rtd_interfaces:/opt/ros/eloquent LD_LIBRARY_PATH=/home/navlab-tx2-4/px4_ros_com_ros2/install/px4_msgs/lib:/home/navlab-tx2-4/px4_ros_com_ros2/install/multi_rtd_interfaces/lib:${LD_LIBRARY_PATH} PYTHONPATH=/home/navlab-tx2-4/px4_ros_com_ros2/install/px4_msgs/lib/python3.6/site-packages:/home/navlab-tx2-4/px4_ros_com_ros2/install/multi_rtd_interfaces/lib/python3.6/site-packages:${PYTHONPATH} /usr/bin/cmake --build /home/navlab-tx2-4/px4_ros_com_ros2/build/ros1_bridge -- -j4 -l4
[6.081s] Invoked command in '/home/navlab-tx2-4/px4_ros_com_ros2/build/ros1_bridge' returned '0': AMENT_PREFIX_PATH=/home/navlab-tx2-4/px4_ros_com_ros2/install/px4_msgs:/home/navlab-tx2-4/px4_ros_com_ros2/install/multi_rtd_interfaces:${AMENT_PREFIX_PATH} CMAKE_PREFIX_PATH=/home/navlab-tx2-4/px4_ros_com_ros2/install/px4_msgs:/home/navlab-tx2-4/px4_ros_com_ros2/install/multi_rtd_interfaces:/opt/ros/eloquent LD_LIBRARY_PATH=/home/navlab-tx2-4/px4_ros_com_ros2/install/px4_msgs/lib:/home/navlab-tx2-4/px4_ros_com_ros2/install/multi_rtd_interfaces/lib:${LD_LIBRARY_PATH} PYTHONPATH=/home/navlab-tx2-4/px4_ros_com_ros2/install/px4_msgs/lib/python3.6/site-packages:/home/navlab-tx2-4/px4_ros_com_ros2/install/multi_rtd_interfaces/lib/python3.6/site-packages:${PYTHONPATH} /usr/bin/cmake --build /home/navlab-tx2-4/px4_ros_com_ros2/build/ros1_bridge -- -j4 -l4
[6.170s] Invoking command in '/home/navlab-tx2-4/px4_ros_com_ros2/build/ros1_bridge': AMENT_PREFIX_PATH=/home/navlab-tx2-4/px4_ros_com_ros2/install/px4_msgs:/home/navlab-tx2-4/px4_ros_com_ros2/install/multi_rtd_interfaces:${AMENT_PREFIX_PATH} CMAKE_PREFIX_PATH=/home/navlab-tx2-4/px4_ros_com_ros2/install/px4_msgs:/home/navlab-tx2-4/px4_ros_com_ros2/install/multi_rtd_interfaces:/opt/ros/eloquent LD_LIBRARY_PATH=/home/navlab-tx2-4/px4_ros_com_ros2/install/px4_msgs/lib:/home/navlab-tx2-4/px4_ros_com_ros2/install/multi_rtd_interfaces/lib:${LD_LIBRARY_PATH} PYTHONPATH=/home/navlab-tx2-4/px4_ros_com_ros2/install/px4_msgs/lib/python3.6/site-packages:/home/navlab-tx2-4/px4_ros_com_ros2/install/multi_rtd_interfaces/lib/python3.6/site-packages:${PYTHONPATH} /usr/bin/cmake --build /home/navlab-tx2-4/px4_ros_com_ros2/build/ros1_bridge --target install -- -j4 -l4
[6.344s] [36mInstall the project...[0m
[6.374s] -- Install configuration: ""
[6.375s] -- Installing: /home/navlab-tx2-4/px4_ros_com_ros2/install/ros1_bridge/share/ament_index/resource_index/package_run_dependencies/ros1_bridge
[6.375s] -- Installing: /home/navlab-tx2-4/px4_ros_com_ros2/install/ros1_bridge/share/ament_index/resource_index/parent_prefix_path/ros1_bridge
[6.376s] -- Installing: /home/navlab-tx2-4/px4_ros_com_ros2/install/ros1_bridge/share/ros1_bridge/environment/ament_prefix_path.sh
[6.377s] -- Installing: /home/navlab-tx2-4/px4_ros_com_ros2/install/ros1_bridge/share/ros1_bridge/environment/ament_prefix_path.dsv
[6.377s] -- Installing: /home/navlab-tx2-4/px4_ros_com_ros2/install/ros1_bridge/share/ros1_bridge/environment/path.sh
[6.378s] -- Installing: /home/navlab-tx2-4/px4_ros_com_ros2/install/ros1_bridge/share/ros1_bridge/environment/path.dsv
[6.378s] -- Installing: /home/navlab-tx2-4/px4_ros_com_ros2/install/ros1_bridge/share/ros1_bridge/local_setup.bash
[6.379s] -- Installing: /home/navlab-tx2-4/px4_ros_com_ros2/install/ros1_bridge/share/ros1_bridge/local_setup.sh
[6.379s] -- Installing: /home/navlab-tx2-4/px4_ros_com_ros2/install/ros1_bridge/share/ros1_bridge/local_setup.zsh
[6.381s] -- Installing: /home/navlab-tx2-4/px4_ros_com_ros2/install/ros1_bridge/share/ros1_bridge/local_setup.dsv
[6.381s] -- Installing: /home/navlab-tx2-4/px4_ros_com_ros2/install/ros1_bridge/share/ros1_bridge/package.dsv
[6.382s] -- Installing: /home/navlab-tx2-4/px4_ros_com_ros2/install/ros1_bridge/share/ament_index/resource_index/packages/ros1_bridge
[6.382s] -- Installing: /home/navlab-tx2-4/px4_ros_com_ros2/install/ros1_bridge/share/ros1_bridge/cmake/find_ros1_package.cmake
[6.383s] -- Installing: /home/navlab-tx2-4/px4_ros_com_ros2/install/ros1_bridge/share/ros1_bridge/cmake/find_ros1_interface_packages.cmake
[6.384s] -- Installing: /home/navlab-tx2-4/px4_ros_com_ros2/install/ros1_bridge/share/ros1_bridge/cmake/ros1_bridgeConfig.cmake
[6.384s] -- Installing: /home/navlab-tx2-4/px4_ros_com_ros2/install/ros1_bridge/share/ros1_bridge/cmake/ros1_bridgeConfig-version.cmake
[6.385s] -- Installing: /home/navlab-tx2-4/px4_ros_com_ros2/install/ros1_bridge/share/ros1_bridge/package.xml
[6.399s] Invoked command in '/home/navlab-tx2-4/px4_ros_com_ros2/build/ros1_bridge' returned '0': AMENT_PREFIX_PATH=/home/navlab-tx2-4/px4_ros_com_ros2/install/px4_msgs:/home/navlab-tx2-4/px4_ros_com_ros2/install/multi_rtd_interfaces:${AMENT_PREFIX_PATH} CMAKE_PREFIX_PATH=/home/navlab-tx2-4/px4_ros_com_ros2/install/px4_msgs:/home/navlab-tx2-4/px4_ros_com_ros2/install/multi_rtd_interfaces:/opt/ros/eloquent LD_LIBRARY_PATH=/home/navlab-tx2-4/px4_ros_com_ros2/install/px4_msgs/lib:/home/navlab-tx2-4/px4_ros_com_ros2/install/multi_rtd_interfaces/lib:${LD_LIBRARY_PATH} PYTHONPATH=/home/navlab-tx2-4/px4_ros_com_ros2/install/px4_msgs/lib/python3.6/site-packages:/home/navlab-tx2-4/px4_ros_com_ros2/install/multi_rtd_interfaces/lib/python3.6/site-packages:${PYTHONPATH} /usr/bin/cmake --build /home/navlab-tx2-4/px4_ros_com_ros2/build/ros1_bridge --target install -- -j4 -l4
