[0.129s] Invoking command in '/home/navlab-tx2-4/px4_ros_com_ros2/build/px4_ros_com': CMAKE_PREFIX_PATH=/home/navlab-tx2-4/px4_ros_com_ros2/install/px4_msgs:/home/navlab-tx2-4/px4_ros_com_ros2/install/ros1_bridge:/home/navlab-tx2-4/px4_ros_com_ros2/install/px4_ros_com:/home/navlab-tx2-4/px4_ros_com_ros2/install/offboard_ibqr:/home/navlab-tx2-4/px4_ros_com_ros2/install/multi_rtd_interfaces:/home/navlab-tx2-4/px4_ros_com_ros2/install/multi_rtd:/opt/ros/eloquent LD_LIBRARY_PATH=/home/navlab-tx2-4/px4_ros_com_ros2/install/px4_msgs/lib:/home/navlab-tx2-4/px4_ros_com_ros2/install/px4_ros_com/lib:/home/navlab-tx2-4/px4_ros_com_ros2/install/multi_rtd_interfaces/lib:/opt/ros/eloquent/opt/yaml_cpp_vendor/lib:/opt/ros/eloquent/opt/rviz_ogre_vendor/lib:/opt/ros/eloquent/lib/aarch64-linux-gnu:/opt/ros/eloquent/lib /usr/bin/cmake --build /home/navlab-tx2-4/px4_ros_com_ros2/build/px4_ros_com -- -j4 -l4
[0.403s] [  1%] Built target debug_vect_advertiser
[0.442s] [  3%] Built target offboard_control
[0.482s] [  5%] Built target new_offboard_control
[0.607s] [  7%] Built target sensor_combined_listener
[0.618s] [ 96%] Built target micrortps_agent
[0.630s] [ 98%] Built target frame_transforms
[0.646s] [100%] Built target vehicle_gps_position_listener
[0.712s] Invoked command in '/home/navlab-tx2-4/px4_ros_com_ros2/build/px4_ros_com' returned '0': CMAKE_PREFIX_PATH=/home/navlab-tx2-4/px4_ros_com_ros2/install/px4_msgs:/home/navlab-tx2-4/px4_ros_com_ros2/install/ros1_bridge:/home/navlab-tx2-4/px4_ros_com_ros2/install/px4_ros_com:/home/navlab-tx2-4/px4_ros_com_ros2/install/offboard_ibqr:/home/navlab-tx2-4/px4_ros_com_ros2/install/multi_rtd_interfaces:/home/navlab-tx2-4/px4_ros_com_ros2/install/multi_rtd:/opt/ros/eloquent LD_LIBRARY_PATH=/home/navlab-tx2-4/px4_ros_com_ros2/install/px4_msgs/lib:/home/navlab-tx2-4/px4_ros_com_ros2/install/px4_ros_com/lib:/home/navlab-tx2-4/px4_ros_com_ros2/install/multi_rtd_interfaces/lib:/opt/ros/eloquent/opt/yaml_cpp_vendor/lib:/opt/ros/eloquent/opt/rviz_ogre_vendor/lib:/opt/ros/eloquent/lib/aarch64-linux-gnu:/opt/ros/eloquent/lib /usr/bin/cmake --build /home/navlab-tx2-4/px4_ros_com_ros2/build/px4_ros_com -- -j4 -l4
[1.787s] Invoking command in '/home/navlab-tx2-4/px4_ros_com_ros2/build/px4_ros_com': CMAKE_PREFIX_PATH=/home/navlab-tx2-4/px4_ros_com_ros2/install/px4_msgs:/home/navlab-tx2-4/px4_ros_com_ros2/install/ros1_bridge:/home/navlab-tx2-4/px4_ros_com_ros2/install/px4_ros_com:/home/navlab-tx2-4/px4_ros_com_ros2/install/offboard_ibqr:/home/navlab-tx2-4/px4_ros_com_ros2/install/multi_rtd_interfaces:/home/navlab-tx2-4/px4_ros_com_ros2/install/multi_rtd:/opt/ros/eloquent LD_LIBRARY_PATH=/home/navlab-tx2-4/px4_ros_com_ros2/install/px4_msgs/lib:/home/navlab-tx2-4/px4_ros_com_ros2/install/px4_ros_com/lib:/home/navlab-tx2-4/px4_ros_com_ros2/install/multi_rtd_interfaces/lib:/opt/ros/eloquent/opt/yaml_cpp_vendor/lib:/opt/ros/eloquent/opt/rviz_ogre_vendor/lib:/opt/ros/eloquent/lib/aarch64-linux-gnu:/opt/ros/eloquent/lib /usr/bin/cmake --build /home/navlab-tx2-4/px4_ros_com_ros2/build/px4_ros_com --target install -- -j4 -l4
[2.018s] [  3%] Built target offboard_control
[2.019s] [  3%] Built target debug_vect_advertiser
[2.022s] [  5%] Built target new_offboard_control
[2.121s] [  7%] Built target sensor_combined_listener
[2.125s] [  9%] Built target frame_transforms
[2.132s] [ 11%] Built target vehicle_gps_position_listener
[2.167s] [100%] Built target micrortps_agent
[2.234s] [36mInstall the project...[0m
[2.263s] -- Install configuration: "RELWITHDEBINFO"
[2.264s] -- Execute custom install script
[2.266s] -- Up-to-date symlink: /home/navlab-tx2-4/px4_ros_com_ros2/install/px4_ros_com/lib/px4_ros_com/sensor_combined_listener
[2.267s] -- Up-to-date symlink: /home/navlab-tx2-4/px4_ros_com_ros2/install/px4_ros_com/lib/px4_ros_com/vehicle_gps_position_listener
[2.268s] -- Up-to-date symlink: /home/navlab-tx2-4/px4_ros_com_ros2/install/px4_ros_com/lib/px4_ros_com/debug_vect_advertiser
[2.269s] -- Up-to-date symlink: /home/navlab-tx2-4/px4_ros_com_ros2/install/px4_ros_com/lib/px4_ros_com/offboard_control
[2.270s] -- Up-to-date symlink: /home/navlab-tx2-4/px4_ros_com_ros2/install/px4_ros_com/lib/px4_ros_com/new_offboard_control
[2.271s] -- Up-to-date symlink: /home/navlab-tx2-4/px4_ros_com_ros2/install/px4_ros_com/share/px4_ros_com/environment/library_path.sh
[2.272s] -- Up-to-date symlink: /home/navlab-tx2-4/px4_ros_com_ros2/install/px4_ros_com/share/px4_ros_com/environment/library_path.dsv
[2.274s] -- Up-to-date symlink: /home/navlab-tx2-4/px4_ros_com_ros2/install/px4_ros_com/include/px4_ros_com/frame_transforms.h
[2.275s] -- Up-to-date symlink: /home/navlab-tx2-4/px4_ros_com_ros2/install/px4_ros_com/share/px4_ros_com/cmake/EnableC++XX.cmake
[2.276s] -- Up-to-date symlink: /home/navlab-tx2-4/px4_ros_com_ros2/install/px4_ros_com/share/px4_ros_com/cmake/EnableSanitizers.cmake
[2.277s] -- Up-to-date symlink: /home/navlab-tx2-4/px4_ros_com_ros2/install/px4_ros_com/share/px4_ros_com/cmake/GenerateMicroRTPSAgent.cmake
[2.278s] -- Up-to-date symlink: /home/navlab-tx2-4/px4_ros_com_ros2/install/px4_ros_com/share/px4_ros_com/launch/sensor_combined_listener.launch.py
[2.279s] -- Up-to-date symlink: /home/navlab-tx2-4/px4_ros_com_ros2/install/px4_ros_com/share/px4_ros_com/test/__init__.py
[2.280s] -- Up-to-date symlink: /home/navlab-tx2-4/px4_ros_com_ros2/install/px4_ros_com/share/px4_ros_com/test/pipeline_io_test.py
[2.280s] -- Up-to-date symlink: /home/navlab-tx2-4/px4_ros_com_ros2/install/px4_ros_com/share/px4_ros_com/test/test_input.py
[2.281s] -- Up-to-date symlink: /home/navlab-tx2-4/px4_ros_com_ros2/install/px4_ros_com/share/px4_ros_com/test/test_output.py
[2.282s] -- Up-to-date symlink: /home/navlab-tx2-4/px4_ros_com_ros2/install/px4_ros_com/share/ament_index/resource_index/package_run_dependencies/px4_ros_com
[2.283s] -- Up-to-date symlink: /home/navlab-tx2-4/px4_ros_com_ros2/install/px4_ros_com/share/ament_index/resource_index/parent_prefix_path/px4_ros_com
[2.284s] -- Up-to-date symlink: /home/navlab-tx2-4/px4_ros_com_ros2/install/px4_ros_com/share/px4_ros_com/environment/ament_prefix_path.sh
[2.284s] -- Up-to-date symlink: /home/navlab-tx2-4/px4_ros_com_ros2/install/px4_ros_com/share/px4_ros_com/environment/ament_prefix_path.dsv
[2.285s] -- Up-to-date symlink: /home/navlab-tx2-4/px4_ros_com_ros2/install/px4_ros_com/share/px4_ros_com/environment/path.sh
[2.286s] -- Up-to-date symlink: /home/navlab-tx2-4/px4_ros_com_ros2/install/px4_ros_com/share/px4_ros_com/environment/path.dsv
[2.287s] -- Up-to-date symlink: /home/navlab-tx2-4/px4_ros_com_ros2/install/px4_ros_com/share/px4_ros_com/local_setup.bash
[2.287s] -- Up-to-date symlink: /home/navlab-tx2-4/px4_ros_com_ros2/install/px4_ros_com/share/px4_ros_com/local_setup.sh
[2.288s] -- Up-to-date symlink: /home/navlab-tx2-4/px4_ros_com_ros2/install/px4_ros_com/share/px4_ros_com/local_setup.zsh
[2.289s] -- Up-to-date symlink: /home/navlab-tx2-4/px4_ros_com_ros2/install/px4_ros_com/share/px4_ros_com/local_setup.dsv
[2.290s] -- Symlinking: /home/navlab-tx2-4/px4_ros_com_ros2/install/px4_ros_com/share/px4_ros_com/package.dsv
[2.322s] -- Up-to-date symlink: /home/navlab-tx2-4/px4_ros_com_ros2/install/px4_ros_com/share/ament_index/resource_index/packages/px4_ros_com
[2.323s] -- Up-to-date symlink: /home/navlab-tx2-4/px4_ros_com_ros2/install/px4_ros_com/share/px4_ros_com/cmake/ament_cmake_export_dependencies-extras.cmake
[2.324s] -- Up-to-date symlink: /home/navlab-tx2-4/px4_ros_com_ros2/install/px4_ros_com/share/px4_ros_com/cmake/ament_cmake_export_interfaces-extras.cmake
[2.325s] -- Up-to-date symlink: /home/navlab-tx2-4/px4_ros_com_ros2/install/px4_ros_com/share/px4_ros_com/cmake/ament_cmake_export_include_directories-extras.cmake
[2.326s] -- Up-to-date symlink: /home/navlab-tx2-4/px4_ros_com_ros2/install/px4_ros_com/share/px4_ros_com/cmake/ament_cmake_export_libraries-extras.cmake
[2.326s] -- Up-to-date symlink: /home/navlab-tx2-4/px4_ros_com_ros2/install/px4_ros_com/share/px4_ros_com/cmake/px4_ros_comConfig.cmake
[2.327s] -- Up-to-date symlink: /home/navlab-tx2-4/px4_ros_com_ros2/install/px4_ros_com/share/px4_ros_com/cmake/px4_ros_comConfig-version.cmake
[2.328s] -- Up-to-date symlink: /home/navlab-tx2-4/px4_ros_com_ros2/install/px4_ros_com/share/px4_ros_com/package.xml
[2.329s] -- Up-to-date: /home/navlab-tx2-4/px4_ros_com_ros2/install/px4_ros_com/lib/libframe_transforms.so
[2.330s] -- Up-to-date: /home/navlab-tx2-4/px4_ros_com_ros2/install/px4_ros_com/bin/micrortps_agent
[2.331s] -- Up-to-date: /home/navlab-tx2-4/px4_ros_com_ros2/install/px4_ros_com/share/px4_ros_com/cmake/export_frame_transformsExport.cmake
[2.331s] -- Up-to-date: /home/navlab-tx2-4/px4_ros_com_ros2/install/px4_ros_com/share/px4_ros_com/cmake/export_frame_transformsExport-relwithdebinfo.cmake
[2.346s] Invoked command in '/home/navlab-tx2-4/px4_ros_com_ros2/build/px4_ros_com' returned '0': CMAKE_PREFIX_PATH=/home/navlab-tx2-4/px4_ros_com_ros2/install/px4_msgs:/home/navlab-tx2-4/px4_ros_com_ros2/install/ros1_bridge:/home/navlab-tx2-4/px4_ros_com_ros2/install/px4_ros_com:/home/navlab-tx2-4/px4_ros_com_ros2/install/offboard_ibqr:/home/navlab-tx2-4/px4_ros_com_ros2/install/multi_rtd_interfaces:/home/navlab-tx2-4/px4_ros_com_ros2/install/multi_rtd:/opt/ros/eloquent LD_LIBRARY_PATH=/home/navlab-tx2-4/px4_ros_com_ros2/install/px4_msgs/lib:/home/navlab-tx2-4/px4_ros_com_ros2/install/px4_ros_com/lib:/home/navlab-tx2-4/px4_ros_com_ros2/install/multi_rtd_interfaces/lib:/opt/ros/eloquent/opt/yaml_cpp_vendor/lib:/opt/ros/eloquent/opt/rviz_ogre_vendor/lib:/opt/ros/eloquent/lib/aarch64-linux-gnu:/opt/ros/eloquent/lib /usr/bin/cmake --build /home/navlab-tx2-4/px4_ros_com_ros2/build/px4_ros_com --target install -- -j4 -l4
