[0.124s] Invoking command in '/home/navlab-tx2-4/px4_ros_com_ros2/build/px4_ros_com': CMAKE_PREFIX_PATH=/home/navlab-tx2-4/px4_ros_com_ros2/install/px4_msgs:/home/navlab-tx2-4/px4_ros_com_ros2/install/ros1_bridge:/home/navlab-tx2-4/px4_ros_com_ros2/install/px4_ros_com:/home/navlab-tx2-4/px4_ros_com_ros2/install/offboard_ibqr:/home/navlab-tx2-4/px4_ros_com_ros2/install/multi_rtd_interfaces:/home/navlab-tx2-4/px4_ros_com_ros2/install/multi_rtd:/opt/ros/eloquent LD_LIBRARY_PATH=/home/navlab-tx2-4/px4_ros_com_ros2/install/px4_msgs/lib:/home/navlab-tx2-4/px4_ros_com_ros2/install/px4_ros_com/lib:/home/navlab-tx2-4/px4_ros_com_ros2/install/multi_rtd_interfaces/lib:/opt/ros/eloquent/opt/yaml_cpp_vendor/lib:/opt/ros/eloquent/opt/rviz_ogre_vendor/lib:/opt/ros/eloquent/lib/aarch64-linux-gnu:/opt/ros/eloquent/lib /usr/bin/cmake --build /home/navlab-tx2-4/px4_ros_com_ros2/build/px4_ros_com -- -j4 -l4
[0.399s] [  2%] Built target new_offboard_control
[0.665s] [ 91%] Built target micrortps_agent
[0.816s] [ 93%] Built target frame_transforms
[0.946s] [ 95%] Built target sensor_combined_listener
[1.061s] [ 97%] Built target vehicle_gps_position_listener
[1.170s] [ 98%] Built target debug_vect_advertiser
[1.277s] [100%] Built target offboard_control
[1.325s] Invoked command in '/home/navlab-tx2-4/px4_ros_com_ros2/build/px4_ros_com' returned '0': CMAKE_PREFIX_PATH=/home/navlab-tx2-4/px4_ros_com_ros2/install/px4_msgs:/home/navlab-tx2-4/px4_ros_com_ros2/install/ros1_bridge:/home/navlab-tx2-4/px4_ros_com_ros2/install/px4_ros_com:/home/navlab-tx2-4/px4_ros_com_ros2/install/offboard_ibqr:/home/navlab-tx2-4/px4_ros_com_ros2/install/multi_rtd_interfaces:/home/navlab-tx2-4/px4_ros_com_ros2/install/multi_rtd:/opt/ros/eloquent LD_LIBRARY_PATH=/home/navlab-tx2-4/px4_ros_com_ros2/install/px4_msgs/lib:/home/navlab-tx2-4/px4_ros_com_ros2/install/px4_ros_com/lib:/home/navlab-tx2-4/px4_ros_com_ros2/install/multi_rtd_interfaces/lib:/opt/ros/eloquent/opt/yaml_cpp_vendor/lib:/opt/ros/eloquent/opt/rviz_ogre_vendor/lib:/opt/ros/eloquent/lib/aarch64-linux-gnu:/opt/ros/eloquent/lib /usr/bin/cmake --build /home/navlab-tx2-4/px4_ros_com_ros2/build/px4_ros_com -- -j4 -l4
[2.576s] Invoking command in '/home/navlab-tx2-4/px4_ros_com_ros2/build/px4_ros_com': CMAKE_PREFIX_PATH=/home/navlab-tx2-4/px4_ros_com_ros2/install/px4_msgs:/home/navlab-tx2-4/px4_ros_com_ros2/install/ros1_bridge:/home/navlab-tx2-4/px4_ros_com_ros2/install/px4_ros_com:/home/navlab-tx2-4/px4_ros_com_ros2/install/offboard_ibqr:/home/navlab-tx2-4/px4_ros_com_ros2/install/multi_rtd_interfaces:/home/navlab-tx2-4/px4_ros_com_ros2/install/multi_rtd:/opt/ros/eloquent LD_LIBRARY_PATH=/home/navlab-tx2-4/px4_ros_com_ros2/install/px4_msgs/lib:/home/navlab-tx2-4/px4_ros_com_ros2/install/px4_ros_com/lib:/home/navlab-tx2-4/px4_ros_com_ros2/install/multi_rtd_interfaces/lib:/opt/ros/eloquent/opt/yaml_cpp_vendor/lib:/opt/ros/eloquent/opt/rviz_ogre_vendor/lib:/opt/ros/eloquent/lib/aarch64-linux-gnu:/opt/ros/eloquent/lib /usr/bin/cmake --build /home/navlab-tx2-4/px4_ros_com_ros2/build/px4_ros_com --target install -- -j4 -l4
[2.825s] [  2%] Built target new_offboard_control
[3.067s] [ 91%] Built target micrortps_agent
[3.173s] [ 93%] Built target frame_transforms
[3.278s] [ 95%] Built target sensor_combined_listener
[3.383s] [ 97%] Built target vehicle_gps_position_listener
[3.488s] [ 98%] Built target debug_vect_advertiser
[3.594s] [100%] Built target offboard_control
[3.671s] [36mInstall the project...[0m
[3.704s] -- Install configuration: "RELWITHDEBINFO"
[3.705s] -- Execute custom install script
[3.707s] -- Up-to-date symlink: /home/navlab-tx2-4/px4_ros_com_ros2/install/px4_ros_com/lib/px4_ros_com/sensor_combined_listener
[3.709s] -- Up-to-date symlink: /home/navlab-tx2-4/px4_ros_com_ros2/install/px4_ros_com/lib/px4_ros_com/vehicle_gps_position_listener
[3.710s] -- Up-to-date symlink: /home/navlab-tx2-4/px4_ros_com_ros2/install/px4_ros_com/lib/px4_ros_com/debug_vect_advertiser
[3.714s] -- Up-to-date symlink: /home/navlab-tx2-4/px4_ros_com_ros2/install/px4_ros_com/lib/px4_ros_com/offboard_control
[3.718s] -- Up-to-date symlink: /home/navlab-tx2-4/px4_ros_com_ros2/install/px4_ros_com/lib/px4_ros_com/new_offboard_control
[3.719s] -- Up-to-date symlink: /home/navlab-tx2-4/px4_ros_com_ros2/install/px4_ros_com/share/px4_ros_com/environment/library_path.sh
[3.723s] -- Up-to-date symlink: /home/navlab-tx2-4/px4_ros_com_ros2/install/px4_ros_com/share/px4_ros_com/environment/library_path.dsv
[3.725s] -- Up-to-date symlink: /home/navlab-tx2-4/px4_ros_com_ros2/install/px4_ros_com/include/px4_ros_com/frame_transforms.h
[3.726s] -- Up-to-date symlink: /home/navlab-tx2-4/px4_ros_com_ros2/install/px4_ros_com/share/px4_ros_com/cmake/EnableC++XX.cmake
[3.727s] -- Up-to-date symlink: /home/navlab-tx2-4/px4_ros_com_ros2/install/px4_ros_com/share/px4_ros_com/cmake/EnableSanitizers.cmake
[3.728s] -- Up-to-date symlink: /home/navlab-tx2-4/px4_ros_com_ros2/install/px4_ros_com/share/px4_ros_com/cmake/GenerateMicroRTPSAgent.cmake
[3.730s] -- Up-to-date symlink: /home/navlab-tx2-4/px4_ros_com_ros2/install/px4_ros_com/share/px4_ros_com/launch/sensor_combined_listener.launch.py
[3.731s] -- Up-to-date symlink: /home/navlab-tx2-4/px4_ros_com_ros2/install/px4_ros_com/share/px4_ros_com/test/__init__.py
[3.731s] -- Up-to-date symlink: /home/navlab-tx2-4/px4_ros_com_ros2/install/px4_ros_com/share/px4_ros_com/test/pipeline_io_test.py
[3.732s] -- Up-to-date symlink: /home/navlab-tx2-4/px4_ros_com_ros2/install/px4_ros_com/share/px4_ros_com/test/test_input.py
[3.733s] -- Up-to-date symlink: /home/navlab-tx2-4/px4_ros_com_ros2/install/px4_ros_com/share/px4_ros_com/test/test_output.py
[3.733s] -- Up-to-date symlink: /home/navlab-tx2-4/px4_ros_com_ros2/install/px4_ros_com/share/ament_index/resource_index/package_run_dependencies/px4_ros_com
[3.734s] -- Up-to-date symlink: /home/navlab-tx2-4/px4_ros_com_ros2/install/px4_ros_com/share/ament_index/resource_index/parent_prefix_path/px4_ros_com
[3.735s] -- Up-to-date symlink: /home/navlab-tx2-4/px4_ros_com_ros2/install/px4_ros_com/share/px4_ros_com/environment/ament_prefix_path.sh
[3.736s] -- Up-to-date symlink: /home/navlab-tx2-4/px4_ros_com_ros2/install/px4_ros_com/share/px4_ros_com/environment/ament_prefix_path.dsv
[3.736s] -- Up-to-date symlink: /home/navlab-tx2-4/px4_ros_com_ros2/install/px4_ros_com/share/px4_ros_com/environment/path.sh
[3.737s] -- Up-to-date symlink: /home/navlab-tx2-4/px4_ros_com_ros2/install/px4_ros_com/share/px4_ros_com/environment/path.dsv
[3.737s] -- Up-to-date symlink: /home/navlab-tx2-4/px4_ros_com_ros2/install/px4_ros_com/share/px4_ros_com/local_setup.bash
[3.738s] -- Up-to-date symlink: /home/navlab-tx2-4/px4_ros_com_ros2/install/px4_ros_com/share/px4_ros_com/local_setup.sh
[3.738s] -- Up-to-date symlink: /home/navlab-tx2-4/px4_ros_com_ros2/install/px4_ros_com/share/px4_ros_com/local_setup.zsh
[3.739s] -- Up-to-date symlink: /home/navlab-tx2-4/px4_ros_com_ros2/install/px4_ros_com/share/px4_ros_com/local_setup.dsv
[3.740s] -- Symlinking: /home/navlab-tx2-4/px4_ros_com_ros2/install/px4_ros_com/share/px4_ros_com/package.dsv
[3.776s] -- Up-to-date symlink: /home/navlab-tx2-4/px4_ros_com_ros2/install/px4_ros_com/share/ament_index/resource_index/packages/px4_ros_com
[3.777s] -- Up-to-date symlink: /home/navlab-tx2-4/px4_ros_com_ros2/install/px4_ros_com/share/px4_ros_com/cmake/ament_cmake_export_dependencies-extras.cmake
[3.778s] -- Up-to-date symlink: /home/navlab-tx2-4/px4_ros_com_ros2/install/px4_ros_com/share/px4_ros_com/cmake/ament_cmake_export_interfaces-extras.cmake
[3.779s] -- Up-to-date symlink: /home/navlab-tx2-4/px4_ros_com_ros2/install/px4_ros_com/share/px4_ros_com/cmake/ament_cmake_export_include_directories-extras.cmake
[3.780s] -- Up-to-date symlink: /home/navlab-tx2-4/px4_ros_com_ros2/install/px4_ros_com/share/px4_ros_com/cmake/ament_cmake_export_libraries-extras.cmake
[3.781s] -- Up-to-date symlink: /home/navlab-tx2-4/px4_ros_com_ros2/install/px4_ros_com/share/px4_ros_com/cmake/px4_ros_comConfig.cmake
[3.782s] -- Up-to-date symlink: /home/navlab-tx2-4/px4_ros_com_ros2/install/px4_ros_com/share/px4_ros_com/cmake/px4_ros_comConfig-version.cmake
[3.785s] -- Up-to-date symlink: /home/navlab-tx2-4/px4_ros_com_ros2/install/px4_ros_com/share/px4_ros_com/package.xml
[3.786s] -- Up-to-date: /home/navlab-tx2-4/px4_ros_com_ros2/install/px4_ros_com/lib/libframe_transforms.so
[3.786s] -- Up-to-date: /home/navlab-tx2-4/px4_ros_com_ros2/install/px4_ros_com/bin/micrortps_agent
[3.787s] -- Up-to-date: /home/navlab-tx2-4/px4_ros_com_ros2/install/px4_ros_com/share/px4_ros_com/cmake/export_frame_transformsExport.cmake
[3.788s] -- Up-to-date: /home/navlab-tx2-4/px4_ros_com_ros2/install/px4_ros_com/share/px4_ros_com/cmake/export_frame_transformsExport-relwithdebinfo.cmake
[3.797s] Invoked command in '/home/navlab-tx2-4/px4_ros_com_ros2/build/px4_ros_com' returned '0': CMAKE_PREFIX_PATH=/home/navlab-tx2-4/px4_ros_com_ros2/install/px4_msgs:/home/navlab-tx2-4/px4_ros_com_ros2/install/ros1_bridge:/home/navlab-tx2-4/px4_ros_com_ros2/install/px4_ros_com:/home/navlab-tx2-4/px4_ros_com_ros2/install/offboard_ibqr:/home/navlab-tx2-4/px4_ros_com_ros2/install/multi_rtd_interfaces:/home/navlab-tx2-4/px4_ros_com_ros2/install/multi_rtd:/opt/ros/eloquent LD_LIBRARY_PATH=/home/navlab-tx2-4/px4_ros_com_ros2/install/px4_msgs/lib:/home/navlab-tx2-4/px4_ros_com_ros2/install/px4_ros_com/lib:/home/navlab-tx2-4/px4_ros_com_ros2/install/multi_rtd_interfaces/lib:/opt/ros/eloquent/opt/yaml_cpp_vendor/lib:/opt/ros/eloquent/opt/rviz_ogre_vendor/lib:/opt/ros/eloquent/lib/aarch64-linux-gnu:/opt/ros/eloquent/lib /usr/bin/cmake --build /home/navlab-tx2-4/px4_ros_com_ros2/build/px4_ros_com --target install -- -j4 -l4
